####   Post-Placement Resource Utilization Report   ####

                                                                  
   13 Logic 6-LUT RBBs                                            
         47 RBB LUTs utilized (up to 4 per RBB)                   
             3 of which are 6-input LUTs                          
            13 of which are dual 5-input LUTs                     
            60 LUTs total                                         
         31 RBB FFs utilized (up to 4 pairs per RBB)              
             8 of which are LUT-FF combination                    
             3 of which are dual-FFs                              
             1 of which are dual-LUT-dual-FF combination          
   6 I/O RBBs                                                     
         11 Output pins                                           
          3 Output FFs utilized                                   
   Usage of Logic RBBs is 10%.                                    
   Usage of LUTs is 9%.                                           
       dual-LUTs is 3%.                                           
   Usage of FF is 4%.                                             
       dual-FF is 1%.                                             
   Usage of IO RBB is 4%.                                         


 | ------------------------------------------------------------ | 
 | TILE X0Y0                                                    | 
 | 13 Logic 6-LUT RBBs                                          | 
 |       47 RBB LUTs utilized (up to 4 per RBB)                 | 
 |           3 of which are 6-input LUTs                        | 
 |          13 of which are dual 5-input LUTs                   | 
 |          60 LUTs total                                       | 
 |       31 RBB FFs utilized (up to 4 pairs per RBB)            | 
 |           8 of which are LUT-FF combination                  | 
 |           3 of which are dual-FFs                            | 
 |           1 of which are dual-LUT-dual-FF combination        | 
 | 6 I/O RBBs                                                   | 
 |       11 Output pins                                         | 
 |        3 Output FFs utilized                                 | 
 | Usage of Logic RBBs is 10%.                                  | 
 | Usage of LUTs is 9%.                                         | 
 |     dual-LUTs is 3%.                                         | 
 | Usage of FF is 4%.                                           | 
 |     dual-FF is 1%.                                           | 
 | Usage of IO RBB is 4%.                                       | 
 | ------------------------------------------------------------ | 
