net 2: (18 21)->(18 21) 0 0 0 0 #timing (726 726) ps polarity 1
net 2: (18 21)->(16 23) 1 3 0 0 #timing (870 849) ps polarity 0
net 2: (16 23)->(18 21) 1 3 0 1 #timing (1182 1115) ps  polarity 1
net 2: (18 21)->(18 21) 0 0 0 1 #timing (1265 1352) ps  polarity 0
net 2: (16 23)->(20 23) 4 2 0 0 #timing (1129 1169) ps polarity 0
net 2: (20 23)->(20 21) 1 1 0 1 #timing (1421 1338) ps  polarity 1
net 2: (20 21)->(20 21) 0 0 0 1 #timing (1477 1568) ps  polarity 0
net 3: (19 21)->(19 21) 0 0 0 0 #timing (686 686) ps polarity 1
net 3: (19 21)->(17 23) 1 3 0 0 #timing (834 812) ps polarity 0
net 3: (17 23)->(19 21) 1 3 0 1 #timing (1136 1073) ps  polarity 1
net 3: (19 21)->(19 21) 0 0 0 1 #timing (1219 1296) ps  polarity 0
net 3: (17 23)->(21 23) 4 2 0 0 #timing (1127 1155) ps polarity 0
net 3: (21 23)->(21 21) 1 1 0 1 #timing (1402 1333) ps  polarity 1
net 3: (21 21)->(20 21) 0 2 0 1 #timing (1478 1552) ps  polarity 0
net 4: (18 19)->(18 19) 0 0 0 0 #timing (680 680) ps polarity 1
net 4: (18 19)->(16 17) 1 3 0 0 #timing (857 821) ps polarity 0
net 4: (16 17)->(16 21) 3 1 0 1 #timing (1283 1167) ps  polarity 0
net 4: (16 21)->(18 21) 1 2 0 1 #timing (1421 1296) ps  polarity 1
net 4: (18 21)->(18 20) 0 1 0 1 #timing (1438 1576) ps  polarity 0
net 4: (16 17)->(16 13) 3 4 0 0 #timing (1099 1133) ps polarity 0
net 4: (16 13)->(16 13) 5 0 0 0 #timing (1228 1274) ps polarity 1
net 4: (16 13)->(16 28) 13 1 1 0 #timing (1873 1711) ps polarity 0
net 4: (16 28)->(24 20) 5 3 0 1 #timing (2628 2449) ps  polarity 0
net 4: (24 20)->(20 20) 4 5 0 1 #timing (2819 2961) ps  polarity 1
net 4: (20 20)->(20 20) 1 0 1 1 #timing (3010 3124) ps  polarity 0
net 4: (20 20)->(20 21) 0 1 0 1 #timing (3243 3121) ps  polarity 1
net 5: (20 21)->(21 20) 0 3 0 0 #timing (743 743) ps polarity 1
net 5: (21 20)->(23 22) 1 3 0 0 #timing (905 877) ps polarity 0
net 5: (23 22)->(21 20) 1 3 0 1 #timing (1215 1141) ps  polarity 1
net 5: (21 20)->(20 21) 0 3 0 1 #timing (1274 1372) ps  polarity 0
net 5: (23 22)->(19 22) 4 2 0 0 #timing (1152 1191) ps polarity 0
net 5: (19 22)->(19 20) 1 1 0 1 #timing (1454 1373) ps  polarity 1
net 5: (19 20)->(19 20) 0 0 0 1 #timing (1532 1611) ps  polarity 0
net 6: (18 24)->(18 24) 0 0 0 0 #timing (704 704) ps polarity 1
net 6: (18 24)->(16 26) 1 3 0 0 #timing (860 833) ps polarity 0
net 6: (16 26)->(16 22) 3 4 0 0 #timing (1137 1159) ps polarity 0
net 6: (16 22)->(18 22) 1 2 0 1 #timing (1399 1371) ps  polarity 1
net 6: (18 22)->(18 23) 0 1 0 1 #timing (1482 1531) ps  polarity 0
net 6: (16 22)->(20 22) 4 2 0 0 #timing (1416 1427) ps polarity 0
net 6: (20 22)->(20 20) 1 1 0 1 #timing (1692 1634) ps  polarity 1
net 6: (20 20)->(21 21) 0 3 0 1 #timing (1789 1849) ps  polarity 0
net 7: (19 24)->(19 24) 0 0 0 0 #timing (661 661) ps polarity 1
net 7: (19 24)->(17 26) 1 3 0 0 #timing (812 789) ps polarity 0
net 7: (17 26)->(17 22) 3 4 0 0 #timing (1141 1141) ps polarity 0
net 7: (17 22)->(19 22) 1 2 0 1 #timing (1417 1363) ps  polarity 1
net 7: (19 22)->(19 23) 0 1 0 1 #timing (1531 1570) ps  polarity 0
net 7: (17 22)->(21 22) 4 2 0 0 #timing (1446 1423) ps polarity 0
net 7: (21 22)->(21 20) 1 1 0 1 #timing (1691 1665) ps  polarity 1
net 7: (21 20)->(21 21) 0 1 0 1 #timing (1845 1864) ps  polarity 0
net 8: (18 22)->(18 22) 0 0 0 0 #timing (649 649) ps polarity 1
net 8: (18 22)->(16 20) 1 3 0 0 #timing (810 781) ps polarity 0
net 8: (16 20)->(18 22) 1 3 0 1 #timing (1137 1054) ps  polarity 1
net 8: (18 22)->(18 22) 0 0 0 1 #timing (1185 1298) ps  polarity 0
net 8: (18 22)->(19 23) 0 3 0 0 #timing (667 667) ps polarity 1
net 8: (19 23)->(19 21) 1 1 0 0 #timing (800 787) ps polarity 0
net 8: (19 21)->(23 21) 4 2 0 0 #timing (1049 1066) ps polarity 0
net 8: (23 21)->(21 21) 1 2 0 1 #timing (1313 1256) ps  polarity 1
net 8: (21 21)->(21 21) 0 0 0 1 #timing (1351 1432) ps  polarity 0
net 9: (19 22)->(19 22) 0 0 0 0 #timing (637 637) ps polarity 1
net 9: (19 22)->(17 20) 1 3 0 0 #timing (824 784) ps polarity 0
net 9: (17 20)->(19 22) 1 3 0 1 #timing (1137 1046) ps  polarity 1
net 9: (19 22)->(19 22) 0 0 0 1 #timing (1205 1315) ps  polarity 0
net 9: (19 22)->(18 23) 0 3 0 0 #timing (653 653) ps polarity 1
net 9: (18 23)->(18 23) 1 0 0 0 #timing (739 740) ps polarity 0
net 9: (18 23)->(22 23) 4 2 0 0 #timing (1006 982) ps polarity 0
net 9: (22 23)->(20 21) 1 3 0 1 #timing (1279 1238) ps  polarity 1
net 9: (20 21)->(21 21) 0 2 0 1 #timing (1387 1446) ps  polarity 0
net 10: (18 27)->(18 27) 0 0 0 0 #timing (726 726) ps polarity 1
net 10: (18 27)->(16 25) 1 3 0 0 #timing (898 865) ps polarity 0
net 10: (16 25)->(18 27) 1 3 0 1 #timing (1220 1136) ps  polarity 1
net 10: (18 27)->(18 27) 0 0 0 1 #timing (1297 1402) ps  polarity 0
net 10: (16 25)->(16 21) 3 4 0 0 #timing (1165 1182) ps polarity 0
net 10: (16 21)->(20 21) 4 2 0 0 #timing (1451 1452) ps polarity 0
net 10: (20 21)->(22 21) 1 2 0 1 #timing (1695 1654) ps  polarity 1
net 10: (22 21)->(22 20) 0 1 0 1 #timing (1797 1855) ps  polarity 0
net 11: (19 27)->(19 27) 0 0 0 0 #timing (686 686) ps polarity 1
net 11: (19 27)->(17 25) 1 3 0 0 #timing (874 834) ps polarity 0
net 11: (17 25)->(19 27) 1 3 0 1 #timing (1185 1098) ps  polarity 1
net 11: (19 27)->(19 27) 0 0 0 1 #timing (1234 1346) ps  polarity 0
net 11: (17 25)->(17 21) 3 4 0 0 #timing (1115 1153) ps polarity 0
net 11: (17 21)->(21 21) 4 2 0 0 #timing (1446 1448) ps polarity 0
net 11: (21 21)->(23 21) 1 2 0 1 #timing (1705 1657) ps  polarity 1
net 11: (23 21)->(22 20) 0 3 0 1 #timing (1807 1853) ps  polarity 0
net 12: (18 25)->(18 25) 0 0 0 0 #timing (680 680) ps polarity 1
net 12: (18 25)->(16 27) 1 3 0 0 #timing (844 816) ps polarity 0
net 12: (16 27)->(18 27) 1 2 0 1 #timing (1152 1084) ps  polarity 1
net 12: (18 27)->(18 26) 0 1 0 1 #timing (1227 1310) ps  polarity 0
net 12: (18 25)->(18 24) 0 1 0 0 #timing (700 700) ps polarity 1
net 12: (18 24)->(18 24) 1 0 0 0 #timing (790 792) ps polarity 0
net 12: (18 24)->(18 20) 3 4 0 0 #timing (1034 997) ps polarity 0
net 12: (18 20)->(22 20) 4 2 0 0 #timing (1318 1267) ps polarity 0
net 12: (22 20)->(22 20) 1 0 1 1 #timing (1475 1494) ps  polarity 1
net 12: (22 20)->(22 20) 0 0 0 1 #timing (1595 1577) ps  polarity 0
net 13: (19 25)->(19 25) 0 0 0 0 #timing (762 762) ps polarity 1
net 13: (19 25)->(17 27) 1 3 0 0 #timing (916 885) ps polarity 0
net 13: (17 27)->(19 27) 1 2 0 1 #timing (1204 1141) ps  polarity 1
net 13: (19 27)->(19 26) 0 1 0 1 #timing (1265 1341) ps  polarity 0
net 13: (19 25)->(19 24) 0 1 0 0 #timing (720 720) ps polarity 1
net 13: (19 24)->(19 24) 1 0 0 0 #timing (807 810) ps polarity 0
net 13: (19 24)->(19 20) 3 4 0 0 #timing (1136 1064) ps polarity 0
net 13: (19 20)->(23 20) 4 2 0 0 #timing (1415 1337) ps polarity 0
net 13: (23 20)->(23 20) 1 0 1 1 #timing (1536 1587) ps  polarity 1
net 13: (23 20)->(22 20) 0 2 0 1 #timing (1673 1629) ps  polarity 0
net 14: (18 30)->(18 30) 0 0 0 0 #timing (704 704) ps polarity 1
net 14: (18 30)->(16 28) 1 3 0 0 #timing (894 851) ps polarity 0
net 14: (16 28)->(18 28) 1 2 0 1 #timing (1196 1106) ps  polarity 1
net 14: (18 28)->(18 29) 0 1 0 1 #timing (1224 1343) ps  polarity 0
net 14: (16 28)->(16 24) 3 1 0 0 #timing (1131 1170) ps polarity 0
net 14: (16 24)->(20 24) 4 2 0 0 #timing (1410 1438) ps polarity 0
net 14: (20 24)->(20 20) 3 4 0 1 #timing (1876 1744) ps  polarity 0
net 14: (20 20)->(22 20) 1 2 0 1 #timing (2013 1875) ps  polarity 1
net 14: (22 20)->(23 21) 0 3 0 1 #timing (2009 2165) ps  polarity 0
net 15: (19 30)->(19 30) 0 0 0 0 #timing (661 661) ps polarity 1
net 15: (19 30)->(17 28) 1 3 0 0 #timing (822 792) ps polarity 0
net 15: (17 28)->(19 28) 1 2 0 1 #timing (1093 1030) ps  polarity 1
net 15: (19 28)->(19 29) 0 1 0 1 #timing (1202 1253) ps  polarity 0
net 15: (17 28)->(17 24) 3 1 0 0 #timing (1076 1092) ps polarity 0
net 15: (17 24)->(21 24) 4 2 0 0 #timing (1418 1393) ps polarity 0
net 15: (21 24)->(21 20) 3 4 0 1 #timing (1859 1767) ps  polarity 0
net 15: (21 20)->(23 20) 1 2 0 1 #timing (1997 1898) ps  polarity 1
net 15: (23 20)->(23 21) 0 1 0 1 #timing (2052 2138) ps  polarity 0
net 16: (18 28)->(18 28) 0 0 0 0 #timing (649 649) ps polarity 1
net 16: (18 28)->(16 30) 1 3 0 0 #timing (796 774) ps polarity 0
net 16: (16 30)->(18 28) 1 3 0 1 #timing (1125 1055) ps  polarity 1
net 16: (18 28)->(18 28) 0 0 0 1 #timing (1207 1299) ps  polarity 0
net 16: (18 28)->(19 29) 0 3 0 0 #timing (667 667) ps polarity 1
net 16: (19 29)->(19 29) 1 0 0 0 #timing (756 756) ps polarity 0
net 16: (19 29)->(19 25) 3 1 0 0 #timing (1060 1000) ps polarity 0
net 16: (19 25)->(23 25) 4 2 0 0 #timing (1340 1270) ps polarity 0
net 16: (23 25)->(23 21) 3 4 0 1 #timing (1750 1707) ps  polarity 0
net 16: (23 21)->(23 21) 1 0 1 1 #timing (1856 1818) ps  polarity 1
net 16: (23 21)->(23 21) 0 0 0 1 #timing (1901 1946) ps  polarity 0
net 17: (19 28)->(19 28) 0 0 0 0 #timing (637 637) ps polarity 1
net 17: (19 28)->(17 30) 1 3 0 0 #timing (772 755) ps polarity 0
net 17: (17 30)->(19 28) 1 3 0 1 #timing (1100 1039) ps  polarity 1
net 17: (19 28)->(19 28) 0 0 0 1 #timing (1169 1256) ps  polarity 0
net 17: (19 28)->(18 29) 0 3 0 0 #timing (653 653) ps polarity 1
net 17: (18 29)->(18 29) 1 0 0 0 #timing (739 740) ps polarity 0
net 17: (18 29)->(18 25) 3 1 0 0 #timing (1012 964) ps polarity 0
net 17: (18 25)->(22 25) 4 2 0 0 #timing (1315 1244) ps polarity 0
net 17: (22 25)->(22 21) 3 4 0 1 #timing (1678 1646) ps  polarity 0
net 17: (22 21)->(22 21) 1 0 0 1 #timing (1775 1750) ps  polarity 1
net 17: (22 21)->(23 21) 0 2 0 1 #timing (1866 1886) ps  polarity 0
net 18: (26 24)->(26 24) 0 0 0 0 #timing (704 704) ps polarity 1
net 18: (26 24)->(24 26) 1 3 0 0 #timing (833 818) ps polarity 0
net 18: (24 26)->(24 24) 1 1 0 1 #timing (1115 1067) ps  polarity 1
net 18: (24 24)->(25 24) 0 2 0 1 #timing (1189 1250) ps  polarity 0
net 18: (24 26)->(26 24) 1 3 0 1 #timing (1125 1072) ps  polarity 1
net 18: (26 24)->(27 24) 0 2 0 1 #timing (1199 1270) ps  polarity 0
net 19: (22 23)->(22 23) 0 0 0 0 #timing (197 197) ps polarity 1
net 19: (22 23)->(20 21) 1 3 0 0 #timing (397 352) ps polarity 0
net 19: (20 21)->(22 23) 1 3 0 1 #timing (713 618) ps  polarity 1
net 19: (22 23)->(22 23) 0 0 0 1 #timing (758 881) ps  polarity 0
net 19: (20 21)->(20 25) 3 4 0 0 #timing (689 701) ps polarity 0
net 19: (20 25)->(24 25) 4 5 0 0 #timing (1062 1019) ps polarity 0
net 19: (24 25)->(24 27) 1 1 0 1 #timing (1264 1267) ps  polarity 1
net 19: (24 27)->(24 26) 0 1 0 1 #timing (1475 1452) ps  polarity 0
net 19: (24 27)->(25 26) 0 3 0 1 #timing (1424 1429) ps  polarity 0
net 20: (20 23)->(21 23) 0 2 0 0 #timing (176 176) ps polarity 1
net 20: (21 23)->(23 21) 1 3 0 0 #timing (355 323) ps polarity 0
net 20: (23 21)->(23 25) 3 4 0 0 #timing (686 678) ps polarity 0
net 20: (23 25)->(27 25) 4 5 0 0 #timing (1053 993) ps polarity 0
net 20: (27 25)->(25 25) 1 2 0 1 #timing (1241 1263) ps  polarity 1
net 20: (25 25)->(24 25) 0 2 0 1 #timing (1421 1416) ps  polarity 0
net 21: (21 22)->(21 22) 0 0 0 0 #timing (637 637) ps polarity 0
net 21: (21 22)->(23 20) 1 3 0 0 #timing (813 777) ps polarity 1
net 21: (23 20)->(21 22) 1 3 0 1 #timing (1131 1038) ps  polarity 0
net 21: (21 22)->(20 22) 0 2 0 1 #timing (1156 1288) ps  polarity 1
net 22: (21 24)->(21 25) 0 1 0 0 #timing (690 690) ps polarity 0
net 22: (21 25)->(23 27) 1 3 0 0 #timing (847 821) ps polarity 1
net 22: (23 27)->(21 25) 1 3 0 1 #timing (1171 1094) ps  polarity 0
net 22: (21 25)->(20 24) 0 3 0 1 #timing (1221 1331) ps  polarity 1
net 24: (20 24)->(20 25) 0 1 0 0 #timing (679 679) ps polarity 1
net 24: (20 25)->(22 27) 1 3 0 0 #timing (834 810) ps polarity 0
net 24: (22 27)->(22 23) 3 4 0 0 #timing (1118 1135) ps polarity 0
net 24: (22 23)->(26 23) 4 5 0 0 #timing (1466 1443) ps polarity 0
net 24: (26 23)->(26 23) 1 0 1 1 #timing (1648 1641) ps  polarity 1
net 24: (26 23)->(26 23) 0 0 0 1 #timing (1771 1766) ps  polarity 0
net 25: (22 27)->(22 27) 0 0 0 0 #timing (797 797) ps polarity 1
net 25: (22 27)->(20 25) 1 3 0 0 #timing (963 932) ps polarity 0
net 25: (20 25)->(22 27) 1 3 0 1 #timing (1306 1213) ps  polarity 1
net 25: (22 27)->(23 26) 0 3 0 1 #timing (1375 1495) ps  polarity 0
net 25: (22 27)->(22 26) 0 1 0 0 #timing (701 701) ps polarity 1
net 25: (22 26)->(22 26) 1 0 0 0 #timing (794 793) ps polarity 0
net 25: (22 26)->(22 24) 1 1 0 1 #timing (1064 1009) ps  polarity 1
net 25: (22 24)->(22 24) 0 0 0 1 #timing (1128 1209) ps  polarity 0
net 26: (23 24)->(23 24) 0 0 0 0 #timing (733 733) ps polarity 0
net 26: (23 24)->(23 26) 1 1 0 0 #timing (845 839) ps polarity 1
net 26: (23 26)->(23 22) 3 4 0 1 #timing (1366 1234) ps  polarity 1
net 26: (23 22)->(21 22) 1 2 0 1 #timing (1509 1373) ps  polarity 0
net 26: (21 22)->(21 22) 0 0 0 1 #timing (1459 1621) ps  polarity 1
net 28: (23 25)->(22 24) 0 3 0 0 #timing (916 916) ps polarity 1
net 28: (22 24)->(20 26) 1 3 0 0 #timing (1091 1069) ps polarity 0
net 28: (20 26)->(20 24) 1 1 0 1 #timing (1392 1332) ps  polarity 1
net 28: (20 24)->(20 24) 0 0 0 1 #timing (1447 1520) ps  polarity 0
net 29: (20 19)->(20 18) 0 1 0 0 #timing (700 700) ps polarity 1
net 29: (20 18)->(22 16) 1 3 0 0 #timing (900 859) ps polarity 0
net 29: (22 16)->(22 20) 3 1 0 1 #timing (1376 1245) ps  polarity 0
net 29: (22 20)->(22 20) 1 0 0 1 #timing (1485 1357) ps  polarity 1
net 29: (22 20)->(22 21) 0 1 0 1 #timing (1469 1593) ps  polarity 0
net 29: (22 20)->(20 20) 1 2 0 1 #timing (1538 1393) ps  polarity 1
net 29: (20 20)->(20 20) 0 0 0 1 #timing (1508 1674) ps  polarity 0
net 29: (22 20)->(20 22) 1 3 0 1 #timing (1590 1419) ps  polarity 1
net 29: (20 22)->(20 23) 0 1 0 1 #timing (1553 1748) ps  polarity 0
net 29: (20 22)->(21 23) 0 3 0 1 #timing (1553 1748) ps  polarity 0
net 31: (24 27)->(24 27) 0 0 0 0 #timing (797 797) ps polarity 1
net 31: (24 27)->(26 25) 1 3 0 0 #timing (972 937) ps polarity 0
net 31: (26 25)->(26 27) 1 1 0 1 #timing (1265 1186) ps  polarity 1
net 31: (26 27)->(27 26) 0 3 0 1 #timing (1319 1410) ps  polarity 0
net 31: (26 25)->(24 27) 1 3 0 1 #timing (1258 1183) ps  polarity 1
net 31: (24 27)->(24 27) 0 0 0 1 #timing (1336 1418) ps  polarity 0
net 31: (26 25)->(22 25) 4 5 0 0 #timing (1286 1298) ps polarity 0
net 31: (22 25)->(22 27) 1 1 0 1 #timing (1543 1493) ps  polarity 1
net 31: (22 27)->(23 27) 0 2 0 1 #timing (1626 1694) ps  polarity 0
net 31: (24 27)->(25 27) 0 2 0 0 #timing (800 800) ps polarity 1
net 31: (25 27)->(25 27) 1 0 0 0 #timing (874 879) ps polarity 0
net 31: (25 27)->(21 27) 4 5 0 1 #timing (1241 1183) ps  polarity 0
net 31: (21 27)->(23 25) 1 3 0 1 #timing (1553 1422) ps  polarity 1
net 31: (23 25)->(22 25) 0 2 0 1 #timing (1563 1709) ps  polarity 0
net 31: (24 27)->(25 26) 0 3 0 0 #timing (695 695) ps polarity 1
net 31: (25 26)->(27 26) 1 2 0 0 #timing (835 821) ps polarity 0
net 31: (27 26)->(27 24) 1 1 0 1 #timing (1109 1062) ps  polarity 1
net 31: (27 24)->(26 24) 0 2 0 1 #timing (1195 1250) ps  polarity 0
net 31: (27 26)->(25 24) 1 3 0 1 #timing (1171 1100) ps  polarity 1
net 31: (25 24)->(24 24) 0 2 0 1 #timing (1259 1360) ps  polarity 0
net 31: (27 26)->(27 22) 3 4 0 0 #timing (1163 1129) ps polarity 0
net 31: (27 22)->(25 22) 1 2 0 1 #timing (1448 1354) ps  polarity 1
net 31: (25 22)->(24 23) 0 3 0 1 #timing (1534 1627) ps  polarity 0
net 32: (26 25)->(26 25) 0 0 0 0 #timing (680 680) ps polarity 1
net 32: (26 25)->(24 27) 1 3 0 0 #timing (824 804) ps polarity 0
net 32: (24 27)->(24 25) 1 1 0 1 #timing (1113 1061) ps  polarity 1
net 32: (24 25)->(24 24) 0 1 0 1 #timing (1193 1256) ps  polarity 0
net 32: (24 25)->(25 25) 0 2 0 1 #timing (1188 1254) ps  polarity 0
net 32: (24 27)->(26 27) 1 2 0 1 #timing (1079 1036) ps  polarity 1
net 32: (26 27)->(26 26) 0 1 0 1 #timing (1157 1198) ps  polarity 0
net 32: (24 27)->(26 25) 1 3 0 1 #timing (1115 1062) ps  polarity 1
net 32: (26 25)->(26 24) 0 1 0 1 #timing (1194 1256) ps  polarity 0
net 32: (24 27)->(24 23) 3 4 0 0 #timing (1121 1126) ps polarity 0
net 32: (24 23)->(24 23) 1 0 1 1 #timing (1344 1311) ps  polarity 1
net 32: (24 23)->(24 23) 0 0 0 1 #timing (1441 1462) ps  polarity 0
net 32: (24 27)->(20 27) 4 5 0 0 #timing (1158 1162) ps polarity 0
net 32: (20 27)->(22 25) 1 3 0 1 #timing (1432 1380) ps  polarity 1
net 32: (22 25)->(23 25) 0 2 0 1 #timing (1517 1598) ps  polarity 0
net 33: (27 27)->(27 27) 0 0 0 0 #timing (686 686) ps polarity 1
net 33: (27 27)->(25 25) 1 3 0 0 #timing (875 835) ps polarity 0
net 33: (25 25)->(25 25) 1 0 0 1 #timing (1118 1057) ps  polarity 1
net 33: (25 25)->(24 24) 0 3 0 1 #timing (1209 1247) ps  polarity 0
net 33: (25 25)->(25 27) 1 1 0 1 #timing (1163 1090) ps  polarity 1
net 33: (25 27)->(24 27) 0 2 0 1 #timing (1245 1316) ps  polarity 0
net 33: (25 25)->(27 25) 1 2 0 1 #timing (1197 1113) ps  polarity 1
net 33: (27 25)->(26 24) 0 3 0 1 #timing (1285 1376) ps  polarity 0
net 33: (25 25)->(27 27) 1 3 0 1 #timing (1234 1133) ps  polarity 1
net 33: (27 27)->(27 27) 0 0 0 1 #timing (1265 1404) ps  polarity 0
net 33: (25 25)->(25 21) 3 4 0 0 #timing (1147 1185) ps polarity 0
net 33: (25 21)->(25 23) 1 1 0 1 #timing (1416 1402) ps  polarity 1
net 33: (25 23)->(25 22) 0 1 0 1 #timing (1519 1547) ps  polarity 0
net 33: (25 23)->(24 23) 0 2 0 1 #timing (1493 1530) ps  polarity 0
net 33: (25 21)->(27 23) 1 3 0 1 #timing (1470 1429) ps  polarity 1
net 33: (27 23)->(27 22) 0 1 0 1 #timing (1568 1642) ps  polarity 0
net 33: (27 23)->(26 23) 0 2 0 1 #timing (1542 1625) ps  polarity 0
net 33: (25 25)->(21 25) 4 5 0 0 #timing (1193 1220) ps polarity 0
net 33: (21 25)->(23 27) 1 3 0 1 #timing (1535 1438) ps  polarity 1
net 33: (23 27)->(23 27) 0 0 0 1 #timing (1580 1701) ps  polarity 0
net 34: (26 27)->(26 27) 0 0 0 0 #timing (726 726) ps polarity 1
net 34: (26 27)->(26 27) 1 0 0 0 #timing (797 804) ps polarity 0
net 34: (26 27)->(24 27) 1 2 0 1 #timing (1017 986) ps  polarity 1
net 34: (24 27)->(25 27) 0 2 0 1 #timing (1101 1135) ps  polarity 0
net 34: (26 27)->(24 25) 1 3 0 0 #timing (880 855) ps polarity 0
net 34: (24 25)->(26 27) 1 3 0 1 #timing (1190 1113) ps  polarity 1
net 34: (26 27)->(26 27) 0 0 0 1 #timing (1299 1383) ps  polarity 0
net 34: (26 27)->(26 26) 0 1 0 0 #timing (736 736) ps polarity 1
net 34: (26 26)->(24 24) 1 3 0 0 #timing (904 872) ps polarity 0
net 34: (24 24)->(24 20) 3 4 0 1 #timing (1466 1309) ps  polarity 0
net 34: (24 20)->(24 22) 1 1 0 1 #timing (1614 1448) ps  polarity 1
net 34: (24 22)->(24 23) 0 1 0 1 #timing (1576 1758) ps  polarity 0
net 35: (20 20)->(20 20) 0 0 0 0 #timing (166 166) ps polarity 1
net 35: (20 20)->(22 22) 1 3 0 0 #timing (331 301) ps polarity 0
net 35: (22 22)->(22 18) 3 1 0 0 #timing (655 670) ps polarity 0
net 35: (22 18)->(22 18) 1 0 0 1 #timing (876 854) ps  polarity 1
net 35: (22 18)->(22 19) 0 1 0 1 #timing (1034 1018) ps  polarity 0
net 35: (22 18)->(20 18) 1 2 0 1 #timing (943 900) ps  polarity 1
net 35: (20 18)->(21 19) 0 3 0 1 #timing (1039 1086) ps  polarity 0
net 35: (22 22)->(22 26) 3 4 0 1 #timing (808 685) ps  polarity 0
net 35: (22 26)->(22 26) 1 0 1 1 #timing (915 795) ps  polarity 1
net 35: (22 26)->(22 27) 0 1 0 1 #timing (908 1023) ps  polarity 0
net 35: (22 26)->(23 27) 0 3 0 1 #timing (910 1024) ps  polarity 0
net 36: (22 21)->(22 21) 0 0 0 0 #timing (797 797) ps polarity 1
net 36: (22 21)->(20 23) 1 3 0 0 #timing (954 927) ps polarity 0
net 36: (20 23)->(20 19) 3 1 0 0 #timing (1269 1276) ps polarity 0
net 36: (20 19)->(22 19) 1 2 0 1 #timing (1529 1488) ps  polarity 1
net 36: (22 19)->(23 19) 0 2 0 1 #timing (1600 1666) ps  polarity 0
net 36: (20 23)->(20 27) 3 4 0 1 #timing (1409 1294) ps  polarity 0
net 36: (20 27)->(22 27) 1 2 0 1 #timing (1555 1430) ps  polarity 1
net 36: (22 27)->(22 27) 0 0 0 1 #timing (1559 1701) ps  polarity 0
net 36: (22 21)->(23 20) 0 3 0 0 #timing (696 696) ps polarity 1
net 36: (23 20)->(21 22) 1 3 0 0 #timing (865 838) ps polarity 0
net 36: (21 22)->(21 26) 3 4 0 1 #timing (1318 1202) ps  polarity 0
net 36: (21 26)->(23 26) 1 2 0 1 #timing (1470 1346) ps  polarity 1
net 36: (23 26)->(23 27) 0 1 0 1 #timing (1502 1621) ps  polarity 0
net 41: (20 20)->(20 21) 0 1 0 0 #timing (180 180) ps polarity 1
net 41: (20 21)->(22 23) 1 3 0 0 #timing (345 313) ps polarity 0
net 41: (22 23)->(22 19) 3 1 0 1 #timing (832 705) ps  polarity 0
net 41: (22 19)->(20 19) 1 2 0 1 #timing (1003 854) ps  polarity 1
net 41: (20 19)->(21 19) 0 2 0 1 #timing (985 1149) ps  polarity 0
net 42: (20 21)->(20 21) 0 0 0 0 #timing (191 191) ps polarity 0
net 42: (20 21)->(20 21) 1 0 0 0 #timing (263 269) ps polarity 1
net 42: (20 21)->(20 17) 3 1 0 1 #timing (686 588) ps  polarity 1
net 42: (20 17)->(20 19) 1 1 0 1 #timing (823 719) ps  polarity 0
net 42: (20 19)->(20 19) 0 0 0 1 #timing (857 968) ps  polarity 1
net 43: (20 19)->(21 18) 0 3 0 0 #timing (183 183) ps polarity 0
net 43: (21 18)->(21 18) 1 0 0 0 #timing (273 273) ps polarity 1
net 43: (21 18)->(21 22) 3 1 0 0 #timing (588 521) ps polarity 1
net 43: (21 22)->(21 22) 5 0 1 0 #timing (715 661) ps polarity 0
net 43: (21 22)->(21 30) 5 1 0 1 #timing (1025 982) ps  polarity 1
net 43: (21 30)->(23 30) 1 2 0 1 #timing (1232 1226) ps  polarity 0
net 43: (23 30)->(23 31) 0 1 0 1 #timing (1355 1367) ps  polarity 1
net 44: (25 27)->(25 27) 0 0 0 0 #timing (147 147) ps polarity 0
net 44: (25 27)->(27 25) 1 3 0 0 #timing (319 285) ps polarity 1
net 44: (27 25)->(27 29) 3 1 0 1 #timing (773 648) ps  polarity 1
net 44: (27 29)->(27 31) 1 1 0 1 #timing (912 781) ps  polarity 0
net 44: (27 31)->(27 31) 0 0 0 1 #timing (917 1054) ps  polarity 1
net 45: (21 24)->(21 24) 0 0 0 0 #timing (184 184) ps polarity 0
net 45: (21 24)->(23 26) 1 3 0 0 #timing (324 305) ps polarity 1
net 45: (23 26)->(23 24) 1 1 0 1 #timing (599 545) ps  polarity 0
net 45: (23 24)->(22 24) 0 2 0 1 #timing (641 719) ps  polarity 1
net 45: (23 24)->(22 25) 0 3 0 1 #timing (639 715) ps  polarity 1
net 45: (23 26)->(21 24) 1 3 0 1 #timing (630 561) ps  polarity 0
net 45: (21 24)->(20 24) 0 2 0 1 #timing (669 774) ps  polarity 1
net 46: (25 26)->(25 26) 0 0 0 0 #timing (216 216) ps polarity 1
net 46: (25 26)->(27 24) 1 3 0 0 #timing (409 369) ps polarity 0
net 46: (27 24)->(25 26) 1 3 0 1 #timing (744 649) ps  polarity 1
net 46: (25 26)->(25 27) 0 1 0 1 #timing (807 927) ps  polarity 0
net 47: (23 27)->(22 26) 0 3 0 0 #timing (252 252) ps polarity 0
net 47: (22 26)->(20 24) 1 3 0 0 #timing (438 407) ps polarity 1
net 47: (20 24)->(24 24) 4 5 0 1 #timing (902 783) ps  polarity 1
net 47: (24 24)->(24 26) 1 1 0 1 #timing (1139 978) ps  polarity 0
net 47: (24 26)->(25 27) 0 3 0 1 #timing (1128 1290) ps  polarity 1
net 48: (21 23)->(21 23) 0 0 0 0 #timing (156 156) ps polarity 1
net 48: (21 23)->(21 23) 1 0 0 0 #timing (233 235) ps polarity 0
net 48: (21 23)->(21 27) 3 4 0 0 #timing (533 472) ps polarity 0
net 48: (21 27)->(25 27) 4 5 0 0 #timing (920 803) ps polarity 0
net 48: (25 27)->(25 31) 3 1 0 1 #timing (1244 1266) ps  polarity 0
net 48: (25 31)->(25 31) 1 0 1 1 #timing (1358 1386) ps  polarity 1
net 48: (25 31)->(25 31) 0 0 0 1 #timing (1472 1448) ps  polarity 0
net 49: (22 20)->(23 21) 0 3 0 0 #timing (229 229) ps polarity 1
net 49: (23 21)->(21 23) 1 3 0 0 #timing (422 386) ps polarity 0
net 49: (21 23)->(21 19) 3 1 0 1 #timing (887 757) ps  polarity 0
net 49: (21 19)->(23 19) 1 2 0 1 #timing (1022 884) ps  polarity 1
net 49: (23 19)->(22 19) 0 2 0 1 #timing (1023 1157) ps  polarity 0
net 50: (22 19)->(22 18) 0 1 0 0 #timing (193 193) ps polarity 0
net 50: (22 18)->(20 16) 1 3 0 0 #timing (390 354) ps polarity 1
net 50: (20 16)->(22 18) 1 3 0 1 #timing (721 631) ps  polarity 0
net 50: (22 18)->(23 19) 0 3 0 1 #timing (800 910) ps  polarity 1
net 51: (21 21)->(21 21) 0 0 0 0 #timing (178 178) ps polarity 0
net 51: (21 21)->(23 23) 1 3 0 0 #timing (306 294) ps polarity 1
net 51: (23 23)->(23 21) 1 1 0 1 #timing (588 543) ps  polarity 0
net 51: (23 21)->(22 21) 0 2 0 1 #timing (649 713) ps  polarity 1
net 51: (23 23)->(21 23) 1 2 0 1 #timing (584 541) ps  polarity 0
net 51: (21 23)->(21 23) 0 0 0 1 #timing (656 712) ps  polarity 1
net 51: (21 23)->(20 23) 0 2 0 1 #timing (645 705) ps  polarity 1
net 51: (21 23)->(20 22) 0 3 0 1 #timing (636 701) ps  polarity 1
net 51: (23 23)->(21 21) 1 3 0 1 #timing (613 558) ps  polarity 0
net 51: (21 21)->(20 20) 0 3 0 1 #timing (662 750) ps  polarity 1
net 52: (23 21)->(23 20) 0 1 0 0 #timing (244 244) ps polarity 0
net 52: (23 20)->(23 20) 1 0 0 0 #timing (336 336) ps polarity 1
net 52: (23 20)->(23 20) 1 0 0 1 #timing (544 509) ps  polarity 0
net 52: (23 20)->(22 21) 0 3 0 1 #timing (592 632) ps  polarity 1
net 52: (23 20)->(21 20) 1 2 0 1 #timing (569 527) ps  polarity 0
net 52: (21 20)->(20 20) 0 2 0 1 #timing (621 684) ps  polarity 1
net 52: (23 20)->(23 24) 3 4 0 0 #timing (749 647) ps polarity 1
net 52: (23 24)->(21 24) 1 2 0 1 #timing (992 848) ps  polarity 0
net 52: (21 24)->(21 24) 0 0 0 1 #timing (945 1108) ps  polarity 1
net 53: (22 26)->(23 26) 0 2 0 0 #timing (183 183) ps polarity 1
net 53: (23 26)->(21 26) 1 2 0 0 #timing (328 305) ps polarity 0
net 53: (21 26)->(21 22) 3 4 0 0 #timing (617 611) ps polarity 0
net 53: (21 22)->(21 22) 1 0 1 1 #timing (835 793) ps  polarity 1
net 53: (21 22)->(21 23) 0 1 0 1 #timing (959 970) ps  polarity 0
net 64: (26 22)->(26 22) 0 0 0 0 #timing (190 190) ps polarity 0
net 64: (26 22)->(24 20) 1 3 0 0 #timing (346 319) ps polarity 1
net 64: (24 20)->(24 24) 3 4 0 0 #timing (706 679) ps polarity 1
net 64: (24 24)->(20 24) 4 5 0 0 #timing (1067 981) ps polarity 1
net 64: (20 24)->(22 26) 1 3 0 1 #timing (1241 1283) ps  polarity 0
net 64: (22 26)->(22 26) 0 0 0 1 #timing (1446 1430) ps  polarity 1
net 64: (22 26)->(23 26) 0 2 0 1 #timing (1411 1405) ps  polarity 1
net 65: (26 24)->(27 24) 0 2 0 0 #timing (204 204) ps polarity 0
net 65: (27 24)->(27 26) 1 1 0 0 #timing (316 310) ps polarity 1
net 65: (27 26)->(25 26) 1 2 0 1 #timing (622 567) ps  polarity 0
net 65: (25 26)->(24 27) 0 3 0 1 #timing (730 796) ps  polarity 1
net 69: (24 23)->(24 23) 0 0 0 0 #timing (197 197) ps polarity 1
net 69: (24 23)->(26 21) 1 3 0 0 #timing (369 337) ps polarity 0
net 69: (26 21)->(26 25) 3 4 0 0 #timing (699 677) ps polarity 0
net 69: (26 25)->(26 29) 3 1 0 1 #timing (1142 1009) ps  polarity 0
net 69: (26 29)->(24 31) 1 3 0 1 #timing (1291 1148) ps  polarity 1
net 69: (24 31)->(25 31) 0 2 0 1 #timing (1303 1455) ps  polarity 0
net 69: (26 21)->(22 21) 4 5 0 1 #timing (839 719) ps  polarity 0
net 69: (22 21)->(22 21) 1 0 1 1 #timing (1028 883) ps  polarity 1
net 69: (22 21)->(22 21) 0 0 0 1 #timing (991 1133) ps  polarity 0
net 69: (22 21)->(20 21) 1 2 0 1 #timing (1050 901) ps  polarity 1
net 69: (20 21)->(20 20) 0 1 0 1 #timing (1033 1191) ps  polarity 0
net 69: (22 21)->(20 23) 1 3 0 1 #timing (1091 932) ps  polarity 1
net 69: (20 23)->(20 23) 0 0 0 1 #timing (1067 1257) ps  polarity 0
net 69: (20 23)->(21 23) 0 2 0 1 #timing (1075 1263) ps  polarity 0
net 70: (27 22)->(27 22) 0 0 0 0 #timing (183 183) ps polarity 0
net 70: (27 22)->(25 20) 1 3 0 0 #timing (367 328) ps polarity 1
net 70: (25 20)->(25 24) 3 4 0 0 #timing (705 709) ps polarity 1
net 70: (25 24)->(21 24) 4 5 0 0 #timing (1029 999) ps polarity 1
net 70: (21 24)->(23 26) 1 3 0 1 #timing (1312 1273) ps  polarity 0
net 70: (23 26)->(22 26) 0 2 0 1 #timing (1421 1468) ps  polarity 1
net 70: (23 26)->(22 27) 0 3 0 1 #timing (1441 1476) ps  polarity 1
net 71: (20 24)->(20 24) 0 0 0 0 #timing (191 191) ps polarity 0
net 71: (20 24)->(22 26) 1 3 0 0 #timing (331 311) ps polarity 1
net 71: (22 26)->(26 26) 4 5 0 1 #timing (845 736) ps  polarity 1
net 71: (26 26)->(26 24) 1 1 0 1 #timing (1095 941) ps  polarity 0
net 71: (26 24)->(26 25) 0 1 0 1 #timing (1071 1235) ps  polarity 1
net 71: (26 26)->(24 24) 1 3 0 1 #timing (1125 953) ps  polarity 0
net 71: (24 24)->(24 25) 0 1 0 1 #timing (1086 1270) ps  polarity 1
net 71: (26 26)->(26 30) 3 1 0 1 #timing (1144 974) ps  polarity 1
net 71: (26 30)->(26 30) 1 0 1 1 #timing (1244 1078) ps  polarity 0
net 71: (26 30)->(27 31) 0 3 0 1 #timing (1205 1359) ps  polarity 1
net 72: (20 22)->(20 22) 0 0 0 0 #timing (190 190) ps polarity 0
net 72: (20 22)->(22 20) 1 3 0 0 #timing (370 332) ps polarity 1
net 72: (22 20)->(22 16) 3 1 0 0 #timing (659 684) ps polarity 1
net 72: (22 16)->(20 18) 1 3 0 1 #timing (977 935) ps  polarity 0
net 72: (20 18)->(20 19) 0 1 0 1 #timing (1089 1153) ps  polarity 1
net 72: (22 16)->(18 16) 4 2 0 0 #timing (988 969) ps polarity 1
net 72: (18 16)->(18 18) 1 1 0 1 #timing (1229 1206) ps  polarity 0
net 72: (18 18)->(18 19) 0 1 0 1 #timing (1313 1354) ps  polarity 1
net 72: (18 16)->(18 16) 5 0 0 0 #timing (1116 1116) ps polarity 0
net 72: (18 16)->(26 24) 5 3 0 1 #timing (1737 1739) ps  polarity 0
net 72: (26 24)->(26 28) 3 1 0 1 #timing (2165 2079) ps  polarity 1
net 72: (26 28)->(24 30) 1 3 0 1 #timing (2323 2222) ps  polarity 0
net 72: (24 30)->(25 31) 0 3 0 1 #timing (2379 2484) ps  polarity 1
net 73: (20 23)->(20 23) 0 0 0 0 #timing (155 155) ps polarity 1
net 73: (20 23)->(22 21) 1 3 0 0 #timing (319 288) ps polarity 0
net 73: (22 21)->(22 25) 3 4 0 1 #timing (775 648) ps  polarity 0
net 73: (22 25)->(22 25) 1 0 1 1 #timing (876 752) ps  polarity 1
net 73: (22 25)->(22 25) 0 0 0 1 #timing (914 1010) ps  polarity 0
net 73: (22 25)->(22 24) 0 1 0 1 #timing (948 1023) ps  polarity 0
net 73: (22 25)->(20 25) 1 2 0 1 #timing (935 791) ps  polarity 1
net 73: (20 25)->(20 24) 0 1 0 1 #timing (996 1109) ps  polarity 0
net 73: (20 23)->(20 22) 0 1 0 0 #timing (161 161) ps polarity 1
net 73: (20 22)->(20 20) 1 1 0 0 #timing (299 280) ps polarity 0
net 73: (20 20)->(20 24) 3 4 0 0 #timing (589 566) ps polarity 0
net 73: (20 24)->(24 24) 4 5 0 0 #timing (971 885) ps polarity 0
net 73: (24 24)->(26 24) 1 2 0 1 #timing (1122 1167) ps  polarity 1
net 73: (26 24)->(26 24) 0 0 0 1 #timing (1315 1257) ps  polarity 0
net 88: (24 27)->(24 26) 0 1 0 0 #timing (217 217) ps polarity 0
net 88: (24 26)->(26 24) 1 3 0 0 #timing (395 359) ps polarity 1
net 88: (26 24)->(24 26) 1 3 0 1 #timing (680 603) ps  polarity 0
net 88: (24 26)->(24 26) 0 0 0 1 #timing (747 834) ps  polarity 1
net 88: (26 24)->(26 20) 3 4 0 0 #timing (664 674) ps polarity 1
net 88: (26 20)->(22 20) 4 5 0 0 #timing (1007 966) ps polarity 1
net 88: (22 20)->(22 22) 1 1 0 1 #timing (1215 1219) ps  polarity 0
net 88: (22 22)->(22 23) 0 1 0 1 #timing (1345 1356) ps  polarity 1
net 90: (26 23)->(27 23) 0 2 0 0 #timing (176 176) ps polarity 1
net 90: (27 23)->(27 23) 1 0 0 0 #timing (264 265) ps polarity 0
net 90: (27 23)->(27 27) 3 4 0 1 #timing (692 584) ps  polarity 0
net 90: (27 27)->(25 27) 1 2 0 1 #timing (862 732) ps  polarity 1
net 90: (25 27)->(24 26) 0 3 0 1 #timing (898 1048) ps  polarity 0
net 90: (27 23)->(23 23) 4 5 0 0 #timing (689 600) ps polarity 0
net 90: (23 23)->(23 23) 1 0 1 1 #timing (804 865) ps  polarity 1
net 90: (23 23)->(22 23) 0 2 0 1 #timing (961 902) ps  polarity 0
net 92: (24 26)->(24 26) 0 0 0 0 #timing (177 177) ps polarity 1
net 92: (24 26)->(24 26) 1 0 0 0 #timing (259 262) ps polarity 0
net 92: (24 26)->(24 26) 1 0 1 1 #timing (465 434) ps  polarity 1
net 92: (24 26)->(24 27) 0 1 0 1 #timing (547 572) ps  polarity 0
net 93: (23 26)->(23 26) 0 0 0 0 #timing (216 216) ps polarity 1
net 93: (23 26)->(21 24) 1 3 0 0 #timing (367 345) ps polarity 0
net 93: (21 24)->(25 24) 4 5 0 1 #timing (868 755) ps  polarity 0
net 93: (25 24)->(25 26) 1 1 0 1 #timing (1096 948) ps  polarity 1
net 93: (25 26)->(25 26) 0 0 0 1 #timing (1046 1214) ps  polarity 0
net 93: (25 26)->(24 26) 0 2 0 1 #timing (1090 1242) ps  polarity 0
net 98: (24 23)->(24 22) 0 1 0 0 #timing (219 219) ps polarity 1
net 98: (24 22)->(26 20) 1 3 0 0 #timing (390 357) ps polarity 0
net 98: (26 20)->(26 24) 3 4 0 1 #timing (814 699) ps  polarity 0
net 98: (26 24)->(24 24) 1 2 0 1 #timing (936 818) ps  polarity 1
net 98: (24 24)->(25 25) 0 3 0 1 #timing (941 1055) ps  polarity 0
net 112: (19 19)->(19 19) 0 0 0 0 #timing (204 204) ps polarity 0
net 112: (19 19)->(17 17) 1 3 0 0 #timing (388 344) ps polarity 1
net 112: (17 17)->(21 17) 4 2 0 1 #timing (774 685) ps  polarity 1
net 112: (21 17)->(21 19) 1 1 0 1 #timing (1008 883) ps  polarity 0
net 112: (21 19)->(20 19) 0 2 0 1 #timing (1026 1154) ps  polarity 1
net 115: (27 25)->(27 24) 0 1 0 0 #timing (202 202) ps polarity 0
net 115: (27 24)->(25 26) 1 3 0 0 #timing (377 347) ps polarity 1
net 115: (25 26)->(25 24) 1 1 0 1 #timing (667 606) ps  polarity 0
net 115: (25 24)->(24 25) 0 3 0 1 #timing (700 784) ps  polarity 1
