

####   Resource Utilization Report   ####

    Top level module name: digit8_7seg

    Resource usage:
       9 Logic 6-LUT CLBs
           27 CLB LUTs utilized (up to 4 per CLB)
                 1 of which are 6-input LUTs
                 7 of which are dual 5-input LUTs
                34 LUTs total
           24 CLB FFs utilized (up to 4 pairs per CLB)
                24 of which are LUT-FF combination
                24 FFs total
       6 I/O CLBs
           11 Output pins
            2 Output FFs utilized
       1 Clock
           Clock 0: net    28, clk, Fanout: 9 CLBs
    need 0 DSP and 1 Logic-Memory FPGA 1K Tiles.

 
####   Resource Utilization Complete   ####

TILE-REQ:		0		0		0		1

### Total FPGA resources from current floorplan: ###
                       184 IOBs
                       140 Logic 6-LUT CLBs
                              40 CLBs support RAM/SR

Usage of Logic CLBs is 6.4%.
    Logic-Memory CLB for RAM/Shift-Register is 0.0%.
Usage of LUTs is 4.8%.
    dual-LUTs is 1.2%.
Usage of FF is 4.3%.
    dual-FF is 0.0%.
Usage of IO CLB is 3.3%.
