Reading netlist file: "C:\Git\Pmod\Pmod_ADC\sample\TangPrimer9K_1ch\impl\gwsynthesis\tangnano9k.vg"
Parsing netlist file "C:\Git\Pmod\Pmod_ADC\sample\TangPrimer9K_1ch\impl\gwsynthesis\tangnano9k.vg" completed
Processing netlist completed
Reading constraint file: "C:\Git\Pmod\Pmod_ADC\sample\TangPrimer9K_1ch\src\top.cst"
Physical Constraint parsed completed
Running placement......
[10%] Placement Phase 0 completed
[20%] Placement Phase 1 completed
[30%] Placement Phase 2 completed
[50%] Placement Phase 3 completed
Running routing......
[60%] Routing Phase 0 completed
[70%] Routing Phase 1 completed
[80%] Routing Phase 2 completed
[90%] Routing Phase 3 completed
Running timing analysis......
[95%] Timing analysis completed
Placement and routing completed
Bitstream generation in progress......
Bitstream generation completed
Running power analysis......
[100%] Power analysis completed
Generate file "C:\Git\Pmod\Pmod_ADC\sample\TangPrimer9K_1ch\impl\pnr\tangnano9k.power.html" completed
Generate file "C:\Git\Pmod\Pmod_ADC\sample\TangPrimer9K_1ch\impl\pnr\tangnano9k.pin.html" completed
Generate file "C:\Git\Pmod\Pmod_ADC\sample\TangPrimer9K_1ch\impl\pnr\tangnano9k.rpt.html" completed
Generate file "C:\Git\Pmod\Pmod_ADC\sample\TangPrimer9K_1ch\impl\pnr\tangnano9k.rpt.txt" completed
Generate file "C:\Git\Pmod\Pmod_ADC\sample\TangPrimer9K_1ch\impl\pnr\tangnano9k.tr.html" completed
Thu Dec 21 22:00:52 2023

