Reading netlist file: "C:\Git\Pmod\Pmod_7LED_8digit\sample\7led_8digit\impl\gwsynthesis\7led_8digit.vg"
Parsing netlist file "C:\Git\Pmod\Pmod_7LED_8digit\sample\7led_8digit\impl\gwsynthesis\7led_8digit.vg" completed
Processing netlist completed
Reading constraint file: "C:\Git\Pmod\Pmod_7LED_8digit\sample\7led_8digit\src\7led_8digit.cst"
Physical Constraint parsed completed
Running placement......
[10%] Placement Phase 0 completed
[20%] Placement Phase 1 completed
[30%] Placement Phase 2 completed
[50%] Placement Phase 3 completed
Running routing......
[60%] Routing Phase 0 completed
[70%] Routing Phase 1 completed
[80%] Routing Phase 2 completed
[90%] Routing Phase 3 completed
Running timing analysis......
[95%] Timing analysis completed
Placement and routing completed
Bitstream generation in progress......
Bitstream generation completed
Running power analysis......
[100%] Power analysis completed
Generate file "C:\Git\Pmod\Pmod_7LED_8digit\sample\7led_8digit\impl\pnr\7led_8digit.power.html" completed
Generate file "C:\Git\Pmod\Pmod_7LED_8digit\sample\7led_8digit\impl\pnr\7led_8digit.pin.html" completed
Generate file "C:\Git\Pmod\Pmod_7LED_8digit\sample\7led_8digit\impl\pnr\7led_8digit.rpt.html" completed
Generate file "C:\Git\Pmod\Pmod_7LED_8digit\sample\7led_8digit\impl\pnr\7led_8digit.rpt.txt" completed
Generate file "C:\Git\Pmod\Pmod_7LED_8digit\sample\7led_8digit\impl\pnr\7led_8digit.tr.html" completed
Fri Aug 18 18:41:00 2023

