net 2: (8 21)->(8 20) 0 1 0 0 #timing (700 700) ps polarity 1
net 2: (8 20)->(8 22) 1 1 0 0 #timing (825 815) ps polarity 0
net 2: (8 22)->(8 22) 1 0 0 1 #timing (1049 1014) ps  polarity 1
net 2: (8 22)->(9 22) 0 2 0 1 #timing (1114 1150) ps  polarity 0
net 2: (8 22)->(8 18) 3 1 0 0 #timing (1122 1097) ps polarity 0
net 2: (8 18)->(8 18) 1 0 1 1 #timing (1341 1278) ps  polarity 1
net 2: (8 18)->(9 19) 0 3 0 1 #timing (1411 1460) ps  polarity 0
net 3: (9 21)->(9 20) 0 1 0 0 #timing (827 827) ps polarity 1
net 3: (9 20)->(9 22) 1 1 0 0 #timing (952 943) ps polarity 0
net 3: (9 22)->(9 22) 1 0 0 1 #timing (1179 1146) ps  polarity 1
net 3: (9 22)->(9 22) 0 0 0 1 #timing (1222 1264) ps  polarity 0
net 3: (9 22)->(9 20) 1 1 0 1 #timing (1229 1180) ps  polarity 1
net 3: (9 20)->(9 21) 0 1 0 1 #timing (1288 1357) ps  polarity 0
net 4: (8 19)->(8 19) 0 0 0 0 #timing (651 651) ps polarity 1
net 4: (8 19)->(8 19) 1 0 0 0 #timing (731 735) ps polarity 0
net 4: (8 19)->(8 23) 3 1 0 0 #timing (1023 966) ps polarity 0
net 4: (8 23)->(8 23) 1 0 1 1 #timing (1236 1144) ps  polarity 1
net 4: (8 23)->(9 22) 0 3 0 1 #timing (1276 1353) ps  polarity 0
net 4: (8 19)->(8 17) 1 1 0 0 #timing (769 761) ps polarity 0
net 4: (8 17)->(8 21) 3 1 0 1 #timing (1209 1097) ps  polarity 0
net 4: (8 21)->(8 21) 1 0 0 1 #timing (1324 1213) ps  polarity 1
net 4: (8 21)->(8 20) 0 1 0 1 #timing (1333 1436) ps  polarity 0
net 5: (9 19)->(9 19) 0 0 0 0 #timing (637 637) ps polarity 1
net 5: (9 19)->(9 19) 1 0 0 0 #timing (721 724) ps polarity 0
net 5: (9 19)->(9 23) 3 1 0 1 #timing (1173 1071) ps  polarity 0
net 5: (9 23)->(9 23) 1 0 0 1 #timing (1282 1186) ps  polarity 1
net 5: (9 23)->(9 22) 0 1 0 1 #timing (1262 1366) ps  polarity 0
net 5: (9 23)->(9 21) 1 1 0 1 #timing (1321 1213) ps  polarity 1
net 5: (9 21)->(9 20) 0 1 0 1 #timing (1300 1431) ps  polarity 0
net 6: (8 24)->(8 24) 0 0 0 0 #timing (706 706) ps polarity 1
net 6: (8 24)->(10 26) 1 3 0 0 #timing (843 828) ps polarity 0
net 6: (10 26)->(10 22) 3 4 0 1 #timing (1375 1243) ps  polarity 0
net 6: (10 22)->(8 22) 1 2 0 1 #timing (1488 1357) ps  polarity 1
net 6: (8 22)->(8 22) 0 0 0 1 #timing (1490 1618) ps  polarity 0
net 6: (8 22)->(8 23) 0 1 0 1 #timing (1458 1598) ps  polarity 0
net 6: (10 22)->(8 20) 1 3 0 1 #timing (1536 1390) ps  polarity 1
net 6: (8 20)->(9 20) 0 2 0 1 #timing (1530 1695) ps  polarity 0
net 7: (9 24)->(9 24) 0 0 0 0 #timing (733 733) ps polarity 1
net 7: (9 24)->(9 24) 1 0 0 0 #timing (814 818) ps polarity 0
net 7: (9 24)->(9 20) 3 4 0 0 #timing (1112 1056) ps polarity 0
net 7: (9 20)->(9 20) 1 0 0 1 #timing (1339 1244) ps  polarity 1
net 7: (9 20)->(9 20) 0 0 0 1 #timing (1339 1436) ps  polarity 0
net 7: (9 20)->(9 22) 1 1 0 1 #timing (1383 1276) ps  polarity 1
net 7: (9 22)->(9 23) 0 1 0 1 #timing (1397 1517) ps  polarity 0
net 7: (9 24)->(8 25) 0 3 0 0 #timing (732 732) ps polarity 1
net 7: (8 25)->(8 27) 1 1 0 0 #timing (858 848) ps polarity 0
net 7: (8 27)->(8 23) 3 4 0 0 #timing (1149 1130) ps polarity 0
net 7: (8 23)->(8 23) 1 0 0 1 #timing (1376 1318) ps  polarity 1
net 7: (8 23)->(8 22) 0 1 0 1 #timing (1417 1476) ps  polarity 0
net 8: (8 22)->(8 23) 0 1 0 0 #timing (672 672) ps polarity 1
net 8: (8 23)->(8 23) 1 0 0 0 #timing (763 764) ps polarity 0
net 8: (8 23)->(8 21) 1 1 0 1 #timing (1017 970) ps  polarity 1
net 8: (8 21)->(9 20) 0 3 0 1 #timing (1112 1162) ps  polarity 0
net 8: (8 22)->(9 23) 0 3 0 0 #timing (671 671) ps polarity 1
net 8: (9 23)->(11 23) 1 2 0 0 #timing (807 793) ps polarity 0
net 8: (11 23)->(9 23) 1 2 0 1 #timing (1114 1052) ps  polarity 1
net 8: (9 23)->(8 22) 0 3 0 1 #timing (1199 1282) ps  polarity 0
net 9: (9 22)->(8 23) 0 3 0 0 #timing (673 673) ps polarity 1
net 9: (8 23)->(10 23) 1 2 0 0 #timing (826 801) ps polarity 0
net 9: (10 23)->(10 19) 3 1 0 1 #timing (1338 1178) ps  polarity 0
net 9: (10 19)->(8 19) 1 2 0 1 #timing (1447 1289) ps  polarity 1
net 9: (8 19)->(9 19) 0 2 0 1 #timing (1391 1559) ps  polarity 0
net 9: (10 23)->(10 27) 3 4 0 0 #timing (1145 1097) ps polarity 0
net 9: (10 27)->(8 25) 1 3 0 1 #timing (1412 1312) ps  polarity 1
net 9: (8 25)->(9 24) 0 3 0 1 #timing (1483 1576) ps  polarity 0
net 10: (8 27)->(8 27) 0 0 0 0 #timing (797 797) ps polarity 1
net 10: (8 27)->(10 25) 1 3 0 0 #timing (972 939) ps polarity 0
net 10: (10 25)->(8 27) 1 3 0 1 #timing (1252 1178) ps  polarity 1
net 10: (8 27)->(8 27) 0 0 0 1 #timing (1331 1411) ps  polarity 0
net 10: (10 25)->(10 21) 3 4 0 0 #timing (1249 1256) ps polarity 0
net 10: (10 21)->(8 21) 1 2 0 1 #timing (1478 1446) ps  polarity 1
net 10: (8 21)->(8 21) 0 0 0 1 #timing (1568 1605) ps  polarity 0
net 11: (9 27)->(9 27) 0 0 0 0 #timing (760 760) ps polarity 1
net 11: (9 27)->(9 27) 1 0 0 0 #timing (831 837) ps polarity 0
net 11: (9 27)->(9 27) 1 0 1 1 #timing (1036 1008) ps  polarity 1
net 11: (9 27)->(9 27) 0 0 0 1 #timing (1092 1126) ps  polarity 0
net 12: (8 25)->(8 25) 0 0 0 0 #timing (651 651) ps polarity 1
net 12: (8 25)->(10 27) 1 3 0 0 #timing (790 774) ps polarity 0
net 12: (10 27)->(8 27) 1 2 0 1 #timing (1044 1004) ps  polarity 1
net 12: (8 27)->(8 26) 0 1 0 1 #timing (1137 1173) ps  polarity 0
net 12: (8 27)->(9 27) 0 2 0 1 #timing (1119 1162) ps  polarity 0
net 13: (9 25)->(9 25) 0 0 0 0 #timing (637 637) ps polarity 1
net 13: (9 25)->(11 27) 1 3 0 0 #timing (831 791) ps polarity 0
net 13: (11 27)->(9 25) 1 3 0 1 #timing (1197 1096) ps  polarity 1
net 13: (9 25)->(9 25) 0 0 0 1 #timing (1232 1373) ps  polarity 0
net 14: (8 30)->(8 30) 0 0 0 0 #timing (706 706) ps polarity 1
net 14: (8 30)->(10 28) 1 3 0 0 #timing (871 843) ps polarity 0
net 14: (10 28)->(8 28) 1 2 0 1 #timing (1112 1057) ps  polarity 1
net 14: (8 28)->(8 29) 0 1 0 1 #timing (1158 1221) ps  polarity 0
net 14: (10 28)->(10 24) 3 1 0 0 #timing (1161 1158) ps polarity 0
net 14: (10 24)->(8 26) 1 3 0 1 #timing (1422 1371) ps  polarity 1
net 14: (8 26)->(8 27) 0 1 0 1 #timing (1537 1587) ps  polarity 0
net 14: (10 24)->(10 20) 3 4 0 1 #timing (1543 1461) ps  polarity 0
net 14: (10 20)->(8 20) 1 2 0 1 #timing (1654 1572) ps  polarity 1
net 14: (8 20)->(8 21) 0 1 0 1 #timing (1697 1780) ps  polarity 0
net 15: (9 30)->(9 30) 0 0 0 0 #timing (733 733) ps polarity 1
net 15: (9 30)->(11 28) 1 3 0 0 #timing (897 868) ps polarity 0
net 15: (11 28)->(9 28) 1 2 0 1 #timing (1226 1145) ps  polarity 1
net 15: (9 28)->(9 29) 0 1 0 1 #timing (1333 1417) ps  polarity 0
net 15: (11 28)->(11 24) 3 1 0 0 #timing (1202 1210) ps polarity 0
net 15: (11 24)->(9 26) 1 3 0 1 #timing (1530 1458) ps  polarity 1
net 15: (9 26)->(8 27) 0 3 0 1 #timing (1641 1738) ps  polarity 0
net 15: (11 24)->(11 20) 3 4 0 1 #timing (1572 1504) ps  polarity 0
net 15: (11 20)->(9 20) 1 2 0 1 #timing (1740 1652) ps  polarity 1
net 15: (9 20)->(8 21) 0 3 0 1 #timing (1821 1920) ps  polarity 0
net 16: (8 28)->(8 28) 0 0 0 0 #timing (671 671) ps polarity 1
net 16: (8 28)->(10 30) 1 3 0 0 #timing (815 798) ps polarity 0
net 16: (10 30)->(8 28) 1 3 0 1 #timing (1101 1049) ps  polarity 1
net 16: (8 28)->(8 28) 0 0 0 1 #timing (1192 1250) ps  polarity 0
net 16: (10 30)->(10 26) 3 1 0 0 #timing (1082 1090) ps polarity 0
net 16: (10 26)->(8 26) 1 2 0 1 #timing (1312 1281) ps  polarity 1
net 16: (8 26)->(9 27) 0 3 0 1 #timing (1401 1433) ps  polarity 0
net 17: (9 28)->(9 28) 0 0 0 0 #timing (679 679) ps polarity 1
net 17: (9 28)->(11 30) 1 3 0 0 #timing (851 820) ps polarity 0
net 17: (11 30)->(9 28) 1 3 0 1 #timing (1218 1135) ps  polarity 1
net 17: (9 28)->(9 28) 0 0 0 1 #timing (1269 1384) ps  polarity 0
net 17: (11 30)->(11 26) 3 1 0 0 #timing (1126 1159) ps polarity 0
net 17: (11 26)->(9 26) 1 2 0 1 #timing (1418 1386) ps  polarity 1
net 17: (9 26)->(9 27) 0 1 0 1 #timing (1557 1598) ps  polarity 0
net 18: (7 21)->(6 21) 0 2 0 0 #timing (771 771) ps polarity 1
net 18: (6 21)->(6 21) 1 0 0 0 #timing (853 856) ps polarity 0
net 18: (6 21)->(6 17) 3 1 0 0 #timing (1131 1080) ps polarity 0
net 18: (6 17)->(6 19) 1 1 0 1 #timing (1388 1291) ps  polarity 1
net 18: (6 19)->(7 19) 0 2 0 1 #timing (1429 1534) ps  polarity 0
net 19: (4 19)->(5 19) 0 2 0 0 #timing (688 688) ps polarity 1
net 19: (5 19)->(5 17) 1 1 0 0 #timing (809 791) ps polarity 0
net 19: (5 17)->(5 21) 3 1 0 0 #timing (1082 1062) ps polarity 0
net 19: (5 21)->(5 21) 1 0 1 1 #timing (1288 1235) ps  polarity 1
net 19: (5 21)->(4 20) 0 3 0 1 #timing (1375 1410) ps  polarity 0
net 19: (5 19)->(7 17) 1 3 0 0 #timing (871 820) ps polarity 0
net 19: (7 17)->(7 21) 3 1 0 1 #timing (1313 1178) ps  polarity 0
net 19: (7 21)->(7 21) 1 0 1 1 #timing (1432 1298) ps  polarity 1
net 19: (7 21)->(7 20) 0 1 0 1 #timing (1406 1536) ps  polarity 0
net 20: (5 19)->(4 19) 0 2 0 0 #timing (711 711) ps polarity 1
net 20: (4 19)->(4 19) 1 0 0 0 #timing (790 794) ps polarity 0
net 20: (4 19)->(4 23) 3 1 0 0 #timing (1079 1022) ps polarity 0
net 20: (4 23)->(4 21) 1 1 0 1 #timing (1332 1228) ps  polarity 1
net 20: (4 21)->(5 20) 0 3 0 1 #timing (1370 1477) ps  polarity 0
net 20: (4 23)->(6 21) 1 3 0 1 #timing (1383 1257) ps  polarity 1
net 20: (6 21)->(7 20) 0 3 0 1 #timing (1416 1564) ps  polarity 0
net 21: (4 21)->(4 21) 0 0 0 0 #timing (726 726) ps polarity 1
net 21: (4 21)->(6 23) 1 3 0 0 #timing (875 852) ps polarity 0
net 21: (6 23)->(6 21) 1 1 0 1 #timing (1165 1111) ps  polarity 1
net 21: (6 21)->(6 20) 0 1 0 1 #timing (1221 1291) ps  polarity 0
net 21: (6 23)->(4 21) 1 3 0 1 #timing (1216 1142) ps  polarity 1
net 21: (4 21)->(4 21) 0 0 0 1 #timing (1299 1396) ps  polarity 0
net 22: (5 21)->(5 21) 0 0 0 0 #timing (686 686) ps polarity 1
net 22: (5 21)->(7 23) 1 3 0 0 #timing (818 804) ps polarity 0
net 22: (7 23)->(7 21) 1 1 0 1 #timing (1097 1048) ps  polarity 1
net 22: (7 21)->(6 20) 0 3 0 1 #timing (1144 1217) ps  polarity 0
net 22: (7 23)->(5 21) 1 3 0 1 #timing (1120 1064) ps  polarity 1
net 22: (5 21)->(5 21) 0 0 0 1 #timing (1188 1266) ps  polarity 0
net 23: (4 16)->(4 16) 0 0 0 0 #timing (649 649) ps polarity 1
net 23: (4 16)->(6 18) 1 3 0 0 #timing (805 779) ps polarity 0
net 23: (6 18)->(4 16) 1 3 0 1 #timing (1116 1050) ps  polarity 1
net 23: (4 16)->(4 16) 0 0 0 1 #timing (1212 1284) ps  polarity 0
net 23: (4 16)->(5 17) 0 3 0 0 #timing (667 667) ps polarity 1
net 23: (5 17)->(7 17) 1 2 0 0 #timing (819 794) ps polarity 0
net 23: (7 17)->(7 21) 3 1 0 0 #timing (1107 1090) ps polarity 0
net 23: (7 21)->(11 21) 4 5 0 0 #timing (1507 1435) ps polarity 0
net 23: (11 21)->(9 23) 1 3 0 1 #timing (1710 1736) ps  polarity 1
net 23: (9 23)->(9 23) 0 0 0 1 #timing (1871 1883) ps  polarity 0
net 24: (5 16)->(5 16) 0 0 0 0 #timing (637 637) ps polarity 1
net 24: (5 16)->(7 18) 1 3 0 0 #timing (771 754) ps polarity 0
net 24: (7 18)->(5 16) 1 3 0 1 #timing (1081 1019) ps  polarity 1
net 24: (5 16)->(5 16) 0 0 0 1 #timing (1128 1221) ps  polarity 0
net 24: (5 16)->(4 17) 0 3 0 0 #timing (653 653) ps polarity 1
net 24: (4 17)->(6 17) 1 2 0 0 #timing (782 772) ps polarity 0
net 24: (6 17)->(6 21) 3 1 0 0 #timing (1082 1072) ps polarity 0
net 24: (6 21)->(10 21) 4 5 0 0 #timing (1410 1363) ps polarity 0
net 24: (10 21)->(8 23) 1 3 0 1 #timing (1649 1635) ps  polarity 1
net 24: (8 23)->(9 23) 0 2 0 1 #timing (1763 1796) ps  polarity 0
net 25: (4 18)->(4 18) 0 0 0 0 #timing (704 704) ps polarity 1
net 25: (4 18)->(6 16) 1 3 0 0 #timing (888 848) ps polarity 0
net 25: (6 16)->(4 16) 1 2 0 1 #timing (1177 1102) ps  polarity 1
net 25: (4 16)->(4 17) 0 1 0 1 #timing (1238 1317) ps  polarity 0
net 25: (6 16)->(6 20) 3 1 0 0 #timing (1221 1226) ps polarity 0
net 25: (6 20)->(6 20) 1 0 1 1 #timing (1436 1405) ps  polarity 1
net 25: (6 20)->(7 20) 0 2 0 1 #timing (1516 1543) ps  polarity 0
net 26: (5 18)->(5 18) 0 0 0 0 #timing (661 661) ps polarity 1
net 26: (5 18)->(7 16) 1 3 0 0 #timing (823 793) ps polarity 0
net 26: (7 16)->(7 20) 3 1 0 0 #timing (1103 1112) ps polarity 0
net 26: (7 20)->(7 20) 1 0 0 1 #timing (1325 1297) ps  polarity 1
net 26: (7 20)->(7 20) 0 0 0 1 #timing (1392 1422) ps  polarity 0
net 26: (5 18)->(4 18) 0 2 0 0 #timing (664 664) ps polarity 1
net 26: (4 18)->(4 18) 1 0 0 0 #timing (742 742) ps polarity 0
net 26: (4 18)->(4 16) 1 1 0 1 #timing (991 943) ps  polarity 1
net 26: (4 16)->(5 17) 0 3 0 1 #timing (1070 1127) ps  polarity 0
net 27: (4 13)->(4 13) 0 0 0 0 #timing (680 680) ps polarity 1
net 27: (4 13)->(6 15) 1 3 0 0 #timing (838 812) ps polarity 0
net 27: (6 15)->(4 15) 1 2 0 1 #timing (1138 1080) ps  polarity 1
net 27: (4 15)->(4 14) 0 1 0 1 #timing (1211 1277) ps  polarity 0
net 28: (5 13)->(5 13) 0 0 0 0 #timing (762 762) ps polarity 1
net 28: (5 13)->(7 15) 1 3 0 0 #timing (904 879) ps polarity 0
net 28: (7 15)->(5 15) 1 2 0 1 #timing (1175 1119) ps  polarity 1
net 28: (5 15)->(5 14) 0 1 0 1 #timing (1234 1304) ps  polarity 0
net 29: (4 15)->(4 15) 0 0 0 0 #timing (726 726) ps polarity 1
net 29: (4 15)->(6 13) 1 3 0 0 #timing (908 870) ps polarity 0
net 29: (6 13)->(4 15) 1 3 0 1 #timing (1236 1145) ps  polarity 1
net 29: (4 15)->(4 15) 0 0 0 1 #timing (1332 1431) ps  polarity 0
net 29: (6 13)->(2 13) 4 2 0 0 #timing (1176 1211) ps polarity 0
net 29: (2 13)->(2 13) 5 0 1 0 #timing (1312 1364) ps polarity 1
net 29: (2 13)->(2 28) 13 1 1 0 #timing (2055 1870) ps polarity 0
net 29: (2 28)->(10 20) 5 3 0 1 #timing (2784 2563) ps  polarity 0
net 29: (10 20)->(8 22) 1 3 0 1 #timing (3041 2778) ps  polarity 0
net 29: (8 22)->(9 23) 0 3 0 1 #timing (2913 3194) ps  polarity 1
net 30: (5 15)->(5 15) 0 0 0 0 #timing (686 686) ps polarity 1
net 30: (5 15)->(7 13) 1 3 0 0 #timing (839 816) ps polarity 0
net 30: (7 13)->(5 15) 1 3 0 1 #timing (1144 1070) ps  polarity 1
net 30: (5 15)->(5 15) 0 0 0 1 #timing (1190 1296) ps  polarity 0
net 30: (7 13)->(7 17) 3 4 0 0 #timing (1156 1147) ps polarity 0
net 30: (7 17)->(3 17) 4 2 0 0 #timing (1428 1403) ps polarity 0
net 30: (3 17)->(3 17) 5 0 1 0 #timing (1566 1563) ps polarity 1
net 30: (3 17)->(11 25) 5 3 0 1 #timing (2155 2157) ps  polarity 1
net 30: (11 25)->(9 25) 1 2 0 1 #timing (2381 2354) ps  polarity 1
net 30: (9 25)->(9 24) 0 1 0 1 #timing (2502 2547) ps  polarity 0
net 31: (4 10)->(4 10) 0 0 0 0 #timing (649 649) ps polarity 1
net 31: (4 10)->(4 10) 1 0 0 0 #timing (720 725) ps polarity 0
net 31: (4 10)->(4 10) 1 0 1 1 #timing (923 894) ps  polarity 1
net 31: (4 10)->(4 10) 0 0 0 1 #timing (1021 1040) ps  polarity 0
net 32: (5 10)->(5 10) 0 0 0 0 #timing (637 637) ps polarity 1
net 32: (5 10)->(5 10) 1 0 0 0 #timing (709 715) ps polarity 0
net 32: (5 10)->(5 10) 1 0 1 1 #timing (912 886) ps  polarity 1
net 32: (5 10)->(5 10) 0 0 0 1 #timing (1034 1040) ps  polarity 0
net 33: (4 12)->(4 12) 0 0 0 0 #timing (704 704) ps polarity 1
net 33: (4 12)->(6 14) 1 3 0 0 #timing (853 829) ps polarity 0
net 33: (6 14)->(6 10) 3 1 0 1 #timing (1371 1240) ps  polarity 0
net 33: (6 10)->(4 10) 1 2 0 1 #timing (1553 1400) ps  polarity 1
net 33: (4 10)->(4 11) 0 1 0 1 #timing (1547 1717) ps  polarity 0
net 34: (5 12)->(5 12) 0 0 0 0 #timing (661 661) ps polarity 1
net 34: (5 12)->(7 14) 1 3 0 0 #timing (790 777) ps polarity 0
net 34: (7 14)->(7 10) 3 1 0 1 #timing (1320 1188) ps  polarity 0
net 34: (7 10)->(5 10) 1 2 0 1 #timing (1457 1322) ps  polarity 1
net 34: (5 10)->(5 11) 0 1 0 1 #timing (1431 1587) ps  polarity 0
net 35: (5 28)->(5 28) 0 0 0 0 #timing (637 637) ps polarity 1
net 35: (5 28)->(7 30) 1 3 0 0 #timing (765 751) ps polarity 0
net 35: (7 30)->(5 28) 1 3 0 1 #timing (1079 1018) ps  polarity 1
net 35: (5 28)->(5 28) 0 0 0 1 #timing (1124 1216) ps  polarity 0
net 35: (7 30)->(7 26) 3 1 0 0 #timing (1079 1075) ps polarity 0
net 35: (7 26)->(7 22) 3 4 0 1 #timing (1537 1435) ps  polarity 0
net 35: (7 22)->(7 20) 1 1 0 1 #timing (1696 1591) ps  polarity 1
net 35: (7 20)->(6 21) 0 3 0 1 #timing (1710 1825) ps  polarity 0
net 36: (4 25)->(4 25) 0 0 0 0 #timing (680 680) ps polarity 1
net 36: (4 25)->(4 27) 1 1 0 0 #timing (782 780) ps polarity 0
net 36: (4 27)->(4 27) 1 0 1 1 #timing (1006 981) ps  polarity 1
net 36: (4 27)->(4 26) 0 1 0 1 #timing (1109 1122) ps  polarity 0
net 36: (4 25)->(5 25) 0 2 0 0 #timing (688 688) ps polarity 1
net 36: (5 25)->(5 27) 1 1 0 0 #timing (798 785) ps polarity 0
net 36: (5 27)->(5 23) 3 4 0 0 #timing (1106 1090) ps polarity 0
net 36: (5 23)->(9 23) 4 5 0 0 #timing (1477 1407) ps polarity 0
net 36: (9 23)->(9 23) 1 0 1 1 #timing (1601 1645) ps  polarity 1
net 36: (9 23)->(8 23) 0 2 0 1 #timing (1741 1699) ps  polarity 0
net 37: (5 25)->(4 25) 0 2 0 0 #timing (712 712) ps polarity 1
net 37: (4 25)->(4 25) 1 0 0 0 #timing (792 795) ps polarity 0
net 37: (4 25)->(4 27) 1 1 0 1 #timing (1036 993) ps  polarity 1
net 37: (4 27)->(5 26) 0 3 0 1 #timing (1132 1181) ps  polarity 0
net 37: (4 25)->(4 21) 3 4 0 0 #timing (1085 1028) ps polarity 0
net 37: (4 21)->(8 21) 4 5 0 0 #timing (1469 1351) ps polarity 0
net 37: (8 21)->(8 23) 1 1 0 1 #timing (1593 1670) ps  polarity 1
net 37: (8 23)->(8 23) 0 0 0 1 #timing (1790 1727) ps  polarity 0
net 38: (4 27)->(4 27) 0 0 0 0 #timing (726 726) ps polarity 1
net 38: (4 27)->(6 25) 1 3 0 0 #timing (895 862) ps polarity 0
net 38: (6 25)->(4 27) 1 3 0 1 #timing (1229 1145) ps  polarity 1
net 38: (4 27)->(4 27) 0 0 0 1 #timing (1331 1422) ps  polarity 0
net 38: (6 25)->(6 21) 3 4 0 0 #timing (1193 1211) ps polarity 0
net 38: (6 21)->(6 21) 1 0 1 1 #timing (1411 1393) ps  polarity 1
net 38: (6 21)->(6 21) 0 0 0 1 #timing (1501 1516) ps  polarity 0
net 39: (5 27)->(5 26) 0 1 0 0 #timing (700 700) ps polarity 1
net 39: (5 26)->(5 26) 1 0 0 0 #timing (782 781) ps polarity 0
net 39: (5 26)->(5 26) 1 0 1 1 #timing (987 952) ps  polarity 1
net 39: (5 26)->(5 27) 0 1 0 1 #timing (1099 1113) ps  polarity 0
net 39: (5 27)->(4 26) 0 3 0 0 #timing (702 702) ps polarity 1
net 39: (4 26)->(4 26) 1 0 0 0 #timing (793 793) ps polarity 0
net 39: (4 26)->(4 22) 3 4 0 0 #timing (1074 1022) ps polarity 0
net 39: (4 22)->(6 20) 1 3 0 1 #timing (1368 1254) ps  polarity 1
net 39: (6 20)->(6 21) 0 1 0 1 #timing (1376 1523) ps  polarity 0
net 40: (4 22)->(4 22) 0 0 0 0 #timing (649 649) ps polarity 1
net 40: (4 22)->(6 20) 1 3 0 0 #timing (828 792) ps polarity 0
net 40: (6 20)->(6 20) 1 0 0 1 #timing (1070 1015) ps  polarity 1
net 40: (6 20)->(6 20) 0 0 0 1 #timing (1118 1173) ps  polarity 0
net 40: (6 20)->(4 22) 1 3 0 1 #timing (1161 1075) ps  polarity 1
net 40: (4 22)->(4 22) 0 0 0 1 #timing (1204 1323) ps  polarity 0
net 41: (5 22)->(5 22) 0 0 0 0 #timing (637 637) ps polarity 1
net 41: (5 22)->(5 22) 1 0 0 0 #timing (709 715) ps polarity 0
net 41: (5 22)->(5 22) 1 0 0 1 #timing (914 886) ps  polarity 1
net 41: (5 22)->(5 22) 0 0 0 1 #timing (1035 1042) ps  polarity 0
net 41: (5 22)->(7 20) 1 3 0 1 #timing (1018 954) ps  polarity 1
net 41: (7 20)->(6 20) 0 2 0 1 #timing (1103 1182) ps  polarity 0
net 42: (4 24)->(5 24) 0 2 0 0 #timing (704 704) ps polarity 1
net 42: (5 24)->(5 26) 1 1 0 0 #timing (825 816) ps polarity 0
net 42: (5 26)->(5 22) 3 4 0 0 #timing (1127 1104) ps polarity 0
net 42: (5 22)->(5 22) 1 0 1 1 #timing (1337 1282) ps  polarity 1
net 42: (5 22)->(4 23) 0 3 0 1 #timing (1447 1472) ps  polarity 0
net 42: (5 22)->(9 22) 4 5 0 0 #timing (1493 1426) ps polarity 0
net 42: (9 22)->(9 22) 1 0 1 1 #timing (1620 1661) ps  polarity 1
net 42: (9 22)->(8 23) 0 3 0 1 #timing (1773 1727) ps  polarity 0
net 43: (5 24)->(5 24) 0 0 0 0 #timing (661 661) ps polarity 1
net 43: (5 24)->(5 24) 1 0 0 0 #timing (733 739) ps polarity 0
net 43: (5 24)->(5 20) 3 4 0 1 #timing (1240 1105) ps  polarity 0
net 43: (5 20)->(5 22) 1 1 0 1 #timing (1393 1245) ps  polarity 1
net 43: (5 22)->(5 23) 0 1 0 1 #timing (1404 1548) ps  polarity 0
net 43: (5 24)->(9 24) 4 5 0 0 #timing (1125 1051) ps polarity 0
net 43: (9 24)->(9 24) 1 0 1 1 #timing (1245 1295) ps  polarity 1
net 43: (9 24)->(9 24) 0 0 0 1 #timing (1384 1337) ps  polarity 0
net 46: (8 20)->(9 21) 0 3 0 0 #timing (229 229) ps polarity 1
net 46: (9 21)->(9 21) 1 0 0 0 #timing (336 334) ps polarity 0
net 46: (9 21)->(9 21) 1 0 1 1 #timing (541 505) ps  polarity 1
net 46: (9 21)->(8 21) 0 2 0 1 #timing (586 629) ps  polarity 0
net 47: (7 19)->(7 18) 0 1 0 0 #timing (360 360) ps polarity 0
net 47: (7 18)->(5 16) 1 3 0 0 #timing (546 516) ps polarity 1
net 47: (5 16)->(7 18) 1 3 0 1 #timing (840 767) ps  polarity 0
net 47: (7 18)->(7 19) 0 1 0 1 #timing (948 1017) ps  polarity 1
net 48: (8 20)->(8 20) 0 0 0 0 #timing (177 177) ps polarity 1
net 48: (8 20)->(8 20) 1 0 0 0 #timing (259 261) ps polarity 0
net 48: (8 20)->(8 20) 1 0 1 1 #timing (465 432) ps  polarity 1
net 48: (8 20)->(9 21) 0 3 0 1 #timing (546 573) ps  polarity 0
net 49: (9 20)->(8 21) 0 3 0 0 #timing (239 239) ps polarity 1
net 49: (8 21)->(8 21) 1 0 0 0 #timing (326 326) ps polarity 0
net 49: (8 21)->(8 21) 1 0 1 1 #timing (531 497) ps  polarity 1
net 49: (8 21)->(9 21) 0 2 0 1 #timing (611 640) ps  polarity 0
net 50: (8 23)->(8 22) 0 1 0 0 #timing (200 200) ps polarity 1
net 50: (8 22)->(10 22) 1 2 0 0 #timing (323 312) ps polarity 0
net 50: (10 22)->(10 18) 3 1 0 0 #timing (599 575) ps polarity 0
net 50: (10 18)->(6 18) 4 5 0 0 #timing (935 861) ps polarity 0
net 50: (6 18)->(6 18) 1 0 1 1 #timing (1060 1110) ps  polarity 1
net 50: (6 18)->(7 19) 0 3 0 1 #timing (1242 1177) ps  polarity 0
net 51: (4 11)->(5 10) 0 3 0 0 #timing (182 182) ps polarity 1
net 51: (5 10)->(5 8) 1 1 0 0 #timing (312 297) ps polarity 0
net 51: (5 8)->(5 4) 3 4 0 0 #timing (594 565) ps polarity 0
net 51: (5 4)->(5 4) 5 0 0 0 #timing (721 707) ps polarity 1
net 51: (5 4)->(5 21) 13 1 1 0 #timing (1393 1275) ps polarity 0
net 51: (5 21)->(5 21) 5 0 1 1 #timing (1622 1519) ps  polarity 0
net 51: (5 21)->(7 21) 1 2 0 1 #timing (1809 1689) ps  polarity 0
net 51: (7 21)->(6 21) 0 2 0 1 #timing (1823 1947) ps  polarity 1
net 52: (8 26)->(8 27) 0 1 0 0 #timing (189 189) ps polarity 1
net 52: (8 27)->(8 27) 1 0 0 0 #timing (279 276) ps polarity 0
net 52: (8 27)->(8 31) 3 1 0 0 #timing (594 530) ps polarity 0
net 52: (8 31)->(8 31) 5 0 0 0 #timing (718 668) ps polarity 1
net 52: (8 31)->(25 31) 13 2 1 0 #timing (1294 1230) ps polarity 0
net 52: (25 31)->(25 31) 5 0 0 1 #timing (1533 1482) ps  polarity 0
net 52: (25 31)->(25 31) 1 0 1 1 #timing (1676 1624) ps  polarity 0
net 52: (25 31)->(24 31) 0 2 0 1 #timing (1706 1764) ps  polarity 1
net 53: (9 23)->(9 23) 0 0 0 0 #timing (216 216) ps polarity 1
net 53: (9 23)->(9 23) 1 0 0 0 #timing (302 302) ps polarity 0
net 53: (9 23)->(5 23) 4 5 0 1 #timing (742 651) ps  polarity 0
net 53: (5 23)->(7 21) 1 3 0 1 #timing (1052 894) ps  polarity 1
net 53: (7 21)->(7 21) 0 0 0 1 #timing (1035 1203) ps  polarity 0
net 54: (6 19)->(6 19) 0 0 0 0 #timing (210 210) ps polarity 0
net 54: (6 19)->(6 17) 1 1 0 0 #timing (328 320) ps polarity 1
net 54: (6 17)->(6 21) 3 1 0 1 #timing (745 650) ps  polarity 1
net 54: (6 21)->(6 21) 1 0 0 1 #timing (850 758) ps  polarity 0
net 54: (6 21)->(7 21) 0 2 0 1 #timing (873 960) ps  polarity 1
net 55: (6 21)->(7 20) 0 3 0 0 #timing (227 227) ps polarity 0
net 55: (7 20)->(7 20) 1 0 0 0 #timing (321 321) ps polarity 1
net 55: (7 20)->(7 20) 1 0 1 1 #timing (528 494) ps  polarity 0
net 55: (7 20)->(7 21) 0 1 0 1 #timing (605 634) ps  polarity 1
net 56: (7 20)->(7 20) 0 0 0 0 #timing (210 210) ps polarity 1
net 56: (7 20)->(7 22) 1 1 0 0 #timing (329 318) ps polarity 0
net 56: (7 22)->(7 22) 5 0 0 0 #timing (433 483) ps polarity 1
net 56: (7 22)->(7 30) 5 1 0 1 #timing (791 848) ps  polarity 0
net 56: (7 30)->(7 30) 1 0 1 1 #timing (1079 978) ps  polarity 1
net 56: (7 30)->(6 31) 0 3 0 1 #timing (1077 1178) ps  polarity 0
net 57: (9 23)->(9 22) 0 1 0 0 #timing (222 222) ps polarity 1
net 57: (9 22)->(11 22) 1 2 0 0 #timing (371 350) ps polarity 0
net 57: (11 22)->(9 22) 1 2 0 1 #timing (687 618) ps  polarity 1
net 57: (9 22)->(8 22) 0 2 0 1 #timing (768 856) ps  polarity 0
net 58: (9 26)->(9 27) 0 1 0 0 #timing (227 227) ps polarity 1
net 58: (9 27)->(11 25) 1 3 0 0 #timing (435 396) ps polarity 0
net 58: (11 25)->(9 27) 1 3 0 1 #timing (783 680) ps  polarity 1
net 58: (9 27)->(8 27) 0 2 0 1 #timing (851 985) ps  polarity 0
net 58: (11 25)->(11 21) 3 4 0 0 #timing (687 719) ps polarity 0
net 58: (11 21)->(9 21) 1 2 0 1 #timing (971 943) ps  polarity 1
net 58: (9 21)->(9 21) 0 0 0 1 #timing (1067 1125) ps  polarity 0
net 59: (8 23)->(8 23) 0 0 0 0 #timing (198 198) ps polarity 1
net 59: (8 23)->(8 21) 1 1 0 0 #timing (331 314) ps polarity 0
net 59: (8 21)->(8 25) 3 4 0 1 #timing (779 659) ps  polarity 0
net 59: (8 25)->(8 25) 1 0 0 1 #timing (879 764) ps  polarity 1
net 59: (8 25)->(9 25) 0 2 0 1 #timing (881 991) ps  polarity 0
net 103: (7 21)->(7 21) 0 0 0 0 #timing (149 149) ps polarity 0
net 103: (7 21)->(5 21) 1 2 0 0 #timing (258 252) ps polarity 1
net 103: (5 21)->(5 17) 3 1 0 0 #timing (512 497) ps polarity 1
net 103: (5 17)->(5 13) 3 4 0 1 #timing (943 826) ps  polarity 1
net 103: (5 13)->(5 13) 1 0 0 1 #timing (1037 927) ps  polarity 0
net 103: (5 13)->(4 12) 0 3 0 1 #timing (1070 1159) ps  polarity 1
net 104: (9 20)->(9 20) 0 0 0 0 #timing (209 210) ps polarity 1
net 104: (9 20)->(11 22) 1 3 0 0 #timing (388 354) ps polarity 0
net 104: (11 22)->(11 18) 3 1 0 1 #timing (892 740) ps  polarity 0
net 104: (11 18)->(9 18) 1 2 0 1 #timing (1066 892) ps  polarity 1
net 104: (9 18)->(8 19) 0 3 0 1 #timing (1049 1230) ps  polarity 0
net 104: (11 22)->(11 22) 5 0 0 0 #timing (494 589) ps polarity 1
net 104: (11 22)->(26 22) 13 2 1 0 #timing (1240 1022) ps polarity 0
net 104: (26 22)->(26 30) 5 1 0 1 #timing (1690 1456) ps  polarity 1
net 104: (26 30)->(24 30) 1 2 0 1 #timing (1674 1867) ps  polarity 0
net 104: (24 30)->(24 31) 0 1 0 1 #timing (1989 1793) ps  polarity 1
net 132: (5 14)->(4 14) 0 2 0 0 #timing (174 174) ps polarity 1
net 132: (4 14)->(4 12) 1 1 0 0 #timing (312 293) ps polarity 0
net 132: (4 12)->(4 16) 3 4 0 0 #timing (617 580) ps polarity 0
net 132: (4 16)->(4 20) 3 1 0 1 #timing (1061 913) ps  polarity 0
net 132: (4 20)->(6 20) 1 2 0 1 #timing (1201 1044) ps  polarity 1
net 132: (6 20)->(7 21) 0 3 0 1 #timing (1181 1359) ps  polarity 0
