Timing Summary
==============

   PLACER-ESTIMATED-TIMING TSMC 40nm ULP tt1p1v25c_Typical

            Group  No. Clocks  No. Clock Pairs  WNS(ps)   TNS(ps)  TNS Endpoints  WHS(ps)  THS(ps)  THS Endpoints
      -----------  ----------  ---------------  -------   -------  -------------  -------  -------  -------------
   <UDEF_sys_clk>           1                1   -11530  -2812990            414     1943        0              0




Clocks
======

            Clock    Clock net           Group  Constrained Period(ps)      Waveform(ps)   Achievable Period(ps)  Achievable Frequency(MHz)
   --------------  -----------     -----------  ----------------------  -----------------  ---------------------  -------------------------
          sys_clk      sys_clk  <UDEF_sys_clk>           (auto) 2000            (0,1000)                  13529                     73.915 




Clock Relationships
===================

       From Clock        To Clock               Group    Endpoints     WNS(ps)    TNS(ps)  TNS Endpoints     WHS(ps)    THS(ps)  THS Endpoints
   --------------  --------------  ------------------  -----------  ----------  ---------  -------------  ----------  ---------  -------------
          sys_clk         sys_clk      <UDEF_sys_clk>          414      -11530   -2812990            414        1943          0              0




Timing Details for Clock Pair sys_clk and sys_clk
=================================================

       From Clock        To Clock               Group    Endpoints     WNS(ps)    TNS(ps)  TNS Endpoints     WHS(ps)    THS(ps)  THS Endpoints
   --------------  --------------  ------------------  -----------  ----------  ---------  -------------  ----------  ---------  -------------
          sys_clk         sys_clk      <UDEF_sys_clk>          414      -11530   -2812990            414        1943          0              0

Path 3:
   Slack (not met):                        -11530ps
     Path type:                               SETUP
     Group:                          <UDEF_sys_clk>
     Launching clock:                       sys_clk (rising edge)
     Capturing clock:                       sys_clk (rising edge)

     Requested period:                       2000ps
   + Delay of the capturing clock:            970ps
   - Clock uncertainty:                       150ps
   = Required time:                          2820ps
   - Propagation time:                      13319ps (46.3% logic, 53.7% route, logic stage 7)
   - Delay of the launching clock:           1031ps
   = Slack:                                -11530ps

   Instance/Pin or Net Name                                    Type         ID     Location or Fanout   Delay(ps)  Edge  Arrival Time(ps)    Instance detail                                                                                                                                                                                                                                                                               
   ------------------------------------------------------------------------------------------------------------------------------------------------------------------------------------------------------------------------------------------------------------------------------------------------------------------------------------------------------------------------------------------------------------------------------------------
   sys_clk                                                     CLOCK-PORT    -                      -     launch     r               0                                                                                                                                                                                                                                                                                                     
   sys_clk                                                     Clock net    37          (fanout=1775)       1031                     -                                                                                                                                                                                                                                                                                                     
   RBB_33/CLK                                                  RBB_6L       33  [TILE 0 0, RBB 22 16]          -     r            1031                                                                                                                                                                                                                                                                                                     
   ------------------------------------------------------------------------------------------------------------------------------------------------------------------------------------------------------------------------------------------------------------------------------------------------------------------------------------------------------------------------------------------------------------------------------------------
   RBB_33/BQ                                                   RBB_6L       33  [TILE 0 0, RBB 22 16]        800     r            1831     {inst304: $auto$ff.cc:266:slice$4336 (FDE,site=bff)}                                                                                                                                                                                                                                            
   u_ctrl.state[1]                                             Net         295            (fanout=10)       1075                     -                                                                                                                                                                                                                                                                                                     
   RBB_33/D4                                                   RBB_6L       33  [TILE 0 0, RBB 22 16]          -     r            2906                                                                                                                                                                                                                                                                                                     
   RBB_33/DMUX                                                 RBB_6L       33  [TILE 0 0, RBB 22 16]        863     r            3769     {inst146: $abc$13448$lut$not$aiger13447$21 (LUT,site=dluto)}                                                                                                                                                                                                                                    
   $abc$13448$aiger13447$21b                                   Net          67             (fanout=2)        824                     -                                                                                                                                                                                                                                                                                                     
   RBB_28/D2                                                   RBB_6L       28  [TILE 0 0, RBB 25 16]          -     r            4593                                                                                                                                                                                                                                                                                                     
   RBB_28/D                                                    RBB_6L       28  [TILE 0 0, RBB 25 16]        694     r            5287     {inst336: $techmap7325$auto$pmux2shiftx.cc:711:execute$2579.genblk1.genblk1[1].bitblast.genblk1.genblk1.genblk1.genblk1.genblk1.genblk1.genblk1.genblk1.genblk1[0].fpga_mux.genblk1.genblk1.genblk1.genblk1.genblk1.genblk1.genblk1.genblk1.fpga_hard_mux.genblk3.genblk1.mux8 (LUT,site=dlut)} 
   $abc$13448$lut$aiger13447$346.A[4]                          Net         275            (fanout=20)        956                     -                                                                                                                                                                                                                                                                                                     
   RBB_65/D3                                                   RBB_6L       65  [TILE 0 0, RBB 28 18]          -     r            6243                                                                                                                                                                                                                                                                                                     
   RBB_65/D                                                    RBB_6L       65  [TILE 0 0, RBB 28 18]        694     r            6937     {inst41: $abc$13448$lut$aiger13447$293 (LUT,site=dlut)}                                                                                                                                                                                                                                         
   $techmap13531$abc$13448$lut$aiger13447$302.A[1]             Net         114             (fanout=3)        641                     -                                                                                                                                                                                                                                                                                                     
   RBB_38/D5                                                   RBB_6L       38  [TILE 0 0, RBB 28 16]          -     r            7578                                                                                                                                                                                                                                                                                                     
   RBB_38/DMUX                                                 RBB_6L       38  [TILE 0 0, RBB 28 16]        882     r            8460     {inst44: $abc$13448$lut$aiger13447$302 (LUT,site=dluto)}                                                                                                                                                                                                                                        
   $techmap13532$abc$13448$lut$aiger13447$510.A[4]             Net         120             (fanout=8)       1483                     -                                                                                                                                                                                                                                                                                                     
   RBB_34/A5                                                   RBB_6L       34  [TILE 0 0, RBB 19 12]          -     r            9943                                                                                                                                                                                                                                                                                                     
   RBB_34/A                                                    RBB_6L       34  [TILE 0 0, RBB 19 12]        706     r           10649     {inst88: $abc$13448$lut$aiger13447$510 (LUT,site=alut)}                                                                                                                                                                                                                                         
   $techmap13533$auto$abc9_ops.cc:1550:reintegrate$13475.A[3]  Net         123             (fanout=3)        961                     -                                                                                                                                                                                                                                                                                                     
   RBB_34/B2                                                   RBB_6L       34  [TILE 0 0, RBB 19 12]          -     r           11610                                                                                                                                                                                                                                                                                                     
   RBB_34/B                                                    RBB_6L       34  [TILE 0 0, RBB 19 12]        707     r           12317     {inst118: $abc$13448$lut$auto$opt_dff.cc:219:make_patterns_logic$2475 (LUT,site=blut)}                                                                                                                                                                                                          
   $abc$13448$auto$opt_dff.cc:219:make_patterns_logic$2475     Net         111             (fanout=3)       1211                     -                                                                                                                                                                                                                                                                                                     
   RBB_31/A6                                                   RBB_6L       31   [TILE 0 0, RBB 25 8]          -     r           13528     {<CE>inst263: $auto$ff.cc:266:slice$4295 (FDE,site=bffo)}                                                                                                                                                                                                                                       
   ------------------------------------------------------------------------------------------------------------------------------------------------------------------------------------------------------------------------------------------------------------------------------------------------------------------------------------------------------------------------------------------------------------------------------------------
   RBB_31/CLK                                                  RBB_6L       31   [TILE 0 0, RBB 25 8]        822     r           14350                                                                                                                                                                                                                                                                                                     
   sys_clk                                                     Clock net    37          (fanout=1775)       -970                     -                                                                                                                                                                                                                                                                                                     
   sys_clk                                                     CLOCK-PORT    -                      -    capture     r           13380                                                                                                                                                                                                                                                                                                     
   ------------------------------------------------------------------------------------------------------------------------------------------------------------------------------------------------------------------------------------------------------------------------------------------------------------------------------------------------------------------------------------------------------------------------------------------


Path 4:
   Slack (not met):                        -11530ps
     Path type:                               SETUP
     Group:                          <UDEF_sys_clk>
     Launching clock:                       sys_clk (rising edge)
     Capturing clock:                       sys_clk (rising edge)

     Requested period:                       2000ps
   + Delay of the capturing clock:            970ps
   - Clock uncertainty:                       150ps
   = Required time:                          2820ps
   - Propagation time:                      13319ps (46.3% logic, 53.7% route, logic stage 7)
   - Delay of the launching clock:           1031ps
   = Slack:                                -11530ps

   Instance/Pin or Net Name                                    Type         ID     Location or Fanout   Delay(ps)  Edge  Arrival Time(ps)    Instance detail                                                                                                                                                                                                                                                                               
   ------------------------------------------------------------------------------------------------------------------------------------------------------------------------------------------------------------------------------------------------------------------------------------------------------------------------------------------------------------------------------------------------------------------------------------------
   sys_clk                                                     CLOCK-PORT    -                      -     launch     r               0                                                                                                                                                                                                                                                                                                     
   sys_clk                                                     Clock net    37          (fanout=1775)       1031                     -                                                                                                                                                                                                                                                                                                     
   RBB_33/CLK                                                  RBB_6L       33  [TILE 0 0, RBB 22 16]          -     r            1031                                                                                                                                                                                                                                                                                                     
   ------------------------------------------------------------------------------------------------------------------------------------------------------------------------------------------------------------------------------------------------------------------------------------------------------------------------------------------------------------------------------------------------------------------------------------------
   RBB_33/BQ                                                   RBB_6L       33  [TILE 0 0, RBB 22 16]        800     r            1831     {inst304: $auto$ff.cc:266:slice$4336 (FDE,site=bff)}                                                                                                                                                                                                                                            
   u_ctrl.state[1]                                             Net         295            (fanout=10)       1075                     -                                                                                                                                                                                                                                                                                                     
   RBB_33/D4                                                   RBB_6L       33  [TILE 0 0, RBB 22 16]          -     r            2906                                                                                                                                                                                                                                                                                                     
   RBB_33/DMUX                                                 RBB_6L       33  [TILE 0 0, RBB 22 16]        863     r            3769     {inst146: $abc$13448$lut$not$aiger13447$21 (LUT,site=dluto)}                                                                                                                                                                                                                                    
   $abc$13448$aiger13447$21b                                   Net          67             (fanout=2)        824                     -                                                                                                                                                                                                                                                                                                     
   RBB_28/D2                                                   RBB_6L       28  [TILE 0 0, RBB 25 16]          -     r            4593                                                                                                                                                                                                                                                                                                     
   RBB_28/D                                                    RBB_6L       28  [TILE 0 0, RBB 25 16]        694     r            5287     {inst336: $techmap7325$auto$pmux2shiftx.cc:711:execute$2579.genblk1.genblk1[1].bitblast.genblk1.genblk1.genblk1.genblk1.genblk1.genblk1.genblk1.genblk1.genblk1[0].fpga_mux.genblk1.genblk1.genblk1.genblk1.genblk1.genblk1.genblk1.genblk1.fpga_hard_mux.genblk3.genblk1.mux8 (LUT,site=dlut)} 
   $abc$13448$lut$aiger13447$346.A[4]                          Net         275            (fanout=20)        956                     -                                                                                                                                                                                                                                                                                                     
   RBB_65/D3                                                   RBB_6L       65  [TILE 0 0, RBB 28 18]          -     r            6243                                                                                                                                                                                                                                                                                                     
   RBB_65/D                                                    RBB_6L       65  [TILE 0 0, RBB 28 18]        694     r            6937     {inst41: $abc$13448$lut$aiger13447$293 (LUT,site=dlut)}                                                                                                                                                                                                                                         
   $techmap13531$abc$13448$lut$aiger13447$302.A[1]             Net         114             (fanout=3)        641                     -                                                                                                                                                                                                                                                                                                     
   RBB_38/D5                                                   RBB_6L       38  [TILE 0 0, RBB 28 16]          -     r            7578                                                                                                                                                                                                                                                                                                     
   RBB_38/DMUX                                                 RBB_6L       38  [TILE 0 0, RBB 28 16]        882     r            8460     {inst44: $abc$13448$lut$aiger13447$302 (LUT,site=dluto)}                                                                                                                                                                                                                                        
   $techmap13532$abc$13448$lut$aiger13447$510.A[4]             Net         120             (fanout=8)       1483                     -                                                                                                                                                                                                                                                                                                     
   RBB_34/A5                                                   RBB_6L       34  [TILE 0 0, RBB 19 12]          -     r            9943                                                                                                                                                                                                                                                                                                     
   RBB_34/A                                                    RBB_6L       34  [TILE 0 0, RBB 19 12]        706     r           10649     {inst88: $abc$13448$lut$aiger13447$510 (LUT,site=alut)}                                                                                                                                                                                                                                         
   $techmap13533$auto$abc9_ops.cc:1550:reintegrate$13475.A[3]  Net         123             (fanout=3)        961                     -                                                                                                                                                                                                                                                                                                     
   RBB_34/B2                                                   RBB_6L       34  [TILE 0 0, RBB 19 12]          -     r           11610                                                                                                                                                                                                                                                                                                     
   RBB_34/B                                                    RBB_6L       34  [TILE 0 0, RBB 19 12]        707     r           12317     {inst118: $abc$13448$lut$auto$opt_dff.cc:219:make_patterns_logic$2475 (LUT,site=blut)}                                                                                                                                                                                                          
   $abc$13448$auto$opt_dff.cc:219:make_patterns_logic$2475     Net         111             (fanout=3)       1211                     -                                                                                                                                                                                                                                                                                                     
   RBB_31/A6                                                   RBB_6L       31   [TILE 0 0, RBB 25 8]          -     r           13528     {<CE>inst264: $auto$ff.cc:266:slice$4296 (FDE,site=dff)}                                                                                                                                                                                                                                        
   ------------------------------------------------------------------------------------------------------------------------------------------------------------------------------------------------------------------------------------------------------------------------------------------------------------------------------------------------------------------------------------------------------------------------------------------
   RBB_31/CLK                                                  RBB_6L       31   [TILE 0 0, RBB 25 8]        822     r           14350                                                                                                                                                                                                                                                                                                     
   sys_clk                                                     Clock net    37          (fanout=1775)       -970                     -                                                                                                                                                                                                                                                                                                     
   sys_clk                                                     CLOCK-PORT    -                      -    capture     r           13380                                                                                                                                                                                                                                                                                                     
   ------------------------------------------------------------------------------------------------------------------------------------------------------------------------------------------------------------------------------------------------------------------------------------------------------------------------------------------------------------------------------------------------------------------------------------------


Path 5:
   Slack (not met):                        -11530ps
     Path type:                               SETUP
     Group:                          <UDEF_sys_clk>
     Launching clock:                       sys_clk (rising edge)
     Capturing clock:                       sys_clk (rising edge)

     Requested period:                       2000ps
   + Delay of the capturing clock:            970ps
   - Clock uncertainty:                       150ps
   = Required time:                          2820ps
   - Propagation time:                      13319ps (46.3% logic, 53.7% route, logic stage 7)
   - Delay of the launching clock:           1031ps
   = Slack:                                -11530ps

   Instance/Pin or Net Name                                    Type         ID     Location or Fanout   Delay(ps)  Edge  Arrival Time(ps)    Instance detail                                                                                                                                                                                                                                                                               
   ------------------------------------------------------------------------------------------------------------------------------------------------------------------------------------------------------------------------------------------------------------------------------------------------------------------------------------------------------------------------------------------------------------------------------------------
   sys_clk                                                     CLOCK-PORT    -                      -     launch     r               0                                                                                                                                                                                                                                                                                                     
   sys_clk                                                     Clock net    37          (fanout=1775)       1031                     -                                                                                                                                                                                                                                                                                                     
   RBB_33/CLK                                                  RBB_6L       33  [TILE 0 0, RBB 22 16]          -     r            1031                                                                                                                                                                                                                                                                                                     
   ------------------------------------------------------------------------------------------------------------------------------------------------------------------------------------------------------------------------------------------------------------------------------------------------------------------------------------------------------------------------------------------------------------------------------------------
   RBB_33/BQ                                                   RBB_6L       33  [TILE 0 0, RBB 22 16]        800     r            1831     {inst304: $auto$ff.cc:266:slice$4336 (FDE,site=bff)}                                                                                                                                                                                                                                            
   u_ctrl.state[1]                                             Net         295            (fanout=10)       1075                     -                                                                                                                                                                                                                                                                                                     
   RBB_33/D4                                                   RBB_6L       33  [TILE 0 0, RBB 22 16]          -     r            2906                                                                                                                                                                                                                                                                                                     
   RBB_33/DMUX                                                 RBB_6L       33  [TILE 0 0, RBB 22 16]        863     r            3769     {inst146: $abc$13448$lut$not$aiger13447$21 (LUT,site=dluto)}                                                                                                                                                                                                                                    
   $abc$13448$aiger13447$21b                                   Net          67             (fanout=2)        824                     -                                                                                                                                                                                                                                                                                                     
   RBB_28/D2                                                   RBB_6L       28  [TILE 0 0, RBB 25 16]          -     r            4593                                                                                                                                                                                                                                                                                                     
   RBB_28/D                                                    RBB_6L       28  [TILE 0 0, RBB 25 16]        694     r            5287     {inst336: $techmap7325$auto$pmux2shiftx.cc:711:execute$2579.genblk1.genblk1[1].bitblast.genblk1.genblk1.genblk1.genblk1.genblk1.genblk1.genblk1.genblk1.genblk1[0].fpga_mux.genblk1.genblk1.genblk1.genblk1.genblk1.genblk1.genblk1.genblk1.fpga_hard_mux.genblk3.genblk1.mux8 (LUT,site=dlut)} 
   $abc$13448$lut$aiger13447$346.A[4]                          Net         275            (fanout=20)        956                     -                                                                                                                                                                                                                                                                                                     
   RBB_65/D3                                                   RBB_6L       65  [TILE 0 0, RBB 28 18]          -     r            6243                                                                                                                                                                                                                                                                                                     
   RBB_65/D                                                    RBB_6L       65  [TILE 0 0, RBB 28 18]        694     r            6937     {inst41: $abc$13448$lut$aiger13447$293 (LUT,site=dlut)}                                                                                                                                                                                                                                         
   $techmap13531$abc$13448$lut$aiger13447$302.A[1]             Net         114             (fanout=3)        641                     -                                                                                                                                                                                                                                                                                                     
   RBB_38/D5                                                   RBB_6L       38  [TILE 0 0, RBB 28 16]          -     r            7578                                                                                                                                                                                                                                                                                                     
   RBB_38/DMUX                                                 RBB_6L       38  [TILE 0 0, RBB 28 16]        882     r            8460     {inst44: $abc$13448$lut$aiger13447$302 (LUT,site=dluto)}                                                                                                                                                                                                                                        
   $techmap13532$abc$13448$lut$aiger13447$510.A[4]             Net         120             (fanout=8)       1483                     -                                                                                                                                                                                                                                                                                                     
   RBB_34/A5                                                   RBB_6L       34  [TILE 0 0, RBB 19 12]          -     r            9943                                                                                                                                                                                                                                                                                                     
   RBB_34/A                                                    RBB_6L       34  [TILE 0 0, RBB 19 12]        706     r           10649     {inst88: $abc$13448$lut$aiger13447$510 (LUT,site=alut)}                                                                                                                                                                                                                                         
   $techmap13533$auto$abc9_ops.cc:1550:reintegrate$13475.A[3]  Net         123             (fanout=3)        961                     -                                                                                                                                                                                                                                                                                                     
   RBB_34/B2                                                   RBB_6L       34  [TILE 0 0, RBB 19 12]          -     r           11610                                                                                                                                                                                                                                                                                                     
   RBB_34/B                                                    RBB_6L       34  [TILE 0 0, RBB 19 12]        707     r           12317     {inst118: $abc$13448$lut$auto$opt_dff.cc:219:make_patterns_logic$2475 (LUT,site=blut)}                                                                                                                                                                                                          
   $abc$13448$auto$opt_dff.cc:219:make_patterns_logic$2475     Net         111             (fanout=3)       1211                     -                                                                                                                                                                                                                                                                                                     
   RBB_31/A6                                                   RBB_6L       31   [TILE 0 0, RBB 25 8]          -     r           13528     {<CE>inst266: $auto$ff.cc:266:slice$4298 (FDE,site=aff)}                                                                                                                                                                                                                                        
   ------------------------------------------------------------------------------------------------------------------------------------------------------------------------------------------------------------------------------------------------------------------------------------------------------------------------------------------------------------------------------------------------------------------------------------------
   RBB_31/CLK                                                  RBB_6L       31   [TILE 0 0, RBB 25 8]        822     r           14350                                                                                                                                                                                                                                                                                                     
   sys_clk                                                     Clock net    37          (fanout=1775)       -970                     -                                                                                                                                                                                                                                                                                                     
   sys_clk                                                     CLOCK-PORT    -                      -    capture     r           13380                                                                                                                                                                                                                                                                                                     
   ------------------------------------------------------------------------------------------------------------------------------------------------------------------------------------------------------------------------------------------------------------------------------------------------------------------------------------------------------------------------------------------------------------------------------------------


Path 6:
   Slack (met):                              1943ps
     Path type:                                HOLD
     Group:                          <UDEF_sys_clk>
     Launching clock:                       sys_clk (rising edge)
     Capturing clock:                       sys_clk (rising edge)

   + Delay of the launching clock:            970ps
   + Propagation time:                       2101ps (59.6% logic, 40.4% route, logic stage 1)
   - Delay of the capturing clock:            978ps
   - Clock uncertainty:                       150ps
   - Requested period:                          0ps
   = Slack:                                  1943ps

   Instance/Pin or Net Name   Type         ID     Location or Fanout   Delay(ps)  Edge  Arrival Time(ps)    Instance detail                                     
   ---------------------------------------------------------------------------------------------------------------------------------------------------------------
   sys_clk                    CLOCK-PORT    -                      -     launch     r               0                                                           
   sys_clk                    Clock net    37          (fanout=1775)        970                     -                                                           
   RBB_31/CLK                 RBB_6L       31   [TILE 0 0, RBB 25 8]          -     r             970                                                           
   ---------------------------------------------------------------------------------------------------------------------------------------------------------------
   RBB_31/CMUX                RBB_6L       31   [TILE 0 0, RBB 25 8]        800     r            1770     {inst265: $auto$ff.cc:266:slice$4297 (FDE,site=cffo)} 
   u_ctrl.tx_data[4]          Net         305             (fanout=1)        848                     -                                                           
   RBB_76/C6                  RBB_6L       76  [TILE 0 0, RBB 25 14]          -     r            2618     {inst257: $auto$ff.cc:266:slice$4289 (FDE,site=cff)}  
   ---------------------------------------------------------------------------------------------------------------------------------------------------------------
   RBB_76/CLK                 RBB_6L       76  [TILE 0 0, RBB 25 14]        453     r            3071                                                           
   sys_clk                    Clock net    37          (fanout=1775)       -978                     -                                                           
   sys_clk                    CLOCK-PORT    -                      -    capture     r            2093                                                           
   ---------------------------------------------------------------------------------------------------------------------------------------------------------------


Path 7:
   Slack (met):                              2015ps
     Path type:                                HOLD
     Group:                          <UDEF_sys_clk>
     Launching clock:                       sys_clk (rising edge)
     Capturing clock:                       sys_clk (rising edge)

   + Delay of the launching clock:            991ps
   + Propagation time:                       2205ps (78.9% logic, 21.1% route, logic stage 1)
   - Delay of the capturing clock:           1031ps
   - Clock uncertainty:                       150ps
   - Requested period:                          0ps
   = Slack:                                  2015ps

   Instance/Pin or Net Name   Type         ID     Location or Fanout   Delay(ps)  Edge  Arrival Time(ps)    Instance detail                                                                                                        
   ----------------------------------------------------------------------------------------------------------------------------------------------------------------------------------------------------------------------------------
   sys_clk                    CLOCK-PORT    -                      -     launch     r               0                                                                                                                              
   sys_clk                    Clock net    37          (fanout=1775)        991                     -                                                                                                                              
   RBB_33/CLK                 RBB_6L       33  [TILE 0 0, RBB 22 16]          -     r             991                                                                                                                              
   ----------------------------------------------------------------------------------------------------------------------------------------------------------------------------------------------------------------------------------
   RBB_33/CMUX                RBB_6L       33  [TILE 0 0, RBB 22 16]        800     r            1791     {inst308: $auto$ff.cc:266:slice$4340 (FDE,site=cffo)}                                                                    
   u_ctrl.state[5]            Net         293            (fanout=21)        465                     -                                                                                                                              
   RBB_33/A1                  RBB_6L       33  [TILE 0 0, RBB 22 16]          -     r            2256     {inst193: $auto$abc9_ops.cc:1550:reintegrate$13469 (LUT,site=alut)} {inst306: $auto$ff.cc:266:slice$4338 (FDE,site=aff)} 
   ----------------------------------------------------------------------------------------------------------------------------------------------------------------------------------------------------------------------------------
   RBB_33/CLK                 RBB_6L       33  [TILE 0 0, RBB 22 16]        940     r            3196                                                                                                                              
   sys_clk                    Clock net    37          (fanout=1775)      -1031                     -                                                                                                                              
   sys_clk                    CLOCK-PORT    -                      -    capture     r            2165                                                                                                                              
   ----------------------------------------------------------------------------------------------------------------------------------------------------------------------------------------------------------------------------------


Path 8:
   Slack (met):                              2317ps
     Path type:                                HOLD
     Group:                          <UDEF_sys_clk>
     Launching clock:                       sys_clk (rising edge)
     Capturing clock:                       sys_clk (rising edge)

   + Delay of the launching clock:            970ps
   + Propagation time:                       2449ps (55.5% logic, 44.5% route, logic stage 1)
   - Delay of the capturing clock:            952ps
   - Clock uncertainty:                       150ps
   - Requested period:                          0ps
   = Slack:                                  2317ps

   Instance/Pin or Net Name   Type         ID     Location or Fanout   Delay(ps)  Edge  Arrival Time(ps)    Instance detail                                    
   --------------------------------------------------------------------------------------------------------------------------------------------------------------
   sys_clk                    CLOCK-PORT    -                      -     launch     r               0                                                          
   sys_clk                    Clock net    37          (fanout=1775)        970                     -                                                          
   RBB_31/CLK                 RBB_6L       31   [TILE 0 0, RBB 25 8]          -     r             970                                                          
   --------------------------------------------------------------------------------------------------------------------------------------------------------------
   RBB_31/CQ                  RBB_6L       31   [TILE 0 0, RBB 25 8]        800     r            1770     {inst261: $auto$ff.cc:266:slice$4293 (FDE,site=cff)} 
   u_ctrl.tx_data[0]          Net         301             (fanout=1)       1089                     -                                                          
   RBB_26/D6                  RBB_6L       26  [TILE 0 0, RBB 25 10]          -     r            2859     {inst253: $auto$ff.cc:266:slice$4285 (FDE,site=dff)} 
   --------------------------------------------------------------------------------------------------------------------------------------------------------------
   RBB_26/CLK                 RBB_6L       26  [TILE 0 0, RBB 25 10]        560     r            3419                                                          
   sys_clk                    Clock net    37          (fanout=1775)       -952                     -                                                          
   sys_clk                    CLOCK-PORT    -                      -    capture     r            2467                                                          
   --------------------------------------------------------------------------------------------------------------------------------------------------------------













