Timing Summary
==============

   POST-ROUTE

            Group  No. Clocks  No. Clock Pairs  WNS(ps)   TNS(ps)  TNS Endpoints      
      -----------  ----------  ---------------  -------   -------  -------------      
   <UDEF_sys_clk>           1                1   -10501  -2551332            471      




Clocks
======

            Clock    Clock net           Group  Constrained Period(ps)      Waveform(ps)   Achievable Period(ps)  Achievable Frequency(MHz)
   --------------  -----------     -----------  ----------------------  -----------------  ---------------------  -------------------------
          sys_clk      sys_clk  <UDEF_sys_clk>           (auto) 2000            (0,1000)                  12500                     80.000 




Clock Relationships
===================

       From Clock        To Clock               Group    Endpoints     WNS(ps)    TNS(ps)  TNS Endpoints
   --------------  --------------  ------------------  -----------  ----------  ---------  -------------
          sys_clk         sys_clk      <UDEF_sys_clk>          471      -10501   -2551332            471




Timing Details for Clock Pair sys_clk and sys_clk
=================================================

       From Clock        To Clock               Group    Endpoints     WNS(ps)    TNS(ps)  TNS Endpoints
   --------------  --------------  ------------------  -----------  ----------  ---------  -------------
          sys_clk         sys_clk      <UDEF_sys_clk>          471      -10501   -2551332            471

Path 9:
   Slack (not met):                        -10501ps
     Path type:                               SETUP
     Group:                          <UDEF_sys_clk>
     Launching clock:                       sys_clk (rising edge)
     Capturing clock:                       sys_clk (rising edge)

     Requested period:                       2000ps
   + Delay of the capturing clock:           2294ps
   - Clock uncertainty:                       150ps
   = Required time:                          4144ps
   - Propagation time:                      12290ps (47.6% logic, 52.4% route, logic stage 5)
   - Delay of the launching clock:           2355ps
   = Slack:                                -10501ps

   Instance/Pin or Net Name                                           Type         ID     Location or Fanout   Delay(ps)  Edge  Arrival Time(ps)    Instance detail                                                                           
   ---------------------------------------------------------------------------------------------------------------------------------------------------------------------------------------------------------------------------------------------
   sys_clk                                                            CLOCK-PORT    -                      -     launch     r               0                                                                                                 
   sys_clk                                                            Clock net    31          (fanout=1271)       2355                     -                                                                                                 
   RBB_56/CLK                                                         RBB_6L       56  [TILE 0 0, RBB 10 24]          -     r            2355                                                                                                 
   ---------------------------------------------------------------------------------------------------------------------------------------------------------------------------------------------------------------------------------------------
   RBB_56/CQ                                                          RBB_6L       56  [TILE 0 0, RBB 10 24]        800     r            3155     {inst320: $auto$ff.cc:266:slice$4993 (FDRE,site=cff)}                                       
   u_ctrl.timer[18]                                                   Net         420             (fanout=3)       1418                     -                                                                                                 
   RBB_56/A2                                                          RBB_6L       56  [TILE 0 0, RBB 10 24]          -     r            4573                                                                                                 
   RBB_56/A                                                           RBB_6L       56  [TILE 0 0, RBB 10 24]       1085     r            5658     {inst25: $abc$15734$lut$aiger15733$256 (LUT,site=alut)}                                     
   $techmap15811$abc$15734$lut$aiger15733$261.A[4]                    Net         320             (fanout=1)       1258                     -                                                                                                 
   RBB_67/D5                                                          RBB_6L       67   [TILE 0 0, RBB 7 22]          -     r            6916                                                                                                 
   RBB_67/D                                                           RBB_6L       67   [TILE 0 0, RBB 7 22]       1091     r            8007     {inst26: $abc$15734$lut$aiger15733$261 (LUT,site=dlut,dluto)}                               
   $techmap15814$abc$15734$lut$aiger15733$272.A[3]                    Net         254             (fanout=6)       1774                     -                                                                                                 
   RBB_41_rep002/A4                                                   RBB_6L       79  [TILE 0 0, RBB 25 18]          -     r            9781                                                                                                 
   RBB_41_rep002/A                                                    RBB_6L       79  [TILE 0 0, RBB 25 18]        759     r           10540     {inst432: $abc$15734$lut$aiger15733$272_rep002 (LUT,site=alut)}                             
   $techmap15815$auto$abc9_ops.cc:1550:reintegrate$15765.A[3]_rep002  Net         539             (fanout=6)       1372                     -                                                                                                 
   RBB_75/D4                                                          RBB_6L       75  [TILE 0 0, RBB 28 24]          -     r           11912                                                                                                 
   RBB_75/D                                                           RBB_6L       75  [TILE 0 0, RBB 28 24]       1205     r           13117     {inst234: $auto$abc9_ops.cc:1550:reintegrate$15767 (LUT,site=dlut)}                         
   $abc$15734$auto$opt_dff.cc:219:make_patterns_logic$2555            Net         308             (fanout=1)        614                     -                                                                                                 
   RBB_8/CE                                                           IOB           8  [TILE 0 0, RBB 31 26]          -     r           13731     {inst340: $auto$ff.cc:266:slice$5013 (FDRE)} {(output_port) inst383: g_383_pmod8_obuf (IO)} 
   ---------------------------------------------------------------------------------------------------------------------------------------------------------------------------------------------------------------------------------------------
   RBB_8/CLK                                                          IOB           8  [TILE 0 0, RBB 31 26]        914     r           14645                                                                                                 
   sys_clk                                                            Clock net    31          (fanout=1271)      -2294                     -                                                                                                 
   sys_clk                                                            CLOCK-PORT    -                      -    capture     r           12351                                                                                                 
   ---------------------------------------------------------------------------------------------------------------------------------------------------------------------------------------------------------------------------------------------


Path 10:
   Slack (not met):                        -10224ps
     Path type:                               SETUP
     Group:                          <UDEF_sys_clk>
     Launching clock:                       sys_clk (rising edge)
     Capturing clock:                       sys_clk (rising edge)

     Requested period:                       2000ps
   + Delay of the capturing clock:           2316ps
   - Clock uncertainty:                       150ps
   = Required time:                          4166ps
   - Propagation time:                      12035ps (40.4% logic, 59.6% route, logic stage 5)
   - Delay of the launching clock:           2355ps
   = Slack:                                -10224ps

   Instance/Pin or Net Name                                           Type         ID     Location or Fanout   Delay(ps)  Edge  Arrival Time(ps)    Instance detail                                                                          
   --------------------------------------------------------------------------------------------------------------------------------------------------------------------------------------------------------------------------------------------
   sys_clk                                                            CLOCK-PORT    -                      -     launch     r               0                                                                                                
   sys_clk                                                            Clock net    31          (fanout=1271)       2355                     -                                                                                                
   RBB_56/CLK                                                         RBB_6L       56  [TILE 0 0, RBB 10 24]          -     r            2355                                                                                                
   --------------------------------------------------------------------------------------------------------------------------------------------------------------------------------------------------------------------------------------------
   RBB_56/DQ                                                          RBB_6L       56  [TILE 0 0, RBB 10 24]        800     r            3155     {inst317: $auto$ff.cc:266:slice$4990 (FDRE,site=dff)}                                      
   u_ctrl.timer[15]                                                   Net         434             (fanout=3)       2185                     -                                                                                                
   RBB_54/C1                                                          RBB_6L       54   [TILE 0 0, RBB 7 14]          -     r            5340                                                                                                
   RBB_54/C                                                           RBB_6L       54   [TILE 0 0, RBB 7 14]        661     r            6001     {inst22: $abc$15734$lut$aiger15733$250 (LUT,site=clut)}                                    
   $techmap15813$abc$15734$lut$aiger15733$254.A[4]                    Net         262             (fanout=1)        887                     -                                                                                                
   RBB_54/A5                                                          RBB_6L       54   [TILE 0 0, RBB 7 14]          -     r            6888                                                                                                
   RBB_54/A                                                           RBB_6L       54   [TILE 0 0, RBB 7 14]        704     r            7592     {inst23: $abc$15734$lut$aiger15733$254 (LUT,site=alut)}                                    
   $techmap15814$abc$15734$lut$aiger15733$272.A[4]                    Net         257             (fanout=6)       1819                     -                                                                                                
   RBB_41_rep003/A5                                                   RBB_6L       80  [TILE 0 0, RBB 16 22]          -     r            9411                                                                                                
   RBB_41_rep003/A                                                    RBB_6L       80  [TILE 0 0, RBB 16 22]       1014     r           10425     {inst433: $abc$15734$lut$aiger15733$272_rep003 (LUT,site=alut)}                            
   $techmap15815$auto$abc9_ops.cc:1550:reintegrate$15765.A[3]_rep003  Net         540             (fanout=2)       1156                     -                                                                                                
   RBB_73/D3                                                          RBB_6L       73  [TILE 0 0, RBB 19 26]          -     r           11581                                                                                                
   RBB_73/D                                                           RBB_6L       73  [TILE 0 0, RBB 19 26]        694     r           12275     {inst157: $abc$15734$lut$auto$opt_dff.cc:219:make_patterns_logic$2566 (LUT,site=dlut)}     
   $abc$15734$auto$opt_dff.cc:219:make_patterns_logic$2566            Net         304             (fanout=1)       1120                     -                                                                                                
   RBB_7/CE                                                           IOB           7  [TILE 0 0, RBB 31 25]          -     r           13395     {inst301: $auto$ff.cc:266:slice$4974 (FDE)} {(output_port) inst373: g_373_pmod3_obuf (IO)} 
   --------------------------------------------------------------------------------------------------------------------------------------------------------------------------------------------------------------------------------------------
   RBB_7/CLK                                                          IOB           7  [TILE 0 0, RBB 31 25]        995     r           14390                                                                                                
   sys_clk                                                            Clock net    31          (fanout=1271)      -2316                     -                                                                                                
   sys_clk                                                            CLOCK-PORT    -                      -    capture     r           12074                                                                                                
   --------------------------------------------------------------------------------------------------------------------------------------------------------------------------------------------------------------------------------------------


Path 11:
   Slack (not met):                        -10212ps
     Path type:                               SETUP
     Group:                          <UDEF_sys_clk>
     Launching clock:                       sys_clk (rising edge)
     Capturing clock:                       sys_clk (rising edge)

     Requested period:                       2000ps
   + Delay of the capturing clock:           2318ps
   - Clock uncertainty:                       150ps
   = Required time:                          4168ps
   - Propagation time:                      12025ps (46.4% logic, 53.6% route, logic stage 5)
   - Delay of the launching clock:           2355ps
   = Slack:                                -10212ps

   Instance/Pin or Net Name                                           Type         ID     Location or Fanout   Delay(ps)  Edge  Arrival Time(ps)    Instance detail                                                                      
   ----------------------------------------------------------------------------------------------------------------------------------------------------------------------------------------------------------------------------------------
   sys_clk                                                            CLOCK-PORT    -                      -     launch     r               0                                                                                            
   sys_clk                                                            Clock net    31          (fanout=1271)       2355                     -                                                                                            
   RBB_56/CLK                                                         RBB_6L       56  [TILE 0 0, RBB 10 24]          -     r            2355                                                                                            
   ----------------------------------------------------------------------------------------------------------------------------------------------------------------------------------------------------------------------------------------
   RBB_56/CQ                                                          RBB_6L       56  [TILE 0 0, RBB 10 24]        800     r            3155     {inst320: $auto$ff.cc:266:slice$4993 (FDRE,site=cff)}                                  
   u_ctrl.timer[18]                                                   Net         420             (fanout=3)       1418                     -                                                                                            
   RBB_56/A2                                                          RBB_6L       56  [TILE 0 0, RBB 10 24]          -     r            4573                                                                                            
   RBB_56/A                                                           RBB_6L       56  [TILE 0 0, RBB 10 24]       1085     r            5658     {inst25: $abc$15734$lut$aiger15733$256 (LUT,site=alut)}                                
   $techmap15811$abc$15734$lut$aiger15733$261.A[4]                    Net         320             (fanout=1)       1258                     -                                                                                            
   RBB_67/D5                                                          RBB_6L       67   [TILE 0 0, RBB 7 22]          -     r            6916                                                                                            
   RBB_67/D                                                           RBB_6L       67   [TILE 0 0, RBB 7 22]       1091     r            8007     {inst26: $abc$15734$lut$aiger15733$261 (LUT,site=dlut,dluto)}                          
   $techmap15814$abc$15734$lut$aiger15733$272.A[3]                    Net         254             (fanout=6)        882                     -                                                                                            
   RBB_41_rep001/A4                                                   RBB_6L       78   [TILE 0 0, RBB 4 22]          -     r            8889                                                                                            
   RBB_41_rep001/A                                                    RBB_6L       78   [TILE 0 0, RBB 4 22]       1062     r            9951     {inst431: $abc$15734$lut$aiger15733$272_rep001 (LUT,site=alut)}                        
   $techmap15815$auto$abc9_ops.cc:1550:reintegrate$15765.A[3]_rep001  Net         538             (fanout=9)       1299                     -                                                                                            
   RBB_42/C5                                                          RBB_6L       42  [TILE 0 0, RBB 10 18]          -     r           11250                                                                                            
   RBB_42/C                                                           RBB_6L       42  [TILE 0 0, RBB 10 18]        742     r           11992     {inst155: $abc$15734$lut$auto$opt_dff.cc:219:make_patterns_logic$2427 (LUT,site=clut)} 
   $abc$15734$auto$opt_dff.cc:219:make_patterns_logic$2427            Net         310            (fanout=14)       1584                     -                                                                                            
   RBB_49/A6                                                          RBB_6L       49   [TILE 0 0, RBB 1 20]          -     r           13576     {<CE>inst323: $auto$ff.cc:266:slice$4996 (FDRE,site=dff)}                              
   ----------------------------------------------------------------------------------------------------------------------------------------------------------------------------------------------------------------------------------------
   RBB_49/CLK                                                         RBB_6L       49   [TILE 0 0, RBB 1 20]        804     r           14380                                                                                            
   sys_clk                                                            Clock net    31          (fanout=1271)      -2318                     -                                                                                            
   sys_clk                                                            CLOCK-PORT    -                      -    capture     r           12062                                                                                            
   ----------------------------------------------------------------------------------------------------------------------------------------------------------------------------------------------------------------------------------------













