Timing Summary
==============

   POST-ROUTE

            Group  No. Clocks  No. Clock Pairs  WNS(ps)   TNS(ps)  TNS Endpoints      
      -----------  ----------  ---------------  -------   -------  -------------      
   <UDEF_sys_clk>           1                1   -10232  -2699026            471      




Clocks
======

            Clock    Clock net           Group  Constrained Period(ps)      Waveform(ps)   Achievable Period(ps)  Achievable Frequency(MHz)
   --------------  -----------     -----------  ----------------------  -----------------  ---------------------  -------------------------
          sys_clk      sys_clk  <UDEF_sys_clk>           (auto) 2000            (0,1000)                  12231                     81.759 




Clock Relationships
===================

       From Clock        To Clock               Group    Endpoints     WNS(ps)    TNS(ps)  TNS Endpoints
   --------------  --------------  ------------------  -----------  ----------  ---------  -------------
          sys_clk         sys_clk      <UDEF_sys_clk>          471      -10232   -2699026            471




Timing Details for Clock Pair sys_clk and sys_clk
=================================================

       From Clock        To Clock               Group    Endpoints     WNS(ps)    TNS(ps)  TNS Endpoints
   --------------  --------------  ------------------  -----------  ----------  ---------  -------------
          sys_clk         sys_clk      <UDEF_sys_clk>          471      -10232   -2699026            471

Path 9:
   Slack (not met):                        -10232ps
     Path type:                               SETUP
     Group:                          <UDEF_sys_clk>
     Launching clock:                       sys_clk (rising edge)
     Capturing clock:                       sys_clk (rising edge)

     Requested period:                       2000ps
   + Delay of the capturing clock:           2294ps
   - Clock uncertainty:                       150ps
   = Required time:                          4144ps
   - Propagation time:                      12021ps (45.2% logic, 54.8% route, logic stage 5)
   - Delay of the launching clock:           2355ps
   = Slack:                                -10232ps

   Instance/Pin or Net Name                                           Type         ID     Location or Fanout   Delay(ps)  Edge  Arrival Time(ps)    Instance detail                                                                           
   ---------------------------------------------------------------------------------------------------------------------------------------------------------------------------------------------------------------------------------------------
   sys_clk                                                            CLOCK-PORT    -                      -     launch     r               0                                                                                                 
   sys_clk                                                            Clock net    31          (fanout=1271)       2355                     -                                                                                                 
   RBB_56/CLK                                                         RBB_6L       56  [TILE 0 0, RBB 10 24]          -     r            2355                                                                                                 
   ---------------------------------------------------------------------------------------------------------------------------------------------------------------------------------------------------------------------------------------------
   RBB_56/CQ                                                          RBB_6L       56  [TILE 0 0, RBB 10 24]        800     r            3155     {inst320: $auto$ff.cc:266:slice$4993 (FDRE,site=cff)}                                       
   u_ctrl.timer[18]                                                   Net         420             (fanout=3)       1472                     -                                                                                                 
   RBB_56/A2                                                          RBB_6L       56  [TILE 0 0, RBB 10 24]          -     r            4627                                                                                                 
   RBB_56/A                                                           RBB_6L       56  [TILE 0 0, RBB 10 24]       1013     r            5640     {inst25: $abc$15734$lut$aiger15733$256 (LUT,site=alut)}                                     
   $techmap15811$abc$15734$lut$aiger15733$261.A[4]                    Net         320             (fanout=1)       1260                     -                                                                                                 
   RBB_67/D5                                                          RBB_6L       67   [TILE 0 0, RBB 7 22]          -     r            6900                                                                                                 
   RBB_67/D                                                           RBB_6L       67   [TILE 0 0, RBB 7 22]       1091     r            7991     {inst26: $abc$15734$lut$aiger15733$261 (LUT,site=dlut,dluto)}                               
   $techmap15814$abc$15734$lut$aiger15733$272.A[3]                    Net         254             (fanout=6)       1814                     -                                                                                                 
   RBB_41_rep002/A4                                                   RBB_6L       79  [TILE 0 0, RBB 25 18]          -     r            9805                                                                                                 
   RBB_41_rep002/A                                                    RBB_6L       79  [TILE 0 0, RBB 25 18]        665     r           10470     {inst432: $abc$15734$lut$aiger15733$272_rep002 (LUT,site=alut)}                             
   $techmap15815$auto$abc9_ops.cc:1550:reintegrate$15765.A[3]_rep002  Net         539             (fanout=6)       1416                     -                                                                                                 
   RBB_75/D4                                                          RBB_6L       75  [TILE 0 0, RBB 28 24]          -     r           11886                                                                                                 
   RBB_75/D                                                           RBB_6L       75  [TILE 0 0, RBB 28 24]        945     r           12831     {inst234: $auto$abc9_ops.cc:1550:reintegrate$15767 (LUT,site=dlut)}                         
   $abc$15734$auto$opt_dff.cc:219:make_patterns_logic$2555            Net         308             (fanout=1)        631                     -                                                                                                 
   RBB_8/CE                                                           IOB           8  [TILE 0 0, RBB 31 26]          -     r           13462     {inst340: $auto$ff.cc:266:slice$5013 (FDRE)} {(output_port) inst383: g_383_pmod8_obuf (IO)} 
   ---------------------------------------------------------------------------------------------------------------------------------------------------------------------------------------------------------------------------------------------
   RBB_8/CLK                                                          IOB           8  [TILE 0 0, RBB 31 26]        914     r           14376                                                                                                 
   sys_clk                                                            Clock net    31          (fanout=1271)      -2294                     -                                                                                                 
   sys_clk                                                            CLOCK-PORT    -                      -    capture     r           12082                                                                                                 
   ---------------------------------------------------------------------------------------------------------------------------------------------------------------------------------------------------------------------------------------------


Path 11:
   Slack (not met):                        -10190ps
     Path type:                               SETUP
     Group:                          <UDEF_sys_clk>
     Launching clock:                       sys_clk (rising edge)
     Capturing clock:                       sys_clk (rising edge)

     Requested period:                       2000ps
   + Delay of the capturing clock:           2318ps
   - Clock uncertainty:                       150ps
   = Required time:                          4168ps
   - Propagation time:                      12003ps (44.9% logic, 55.1% route, logic stage 5)
   - Delay of the launching clock:           2355ps
   = Slack:                                -10190ps

   Instance/Pin or Net Name                                           Type         ID     Location or Fanout   Delay(ps)  Edge  Arrival Time(ps)    Instance detail                                                                      
   ----------------------------------------------------------------------------------------------------------------------------------------------------------------------------------------------------------------------------------------
   sys_clk                                                            CLOCK-PORT    -                      -     launch     r               0                                                                                            
   sys_clk                                                            Clock net    31          (fanout=1271)       2355                     -                                                                                            
   RBB_56/CLK                                                         RBB_6L       56  [TILE 0 0, RBB 10 24]          -     r            2355                                                                                            
   ----------------------------------------------------------------------------------------------------------------------------------------------------------------------------------------------------------------------------------------
   RBB_56/CQ                                                          RBB_6L       56  [TILE 0 0, RBB 10 24]        800     r            3155     {inst320: $auto$ff.cc:266:slice$4993 (FDRE,site=cff)}                                  
   u_ctrl.timer[18]                                                   Net         420             (fanout=3)       1472                     -                                                                                            
   RBB_56/A2                                                          RBB_6L       56  [TILE 0 0, RBB 10 24]          -     r            4627                                                                                            
   RBB_56/A                                                           RBB_6L       56  [TILE 0 0, RBB 10 24]       1013     r            5640     {inst25: $abc$15734$lut$aiger15733$256 (LUT,site=alut)}                                
   $techmap15811$abc$15734$lut$aiger15733$261.A[4]                    Net         320             (fanout=1)       1260                     -                                                                                            
   RBB_67/D5                                                          RBB_6L       67   [TILE 0 0, RBB 7 22]          -     r            6900                                                                                            
   RBB_67/D                                                           RBB_6L       67   [TILE 0 0, RBB 7 22]       1091     r            7991     {inst26: $abc$15734$lut$aiger15733$261 (LUT,site=dlut,dluto)}                          
   $techmap15814$abc$15734$lut$aiger15733$272.A[3]                    Net         254             (fanout=6)        930                     -                                                                                            
   RBB_41_rep001/A4                                                   RBB_6L       78   [TILE 0 0, RBB 4 22]          -     r            8921                                                                                            
   RBB_41_rep001/A                                                    RBB_6L       78   [TILE 0 0, RBB 4 22]       1013     r            9934     {inst431: $abc$15734$lut$aiger15733$272_rep001 (LUT,site=alut)}                        
   $techmap15815$auto$abc9_ops.cc:1550:reintegrate$15765.A[3]_rep001  Net         538             (fanout=9)       1294                     -                                                                                            
   RBB_42/C5                                                          RBB_6L       42  [TILE 0 0, RBB 10 18]          -     r           11228                                                                                            
   RBB_42/C                                                           RBB_6L       42  [TILE 0 0, RBB 10 18]        742     r           11970     {inst155: $abc$15734$lut$auto$opt_dff.cc:219:make_patterns_logic$2427 (LUT,site=clut)} 
   $abc$15734$auto$opt_dff.cc:219:make_patterns_logic$2427            Net         310            (fanout=14)       1654                     -                                                                                            
   RBB_49/A6                                                          RBB_6L       49   [TILE 0 0, RBB 1 20]          -     r           13624     {<CE>inst323: $auto$ff.cc:266:slice$4996 (FDRE,site=dff)}                              
   ----------------------------------------------------------------------------------------------------------------------------------------------------------------------------------------------------------------------------------------
   RBB_49/CLK                                                         RBB_6L       49   [TILE 0 0, RBB 1 20]        734     r           14358                                                                                            
   sys_clk                                                            Clock net    31          (fanout=1271)      -2318                     -                                                                                            
   sys_clk                                                            CLOCK-PORT    -                      -    capture     r           12040                                                                                            
   ----------------------------------------------------------------------------------------------------------------------------------------------------------------------------------------------------------------------------------------


Path 10:
   Slack (not met):                        -10172ps
     Path type:                               SETUP
     Group:                          <UDEF_sys_clk>
     Launching clock:                       sys_clk (rising edge)
     Capturing clock:                       sys_clk (rising edge)

     Requested period:                       2000ps
   + Delay of the capturing clock:           2316ps
   - Clock uncertainty:                       150ps
   = Required time:                          4166ps
   - Propagation time:                      11983ps (39.5% logic, 60.5% route, logic stage 5)
   - Delay of the launching clock:           2355ps
   = Slack:                                -10172ps

   Instance/Pin or Net Name                                           Type         ID     Location or Fanout   Delay(ps)  Edge  Arrival Time(ps)    Instance detail                                                                          
   --------------------------------------------------------------------------------------------------------------------------------------------------------------------------------------------------------------------------------------------
   sys_clk                                                            CLOCK-PORT    -                      -     launch     r               0                                                                                                
   sys_clk                                                            Clock net    31          (fanout=1271)       2355                     -                                                                                                
   RBB_56/CLK                                                         RBB_6L       56  [TILE 0 0, RBB 10 24]          -     r            2355                                                                                                
   --------------------------------------------------------------------------------------------------------------------------------------------------------------------------------------------------------------------------------------------
   RBB_56/DQ                                                          RBB_6L       56  [TILE 0 0, RBB 10 24]        800     r            3155     {inst317: $auto$ff.cc:266:slice$4990 (FDRE,site=dff)}                                      
   u_ctrl.timer[15]                                                   Net         434             (fanout=3)       2189                     -                                                                                                
   RBB_54/C1                                                          RBB_6L       54   [TILE 0 0, RBB 7 14]          -     r            5344                                                                                                
   RBB_54/C                                                           RBB_6L       54   [TILE 0 0, RBB 7 14]        614     r            5958     {inst22: $abc$15734$lut$aiger15733$250 (LUT,site=clut)}                                    
   $techmap15813$abc$15734$lut$aiger15733$254.A[4]                    Net         262             (fanout=1)        887                     -                                                                                                
   RBB_54/A5                                                          RBB_6L       54   [TILE 0 0, RBB 7 14]          -     r            6845                                                                                                
   RBB_54/A                                                           RBB_6L       54   [TILE 0 0, RBB 7 14]        704     r            7549     {inst23: $abc$15734$lut$aiger15733$254 (LUT,site=alut)}                                    
   $techmap15814$abc$15734$lut$aiger15733$272.A[4]                    Net         257             (fanout=6)       1840                     -                                                                                                
   RBB_41_rep003/A5                                                   RBB_6L       80  [TILE 0 0, RBB 16 22]          -     r            9389                                                                                                
   RBB_41_rep003/A                                                    RBB_6L       80  [TILE 0 0, RBB 16 22]       1023     r           10412     {inst433: $abc$15734$lut$aiger15733$272_rep003 (LUT,site=alut)}                            
   $techmap15815$auto$abc9_ops.cc:1550:reintegrate$15765.A[3]_rep003  Net         540             (fanout=2)       1212                     -                                                                                                
   RBB_73/D3                                                          RBB_6L       73  [TILE 0 0, RBB 19 26]          -     r           11624                                                                                                
   RBB_73/D                                                           RBB_6L       73  [TILE 0 0, RBB 19 26]        599     r           12223     {inst157: $abc$15734$lut$auto$opt_dff.cc:219:make_patterns_logic$2566 (LUT,site=dlut)}     
   $abc$15734$auto$opt_dff.cc:219:make_patterns_logic$2566            Net         304             (fanout=1)       1120                     -                                                                                                
   RBB_7/CE                                                           IOB           7  [TILE 0 0, RBB 31 25]          -     r           13343     {inst301: $auto$ff.cc:266:slice$4974 (FDE)} {(output_port) inst373: g_373_pmod3_obuf (IO)} 
   --------------------------------------------------------------------------------------------------------------------------------------------------------------------------------------------------------------------------------------------
   RBB_7/CLK                                                          IOB           7  [TILE 0 0, RBB 31 25]        995     r           14338                                                                                                
   sys_clk                                                            Clock net    31          (fanout=1271)      -2316                     -                                                                                                
   sys_clk                                                            CLOCK-PORT    -                      -    capture     r           12022                                                                                                
   --------------------------------------------------------------------------------------------------------------------------------------------------------------------------------------------------------------------------------------------













