####   Post-Placement Resource Utilization Report   ####

                                                                  
   72 Logic 6-LUT RBBs                                            
        201 RBB LUTs utilized (up to 4 per RBB)                   
            24 of which are 6-input LUTs                          
            44 of which are dual 5-input LUTs                     
           245 LUTs total                                         
         84 RBB FFs utilized (up to 4 pairs per RBB)              
            52 of which are LUT-FF combination                    
             4 of which are dual-FFs                              
             3 of which are dual-LUT-dual-FF combination          
   10 I/O RBBs                                                    
         19 Output pins                                           
          7 Output FFs utilized                                   
   Usage of Logic RBBs is 52%.                                    
   Usage of LUTs is 36%.                                          
       dual-LUTs is 8%.                                           
   Usage of FF is 8%.                                             
       dual-FF is 1%.                                             
   Usage of IO RBB is 6%.                                         


 | ------------------------------------------------------------ | 
 | TILE X0Y0                                                    | 
 | 72 Logic 6-LUT RBBs                                          | 
 |      201 RBB LUTs utilized (up to 4 per RBB)                 | 
 |          24 of which are 6-input LUTs                        | 
 |          44 of which are dual 5-input LUTs                   | 
 |         245 LUTs total                                       | 
 |       84 RBB FFs utilized (up to 4 pairs per RBB)            | 
 |          52 of which are LUT-FF combination                  | 
 |           4 of which are dual-FFs                            | 
 |           3 of which are dual-LUT-dual-FF combination        | 
 | 10 I/O RBBs                                                  | 
 |       19 Output pins                                         | 
 |        7 Output FFs utilized                                 | 
 | Usage of Logic RBBs is 52%.                                  | 
 | Usage of LUTs is 36%.                                        | 
 |     dual-LUTs is 8%.                                         | 
 | Usage of FF is 8%.                                           | 
 |     dual-FF is 1%.                                           | 
 | Usage of IO RBB is 6%.                                       | 
 | ------------------------------------------------------------ | 
