

####   Resource Utilization Report   ####

    Top level module name: top

    Resource usage:
      72 Logic 6-LUT CLBs
          201 CLB LUTs utilized (up to 4 per CLB)
                24 of which are 6-input LUTs
                44 of which are dual 5-input LUTs
               245 LUTs total
           84 CLB FFs utilized (up to 4 pairs per CLB)
                84 of which are LUT-FF combination
                 4 of which are dual-FFs
                 4 of which are dual-LUT-dual-FF combination
                88 FFs total
      10 I/O CLBs
           19 Output pins
            7 Output FFs utilized
       1 Clock
           Clock 0: net    37, sys_clk, Fanout: 55 CLBs
           Total 1 unique clocks
    need 0 DSP and 1 Logic-Memory FPGA 1K Tiles.

 
####   Resource Utilization Complete   ####

TILE-REQ:		0		0		0		1

### Total FPGA resources from current floorplan: ###
                       184 IOBs
                       140 Logic 6-LUT CLBs
                              40 CLBs support RAM/SR

Usage of Logic CLBs is 51.4%.
    Logic-Memory CLB for RAM/Shift-Register is 0.0%.
Usage of LUTs is 35.9%.
    dual-LUTs is 7.9%.
Usage of FF is 15.0%.
    dual-FF is 0.7%.
Usage of IO CLB is 5.4%.
