GowinSynthesis start
Running parser ...
Analyzing Verilog file 'E:\git\Pmod\Pmod_DS2\src\autofire.v'
WARN  (EX3786) : Assignment to input 'out'("E:\git\Pmod\Pmod_DS2\src\autofire.v":20)
WARN  (EX2350) : Illegal assignment to variable input port 'out'("E:\git\Pmod\Pmod_DS2\src\autofire.v":20)
WARN  (EX3786) : Assignment to input 'out'("E:\git\Pmod\Pmod_DS2\src\autofire.v":24)
WARN  (EX2350) : Illegal assignment to variable input port 'out'("E:\git\Pmod\Pmod_DS2\src\autofire.v":24)
WARN  (EX3786) : Assignment to input 'out'("E:\git\Pmod\Pmod_DS2\src\autofire.v":28)
WARN  (EX2350) : Illegal assignment to variable input port 'out'("E:\git\Pmod\Pmod_DS2\src\autofire.v":28)
Analyzing Verilog file 'E:\git\Pmod\Pmod_DS2\src\config.sv'
Analyzing Verilog file 'E:\git\Pmod\Pmod_DS2\src\dualshock_controller.v'
Analyzing Verilog file 'E:\git\Pmod\Pmod_DS2\src\gowin_clkdiv\gowin_clkdiv.v'
Analyzing Verilog file 'E:\git\Pmod\Pmod_DS2\src\gowin_pll\gowin_pll.v'
Analyzing Verilog file 'E:\git\Pmod\Pmod_DS2\src\gowin_rpll_usb.v'
Analyzing Verilog file 'E:\git\Pmod\Pmod_DS2\src\hdmi\gowin_pll\gowin_pll_hdmi.v'
Analyzing Verilog file 'E:\git\Pmod\Pmod_DS2\src\hw_uart.v'
WARN  (EX3801) : Parameter 's_IDLE' becomes localparam in 'uart_rx' with formal parameter declaration list("E:\git\Pmod\Pmod_DS2\src\hw_uart.v":31)
WARN  (EX3801) : Parameter 's_RX_START_BIT' becomes localparam in 'uart_rx' with formal parameter declaration list("E:\git\Pmod\Pmod_DS2\src\hw_uart.v":32)
WARN  (EX3801) : Parameter 's_RX_DATA_BITS' becomes localparam in 'uart_rx' with formal parameter declaration list("E:\git\Pmod\Pmod_DS2\src\hw_uart.v":33)
WARN  (EX3801) : Parameter 's_RX_STOP_BIT' becomes localparam in 'uart_rx' with formal parameter declaration list("E:\git\Pmod\Pmod_DS2\src\hw_uart.v":34)
WARN  (EX3801) : Parameter 's_CLEANUP' becomes localparam in 'uart_rx' with formal parameter declaration list("E:\git\Pmod\Pmod_DS2\src\hw_uart.v":35)
Analyzing Verilog file 'E:\git\Pmod\Pmod_DS2\src\nes.v'
Analyzing Verilog file 'E:\git\Pmod\Pmod_DS2\src\nes_tang25k.v'
Analyzing included file 'E:\git\Pmod\Pmod_DS2\src\nes_tang25k.vh'("E:\git\Pmod\Pmod_DS2\src\nes_tang25k.v":36)
Back to file 'E:\git\Pmod\Pmod_DS2\src\nes_tang25k.v'("E:\git\Pmod\Pmod_DS2\src\nes_tang25k.v":36)
Analyzing included file 'E:\git\Pmod\Pmod_DS2\src\print.v'("E:\git\Pmod\Pmod_DS2\src\nes_tang25k.v":214)
Back to file 'E:\git\Pmod\Pmod_DS2\src\nes_tang25k.v'("E:\git\Pmod\Pmod_DS2\src\nes_tang25k.v":214)
Analyzing Verilog file 'E:\git\Pmod\Pmod_DS2\src\uart_tx_V2.v'
Analyzing Verilog file 'E:\git\Pmod\Pmod_DS2\src\usb_hid_host.v'
Analyzing Verilog file 'E:\git\Pmod\Pmod_DS2\src\usb_hid_host_rom.v'
Compiling module 'NES_Tang25k'("E:\git\Pmod\Pmod_DS2\src\nes_tang25k.v":8)
WARN  (EX3780) : Using initial value of 'nes_ce' since it is never assigned("E:\git\Pmod\Pmod_DS2\src\nes_tang25k.v":87)
Extracting RAM for identifier 'print_seq'("E:\git\Pmod\Pmod_DS2\src\print.v":6)
WARN  (EX3791) : Expression size 32 truncated to fit in target size 8("E:\git\Pmod\Pmod_DS2\src\nes_tang25k.v":41)
Compiling module 'Gowin_PLL'("E:\git\Pmod\Pmod_DS2\src\gowin_pll\gowin_pll.v":10)
Compiling module 'Gowin_CLKDIV'("E:\git\Pmod\Pmod_DS2\src\gowin_clkdiv\gowin_clkdiv.v":10)
Compiling module 'UartDemux(FREQ=25000000,BAUDRATE=921600)'("E:\git\Pmod\Pmod_DS2\src\hw_uart.v":194)
Compiling module 'uart_rx(CLKS_PER_BIT=27)'("E:\git\Pmod\Pmod_DS2\src\hw_uart.v":22)
WARN  (EX3791) : Expression size 9 truncated to fit in target size 8("E:\git\Pmod\Pmod_DS2\src\hw_uart.v":88)
WARN  (EX3791) : Expression size 9 truncated to fit in target size 8("E:\git\Pmod\Pmod_DS2\src\hw_uart.v":99)
WARN  (EX3791) : Expression size 4 truncated to fit in target size 3("E:\git\Pmod\Pmod_DS2\src\hw_uart.v":110)
WARN  (EX3791) : Expression size 9 truncated to fit in target size 8("E:\git\Pmod\Pmod_DS2\src\hw_uart.v":128)
WARN  (EX3791) : Expression size 8 truncated to fit in target size 7("E:\git\Pmod\Pmod_DS2\src\nes_tang25k.v":178)
Compiling module 'dualshock_controller'("E:\git\Pmod\Pmod_DS2\src\dualshock_controller.v":36)
Compiling module 'ps_pls_gan'("E:\git\Pmod\Pmod_DS2\src\dualshock_controller.v":477)
WARN  (EX3791) : Expression size 13 truncated to fit in target size 12("E:\git\Pmod\Pmod_DS2\src\dualshock_controller.v":523)
WARN  (EX3791) : Expression size 5 truncated to fit in target size 4("E:\git\Pmod\Pmod_DS2\src\dualshock_controller.v":588)
Compiling module 'txd_commnd'("E:\git\Pmod\Pmod_DS2\src\dualshock_controller.v":245)
Compiling module 'ps_txd'("E:\git\Pmod\Pmod_DS2\src\dualshock_controller.v":628)
Compiling module 'ps_rxd'("E:\git\Pmod\Pmod_DS2\src\dualshock_controller.v":603)
WARN  (EX2350) : Illegal assignment to variable input port 'out'("E:\git\Pmod\Pmod_DS2\src\autofire.v":20)
WARN  (EX2350) : Illegal assignment to variable input port 'out'("E:\git\Pmod\Pmod_DS2\src\autofire.v":24)
WARN  (EX2350) : Illegal assignment to variable input port 'out'("E:\git\Pmod\Pmod_DS2\src\autofire.v":28)
Compiling module 'Autofire'("E:\git\Pmod\Pmod_DS2\src\autofire.v":4)
WARN  (EX3791) : Expression size 22 truncated to fit in target size 21("E:\git\Pmod\Pmod_DS2\src\autofire.v":23)
Driving port 'out' is declared here("E:\git\Pmod\Pmod_DS2\src\autofire.v":11)
Port is declared here("E:\git\Pmod\Pmod_DS2\src\autofire.v":11)
Compiling module 'uart_tx_V2(clk_freq=25000000,uart_freq=921600)'("E:\git\Pmod\Pmod_DS2\src\uart_tx_V2.v":1)
WARN  (EX3791) : Expression size 8 truncated to fit in target size 7("E:\git\Pmod\Pmod_DS2\src\uart_tx_V2.v":49)
WARN  (EX3791) : Expression size 21 truncated to fit in target size 20("E:\git\Pmod\Pmod_DS2\src\nes_tang25k.v":225)
WARN  (EX3791) : Expression size 32 truncated to fit in target size 20("E:\git\Pmod\Pmod_DS2\src\nes_tang25k.v":232)
WARN  (EX3791) : Expression size 32 truncated to fit in target size 10("E:\git\Pmod\Pmod_DS2\src\nes_tang25k.v":237)
WARN  (EX1998) : Net 'joypad_strobe' does not have a driver("E:\git\Pmod\Pmod_DS2\src\nes_tang25k.v":80)
WARN  (EX1998) : Net 'joypad_clock[1]' does not have a driver("E:\git\Pmod\Pmod_DS2\src\nes_tang25k.v":81)
WARN  (EX1998) : Net 'auto_square' does not have a driver("E:\git\Pmod\Pmod_DS2\src\nes_tang25k.v":121)
WARN  (EX1998) : Net 'auto_triangle' does not have a driver("E:\git\Pmod\Pmod_DS2\src\nes_tang25k.v":121)
WARN  (EX1998) : Net 'auto_square2' does not have a driver("E:\git\Pmod\Pmod_DS2\src\nes_tang25k.v":121)
WARN  (EX1998) : Net 'auto_triangle2' does not have a driver("E:\git\Pmod\Pmod_DS2\src\nes_tang25k.v":121)
WARN  (EX1998) : Net 'loader_done' does not have a driver("E:\git\Pmod\Pmod_DS2\src\nes_tang25k.v":142)
WARN  (EX1998) : Net 'print_buffer[1023]' does not have a driver("E:\git\Pmod\Pmod_DS2\src\print.v":10)
WARN  (EX1998) : Net 'spin_state' does not have a driver("E:\git\Pmod\Pmod_DS2\src\print.v":14)
WARN  (EX1998) : Net 'print_length[6]' does not have a driver("E:\git\Pmod\Pmod_DS2\src\print.v":15)
WARN  (EX1998) : Net 'print_type' does not have a driver("E:\git\Pmod\Pmod_DS2\src\print.v":16)
NOTE  (EX0101) : Current top module is "NES_Tang25k"
WARN  (EX0211) : The output port "led[1]" of module "NES_Tang25k" has no driver, assigning undriven bits to Z, simulation mismatch possible("E:\git\Pmod\Pmod_DS2\src\nes_tang25k.v":17)
WARN  (EX0211) : The output port "led[0]" of module "NES_Tang25k" has no driver, assigning undriven bits to Z, simulation mismatch possible("E:\git\Pmod\Pmod_DS2\src\nes_tang25k.v":17)
WARN  (EX0211) : The output port "tmds_clk_n" of module "NES_Tang25k" has no driver, assigning undriven bits to Z, simulation mismatch possible("E:\git\Pmod\Pmod_DS2\src\nes_tang25k.v":29)
WARN  (EX0211) : The output port "tmds_clk_p" of module "NES_Tang25k" has no driver, assigning undriven bits to Z, simulation mismatch possible("E:\git\Pmod\Pmod_DS2\src\nes_tang25k.v":30)
WARN  (EX0211) : The output port "tmds_d_n[2]" of module "NES_Tang25k" has no driver, assigning undriven bits to Z, simulation mismatch possible("E:\git\Pmod\Pmod_DS2\src\nes_tang25k.v":31)
WARN  (EX0211) : The output port "tmds_d_n[1]" of module "NES_Tang25k" has no driver, assigning undriven bits to Z, simulation mismatch possible("E:\git\Pmod\Pmod_DS2\src\nes_tang25k.v":31)
WARN  (EX0211) : The output port "tmds_d_n[0]" of module "NES_Tang25k" has no driver, assigning undriven bits to Z, simulation mismatch possible("E:\git\Pmod\Pmod_DS2\src\nes_tang25k.v":31)
WARN  (EX0211) : The output port "tmds_d_p[2]" of module "NES_Tang25k" has no driver, assigning undriven bits to Z, simulation mismatch possible("E:\git\Pmod\Pmod_DS2\src\nes_tang25k.v":32)
WARN  (EX0211) : The output port "tmds_d_p[1]" of module "NES_Tang25k" has no driver, assigning undriven bits to Z, simulation mismatch possible("E:\git\Pmod\Pmod_DS2\src\nes_tang25k.v":32)
WARN  (EX0211) : The output port "tmds_d_p[0]" of module "NES_Tang25k" has no driver, assigning undriven bits to Z, simulation mismatch possible("E:\git\Pmod\Pmod_DS2\src\nes_tang25k.v":32)
[5%] Running netlist conversion ...
WARN  (CV0016) : Input s1 is unused("E:\git\Pmod\Pmod_DS2\src\nes_tang25k.v":11)
WARN  (CV0016) : Input reset is unused("E:\git\Pmod\Pmod_DS2\src\nes_tang25k.v":12)
WARN  (CV0016) : Input UART_RXD is unused("E:\git\Pmod\Pmod_DS2\src\nes_tang25k.v":14)
Running device independent optimization ...
[10%] Optimizing Phase 0 completed
[15%] Optimizing Phase 1 completed
[25%] Optimizing Phase 2 completed
Running inference ...
[30%] Inferring Phase 0 completed
[40%] Inferring Phase 1 completed
[50%] Inferring Phase 2 completed
[55%] Inferring Phase 3 completed
Running technical mapping ...
[60%] Tech-Mapping Phase 0 completed
[65%] Tech-Mapping Phase 1 completed
[75%] Tech-Mapping Phase 2 completed
[80%] Tech-Mapping Phase 3 completed
[90%] Tech-Mapping Phase 4 completed
WARN  (NL0002) : The module "Autofire" instantiated to "af_square" is swept in optimizing("E:\git\Pmod\Pmod_DS2\src\nes_tang25k.v":206)
WARN  (NL0002) : The module "Autofire" instantiated to "af_square2" is swept in optimizing("E:\git\Pmod\Pmod_DS2\src\nes_tang25k.v":208)
WARN  (NL0002) : The module "Autofire" instantiated to "af_triangle" is swept in optimizing("E:\git\Pmod\Pmod_DS2\src\nes_tang25k.v":207)
WARN  (NL0002) : The module "Autofire" instantiated to "af_triangle2" is swept in optimizing("E:\git\Pmod\Pmod_DS2\src\nes_tang25k.v":209)
WARN  (NL0002) : The module "Gowin_CLKDIV" instantiated to "clk_div" is swept in optimizing("E:\git\Pmod\Pmod_DS2\src\nes_tang25k.v":68)
WARN  (NL0002) : The module "UartDemux" instantiated to "uart_demux" is swept in optimizing("E:\git\Pmod\Pmod_DS2\src\nes_tang25k.v":98)
WARN  (NL0002) : The module "uart_rx" instantiated to "uart" is swept in optimizing("E:\git\Pmod\Pmod_DS2\src\hw_uart.v":200)
[95%] Generate netlist file "E:\git\Pmod\Pmod_DS2\impl\gwsynthesis\nes.vg" completed
[100%] Generate report file "E:\git\Pmod\Pmod_DS2\impl\gwsynthesis\nes_syn.rpt.html" completed
GowinSynthesis finish
