Reading netlist file: "H:\git\Pmod\Pmod_encoder\sample\Pmod_Encoder\impl\gwsynthesis\Pmod_Encoder.vg"
Parsing netlist file "H:\git\Pmod\Pmod_encoder\sample\Pmod_Encoder\impl\gwsynthesis\Pmod_Encoder.vg" completed
Processing netlist completed
Reading constraint file: "H:\git\Pmod\Pmod_encoder\sample\Pmod_Encoder\src\7seg.cst"
Physical Constraint parsed completed
Running placement......
[10%] Placement Phase 0 completed
[20%] Placement Phase 1 completed
[30%] Placement Phase 2 completed
[50%] Placement Phase 3 completed
Running routing......
[60%] Routing Phase 0 completed
[70%] Routing Phase 1 completed
[80%] Routing Phase 2 completed
[90%] Routing Phase 3 completed
Running timing analysis......
[95%] Timing analysis completed
Placement and routing completed
Bitstream generation in progress......
Bitstream generation completed
Running power analysis......
[100%] Power analysis completed
Generate file "H:\git\Pmod\Pmod_encoder\sample\Pmod_Encoder\impl\pnr\Pmod_Encoder.power.html" completed
Generate file "H:\git\Pmod\Pmod_encoder\sample\Pmod_Encoder\impl\pnr\Pmod_Encoder.pin.html" completed
Generate file "H:\git\Pmod\Pmod_encoder\sample\Pmod_Encoder\impl\pnr\Pmod_Encoder.rpt.html" completed
Generate file "H:\git\Pmod\Pmod_encoder\sample\Pmod_Encoder\impl\pnr\Pmod_Encoder.rpt.txt" completed
Generate file "H:\git\Pmod\Pmod_encoder\sample\Pmod_Encoder\impl\pnr\Pmod_Encoder.tr.html" completed
Mon Jun 05 01:33:10 2023

