[                                                  ][    2] Running placer flow WLTD (666).
[              minplacer\00003_pa03_00001_character][    2] Step character
[              minplacer\00003_pa03_00001_character][    2] Step MinPlacerChar minplacer_skip_dont_place=0 do_shortfd=0 do_shortfd_aggressive=0 do_precomb=0 do_precomb_aggressive=0 do_chain_to_tree=0 do_used_rbb_vacan=0 do_rep=1 do_reloc=0 do_repack=0 do_swabsorb=0 do_rplan=1
[              minplacer\00003_pa03_00001_character][    2] RbbUsage=67 PrePlaceTiming=55520.
[                  minplacer\00003_pa03_00002_setup][    2] Step setup
[                  minplacer\00003_pa03_00002_setup][    3] Step setup ends.
[                     minplacer\00003_pa03_00003_wl][    3] Step wl
[                     minplacer\00003_pa03_00003_wl][   21] Step wl returns 0. (timing=6425 cg=0)
[                     minplacer\00003_pa03_00003_wl][   21] Updating timing 6425 vs 2147483647.
[                 minplacer\00003_pa03_00004_repopt][   21] Step repopt
[                 minplacer\00003_pa03_00004_repopt][   31] Step repopt returns 0. (timing=6425 cg=0)
[                 minplacer\00003_pa03_00004_repopt][   31] Step has netlist change. (timing=6425 cg=0)
[                 minplacer\00003_pa03_00004_repopt][   31] Updating timing 6425 vs 6425.
[      minplacer\00003_pa03_00005_committing_nledit][   31] Step committing_nledit
[       minplacer\00003_pa03_00006_committed_nledit][   31] Step committed_nledit
[       minplacer\00003_pa03_00006_committed_nledit][   31] Step setup ends.
[       minplacer\00003_pa03_00006_committed_nledit][   31] Updating timing 6425 vs 6425.
[                  minplacer\00003_pa03_00007_repwl][   31] Step repwl
[                  minplacer\00003_pa03_00007_repwl][   41] Step repwl returns 0. (timing=6407 cg=0)
[                  minplacer\00003_pa03_00007_repwl][   41] Updating timing 6407 vs 6425.
[                   minplacer\00003_pa03_00008_post][   41] Step post
[                   minplacer\00003_pa03_00008_post][  111] Step post returns 0. (timing=12344R cg=0)
[                   minplacer\00003_pa03_00008_post][  111] Updating timing 12344R vs 6407.
[                  minplacer\00003_pa03_00009_rplan][  111] Step rplan
[                  minplacer\00003_pa03_00009_rplan][  122] Step rplan returns 0. (timing=12344R cg=50)
[                  minplacer\00003_pa03_00009_rplan][  122] Updating timing 12344R vs 12344R.
[                                                  ][  122] Running placer flow WLTD ends with TRUE.
