[                                                  ][    2] Running placer flow WLTD (666).
[              minplacer\00001_pa01_00001_character][    2] Step character
[              minplacer\00001_pa01_00001_character][    2] Step MinPlacerChar minplacer_skip_dont_place=0 do_shortfd=0 do_shortfd_aggressive=0 do_precomb=0 do_precomb_aggressive=0 do_chain_to_tree=0 do_used_rbb_vacan=0 do_rep=1 do_reloc=0 do_repack=0 do_swabsorb=0 do_rplan=1
[              minplacer\00001_pa01_00001_character][    2] RbbUsage=67 PrePlaceTiming=55520.
[                  minplacer\00001_pa01_00002_setup][    2] Step setup
[                  minplacer\00001_pa01_00002_setup][    5] Step setup ends.
[                     minplacer\00001_pa01_00003_wl][    5] Step wl
[                     minplacer\00001_pa01_00003_wl][   21] Step wl returns 0. (timing=6618 cg=0)
[                     minplacer\00001_pa01_00003_wl][   21] Updating timing 6618 vs 2147483647.
[                 minplacer\00001_pa01_00004_repopt][   21] Step repopt
[                 minplacer\00001_pa01_00004_repopt][   31] Step repopt returns 0. (timing=6618 cg=0)
[                 minplacer\00001_pa01_00004_repopt][   31] Step has netlist change. (timing=6618 cg=0)
[                 minplacer\00001_pa01_00004_repopt][   31] Updating timing 6618 vs 6618.
[      minplacer\00001_pa01_00005_committing_nledit][   31] Step committing_nledit
[       minplacer\00001_pa01_00006_committed_nledit][   31] Step committed_nledit
[       minplacer\00001_pa01_00006_committed_nledit][   31] Step setup ends.
[       minplacer\00001_pa01_00006_committed_nledit][   31] Updating timing 6618 vs 6618.
[                  minplacer\00001_pa01_00007_repwl][   31] Step repwl
[                  minplacer\00001_pa01_00007_repwl][   41] Step repwl returns 0. (timing=6479 cg=0)
[                  minplacer\00001_pa01_00007_repwl][   41] Updating timing 6479 vs 6618.
[                   minplacer\00001_pa01_00008_post][   41] Step post
[                   minplacer\00001_pa01_00008_post][  202] Step post returns 0. (timing=11932R cg=0)
[                   minplacer\00001_pa01_00008_post][  202] Updating timing 11932R vs 6479.
[                  minplacer\00001_pa01_00009_rplan][  202] Step rplan
[                  minplacer\00001_pa01_00009_rplan][  212] Step rplan returns 0. (timing=11932R cg=50)
[                  minplacer\00001_pa01_00009_rplan][  212] Updating timing 11932R vs 11932R.
[                                                  ][  212] Running placer flow WLTD ends with TRUE.
