[                                                  ][    2] Running placer flow WLTD (666).
[              minplacer\00002_pa02_00001_character][    2] Step character
[              minplacer\00002_pa02_00001_character][    2] Step MinPlacerChar minplacer_skip_dont_place=0 do_shortfd=0 do_shortfd_aggressive=0 do_precomb=0 do_precomb_aggressive=0 do_chain_to_tree=0 do_used_rbb_vacan=0 do_rep=1 do_reloc=0 do_repack=0 do_swabsorb=0 do_rplan=1
[              minplacer\00002_pa02_00001_character][    2] RbbUsage=67 PrePlaceTiming=55520.
[                  minplacer\00002_pa02_00002_setup][    2] Step setup
[                  minplacer\00002_pa02_00002_setup][    6] Step setup ends.
[                     minplacer\00002_pa02_00003_wl][    6] Step wl
[                     minplacer\00002_pa02_00003_wl][   21] Step wl returns 0. (timing=6400 cg=0)
[                     minplacer\00002_pa02_00003_wl][   21] Updating timing 6400 vs 2147483647.
[                 minplacer\00002_pa02_00004_repopt][   21] Step repopt
[                 minplacer\00002_pa02_00004_repopt][   31] Step repopt returns 0. (timing=6400 cg=0)
[                 minplacer\00002_pa02_00004_repopt][   31] Step has netlist change. (timing=6400 cg=0)
[                 minplacer\00002_pa02_00004_repopt][   31] Updating timing 6400 vs 6400.
[      minplacer\00002_pa02_00005_committing_nledit][   31] Step committing_nledit
[       minplacer\00002_pa02_00006_committed_nledit][   31] Step committed_nledit
[       minplacer\00002_pa02_00006_committed_nledit][   31] Step setup ends.
[       minplacer\00002_pa02_00006_committed_nledit][   31] Updating timing 6400 vs 6400.
[                  minplacer\00002_pa02_00007_repwl][   31] Step repwl
[                  minplacer\00002_pa02_00007_repwl][   42] Step repwl returns 0. (timing=6331 cg=0)
[                  minplacer\00002_pa02_00007_repwl][   42] Updating timing 6331 vs 6400.
[                   minplacer\00002_pa02_00008_post][   42] Step post
[                   minplacer\00002_pa02_00008_post][   92] Step post returns 0. (timing=12204R cg=0)
[                   minplacer\00002_pa02_00008_post][   92] Updating timing 12204R vs 6331.
[                  minplacer\00002_pa02_00009_rplan][   92] Step rplan
[                  minplacer\00002_pa02_00009_rplan][  102] Step rplan returns 0. (timing=12204R cg=50)
[                  minplacer\00002_pa02_00009_rplan][  102] Updating timing 12204R vs 12204R.
[                                                  ][  102] Running placer flow WLTD ends with TRUE.
