[                                                  ][    2] Running placer flow WLTD (0).
[              minplacer\00000_pa00_00001_character][    2] Step character
[              minplacer\00000_pa00_00001_character][    2] Step MinPlacerChar minplacer_skip_dont_place=0 do_shortfd=0 do_shortfd_aggressive=0 do_precomb=0 do_precomb_aggressive=0 do_chain_to_tree=0 do_used_rbb_vacan=0 do_rep=1 do_reloc=0 do_repack=0 do_swabsorb=0 do_rplan=1
[              minplacer\00000_pa00_00001_character][    2] RbbUsage=67 PrePlaceTiming=55520.
[                  minplacer\00000_pa00_00002_setup][    2] Step setup
[                  minplacer\00000_pa00_00002_setup][    4] Step setup ends.
[                     minplacer\00000_pa00_00003_wl][    4] Step wl
[                     minplacer\00000_pa00_00003_wl][   26] Step wl returns 0. (timing=6382 cg=0)
[                     minplacer\00000_pa00_00003_wl][   26] Updating timing 6382 vs 2147483647.
[                 minplacer\00000_pa00_00004_repopt][   26] Step repopt
[                 minplacer\00000_pa00_00004_repopt][   36] Step repopt returns 0. (timing=6382 cg=0)
[                 minplacer\00000_pa00_00004_repopt][   36] Step has netlist change. (timing=6382 cg=0)
[                 minplacer\00000_pa00_00004_repopt][   36] Updating timing 6382 vs 6382.
[      minplacer\00000_pa00_00005_committing_nledit][   36] Step committing_nledit
[       minplacer\00000_pa00_00006_committed_nledit][   36] Step committed_nledit
[       minplacer\00000_pa00_00006_committed_nledit][   36] Step setup ends.
[       minplacer\00000_pa00_00006_committed_nledit][   36] Updating timing 6382 vs 6382.
[                  minplacer\00000_pa00_00007_repwl][   36] Step repwl
[                  minplacer\00000_pa00_00007_repwl][   46] Step repwl returns 0. (timing=6362 cg=0)
[                  minplacer\00000_pa00_00007_repwl][   46] Updating timing 6362 vs 6382.
[                   minplacer\00000_pa00_00008_post][   46] Step post
[                   minplacer\00000_pa00_00008_post][  116] Step post returns 0. (timing=11898R cg=0)
[                   minplacer\00000_pa00_00008_post][  116] Updating timing 11898R vs 6362.
[                  minplacer\00000_pa00_00009_rplan][  116] Step rplan
[                  minplacer\00000_pa00_00009_rplan][  126] Step rplan returns 0. (timing=11898R cg=50)
[                  minplacer\00000_pa00_00009_rplan][  126] Updating timing 11898R vs 11898R.
[                                                  ][  126] Running placer flow WLTD ends with TRUE.
