


MINPLACER FLOW STARTS Sun Mar 22 18:37:20 2026
PARRAY=32x32
TILE_SIZE=1,1
MODULE_NAME=top
GRANDITER=-1
FLOW_STRING=eflxexp1500
COMMIT_NLEDIT_IMMEDIATELY=1
USE_NMAX=0
USE_FINDER=1
USE_RTABLE=0
LATENCY_AWARE=1
HAS_PPP=0
FAIL_AS_CRASH=0
RUNTIME_LIMITED=0
MAX_CPU=4 (16 16 4)
REPORT_HOLD=1
IGNORE_REGION=0
IGNORE_REGION_AFTER_WL=0
VERIFY=0
[                                                  ][    2] Running placer flow EXP (version=1500).
[                                                  ][    2] Start 4 jobs with MAX_CPU=4, POOLSIZE=4 and requested_winning_jobs=1.
[                                                  ][    2] Running placer flow WLTD (666).
[              minplacer\00002_pa02_00001_character][    2] Step character
[              minplacer\00002_pa02_00001_character][    2] Step MinPlacerChar minplacer_skip_dont_place=0 do_shortfd=0 do_shortfd_aggressive=0 do_precomb=0 do_precomb_aggressive=0 do_chain_to_tree=0 do_used_rbb_vacan=0 do_rep=1 do_reloc=0 do_repack=0 do_swabsorb=0 do_rplan=1
[              minplacer\00002_pa02_00001_character][    2] RbbUsage=67 PrePlaceTiming=55520.
[                  minplacer\00002_pa02_00002_setup][    2] Step setup
[                  minplacer\00002_pa02_00002_setup][    6] Step setup ends.
[                     minplacer\00002_pa02_00003_wl][    6] Step wl
[                     minplacer\00002_pa02_00003_wl][   21] Step wl returns 0. (timing=6400 cg=0)
[                     minplacer\00002_pa02_00003_wl][   21] Updating timing 6400 vs 2147483647.
[                 minplacer\00002_pa02_00004_repopt][   21] Step repopt
[                 minplacer\00002_pa02_00004_repopt][   31] Step repopt returns 0. (timing=6400 cg=0)
[                 minplacer\00002_pa02_00004_repopt][   31] Step has netlist change. (timing=6400 cg=0)
[                 minplacer\00002_pa02_00004_repopt][   31] Updating timing 6400 vs 6400.
[      minplacer\00002_pa02_00005_committing_nledit][   31] Step committing_nledit
[       minplacer\00002_pa02_00006_committed_nledit][   31] Step committed_nledit
[       minplacer\00002_pa02_00006_committed_nledit][   31] Step setup ends.
[       minplacer\00002_pa02_00006_committed_nledit][   31] Updating timing 6400 vs 6400.
[                  minplacer\00002_pa02_00007_repwl][   31] Step repwl
[                  minplacer\00002_pa02_00007_repwl][   42] Step repwl returns 0. (timing=6331 cg=0)
[                  minplacer\00002_pa02_00007_repwl][   42] Updating timing 6331 vs 6400.
[                   minplacer\00002_pa02_00008_post][   42] Step post
[                   minplacer\00002_pa02_00008_post][   92] Step post returns 0. (timing=12204R cg=0)
[                   minplacer\00002_pa02_00008_post][   92] Updating timing 12204R vs 6331.
[                  minplacer\00002_pa02_00009_rplan][   92] Step rplan
[                  minplacer\00002_pa02_00009_rplan][  102] Step rplan returns 0. (timing=12204R cg=50)
[                  minplacer\00002_pa02_00009_rplan][  102] Updating timing 12204R vs 12204R.
[                                                  ][  102] Running placer flow WLTD ends with TRUE.
[                  minplacer\00002_pa02_00009_rplan][  102] Placer job(2) finished okay with timing=12204.
[                                                  ][    2] Running placer flow WLTD (666).
[              minplacer\00003_pa03_00001_character][    2] Step character
[              minplacer\00003_pa03_00001_character][    2] Step MinPlacerChar minplacer_skip_dont_place=0 do_shortfd=0 do_shortfd_aggressive=0 do_precomb=0 do_precomb_aggressive=0 do_chain_to_tree=0 do_used_rbb_vacan=0 do_rep=1 do_reloc=0 do_repack=0 do_swabsorb=0 do_rplan=1
[              minplacer\00003_pa03_00001_character][    2] RbbUsage=67 PrePlaceTiming=55520.
[                  minplacer\00003_pa03_00002_setup][    2] Step setup
[                  minplacer\00003_pa03_00002_setup][    3] Step setup ends.
[                     minplacer\00003_pa03_00003_wl][    3] Step wl
[                     minplacer\00003_pa03_00003_wl][   21] Step wl returns 0. (timing=6425 cg=0)
[                     minplacer\00003_pa03_00003_wl][   21] Updating timing 6425 vs 2147483647.
[                 minplacer\00003_pa03_00004_repopt][   21] Step repopt
[                 minplacer\00003_pa03_00004_repopt][   31] Step repopt returns 0. (timing=6425 cg=0)
[                 minplacer\00003_pa03_00004_repopt][   31] Step has netlist change. (timing=6425 cg=0)
[                 minplacer\00003_pa03_00004_repopt][   31] Updating timing 6425 vs 6425.
[      minplacer\00003_pa03_00005_committing_nledit][   31] Step committing_nledit
[       minplacer\00003_pa03_00006_committed_nledit][   31] Step committed_nledit
[       minplacer\00003_pa03_00006_committed_nledit][   31] Step setup ends.
[       minplacer\00003_pa03_00006_committed_nledit][   31] Updating timing 6425 vs 6425.
[                  minplacer\00003_pa03_00007_repwl][   31] Step repwl
[                  minplacer\00003_pa03_00007_repwl][   41] Step repwl returns 0. (timing=6407 cg=0)
[                  minplacer\00003_pa03_00007_repwl][   41] Updating timing 6407 vs 6425.
[                   minplacer\00003_pa03_00008_post][   41] Step post
[                   minplacer\00003_pa03_00008_post][  111] Step post returns 0. (timing=12344R cg=0)
[                   minplacer\00003_pa03_00008_post][  111] Updating timing 12344R vs 6407.
[                  minplacer\00003_pa03_00009_rplan][  111] Step rplan
[                  minplacer\00003_pa03_00009_rplan][  122] Step rplan returns 0. (timing=12344R cg=50)
[                  minplacer\00003_pa03_00009_rplan][  122] Updating timing 12344R vs 12344R.
[                                                  ][  122] Running placer flow WLTD ends with TRUE.
[                  minplacer\00003_pa03_00009_rplan][  122] Placer job(3) finished okay with timing=12344.
[                                                  ][    2] Running placer flow WLTD (0).
[              minplacer\00000_pa00_00001_character][    2] Step character
[              minplacer\00000_pa00_00001_character][    2] Step MinPlacerChar minplacer_skip_dont_place=0 do_shortfd=0 do_shortfd_aggressive=0 do_precomb=0 do_precomb_aggressive=0 do_chain_to_tree=0 do_used_rbb_vacan=0 do_rep=1 do_reloc=0 do_repack=0 do_swabsorb=0 do_rplan=1
[              minplacer\00000_pa00_00001_character][    2] RbbUsage=67 PrePlaceTiming=55520.
[                  minplacer\00000_pa00_00002_setup][    2] Step setup
[                  minplacer\00000_pa00_00002_setup][    4] Step setup ends.
[                     minplacer\00000_pa00_00003_wl][    4] Step wl
[                     minplacer\00000_pa00_00003_wl][   26] Step wl returns 0. (timing=6382 cg=0)
[                     minplacer\00000_pa00_00003_wl][   26] Updating timing 6382 vs 2147483647.
[                 minplacer\00000_pa00_00004_repopt][   26] Step repopt
[                 minplacer\00000_pa00_00004_repopt][   36] Step repopt returns 0. (timing=6382 cg=0)
[                 minplacer\00000_pa00_00004_repopt][   36] Step has netlist change. (timing=6382 cg=0)
[                 minplacer\00000_pa00_00004_repopt][   36] Updating timing 6382 vs 6382.
[      minplacer\00000_pa00_00005_committing_nledit][   36] Step committing_nledit
[       minplacer\00000_pa00_00006_committed_nledit][   36] Step committed_nledit
[       minplacer\00000_pa00_00006_committed_nledit][   36] Step setup ends.
[       minplacer\00000_pa00_00006_committed_nledit][   36] Updating timing 6382 vs 6382.
[                  minplacer\00000_pa00_00007_repwl][   36] Step repwl
[                  minplacer\00000_pa00_00007_repwl][   46] Step repwl returns 0. (timing=6362 cg=0)
[                  minplacer\00000_pa00_00007_repwl][   46] Updating timing 6362 vs 6382.
[                   minplacer\00000_pa00_00008_post][   46] Step post
[                   minplacer\00000_pa00_00008_post][  116] Step post returns 0. (timing=11898R cg=0)
[                   minplacer\00000_pa00_00008_post][  116] Updating timing 11898R vs 6362.
[                  minplacer\00000_pa00_00009_rplan][  116] Step rplan
[                  minplacer\00000_pa00_00009_rplan][  126] Step rplan returns 0. (timing=11898R cg=50)
[                  minplacer\00000_pa00_00009_rplan][  126] Updating timing 11898R vs 11898R.
[                                                  ][  126] Running placer flow WLTD ends with TRUE.
[                  minplacer\00000_pa00_00009_rplan][  126] Placer job(0) finished okay with timing=11898.
[                                                  ][    2] Running placer flow WLTD (666).
[              minplacer\00001_pa01_00001_character][    2] Step character
[              minplacer\00001_pa01_00001_character][    2] Step MinPlacerChar minplacer_skip_dont_place=0 do_shortfd=0 do_shortfd_aggressive=0 do_precomb=0 do_precomb_aggressive=0 do_chain_to_tree=0 do_used_rbb_vacan=0 do_rep=1 do_reloc=0 do_repack=0 do_swabsorb=0 do_rplan=1
[              minplacer\00001_pa01_00001_character][    2] RbbUsage=67 PrePlaceTiming=55520.
[                  minplacer\00001_pa01_00002_setup][    2] Step setup
[                  minplacer\00001_pa01_00002_setup][    5] Step setup ends.
[                     minplacer\00001_pa01_00003_wl][    5] Step wl
[                     minplacer\00001_pa01_00003_wl][   21] Step wl returns 0. (timing=6618 cg=0)
[                     minplacer\00001_pa01_00003_wl][   21] Updating timing 6618 vs 2147483647.
[                 minplacer\00001_pa01_00004_repopt][   21] Step repopt
[                 minplacer\00001_pa01_00004_repopt][   31] Step repopt returns 0. (timing=6618 cg=0)
[                 minplacer\00001_pa01_00004_repopt][   31] Step has netlist change. (timing=6618 cg=0)
[                 minplacer\00001_pa01_00004_repopt][   31] Updating timing 6618 vs 6618.
[      minplacer\00001_pa01_00005_committing_nledit][   31] Step committing_nledit
[       minplacer\00001_pa01_00006_committed_nledit][   31] Step committed_nledit
[       minplacer\00001_pa01_00006_committed_nledit][   31] Step setup ends.
[       minplacer\00001_pa01_00006_committed_nledit][   31] Updating timing 6618 vs 6618.
[                  minplacer\00001_pa01_00007_repwl][   31] Step repwl
[                  minplacer\00001_pa01_00007_repwl][   41] Step repwl returns 0. (timing=6479 cg=0)
[                  minplacer\00001_pa01_00007_repwl][   41] Updating timing 6479 vs 6618.
[                   minplacer\00001_pa01_00008_post][   41] Step post
[                   minplacer\00001_pa01_00008_post][  202] Step post returns 0. (timing=11932R cg=0)
[                   minplacer\00001_pa01_00008_post][  202] Updating timing 11932R vs 6479.
[                  minplacer\00001_pa01_00009_rplan][  202] Step rplan
[                  minplacer\00001_pa01_00009_rplan][  212] Step rplan returns 0. (timing=11932R cg=50)
[                  minplacer\00001_pa01_00009_rplan][  212] Updating timing 11932R vs 11932R.
[                                                  ][  212] Running placer flow WLTD ends with TRUE.
[                  minplacer\00001_pa01_00009_rplan][  212] Placer job(1) finished okay with timing=11932.
[                                                  ][  213] End 4 jobs with 1 being accepted: [0,expjob_0]=minplacer\00000_pa00_00009_rplan
[                                                  ][  213] End 4 jobs with 3 being abandoned: [1,expjob_1]=minplacer\00001_pa01_00009_rplan [2,expjob_2]=minplacer\00002_pa02_00009_rplan [3,expjob_3]=minplacer\00003_pa03_00009_rplan
[                                                  ][  213] Running placer flow EXP receives (0).
[                  minplacer\00000_pa00_00009_rplan][  213] Updating timing 11898R vs 2147483647.
[                                                  ][  213] Running placer flow EXP ends with [minplacer\00000_pa00_00009_rplan] timing=11898.
[                  minplacer\00000_pa00_00009_rplan][  213] Step readback plc starts.
[                  minplacer\00000_pa00_00009_rplan][  213] Step readback plc ended.
MINPLACER FLOW QORSTAT REP=0 BUF=0 PPP=0 COMB=0 SHORTFD=0 RELOC=0 SWABSORB=0 PREABSORB=0
MINPLACER FLOW ENDS RET=PASS Sun Mar 22 18:40:51 2026
