Reading netlist file: "H:\git\Pmod\Pmod_Matrix256\sample\tetris\impl\gwsynthesis\tetris.vg"
Parsing netlist file "H:\git\Pmod\Pmod_Matrix256\sample\tetris\impl\gwsynthesis\tetris.vg" completed
Processing netlist completed
Reading constraint file: "H:\git\Pmod\Pmod_Matrix256\sample\tetris\src\top.cst"
Physical Constraint parsed completed
Running placement......
[10%] Placement Phase 0 completed
[20%] Placement Phase 1 completed
[30%] Placement Phase 2 completed
[50%] Placement Phase 3 completed
Running routing......
[60%] Routing Phase 0 completed
[70%] Routing Phase 1 completed
[80%] Routing Phase 2 completed
[90%] Routing Phase 3 completed
Running timing analysis......
[95%] Timing analysis completed
Placement and routing completed
Bitstream generation in progress......
Bitstream generation completed
Running power analysis......
[100%] Power analysis completed
Generate file "H:\git\Pmod\Pmod_Matrix256\sample\tetris\impl\pnr\tetris.power.html" completed
Generate file "H:\git\Pmod\Pmod_Matrix256\sample\tetris\impl\pnr\tetris.pin.html" completed
Generate file "H:\git\Pmod\Pmod_Matrix256\sample\tetris\impl\pnr\tetris.rpt.html" completed
Generate file "H:\git\Pmod\Pmod_Matrix256\sample\tetris\impl\pnr\tetris.rpt.txt" completed
Generate file "H:\git\Pmod\Pmod_Matrix256\sample\tetris\impl\pnr\tetris.tr.html" completed
Fri Aug 25 00:28:46 2023

