Reading netlist file: "C:\Git\Pmod\example_design\edge_tech\edge_tech\impl\gwsynthesis\edge_tech.vg"
Parsing netlist file "C:\Git\Pmod\example_design\edge_tech\edge_tech\impl\gwsynthesis\edge_tech.vg" completed
Processing netlist completed
Reading constraint file: "C:\Git\Pmod\example_design\edge_tech\edge_tech\src\matrix2.cst"
Physical Constraint parsed completed
Running placement......
[10%] Placement Phase 0 completed
[20%] Placement Phase 1 completed
[30%] Placement Phase 2 completed
[50%] Placement Phase 3 completed
Running routing......
[60%] Routing Phase 0 completed
[70%] Routing Phase 1 completed
[80%] Routing Phase 2 completed
[90%] Routing Phase 3 completed
Running timing analysis......
[95%] Timing analysis completed
Placement and routing completed
Bitstream generation in progress......
Bitstream generation completed
Running power analysis......
[100%] Power analysis completed
Generate file "C:\Git\Pmod\example_design\edge_tech\edge_tech\impl\pnr\edge_tech.power.html" completed
Generate file "C:\Git\Pmod\example_design\edge_tech\edge_tech\impl\pnr\edge_tech.pin.html" completed
Generate file "C:\Git\Pmod\example_design\edge_tech\edge_tech\impl\pnr\edge_tech.rpt.html" completed
Generate file "C:\Git\Pmod\example_design\edge_tech\edge_tech\impl\pnr\edge_tech.rpt.txt" completed
Generate file "C:\Git\Pmod\example_design\edge_tech\edge_tech\impl\pnr\edge_tech.tr.html" completed
Mon Nov 13 20:20:34 2023

