Efinity Synthesis report for project lcd
Version: 2026.1.132
Generated at: Jun 14, 2026 00:19:32
Copyright (C) 2013 - 2026  All rights reserved.

Top-level Entity Name : top

family : Trion
device : T8F81
project : lcd
root : top
I,include : H:/git/Pmod/Pmod_TFTLCD/Efinix_T8/lcd
binary-db : H:/git/Pmod/Pmod_TFTLCD/Efinix_T8/lcd/outflow/lcd.vdb
insert-ios : 0
max-carry-cascade : 160
max_mult : -1
max_ram : -1
mode : speed
output-dir : H:/git/Pmod/Pmod_TFTLCD/Efinix_T8/lcd/outflow
proj_curr_path : H:\git\Pmod\Pmod_TFTLCD\Efinix_T8\lcd
project : lcd
project-xml : H:\git\Pmod\Pmod_TFTLCD\Efinix_T8\lcd\lcd.xml
root : top
work-dir : H:/git/Pmod/Pmod_TFTLCD/Efinix_T8/lcd/work_syn
write-efx-verilog : H:/git/Pmod/Pmod_TFTLCD/Efinix_T8/lcd/outflow/lcd.map.v
write-premap-module : H:/git/Pmod/Pmod_TFTLCD/Efinix_T8/lcd/outflow/lcd.elab.vdb

File List:

H:\git\Pmod\Pmod_TFTLCD\Efinix_T8\lcd\top.sv
H:\git\Pmod\Pmod_TFTLCD\Efinix_T8\lcd\img_rom.v
H:\git\Pmod\Pmod_TFTLCD\Efinix_T8\lcd\touch_ctrl.v

### ### Report Section Start ### ###


### ### EFX_FF CE enables (begin) ### ### ###

Total number of enable signals: 17
Total number of FFs with enable signals: 175
+------------+------------------+
|CE Signal   |Number of FF loads|
+------------+------------------+
|ceg_net32   |               27 |
|ceg_net59   |               24 |
|equal_14/n47|               24 |
|move_pulse  |               17 |
|ceg_net85   |               17 |
|ceg_net33   |               16 |
|ceg_net86   |                9 |
|ceg_net87   |                8 |
|n483        |                8 |
|ceg_net100  |                8 |
|ceg_net102  |                7 |
|ceg_net99   |                4 |
|ceg_net14   |                2 |
|ceg_net65   |                1 |
|ceg_net67   |                1 |
|n114        |                1 |
|ceg_net101  |                1 |
+------------+------------------+

### ### EFX_FF CE enables (end) ### ### ###

### ### EFX_FF SR set/reset (begin) ### ### ###

Total number of set/reset signals: 1
Total number of FFs with set/reset signals: 201
+---------+------------------+
|SR Signal|Number of FF loads|
+---------+------------------+
|btn_r2   |              201 |
+---------+------------------+

### ### EFX_FF SR set/reset (end) ### ### ###

### ### Module Resource Usage Distribution Estimates (begin) ### ###

**Note: some resources maybe grouped under different hierarchy due to optimization and LUT mapping

Module                     FFs      ADDs       LUTs      RAMs DSP/MULTs
--------------------       ---      ----       ----      ---- ---------
top:top               203(203)    97(97) 2815(2815)      0(0)      0(0)

### ### Module Resource Usage Distribution Estimates (end) ### ###


### ### DSP Usage Report (begin) ### ### ### 

 No DSP in design

### ### Clock Load Distribution Report (begin) ### ###

+-------+----------+------------+----------------+
|Clock  |Flip-Flops|Memory Ports|Multipliers/DSPs|
+-------+----------+------------+----------------+
|pll_clk|      203 |          0 |              0 |
+-------+----------+------------+----------------+

### ### Clock Load Distribution Report (end) ### ###

### ### Resource Summary (begin) ### ### ### 

INPUT  PORTS    : 	2
OUTPUT PORTS    : 	8

EFX_ADD                 : 	97
EFX_LUT4                : 	2815
   1-2  Inputs          : 	205
   3    Inputs          : 	473
   4    Inputs          : 	2137
EFX_FF                  : 	203
EFX_GBUFCE              : 	1
### ### Resource Summary (end) ### ### ###

Plain synthesis (without verilog dump and post-map checks) time : 17s
Elapsed synthesis time : 17s
