           
           Efinix FPGA Placement and Routing.
           Version: 2026.1.132 
           Compiled: May 29 2026.
           
           Copyright (C) 2013 - 2026 Efinix, Inc. All rights reserved.

           
           The Tool Is Based on VPR of University of Toronto,
           a free open source code under MIT license.
           
           
INFO     : Running Placement and Routing for Family "Trion", Device "T8F81" ...
           
           ***** Beginning stage Routing graph generation ... *****
INFO     : Read ipin pattern from H:/Efinity/2026.1/arch/./routing/ipin_oph.xml
INFO     : Finished parsing ipin pattern file 'H:/Efinity/2026.1/arch/./routing/ipin_oph.xdb'.
INFO     : Finished parsing switch_block file 'H:/Efinity/2026.1/arch/.\routing\sb_connectivity_subset.xdb'.
INFO     : BuildGraph process took 1.1640059 seconds [FlowMsg::StageDuration]
INFO     :     BuildGraph process took 1.125 seconds (approximately) in total CPU time [FlowMsg::StageDuration::CPUTime]
INFO     : BuildGraph process virtual memory usage: begin = 128.704 MB, end = 160.736 MB, delta = 32.032 MB [FlowMsg::VMUsage]
INFO     :     BuildGraph process peak virtual memory usage = 160.736 MB [FlowMsg::VMUsage::Peak]
INFO     : BuildGraph process resident set memory usage: begin = 143.076 MB, end = 178.216 MB, delta = 35.14 MB [FlowMsg::RSSUsage]
INFO     :     BuildGraph process peak resident set memory usage = 178.22 MB [FlowMsg::RSSUsage::Peak]
INFO     : check rr_graph process took 0.0373704 seconds [FlowMsg::StageDuration]
INFO     :     check rr_graph process took 0.03125 seconds (approximately) in total CPU time [FlowMsg::StageDuration::CPUTime]
INFO     : check rr_graph process virtual memory usage: begin = 160.736 MB, end = 162.688 MB, delta = 1.952 MB [FlowMsg::VMUsage]
INFO     :     check rr_graph process peak virtual memory usage = 162.688 MB [FlowMsg::VMUsage::Peak]
INFO     : check rr_graph process resident set memory usage: begin = 178.228 MB, end = 180.236 MB, delta = 2.008 MB [FlowMsg::RSSUsage]
INFO     :     check rr_graph process peak resident set memory usage = 180.24 MB [FlowMsg::RSSUsage::Peak]
INFO     : Generated 397613 RR nodes and 1459377 RR edges [DBMsg::DatabaseRoutingGraphStats]
INFO     : This design has 0 global control net(s). See H:/git/Pmod/Pmod_TFTLCD/Efinix_T8/lcd/outflow\lcd.route.rpt for details.
INFO     : Routing graph took 1.258458 seconds [FlowMsg::StageDuration]
INFO     :     Routing graph took 1.203125 seconds (approximately) in total CPU time [FlowMsg::StageDuration::CPUTime]
INFO     : Routing graph virtual memory usage: begin = 128.704 MB, end = 162.688 MB, delta = 33.984 MB [FlowMsg::VMUsage]
INFO     :     Routing graph peak virtual memory usage = 162.688 MB [FlowMsg::VMUsage::Peak]
INFO     : Routing graph resident set memory usage: begin = 142.948 MB, end = 180.308 MB, delta = 37.36 MB [FlowMsg::RSSUsage]
INFO     :     Routing graph peak resident set memory usage = 180.312 MB [FlowMsg::RSSUsage::Peak]
           ***** Ending stage Routing graph generation *****
           
           ***** Beginning stage routing ... *****
WARNING  : [SDC H:/git/Pmod/Pmod_TFTLCD/Efinix_T8/lcd/lcd.sdc:1] No valid object(s) found for 'clk'
WARNING  : [SDC H:/git/Pmod/Pmod_TFTLCD/Efinix_T8/lcd/lcd.sdc:1] No valid pin(s) found for clock
WARNING  : [SDC H:/git/Pmod/Pmod_TFTLCD/Efinix_T8/lcd/lcd.sdc:1] Unable to run 'create_clock' constraint due to warnings found
INFO     : SDC file 'H:/git/Pmod/Pmod_TFTLCD/Efinix_T8/lcd/lcd.sdc' parsed successfully.
INFO     :  ---------      -------     --------------      -------------
INFO     :  Iteration      Overuse     Crit Path (ns)      Calc Time (s)
INFO     :  ---------      -------     --------------      -------------
INFO     :          1         8875             -0.001               3.06
INFO     :          2         1767             -0.001                2.6
INFO     :          3          387             -0.001               2.38
INFO     :          4            3             -0.001               1.05
INFO     :          5            0             -0.001              0.153
           
INFO     : Successfully routed netlist after 5 routing iterations and 46755716 heapops
INFO     : Completed net delay value cross check successfully.
           ***** Beginning stage routing check ... *****
           ***** Ending stage routing check *****
           
INFO     : Serial number (magic cookie) for the routing is: 1263954867
INFO     : Netlist fully routed.
INFO     : Successfully created FPGA route file 'H:/git/Pmod/Pmod_TFTLCD/Efinix_T8/lcd/outflow/lcd.route'
INFO     : Routing took 9.788905 seconds [FlowMsg::StageDuration]
INFO     :     Routing took 9.765625 seconds (approximately) in total CPU time [FlowMsg::StageDuration::CPUTime]
INFO     : Routing virtual memory usage: begin = 162.688 MB, end = 186.916 MB, delta = 24.228 MB [FlowMsg::VMUsage]
INFO     :     Routing peak virtual memory usage = 186.916 MB [FlowMsg::VMUsage::Peak]
INFO     : Routing resident set memory usage: begin = 180.308 MB, end = 202.72 MB, delta = 22.412 MB [FlowMsg::RSSUsage]
INFO     :     Routing peak resident set memory usage = 202.724 MB [FlowMsg::RSSUsage::Peak]
           ***** Ending stage routing *****
           
           ***** Beginning stage final timing analysis ... *****
WARNING  : [SDC H:/git/Pmod/Pmod_TFTLCD/Efinix_T8/lcd/lcd.sdc:1] No valid object(s) found for 'clk'
WARNING  : [SDC H:/git/Pmod/Pmod_TFTLCD/Efinix_T8/lcd/lcd.sdc:1] No valid pin(s) found for clock
WARNING  : [SDC H:/git/Pmod/Pmod_TFTLCD/Efinix_T8/lcd/lcd.sdc:1] Unable to run 'create_clock' constraint due to warnings found
INFO     : SDC file 'H:/git/Pmod/Pmod_TFTLCD/Efinix_T8/lcd/lcd.sdc' parsed successfully.
INFO     : Write Timing Report to "H:/git/Pmod/Pmod_TFTLCD/Efinix_T8/lcd/outflow\lcd.timing.rpt" ...
INFO     : final timing analysis took 0.2911608 seconds [FlowMsg::StageDuration]
INFO     :     final timing analysis took 0.296875 seconds (approximately) in total CPU time [FlowMsg::StageDuration::CPUTime]
INFO     : final timing analysis virtual memory usage: begin = 186.916 MB, end = 186.916 MB, delta = 0 MB [FlowMsg::VMUsage]
INFO     :     final timing analysis peak virtual memory usage = 186.916 MB [FlowMsg::VMUsage::Peak]
INFO     : final timing analysis resident set memory usage: begin = 202.744 MB, end = 203.06 MB, delta = 0.316 MB [FlowMsg::RSSUsage]
INFO     :     final timing analysis peak resident set memory usage = 203.064 MB [FlowMsg::RSSUsage::Peak]
           ***** Ending stage final timing analysis *****
           
           ***** Beginning stage bitstream generation ... *****
INFO     : Reading core interface constraints file "H:/git/Pmod/Pmod_TFTLCD/Efinix_T8/lcd/outflow/lcd.interface.csv" [DBMsg::CoreInterfaceConstraintsFileReading]
INFO     : Successfully read core interface constraints file "H:/git/Pmod/Pmod_TFTLCD/Efinix_T8/lcd/outflow/lcd.interface.csv" [DBMsg::CoreInterfaceConstraintsFileLoadSuccess]
INFO     : Finished writing bitstream file H:/git/Pmod/Pmod_TFTLCD/Efinix_T8/lcd/work_pnr\lcd.lbf.
INFO     : Bitstream generation took 0.1717591 seconds [FlowMsg::StageDuration]
INFO     :     Bitstream generation took 0.15625 seconds (approximately) in total CPU time [FlowMsg::StageDuration::CPUTime]
INFO     : Bitstream generation virtual memory usage: begin = 186.916 MB, end = 186.916 MB, delta = 0 MB [FlowMsg::VMUsage]
INFO     :     Bitstream generation peak virtual memory usage = 186.916 MB [FlowMsg::VMUsage::Peak]
INFO     : Bitstream generation resident set memory usage: begin = 203.1 MB, end = 203.684 MB, delta = 0.584 MB [FlowMsg::RSSUsage]
INFO     :     Bitstream generation peak resident set memory usage = 203.688 MB [FlowMsg::RSSUsage::Peak]
INFO     : The entire flow of EFX_PNR took 20.2071215 seconds [FlowMsg::StageDuration]
INFO     :     The entire flow of EFX_PNR took 25.953125 seconds (approximately) in total CPU time [FlowMsg::StageDuration::CPUTime]
INFO     : The entire flow of EFX_PNR virtual memory usage: begin = 20.04 MB, end = 186.916 MB, delta = 166.876 MB [FlowMsg::VMUsage]
INFO     :     The entire flow of EFX_PNR peak virtual memory usage = 186.916 MB [FlowMsg::VMUsage::Peak]
INFO     : The entire flow of EFX_PNR resident set memory usage: begin = 21.132 MB, end = 203.744 MB, delta = 182.612 MB [FlowMsg::RSSUsage]
INFO     :     The entire flow of EFX_PNR peak resident set memory usage = 203.748 MB [FlowMsg::RSSUsage::Peak]
