
Efinity Interface Designer Report
Version: 2026.1.132
Date: 2026-06-11 03:50

Copyright (C) 2013 - 2026 Efinix Inc. All rights reserved.

Device: T8F81
Project: lcd

Package: 81-ball FBGA (final)
Timing Model: C2 (final)
Configuration Mode: active (x1)

---------- Table of Contents (begin) ----------
   1. Periphery Usage Summary
   2. Generated Output Files
   3. I/O Banks Summary
   4. Global Connection Summary
   5. Clock Region Usage Summary
   6. Dual-Function Configuration Pin Usage
   7. GPIO Usage Summary
   8. PLL Usage Summary
   9. Oscillator Usage Summary
   10. JTAG Usage Summary
---------- Table of Contents (end) ------------

---------- 1. Periphery Usage Summary (begin) ----------
gpio: 10 / 55 (18.18%)
jtag: 0 / 2 (0.0%)
osc: 0 / 1 (0.0%)
pll: 0 / 1 (0.0%)
---------- Periphery Usage Summary (end) ----------

---------- 2. Generated Output Files (begin) ----------
Interface Configuration: lcd.interface.csv
Peripheral Block Configuration: lcd.lpf
Pinout Report: lcd.pinout.rpt
Pinout CSV: lcd.pinout.csv
Timing Report: lcd.pt_timing.rpt
Timing SDC Template: lcd.pt.sdc
Verilog Template: lcd_template.v
---------- Generated Output Files (end) ----------

---------- 3. I/O Banks Summary (begin) ----------

+----------+-------------+
| I/O Bank | I/O Voltage |
+----------+-------------+
|    1A    |    3.3 V    |
|    1B    |    3.3 V    |
|    1C    |    1.1 V    |
|    2A    |    3.3 V    |
|    2B    |    3.3 V    |
+----------+-------------+

---------- I/O Banks Summary (end) ----------

---------- 4. Global Connection Summary (begin) ----------

No global connection was found in project.

---------- Global Connection Summary (end) ----------

---------- 5. Clock Region Usage Summary (begin) ----------

+--------------+----------------+
| Clock Region | Used/Available |
+--------------+----------------+
|      L0      |      0/4       |
|      L1      |      0/4       |
|      R0      |      0/4       |
|      R1      |      0/4       |
+--------------+----------------+

---------- Clock Region Usage Summary (end) ----------

---------- 6. Dual-Function Configuration Pin Usage (begin) ----------

+---------------+----------+
| Instance Name | Function |
+---------------+----------+
|     lcd_dc    |  CBSEL1  |
+---------------+----------+

---------- Dual-Function Configuration Pin Usage (end) ----------

---------- 7. GPIO Usage Summary (begin) ----------

Global Unused Setting: input with weak pullup

+---------------+----------+--------+----------+--------------+----------+----------------------+----------------------+-------------+
| Instance Name | Resource |  Mode  | Register | Clock Region | I/O Bank |     I/O Standard     |       Pad Name       | Package Pin |
+---------------+----------+--------+----------+--------------+----------+----------------------+----------------------+-------------+
|    btn_rst    | GPIOR_06 | input  |          |              |    2A    | 3.3 V LVTTL / LVCMOS |       GPIOR_06       |      C6     |
|      clk      | GPIOL_00 | input  |          |              |    1A    | 3.3 V LVTTL / LVCMOS |       GPIOL_00       |      G5     |
|     lcd_cs    | GPIOR_27 | output |          |              |    2B    | 3.3 V LVTTL / LVCMOS |       GPIOR_27       |      H9     |
|     lcd_dc    | GPIOR_21 | output |          |              |    2B    | 3.3 V LVTTL / LVCMOS | GPIOR_21_CLK4_CBSEL1 |      E7     |
|    lcd_mosi   | GPIOR_25 | output |          |              |    2B    | 3.3 V LVTTL / LVCMOS |       GPIOR_25       |      F5     |
|    lcd_sck    | GPIOR_20 | output |          |              |    2B    | 3.3 V LVTTL / LVCMOS |    GPIOR_20_CLK5     |      F8     |
|     led_d1    | GPIOR_12 | output |          |              |    2A    | 3.3 V LVTTL / LVCMOS |       GPIOR_12       |      C8     |
|     led_d2    | GPIOR_11 | output |          |              |    2A    | 3.3 V LVTTL / LVCMOS |       GPIOR_11       |      B8     |
|     led_d3    | GPIOR_10 | output |          |              |    2A    | 3.3 V LVTTL / LVCMOS |       GPIOR_10       |      A9     |
|     led_d4    | GPIOR_08 | output |          |              |    2A    | 3.3 V LVTTL / LVCMOS |       GPIOR_08       |      A8     |
+---------------+----------+--------+----------+--------------+----------+----------------------+----------------------+-------------+


Input GPIO Configuration:
=========================

+---------------+-----------+---------------------+-----------------+--------------+-----------------+
| Instance Name | Input Pin | Alternate Input Pin | Input Clock Pin | Pull Up/Down | Schmitt Trigger |
+---------------+-----------+---------------------+-----------------+--------------+-----------------+
|    btn_rst    |  btn_rst  |                     |                 |     none     |     Disable     |
|      clk      |    clk    |                     |                 |     none     |     Disable     |
+---------------+-----------+---------------------+-----------------+--------------+-----------------+

Output GPIO Configuration:
==========================

+---------------+------------+------------------+----------------+-----------+
| Instance Name | Output Pin | Output Clock Pin | Drive Strength | Slew Rate |
+---------------+------------+------------------+----------------+-----------+
|     lcd_cs    |   lcd_cs   |                  |       1        |  Disable  |
|     lcd_dc    |   lcd_dc   |                  |       1        |  Disable  |
|    lcd_mosi   |  lcd_mosi  |                  |       1        |  Disable  |
|    lcd_sck    |  lcd_sck   |                  |       1        |  Disable  |
|     led_d1    |   led_d1   |                  |       1        |  Disable  |
|     led_d2    |   led_d2   |                  |       1        |  Disable  |
|     led_d3    |   led_d3   |                  |       1        |  Disable  |
|     led_d4    |   led_d4   |                  |       1        |  Disable  |
+---------------+------------+------------------+----------------+-----------+

---------- GPIO Usage Summary (end) ----------

---------- 8. PLL Usage Summary (begin) ----------

No PLL was configured

---------- 9. Oscillator Usage Summary (begin) ----------

No Oscillator was configured

---------- Oscillator Usage Summary (end) ----------

---------- 10. JTAG Usage Summary (begin) ----------

No JTAG was configured

---------- JTAG Usage Summary (end) ----------
