
Efinix FPGA Placement and Routing.
Version: 2026.1.132 
Date: Thu Jun 11 03:50:22 2026

Copyright (C) 2013 - 2026 Efinix, Inc. All rights reserved.
 
Family: Trion 
Device: T8F81
Top-level Entity Name: lcd
Elapsed time for packing: 0 hours 0 minutes 0 seconds

---------- Resource Summary (begin) ----------
Inputs: 2 / 96 (2.08%)
Outputs: 4 / 223 (1.79%)
Clocks: 1 / 16 (6.25%)
Logic Elements: 2915 / 7384 (39.48%)
	LE: LUTs/Adders: 2903 / 7384 (39.31%)
	LE: Registers: 203 / 5280 (3.84%)
Memory Blocks: 0 / 24 (0.00%)
Multipliers: 0 / 8 (0.00%)
---------- Resource Summary (end) ----------


---------- IO Interface Summary (begin) ----------

+------------------------+--------------+
| Missing Interface Pins | Input/Output |
+------------------------+--------------+
|         led_d1         |    Output    |
|         led_d2         |    Output    |
|         led_d3         |    Output    |
|         led_d4         |    Output    |
+------------------------+--------------+

----------- IO Interface Summary (end) ----------

Elapsed time for placement: 0 hours 0 minutes 5 seconds
