INFO     : Efinix FPGA Bitstream Generator.
INFO     : Version: 2026.1.132 
INFO     : Copyright (C) 2013 - 2026 Efinix, Inc. All rights reserved.
INFO     : Compiled: May 29 2026.
INFO     : Using source file "H:/git/Pmod/Pmod_TFTLCD/Efinix_T8/lcd/work_pnr/lcd.lbf"
INFO     : Generating HEX programming file for device "T8F81", family "Trion"
INFO     : Using periphery source file "H:/git/Pmod/Pmod_TFTLCD/Efinix_T8/lcd/outflow/lcd.lpf"
INFO     : Generating bit file: "H:/git/Pmod/Pmod_TFTLCD/Efinix_T8/lcd/outflow/lcd.bit"
INFO     : HEX Generation Options Summary:
INFO     : 	Listing options specified to bitstream generation:
INFO     : 	spi_low_power_mode                       = on
INFO     : 	oscillator_clock_divider                 = DIV8
INFO     : 	io_weak_pullup                           = on
INFO     : Finished generating "H:/git/Pmod/Pmod_TFTLCD/Efinix_T8/lcd/outflow/lcd.hex"
INFO     : Efinix Bitstream Generator took 1.092789 seconds [FlowMsg::StageDuration]
INFO     :     Efinix Bitstream Generator took 0.65625 seconds (approximately) in total CPU time [FlowMsg::StageDuration::CPUTime]
INFO     : Efinix Bitstream Generator virtual memory usage: begin = 2.556 MB, end = 12.2 MB, delta = 9.644 MB [FlowMsg::VMUsage]
INFO     :     Efinix Bitstream Generator peak virtual memory usage = 43.824 MB [FlowMsg::VMUsage::Peak]
INFO     : Efinix Bitstream Generator resident set memory usage: begin = 8.02 MB, end = 19.852 MB, delta = 11.832 MB [FlowMsg::RSSUsage]
INFO     :     Efinix Bitstream Generator peak resident set memory usage = 49.008 MB [FlowMsg::RSSUsage::Peak]
