           
           Efinix FPGA Placement and Routing.
           Version: 2026.1.132 
           Compiled: May 29 2026.
           
           Copyright (C) 2013 - 2026 Efinix, Inc. All rights reserved.

           
           The Tool Is Based on VPR of University of Toronto,
           a free open source code under MIT license.
           
           
INFO     : Running Placement and Routing for Family "Trion", Device "T8F81" ...
           
           ***** Beginning stage netlist pre-processing ... *****
INFO     : Successfully read in VDB netlist file H:/git/Pmod/Pmod_TFTLCD/Efinix_T8/lcd/outflow/lcd.vdb [DBMsg::VdbFileRead]
INFO     : ***** Beginning VDB Netlist Checker ... *****
INFO     : VDB Netlist Checker took 0.0110746 seconds [FlowMsg::StageDuration]
INFO     :     VDB Netlist Checker took 0 seconds (approximately) in total CPU time [FlowMsg::StageDuration::CPUTime]
INFO     : VDB Netlist Checker virtual memory usage: begin = 99.296 MB, end = 99.876 MB, delta = 0.58 MB [FlowMsg::VMUsage]
INFO     :     VDB Netlist Checker peak virtual memory usage = 99.884 MB [FlowMsg::VMUsage::Peak]
INFO     : VDB Netlist Checker resident set memory usage: begin = 105.92 MB, end = 106.84 MB, delta = 0.92 MB [FlowMsg::RSSUsage]
INFO     :     VDB Netlist Checker peak resident set memory usage = 106.844 MB [FlowMsg::RSSUsage::Peak]
INFO     : ***** Ending VDB Netlist Checker ... *****
INFO     : Reading core interface constraints file "H:/git/Pmod/Pmod_TFTLCD/Efinix_T8/lcd/outflow/lcd.interface.csv" [DBMsg::CoreInterfaceConstraintsFileReading]
INFO     : Successfully read core interface constraints file "H:/git/Pmod/Pmod_TFTLCD/Efinix_T8/lcd/outflow/lcd.interface.csv" [DBMsg::CoreInterfaceConstraintsFileLoadSuccess]
INFO     : Found 0 constant generator nets [DBMsg::NetlistConstGeneratorCount]
INFO     : Pass 0: Swept away 0 nets with no fanout [DBMsg::NetlistNetsSweptThisPass]
INFO     : Pass 0: Swept away 0 blocks with no fanout [DBMsg::NetlistBlocksSweptThisPass]
INFO     : Swept away 0 nets and 0 blocks in total [DBMsg::NetlistTotalSwept]
INFO     : Removed 0 LUT buffers [DBMsg::NetlistRemovedLUTBuffers]
INFO     : Successfully read in VDB netlist file H:/git/Pmod/Pmod_TFTLCD/Efinix_T8/lcd/outflow/lcd.vdb [DBMsg::VdbFileRead]
INFO     : Netlist pre-processing took 0.0661368 seconds [FlowMsg::StageDuration]
INFO     :     Netlist pre-processing took 0.0625 seconds (approximately) in total CPU time [FlowMsg::StageDuration::CPUTime]
INFO     : Netlist pre-processing virtual memory usage: begin = 99.296 MB, end = 99.876 MB, delta = 0.58 MB [FlowMsg::VMUsage]
INFO     :     Netlist pre-processing peak virtual memory usage = 99.884 MB [FlowMsg::VMUsage::Peak]
INFO     : Netlist pre-processing resident set memory usage: begin = 105.028 MB, end = 107.328 MB, delta = 2.3 MB [FlowMsg::RSSUsage]
INFO     :     Netlist pre-processing peak resident set memory usage = 107.332 MB [FlowMsg::RSSUsage::Peak]
           ***** Ending stage netlist pre-processing *****
           
           ***** Beginning stage pre-packing ... *****
           ***** Ending stage pre-packing *****
           
           ***** Beginning stage packing ... *****
INFO     : Generate proto netlist for file "H:/git/Pmod/Pmod_TFTLCD/Efinix_T8/lcd/work_pnr\lcd.net_proto" took 0.007 seconds
INFO     : Creating IO constraints file 'H:/git/Pmod/Pmod_TFTLCD/Efinix_T8/lcd/work_pnr\lcd.io_place'
INFO     : Packing took 0.0233792 seconds [FlowMsg::StageDuration]
INFO     :     Packing took 0.03125 seconds (approximately) in total CPU time [FlowMsg::StageDuration::CPUTime]
INFO     : Packing virtual memory usage: begin = 99.876 MB, end = 99.876 MB, delta = 0 MB [FlowMsg::VMUsage]
INFO     :     Packing peak virtual memory usage = 99.884 MB [FlowMsg::VMUsage::Peak]
INFO     : Packing resident set memory usage: begin = 107.872 MB, end = 108.508 MB, delta = 0.636 MB [FlowMsg::RSSUsage]
INFO     :     Packing peak resident set memory usage = 108.512 MB [FlowMsg::RSSUsage::Peak]
           ***** Ending stage packing *****
           
INFO     : Read proto netlist file H:/git/Pmod/Pmod_TFTLCD/Efinix_T8/lcd/work_pnr\lcd.net_proto
INFO     : Read proto netlist for file "H:/git/Pmod/Pmod_TFTLCD/Efinix_T8/lcd/work_pnr\lcd.net_proto" took 0.012 seconds
INFO     : Setup net and block data structure took 0.071 seconds
INFO     : Reading core interface constraints file "H:/git/Pmod/Pmod_TFTLCD/Efinix_T8/lcd/outflow/lcd.interface.csv" [DBMsg::CoreInterfaceConstraintsFileReading]
INFO     : Successfully read core interface constraints file "H:/git/Pmod/Pmod_TFTLCD/Efinix_T8/lcd/outflow/lcd.interface.csv" [DBMsg::CoreInterfaceConstraintsFileLoadSuccess]
           ***** Beginning stage packed netlist loading ... *****
INFO     : Read proto netlist file H:/git/Pmod/Pmod_TFTLCD/Efinix_T8/lcd/work_pnr\lcd.net_proto
INFO     : Read proto netlist for file "H:/git/Pmod/Pmod_TFTLCD/Efinix_T8/lcd/work_pnr\lcd.net_proto" took 0.005 seconds
INFO     : Setup net and block data structure took 0.068 seconds
INFO     : Packed netlist loading took 0.0746128 seconds [FlowMsg::StageDuration]
INFO     :     Packed netlist loading took 0.078125 seconds (approximately) in total CPU time [FlowMsg::StageDuration::CPUTime]
INFO     : Packed netlist loading virtual memory usage: begin = 100.476 MB, end = 100.476 MB, delta = 0 MB [FlowMsg::VMUsage]
INFO     :     Packed netlist loading peak virtual memory usage = 100.484 MB [FlowMsg::VMUsage::Peak]
INFO     : Packed netlist loading resident set memory usage: begin = 111.828 MB, end = 111.852 MB, delta = 0.024 MB [FlowMsg::RSSUsage]
INFO     :     Packed netlist loading peak resident set memory usage = 111.856 MB [FlowMsg::RSSUsage::Peak]
           ***** Ending stage packed netlist loading *****
           
           ***** Beginning stage pre-placement ... *****
           
           ***** Ending stage pre-placement *****
           
WARNING  : 
Error(s) found while executing SDC file H:/git/Pmod/Pmod_TFTLCD/Efinix_T8/lcd/lcd.sdc
invalid command name "//create_clock"
    while executing
"_real_unknown //create_clock -period 40 clk"
    ("eval" body line 1)
    invoked from within
"eval _real_unknown $args"
    (procedure "::unknown" line 8)
    invoked from within
"//create_clock -period 40 clk"
    (file "H:/git/Pmod/Pmod_TFTLCD/Efinix_T8/lcd/lcd.sdc" line 1)
INFO     : SDC file 'H:/git/Pmod/Pmod_TFTLCD/Efinix_T8/lcd/lcd.sdc' is missing or does not contain any valid constraint
INFO     : Using default timing constraint of 1 ns
INFO     : SDC file 'H:/git/Pmod/Pmod_TFTLCD/Efinix_T8/lcd/lcd.sdc' parsed successfully.
           ***** Beginning stage initial placement ... *****
INFO     : Reading core interface constraints file "H:/git/Pmod/Pmod_TFTLCD/Efinix_T8/lcd/outflow/lcd.interface.csv" [DBMsg::CoreInterfaceConstraintsFileReading]
INFO     : Successfully read core interface constraints file "H:/git/Pmod/Pmod_TFTLCD/Efinix_T8/lcd/outflow/lcd.interface.csv" [DBMsg::CoreInterfaceConstraintsFileLoadSuccess]
INFO     : Writing IO placement constraints to "H:/git/Pmod/Pmod_TFTLCD/Efinix_T8/lcd/outflow\lcd.interface.io" [DBMsg::IOPlacementConstraintsFileWriting]
INFO     : Reading placement constraints from 'H:/git/Pmod/Pmod_TFTLCD/Efinix_T8/lcd/outflow\lcd.interface.io'.
INFO     : Reading placement constraints from 'H:/git/Pmod/Pmod_TFTLCD/Efinix_T8/lcd/work_pnr\lcd.io_place'.
           ***** Ending stage initial placement *****
           
           ***** Beginning stage placement ... *****
INFO     : Chip::LoadDelayLookupTable
INFO     : Starting Global Placer with 18 threads ...
            ----------     -------  --------------     -------
             Iteration       WHPWL Worst Slack (ps) Convergence
            ----------     -------  --------------     -------
INFO     :           1     5699387          -16229         0.7%
INFO     :           2     5364514          -16297         1.0%
INFO     :           3     5716048          -16346         1.4%
INFO     :           4     4795035          -16298         1.8%
INFO     :           5     2089146          -16582         2.3%
INFO     :           6     1120806          -19824         3.1%
INFO     :           7      603771          -20117         6.4%
INFO     :           8      382784          -25131        25.8%
INFO     :           9      232422          -33665        53.1%
INFO     :          10      222878          -37082        72.9%
INFO     :          11      196696          -38906        72.9%
INFO     :          12      206776          -36316        80.7%
INFO     :          13      185859          -37063        80.7%
INFO     :          14      192777          -41239        86.6%
INFO     :          15      181603          -42071        86.6%
INFO     :          16      183679          -38909        88.7%
INFO     :          17      186742          -38203        88.7%
INFO     :          18      180735          -39948        88.7%
INFO     :          19      181185          -39303        90.0%
INFO     :          20      182990          -39873        90.0%
INFO     :          21      182662          -40052        90.0%
INFO     :          22      182211          -40981        90.0%
INFO     :          23      181841          -40695        91.0%
INFO     :          24      182589          -40609        91.8%
INFO     :          25      181643          -40921        92.3%
INFO     :          26      182198          -42138        93.5%
INFO     :          27      182393          -41592        94.4%
INFO     :          28      182714          -42056        94.9%
INFO     :          29      182655          -41076        94.9%
INFO     :          30      182445          -42292        95.9%
INFO     :          31      178146          -42846        96.0%
INFO     :          32      177455          -45130        97.3%
INFO     :          33      177775          -43689        97.8%
INFO     :          34      177590          -45783        98.7%
INFO     :          35      178426          -44066        98.7%
INFO     :          36      179041          -44217        98.8%
INFO     :          37      178936          -45874        99.1%
INFO     : GP: best_placement: wpd: 40227.1
INFO     : Starting Annealer
            ----------     -------  --------------     -------
             Iteration       WHPWL  Delay Max (ps)     R Limit
            ----------     -------  --------------     -------
INFO     :           0       91661           46840        30.0
INFO     :           1       61136           45322        29.1
INFO     :           2       55933           45661        28.4
INFO     :           3       53965           43869        27.2
INFO     :           4       53449           40282        26.1
INFO     :           5       54556           41082        24.7
INFO     :           6       53081           38526        23.4
INFO     :           7       53028           38210        22.1
INFO     :           8       52814           38246        20.9
INFO     :           9       52147           35903        19.5
INFO     :          10       53363           36062        18.3
INFO     :          11       53254           36427        17.1
INFO     :          12       52048           36111        15.9
INFO     :          13       52260           35601        14.8
INFO     :          14       51688           35843        13.7
INFO     :          15       51038           35764        12.7
INFO     :          16       50724           36074        11.8
INFO     :          17       50987           35602        10.9
INFO     :          18       50579           34917        10.1
INFO     :          19       50623           35729         9.3
INFO     :          20       50632           35361         8.7
INFO     :          21       50646           35097         8.0
INFO     :          22       50848           35067         7.4
INFO     :          23       49912           34244         6.9
INFO     :          24       49090           36212         6.4
INFO     :          25       48255           36001         5.9
INFO     :          26       48121           36235         5.5
INFO     :          27       47852           34866         5.1
INFO     :          28       47818           35034         4.7
INFO     :          29       47262           34221         4.4
INFO     :          30       47165           32889         4.0
INFO     :          31       47659           35942         3.8
INFO     :          32       47613           36666         3.5
INFO     :          33       47435           36420         3.2
INFO     :          34       47276           34884         3.0
INFO     :          35       46896           36921         2.8
INFO     :          36       46671           33833         2.6
INFO     :          37       46521           34500         2.4
INFO     :          38       46556           35280         2.2
INFO     :          39       45946           35508         2.1
INFO     :          40       45504           34327         1.9
INFO     :          41       45860           35690         1.8
INFO     :          42       46337           36264         1.6
INFO     :          43       46278           36721         1.5
INFO     :          44       46035           34564         1.4
INFO     :          45       44742           36305         1.3
INFO     :          46       44404           35412         1.1
INFO     : DP: best_placement: wpd: 32058.5
INFO     : Placement successful: 3546 cells are placed
INFO     : Peak congestion smeared over 4x4 of the chip is 0.780176 at 33,102
INFO     : Peak congestion smeared over 1/16 of the chip is 0.780176 at 33,102
INFO     : Peak congestion smeared over 1/4 of the chip is 0.562118 at 36,98
INFO     : Congestion-weighted HPWL per net: 31.4925
INFO     : Reading placement constraints from 'H:/git/Pmod/Pmod_TFTLCD/Efinix_T8/lcd/outflow/lcd.qplace'.
INFO     : Finished Realigning Types (1394 blocks needed type change)
INFO     : Completed placement consistency check successfully.
INFO     : Successfully created FPGA place file 'H:/git/Pmod/Pmod_TFTLCD/Efinix_T8/lcd/outflow/lcd.place'
INFO     : Placement took 7.6243584 seconds [FlowMsg::StageDuration]
INFO     :     Placement took 15.078125 seconds (approximately) in total CPU time [FlowMsg::StageDuration::CPUTime]
INFO     : Placement virtual memory usage: begin = 100.476 MB, end = 134.856 MB, delta = 34.38 MB [FlowMsg::VMUsage]
INFO     :     Placement peak virtual memory usage = 140.316 MB [FlowMsg::VMUsage::Peak]
INFO     : Placement resident set memory usage: begin = 112.512 MB, end = 149.22 MB, delta = 36.708 MB [FlowMsg::RSSUsage]
INFO     :     Placement peak resident set memory usage = 156.34 MB [FlowMsg::RSSUsage::Peak]
           ***** Ending stage placement *****
           
