
///////////////////////////////////
// Efinity Synthesis Started 
// Jun 11, 2026 01:49:03
///////////////////////////////////

[EFX-0021 ERROR] Elaboration of module 'lcd' failed. Please check previous error messages.

///////////////////////////////////
// Efinity Synthesis Started 
// Jun 11, 2026 01:49:27
///////////////////////////////////

[EFX-0021 ERROR] Elaboration of module 'lcd' failed. Please check previous error messages.

///////////////////////////////////
// Efinity Synthesis Started 
// Jun 11, 2026 01:50:24
///////////////////////////////////


///////////////////////////////////
// Efinity Synthesis Started 
// Jun 11, 2026 02:10:41
///////////////////////////////////


///////////////////////////////////
// Efinity Synthesis Started 
// Jun 11, 2026 02:18:46
///////////////////////////////////


///////////////////////////////////
// Efinity Synthesis Started 
// Jun 11, 2026 02:20:58
///////////////////////////////////


///////////////////////////////////
// Efinity Synthesis Started 
// Jun 11, 2026 02:22:46
///////////////////////////////////


///////////////////////////////////
// Efinity Synthesis Started 
// Jun 11, 2026 02:30:15
///////////////////////////////////


///////////////////////////////////
// Efinity Synthesis Started 
// Jun 11, 2026 03:49:53
///////////////////////////////////


///////////////////////////////////
// Efinity Synthesis Started 
// Jun 11, 2026 04:03:52
///////////////////////////////////


///////////////////////////////////
// Efinity Synthesis Started 
// Jun 12, 2026 00:48:07
///////////////////////////////////


///////////////////////////////////
// Efinity Synthesis Started 
// Jun 12, 2026 00:53:29
///////////////////////////////////


///////////////////////////////////
// Efinity Synthesis Started 
// Jun 12, 2026 01:00:16
///////////////////////////////////


///////////////////////////////////
// Efinity Synthesis Started 
// Jun 12, 2026 01:21:48
///////////////////////////////////


///////////////////////////////////
// Efinity Synthesis Started 
// Jun 12, 2026 01:27:59
///////////////////////////////////


///////////////////////////////////
// Efinity Synthesis Started 
// Jun 12, 2026 01:32:36
///////////////////////////////////


///////////////////////////////////
// Efinity Synthesis Started 
// Jun 12, 2026 01:40:50
///////////////////////////////////


///////////////////////////////////
// Efinity Synthesis Started 
// Jun 12, 2026 01:59:34
///////////////////////////////////

[EFX-0010 VERI-ERROR] 'pll_inst1_CLKOUT0' is not declared (VERI-1128) (H:\git\Pmod\Pmod_TFTLCD\Efinix_T8\lcd\top.sv:18)
[EFX-0010 VERI-ERROR] 'pll_inst1_CLKOUT0' is not declared (VERI-1128) (H:\git\Pmod\Pmod_TFTLCD\Efinix_T8\lcd\top.sv:155)
[EFX-0010 VERI-ERROR] 'pll_inst1_CLKOUT0' is not declared (VERI-1128) (H:\git\Pmod\Pmod_TFTLCD\Efinix_T8\lcd\top.sv:179)
[EFX-0010 VERI-ERROR] 'pll_inst1_CLKOUT0' is not declared (VERI-1128) (H:\git\Pmod\Pmod_TFTLCD\Efinix_T8\lcd\top.sv:230)
[EFX-0010 VERI-ERROR] 'pll_inst1_CLKOUT0' is not declared (VERI-1128) (H:\git\Pmod\Pmod_TFTLCD\Efinix_T8\lcd\top.sv:254)
[EFX-0010 VERI-ERROR] 'pll_inst1_CLKOUT0' is not declared (VERI-1128) (H:\git\Pmod\Pmod_TFTLCD\Efinix_T8\lcd\top.sv:329)
[EFX-0010 VERI-ERROR] module 'top' is ignored due to previous errors (VERI-1072) (H:\git\Pmod\Pmod_TFTLCD\Efinix_T8\lcd\top.sv:493)

///////////////////////////////////
// Efinity Synthesis Started 
// Jun 12, 2026 02:00:08
///////////////////////////////////

[EFX-0010 VERI-ERROR] 'pll_inst1_CLKOUT0' is not declared (VERI-1128) (H:\git\Pmod\Pmod_TFTLCD\Efinix_T8\lcd\top.sv:18)
[EFX-0010 VERI-ERROR] 'pll_inst1_CLKOUT0' is not declared (VERI-1128) (H:\git\Pmod\Pmod_TFTLCD\Efinix_T8\lcd\top.sv:155)
[EFX-0010 VERI-ERROR] 'pll_inst1_CLKOUT0' is not declared (VERI-1128) (H:\git\Pmod\Pmod_TFTLCD\Efinix_T8\lcd\top.sv:179)
[EFX-0010 VERI-ERROR] 'pll_inst1_CLKOUT0' is not declared (VERI-1128) (H:\git\Pmod\Pmod_TFTLCD\Efinix_T8\lcd\top.sv:230)
[EFX-0010 VERI-ERROR] 'pll_inst1_CLKOUT0' is not declared (VERI-1128) (H:\git\Pmod\Pmod_TFTLCD\Efinix_T8\lcd\top.sv:254)
[EFX-0010 VERI-ERROR] 'pll_inst1_CLKOUT0' is not declared (VERI-1128) (H:\git\Pmod\Pmod_TFTLCD\Efinix_T8\lcd\top.sv:329)
[EFX-0010 VERI-ERROR] module 'top' is ignored due to previous errors (VERI-1072) (H:\git\Pmod\Pmod_TFTLCD\Efinix_T8\lcd\top.sv:493)

///////////////////////////////////
// Efinity Synthesis Started 
// Jun 12, 2026 02:00:28
///////////////////////////////////


///////////////////////////////////
// Efinity Synthesis Started 
// Jun 12, 2026 02:01:47
///////////////////////////////////


///////////////////////////////////
// Efinity Synthesis Started 
// Jun 12, 2026 02:04:24
///////////////////////////////////


///////////////////////////////////
// Efinity Synthesis Started 
// Jun 12, 2026 02:12:33
///////////////////////////////////


///////////////////////////////////
// Efinity Synthesis Started 
// Jun 12, 2026 02:19:57
///////////////////////////////////


///////////////////////////////////
// Efinity Synthesis Started 
// Jun 12, 2026 02:22:06
///////////////////////////////////


///////////////////////////////////
// Efinity Synthesis Started 
// Jun 12, 2026 02:25:08
///////////////////////////////////


///////////////////////////////////
// Efinity Synthesis Started 
// Jun 12, 2026 02:31:39
///////////////////////////////////

[EFX-0010 VERI-ERROR] 'pll_inst1_CLKOUT0' is not declared (VERI-1128) (H:\git\Pmod\Pmod_TFTLCD\Efinix_T8\lcd\top.sv:18)
[EFX-0010 VERI-ERROR] 'pll_inst1_CLKOUT0' is not declared (VERI-1128) (H:\git\Pmod\Pmod_TFTLCD\Efinix_T8\lcd\top.sv:155)
[EFX-0010 VERI-ERROR] 'pll_inst1_CLKOUT0' is not declared (VERI-1128) (H:\git\Pmod\Pmod_TFTLCD\Efinix_T8\lcd\top.sv:179)
[EFX-0010 VERI-ERROR] 'pll_inst1_CLKOUT0' is not declared (VERI-1128) (H:\git\Pmod\Pmod_TFTLCD\Efinix_T8\lcd\top.sv:230)
[EFX-0010 VERI-ERROR] 'pll_inst1_CLKOUT0' is not declared (VERI-1128) (H:\git\Pmod\Pmod_TFTLCD\Efinix_T8\lcd\top.sv:254)
[EFX-0010 VERI-ERROR] 'pll_inst1_CLKOUT0' is not declared (VERI-1128) (H:\git\Pmod\Pmod_TFTLCD\Efinix_T8\lcd\top.sv:329)
[EFX-0010 VERI-ERROR] module 'top' is ignored due to previous errors (VERI-1072) (H:\git\Pmod\Pmod_TFTLCD\Efinix_T8\lcd\top.sv:493)

///////////////////////////////////
// Efinity Synthesis Started 
// Jun 12, 2026 02:36:48
///////////////////////////////////


///////////////////////////////////
// Efinity Synthesis Started 
// Jun 12, 2026 02:39:03
///////////////////////////////////


///////////////////////////////////
// Efinity Synthesis Started 
// Jun 12, 2026 02:43:08
///////////////////////////////////


///////////////////////////////////
// Efinity Synthesis Started 
// Jun 14, 2026 00:19:32
///////////////////////////////////


///////////////////////////////////
// Efinity Synthesis Started 
// Jun 14, 2026 15:50:14
///////////////////////////////////

[EFX-0010 VERI-ERROR] syntax error near ')' (VERI-1137) (H:\git\Pmod\Pmod_TFTLCD\Efinix_T8\lcd\top.sv:34)

///////////////////////////////////
// Efinity Synthesis Started 
// Jun 14, 2026 15:51:08
///////////////////////////////////

[EFX-0010 VERI-ERROR] syntax error near ')' (VERI-1137) (H:\git\Pmod\Pmod_TFTLCD\Efinix_T8\lcd\top.sv:34)

///////////////////////////////////
// Efinity Synthesis Started 
// Jun 14, 2026 15:51:25
///////////////////////////////////

[EFX-0010 VERI-ERROR] 'clk' is not declared (VERI-1128) (H:\git\Pmod\Pmod_TFTLCD\Efinix_T8\lcd\top.sv:45)
[EFX-0010 VERI-ERROR] module 'lcd_ctrl' is ignored due to previous errors (VERI-1072) (H:\git\Pmod\Pmod_TFTLCD\Efinix_T8\lcd\top.sv:565)

///////////////////////////////////
// Efinity Synthesis Started 
// Jun 14, 2026 15:52:20
///////////////////////////////////

[EFX-0021 ERROR] Elaboration of module 'top' failed. Please check previous error messages.

///////////////////////////////////
// Efinity Synthesis Started 
// Jun 14, 2026 15:53:52
///////////////////////////////////


///////////////////////////////////
// Efinity Synthesis Started 
// Jun 14, 2026 16:12:28
///////////////////////////////////


///////////////////////////////////
// Efinity Synthesis Started 
// Jun 14, 2026 17:05:38
///////////////////////////////////


///////////////////////////////////
// Efinity Synthesis Started 
// Jun 14, 2026 17:09:33
///////////////////////////////////


///////////////////////////////////
// Efinity Synthesis Started 
// Jun 14, 2026 17:11:53
///////////////////////////////////


///////////////////////////////////
// Efinity Synthesis Started 
// Jun 14, 2026 17:21:18
///////////////////////////////////


///////////////////////////////////
// Efinity Synthesis Started 
// Jun 14, 2026 23:41:58
///////////////////////////////////

[EFX-0010 VERI-ERROR] 'is_touch_marker' is not valid in an expression (VERI-1130) (H:\git\Pmod\Pmod_TFTLCD\Efinix_T8\lcd\top.sv:38)
[EFX-0010 VERI-ERROR] module 'top' is ignored due to previous errors (VERI-1072) (H:\git\Pmod\Pmod_TFTLCD\Efinix_T8\lcd\top.sv:571)

///////////////////////////////////
// Efinity Synthesis Started 
// Jun 14, 2026 23:42:42
///////////////////////////////////


///////////////////////////////////
// Efinity Synthesis Started 
// Jun 14, 2026 23:52:03
///////////////////////////////////


///////////////////////////////////
// Efinity Synthesis Started 
// Jun 15, 2026 00:03:31
///////////////////////////////////

[EFX-0010 VERI-ERROR] syntax error near 'end' (VERI-1137) (H:\git\Pmod\Pmod_TFTLCD\Efinix_T8\lcd\touch_ctrl.v:272)
[EFX-0010 VERI-ERROR] Verilog 2000 keyword 'end' used in incorrect context (VERI-2344) (H:\git\Pmod\Pmod_TFTLCD\Efinix_T8\lcd\touch_ctrl.v:272)
[EFX-0010 VERI-ERROR] module 'touch_ctrl' is ignored due to previous errors (VERI-1072) (H:\git\Pmod\Pmod_TFTLCD\Efinix_T8\lcd\touch_ctrl.v:381)

///////////////////////////////////
// Efinity Synthesis Started 
// Jun 15, 2026 00:26:24
///////////////////////////////////

