The current time is Wed Feb 11 05:29:23 2026
CPUs=4
EXE="H:\Program Files\Renesas Electronics\Go Configure Software Hub\external\eda-placer\v23\eda-placer.exe"
BuildDir=H:\Program Files\Renesas Electronics\Go Configure Software Hub\external\eda-placer\v23
BuildPath="H:\Program Files\Renesas Electronics\Go Configure Software Hub\external\eda-placer\v23"
CWD=C:\Users\n11ak\AppData\Local\Temp\ekcJIdqq\out\minplacer\00003_pa03_00008_post
LogFile=minplacer_00003_pa03_00008.log
PrintScreen=..\_00003_pa03_stdout.txt
Command line: H:\Program Files\Renesas Electronics\Go Configure Software Hub\external\eda-placer\v23\eda-placer.exe -print_screen ..\_00003_pa03_stdout.txt -eflx_call_minplacer 00003_pa03_00008_post__out__top
	Arg[0] H:\Program Files\Renesas Electronics\Go Configure Software Hub\external\eda-placer\v23\eda-placer.exe
	Arg[1] -print_screen
	Arg[2] ..\_00003_pa03_stdout.txt
	Arg[3] -eflx_call_minplacer
	Arg[4] 00003_pa03_00008_post__out__top
Report CFG start:
            minplacer_output_clkloc = ..\..\minplacer\00003_pa03_00008_post\minplacer_clkloc.txt
           minplacer_ignore_regions = 0
    minplacer_output_vacant_lrbbloc = ..\..\minplacer\00003_pa03_00008_post\minplacer_vacant_lrbbloc.txt
             minplacer_input_rbbloc = ..\..\minplacer\00003_pa03_00007_repwl\minplacer_rbbloc.txt
          minplacer_input_timingdef = ..\..\minplacer\00003_pa03_00006_committed_nledit\minplacer.timing_def
                 minplacer_rmany_mt = 1
               minplacer_input_edif = ..\..\minplacer\00003_pa03_00006_committed_nledit\minplacer.edf
              minplacer_post_target = 665
minplacer_output_rstarting_priority = ..\..\minplacer\00003_pa03_00008_post\minplacer_finderpriority.txt
minplacer_post_path_based_slack_range = 0
          post_find_timing_no_table = 0
                               loga = minplacer_00003_pa03_00008.log
              ta_report_limit_paths = 3
              minplacer_input_rd2sm = ..\..\minplacer\00003_pa03_00002_setup\minplacer.rnode2sm_def
         minplacer_post_target_mode = 2
                            verbose = 1
       minplacer_accept_stop_signal = ..\..\minplacer\stop_all.txt
         minplacer_input_rd2sitepin = ..\..\minplacer\00003_pa03_00002_setup\minplacer.rnode2sitepin_def
minplacer_report_timing_side_effect = 0
                minplacer_post_mode = 2
            minplacer_output_rbbloc = ..\..\minplacer\00003_pa03_00008_post\minplacer_rbbloc.txt
         minplacer_pann_random_walk = 24
            minplacer_input_chipdef = ..\..\minplacer\00003_pa03_00002_setup\minplacer.chip_def
      minplacer_accept_stop_signal2 = ..\..\minplacer\stop_00003_pa03_.txt
minplacer_post_limit_near_critical_pass = 3
                eflx_call_minplacer = 00003_pa03_00008_post__out__top
                  minplacer_max_cpu = 1
          minplacer_post_limit_iter = 300
         minplacer_output_timingdef = ..\..\minplacer\00003_pa03_00008_post\minplacer.timing_def
     minplacer_print_timing_summary = 1
minplacer_ppath_skip_pipeff_as_target = 0
minplacer_ppipe_tile_boundary_detour = 1
  minplacer_post_longpathpen_weight = 1
                          qor_stats = 1
                  rfinder_use_table = 0
       minplacer_input_branchdlydef = ..\..\minplacer\00003_pa03_00006_committed_nledit\minplacer.branchdly_def
                       print_screen = ..\_00003_pa03_stdout.txt
minplacer_post_tarpos_by_sideeffect = 0
             minplacer_input_rgraph = ..\..\minplacer\00003_pa03_00002_setup\minplacer.rgraph_def
                minplacer_flow_post = 2
                     ta_report_hold = 1
          minplacer_input_clklatdef = ..\..\minplacer\00003_pa03_00006_committed_nledit\minplacer.clklat_def
Report CFG end:
PLACER_STANDALONE STARTS.
	INPUTS:
	minplacer_input_edif=..\..\minplacer\00003_pa03_00006_committed_nledit\minplacer.edf
	minplacer_input_chipdef=..\..\minplacer\00003_pa03_00002_setup\minplacer.chip_def
	minplacer_input_ramdef=<none>
	minplacer_input_timingdef=..\..\minplacer\00003_pa03_00006_committed_nledit\minplacer.timing_def
	minplacer_input_clklatdef=..\..\minplacer\00003_pa03_00006_committed_nledit\minplacer.clklat_def
	minplacer_input_rbbloc=..\..\minplacer\00003_pa03_00007_repwl\minplacer_rbbloc.txt
	minplacer_input_tilerange=<none>
	minplacer_input_nledit=<none>
	minplacer_input_rgraph=..\..\minplacer\00003_pa03_00002_setup\minplacer.rgraph_def
	minplacer_input_rd2sm=..\..\minplacer\00003_pa03_00002_setup\minplacer.rnode2sm_def
	minplacer_input_rd2sitepin=..\..\minplacer\00003_pa03_00002_setup\minplacer.rnode2sitepin_def
	minplacer_input_branchdlydef=..\..\minplacer\00003_pa03_00006_committed_nledit\minplacer.branchdly_def
	minplacer_input_ravecs=<none>
	minplacer_input_rstarting_priority=<none>
	OUTPUTS:
	minplacer_output_edif=<none>
	minplacer_output_timingdef=..\..\minplacer\00003_pa03_00008_post\minplacer.timing_def
	minplacer_output_clklatdef=<none>
	minplacer_output_rbbloc=..\..\minplacer\00003_pa03_00008_post\minplacer_rbbloc.txt
	minplacer_output_vacant_lrbbloc=..\..\minplacer\00003_pa03_00008_post\minplacer_vacant_lrbbloc.txt
	minplacer_output_clkloc=..\..\minplacer\00003_pa03_00008_post\minplacer_clkloc.txt
	minplacer_output_rteloc=<none>
	minplacer_output_tilerange=<none>
	minplacer_output_nledit=<none>
	minplacer_output_branchdlydef=<none>
	minplacer_output_ravecs=<none>
	minplacer_output_rstarting_priority=..\..\minplacer\00003_pa03_00008_post\minplacer_finderpriority.txt
pProblemIni. isNmax=0 inflat=0 mem_dump_mode=0
Set ARRAYINFO: 32x32
ARRAYINFO: locs_per_tile=[32,32] pos_interval=[10,10] boundary_penalty=[20,10] l_shift_x0,xmult,yvalue=<1,3,0> max_iob_width=4 is_x2=0 clock=<max-num=2,max-inv=1,inv-noninv-as-one=false,ram-independent=false>
SITETYPE L LAYER=L SIDE=WEST NPIN=26/14
SITETYPE l LAYER=L SIDE=WEST NPIN=26/14
SITETYPE M LAYER=M SIDE=WEST NPIN=26/14
SITETYPE m LAYER=M SIDE=WEST NPIN=26/14
SITETYPE D LAYER=DSP SIDE=WEST NPIN=238/190
SITETYPE b LAYER=IOB SIDE=WEST NPIN=4/2
SITETYPE N LAYER=NCLT SIDE=WEST NPIN=96/48
SITETYPE R LAYER=RCLT SIDE=WEST NPIN=96/48
Getting tinfo M 0 0 64/64
Skip tile size [64,64] for TILE M X64Y64. Expecting [32,32]
Getting tinfo D 0 0 64/64
Skip tile size [64,64] for TILE D X64Y64. Expecting [32,32]
Getting tinfo I 0 0 64/64
Skip tile size [64,64] for TILE I X64Y64. Expecting [32,32]
Getting tinfo N 0 0 64/64
Skip tile size [64,64] for TILE N X64Y64. Expecting [32,32]
Getting tinfo Z 0 0 64/64
Skip tile size [64,64] for TILE Z X64Y64. Expecting [32,32]
Getting tinfo M 0 0 32/32
Getting tinfo M 10 0 64/64
Skip tile size [64,64] for TILEWHITE M 10 0 X64Y64. Expecting [32,32]
Getting tinfo M 20 0 64/64
Skip tile size [64,64] for TILEWHITE M 20 0 X64Y64. Expecting [32,32]
Getting tinfo M 30 0 64/64
Skip tile size [64,64] for TILEWHITE M 30 0 X64Y64. Expecting [32,32]
Getting tinfo D 10 0 64/64
Skip tile size [64,64] for TILEWHITE D 10 0 X64Y64. Expecting [32,32]
Getting tinfo D 20 0 64/64
Skip tile size [64,64] for TILEWHITE D 20 0 X64Y64. Expecting [32,32]
Getting tinfo D 30 0 64/64
Skip tile size [64,64] for TILEWHITE D 30 0 X64Y64. Expecting [32,32]
Getting tinfo I 10 0 64/64
Skip tile size [64,64] for TILEWHITE I 10 0 X64Y64. Expecting [32,32]
Getting tinfo I 20 0 64/64
Skip tile size [64,64] for TILEWHITE I 20 0 X64Y64. Expecting [32,32]
Getting tinfo I 30 0 64/64
Skip tile size [64,64] for TILEWHITE I 30 0 X64Y64. Expecting [32,32]
Getting tinfo N 99 0 64/64
Skip tile size [64,64] for TILEWHITE N 99 0 X64Y64. Expecting [32,32]
Getting tinfo Z 99 0 64/64
Skip tile size [64,64] for TILEWHITE Z 99 0 X64Y64. Expecting [32,32]
GeometryDumpMap starts.
GeometryDumpMap ends.
GeometryDumpMap starts.
GeometryDumpMap ends.
Layer[L] has 14/10 sites, total_cap=140
Layer[M] has 4/10 sites, total_cap=40
Layer[DSP] has 0/0 sites, total_cap=0
Layer[NCLT] has 0/0 sites, total_cap=0
Layer[RCLT] has 0/0 sites, total_cap=0
Setup 40 LM mapping.
Layer[ZIOB] has 0/0 sites, total_cap=0
GeometryDumpLayers starts.
GeometryDumpLayers ends.
pProblemIni. eramclkAsClock=1
pProblemIniNetlist. skip_hifi=0, skip_pppff=2147483647
Netlist=NETLIST_top NumInst=64 NumNet=148
NumPinst=52
	DontPlace=0, NonRootRbbChainMember=10, NonRootDspChainMember=0, Const=1, ClkBuf=1
There are 64 instances. After combining instances in chains, there are 52 instances to place.
	Clock[0] OrigClock[0] net (net_index=114) clk
NumPnet=135
NumTrivial=1 NumDriverless=0
AverageFO=4.01 #HifiNet=0 AverageFO_HifiNet=0.00
NumClk=1 (with 0 inverted)
There are 135 nets in the design. Average fanout is 4.01.
There is 1 clock in the design.
NumInsts=52
Resource usages:
 Type=L: Capacity=140 Utilized=51 NumInst=41. [ChainLen=1]=36 [ChainLen=2]=1 [ChainLen=3]=3 [ChainLen=4]=1
 Type=M: Capacity=40 Utilized=0 NumInst=0.
 Type=IOB: Capacity=184 Utilized=11 NumInst=11.
Min-placement step: Detaild placement (mode=2).
POST STARTS (FINDER_DELAY)
TileRange read: File is not given. Use whole chip.
Read 62 RBB-locations from EFLX file.
Reading timing_def file ..\..\minplacer\00003_pa03_00006_committed_nledit\minplacer.timing_def
pPipeAlloc: OptMode=1 PppFfInsertDone=0 MinPipeRtDly=98 #Chain=0 AveChainLen=0.0 MaxChainLen=0 #Net=0 AveChainFan=0.0 MaxChainFan=0 #MixedZeroFan=0 Opt_UseLatency=0 OptLine_RightSlack_WorseThreshold=100
(0) INI TWL = 10720(5380, 5340) ELAPSE=0
CROSS-TILE STAT: [0]=541
PANN_TILERANGE LayerMask=40 TileRange={0,1; 0,1} RangeDivider=4 WL=10720 (5380, 5340) StartingIter=0 NumIters=1
PANN_TILERANGE  (iter=0) WL=10720 (5380, 5340) TIMESPENT=0
PANN_TILERANGE ENDS TIMESPENT=0
Long connection estimation: .............
Short connection estimation: ...........
(1) IOS-ANN TWL = 10720(5380, 5340) ELAPSE=1
[ITER=0] WNS=-11436,M=6.718 TNS=-781773 PathNumObj=2 *
[ITER=1] WNS=-10083,M=6.041 TNS=-784500 PathNumObj=3 *
[ITER=2] WNS=-9976,M=5.988 TNS=-781630 PathNumObj=4 *
[ITER=3] WNS=-9601,M=5.800 TNS=-760633 PathNumObj=3 *
[ITER=4] WNS=-9397,M=5.698 TNS=-750173 PathNumObj=3 *
[ITER=5] WNS=-9381,M=5.690 TNS=-749033 PathNumObj=3 ***&&&&&!@
[ITER=6] WNS=-9381,M=5.690 TNS=-749033 x PathNumObj=6 *
[ITER=7] WNS=-8906,M=5.453 TNS=-748558 PathNumObj=3 ***&&&&&
[ITER=8] WNS=-8891,M=5.445 TNS=-755026 PathNumObj=3 ***&&&&
[ITER=9] WNS=-8765,M=5.382 TNS=-758564 PathNumObj=2 ***&&&&&!@
[ITER=10] WNS=-8765,M=5.382 TNS=-758564 x PathNumObj=6 *
[ITER=11] WNS=-8727,M=5.363 TNS=-758526 PathNumObj=3 ***&&&&&
[ITER=12] WNS=-8696,M=5.348 TNS=-772687 PathNumObj=3 ***&
[ITER=13] WNS=-8657,M=5.328 TNS=-771024 PathNumObj=4 ***&&&&&
[ITER=14] WNS=-8655,M=5.327 TNS=-766362 PathNumObj=3 ***&&&&&!@
[ITER=15] WNS=-8655,M=5.327 TNS=-766362 x PathNumObj=5 *
[ITER=16] WNS=-8602,M=5.301 TNS=-766123 PathNumObj=4 ***&&&&&!@
[ITER=17] WNS=-8602,M=5.301 TNS=-766123 PathNumObj=4 ***&&&&&!@
[ITER=18] WNS=-8602,M=5.301 TNS=-766123 PathNumObj=4 ***&&&&&!@
[ITER=19] WNS=-8602,M=5.301 TNS=-766123 PathNumObj=4 ***&&&&&!@
[ITER=20] WNS=-8602,M=5.301 TNS=-766123 PathNumObj=4 ***&&&&&!@
[ITER=21] WNS=-8602,M=5.301 TNS=-766123 PathNumObj=4 
(2) IMPROVED TWL = 18150(9460, 8690) ELAPSE=28
(3) FIN TWL = 18150(9460, 8690) ELAPSE=28
CROSS-TILE STAT: [0]=541
Wrote 41 RBB-locations out of 41 core insts and 10 chained insts to EFLX file ..\..\minplacer\00003_pa03_00008_post\minplacer_rbbloc.txt.
Wrote 11 RBB-locations out of 11 IOB insts to EFLX file ..\..\minplacer\00003_pa03_00008_post\minplacer_rbbloc.txt.
Wrote 0 RBB-locations out of 11 INTIOB insts to EFLX file ..\..\minplacer\00003_pa03_00008_post\minplacer_rbbloc.txt.
CLOCKPLAN_INI_NETLIST: NUM_CLOCKS=1 NUM_PINSTS=52
	 #Inst/Usage        L           M         DSP       SPRAM       UPRAM       2PRAM         IOB        ZIOB        NCLT        RCLT      
	   CLOCK[ 0]*    21(   29)                                                                                                            
	   NON_CLOCK     20(   22)                                                                                                            
CLOCKPLAN_INI_GEO: NUM_TILE_SLICES=1/1
{Rsc/Util/MinThre={L=140/51/50 ,M=40/0/8 ,DSP=0/0/4 ,SPRAM=0/0/0 ,UPRAM=0/0/0 ,2PRAM=0/0/0 ,IOB=184/11/16 ,ZIOB=0/0/0 ,NCLT=0/0/0 ,RCLT=0/0/0}
CLOCKPLAN_INI_PORTLOCKS
	CLOCK[0]* port locks:
		{IX0Y0S1I0}
BuildGaps
	GAPS[0]: - -
	GAPS[1]: - -
CreateReachables:
	CLOCK[0] reachables: [0,0]
	CLOCK[0] distance: 0
AssignPorts skipped as all clocks have locked ports.
ClockPortFile ..\..\minplacer\00003_pa03_00008_post\minplacer_clkloc.txt written.

*********************************** TILE REPORT ***************************************
|------------------------|
|TILE_X0Y0               |
|#INST=52                |
|#CLK=1 #INVCLK=0        |
|#ERAM_CP    0           |
|#         0   0         |
|#           0           |
|*                       |
|sa0*                    |
|L=51,L15 C29            |
|IOB=11 C5               |
|------------------------|
CLUSTER[0] LAYER0=L TILE=[0,0] CLK=<0,-1> ERAMCLK=<51,0> REGION=<none>
 {L=51 C29 IOB=11 C5 LCHAIN=15 DCHAIN=0} #NEI=0 REACHABLES:
CLOCK[0] #LockedPort=1 #AssignedPort=0 #OutputPort=0 TX0Y0={#Cluster=1 L=51 IOB=11}
*********************************** TILE REPORT ***************************************


Placement timing:
         Clock        Group  Achievable Frequency(MHz)
--------------  -----------  -------------------------
           clk   <UDEF_clk>                    94.331 


POST ENDS
pProblemFin.
Min-placement step ends: Detaild placement (mode=2). Runtime: 0:0:35 (CPU time), 0:0:35 (real time); peak memory: 1415MB.


The current time is Wed Feb 11 05:29:58 2026



