GowinSynthesis start
Running parser ...
Analyzing Verilog file 'H:\Gowin\Gowin_V1.9.9Beta-6\IDE\ipcore\FFT\data\fft.v'
Analyzing included file 'defile.v'("H:\Gowin\Gowin_V1.9.9Beta-6\IDE\ipcore\FFT\data\fft.v":2144)
Back to file 'H:\Gowin\Gowin_V1.9.9Beta-6\IDE\ipcore\FFT\data\fft.v'("H:\Gowin\Gowin_V1.9.9Beta-6\IDE\ipcore\FFT\data\fft.v":2144)
Analyzing included file 'H:\Gowin\Gowin_V1.9.9Beta-6\IDE\ipcore\FFT\data\static_macro_define.v'("H:\Gowin\Gowin_V1.9.9Beta-6\IDE\ipcore\FFT\data\fft.v":2144)
Back to file 'H:\Gowin\Gowin_V1.9.9Beta-6\IDE\ipcore\FFT\data\fft.v'("H:\Gowin\Gowin_V1.9.9Beta-6\IDE\ipcore\FFT\data\fft.v":2144)
WARN  (EX3788) : Block identifier is required on this block("H:\Gowin\Gowin_V1.9.9Beta-6\IDE\ipcore\FFT\data\fft.v":0)
WARN  (EX2830) : Data object '**' is already declared("H:\Gowin\Gowin_V1.9.9Beta-6\IDE\ipcore\FFT\data\fft.v":0)
Previous declaration of '**' is from here("H:\Gowin\Gowin_V1.9.9Beta-6\IDE\ipcore\FFT\data\fft.v":0)
WARN  (EX3671) : Second declaration of '**' is ignored("H:\Gowin\Gowin_V1.9.9Beta-6\IDE\ipcore\FFT\data\fft.v":0)
Analyzing included file 'twRe.v'("H:\Gowin\Gowin_V1.9.9Beta-6\IDE\ipcore\FFT\data\fft.v":2144)
Back to file 'H:\Gowin\Gowin_V1.9.9Beta-6\IDE\ipcore\FFT\data\fft.v'("H:\Gowin\Gowin_V1.9.9Beta-6\IDE\ipcore\FFT\data\fft.v":2144)
Analyzing included file 'twIm.v'("H:\Gowin\Gowin_V1.9.9Beta-6\IDE\ipcore\FFT\data\fft.v":2144)
Back to file 'H:\Gowin\Gowin_V1.9.9Beta-6\IDE\ipcore\FFT\data\fft.v'("H:\Gowin\Gowin_V1.9.9Beta-6\IDE\ipcore\FFT\data\fft.v":2144)
Analyzing Verilog file 'H:\Gowin\Gowin_V1.9.9Beta-6\IDE\ipcore\FFT\data\interface.v'
Analyzing included file 'defile.v'("H:\Gowin\Gowin_V1.9.9Beta-6\IDE\ipcore\FFT\data\interface.v":1)
Back to file 'H:\Gowin\Gowin_V1.9.9Beta-6\IDE\ipcore\FFT\data\interface.v'("H:\Gowin\Gowin_V1.9.9Beta-6\IDE\ipcore\FFT\data\interface.v":1)
Analyzing included file 'H:\Gowin\Gowin_V1.9.9Beta-6\IDE\ipcore\FFT\data\static_macro_define.v'("H:\Gowin\Gowin_V1.9.9Beta-6\IDE\ipcore\FFT\data\interface.v":2)
Back to file 'H:\Gowin\Gowin_V1.9.9Beta-6\IDE\ipcore\FFT\data\interface.v'("H:\Gowin\Gowin_V1.9.9Beta-6\IDE\ipcore\FFT\data\interface.v":2)
Compiling module 'FFT_Top'("H:\Gowin\Gowin_V1.9.9Beta-6\IDE\ipcore\FFT\data\interface.v":4)
Compiling module '**'("H:\Gowin\Gowin_V1.9.9Beta-6\IDE\ipcore\FFT\data\fft.v":0)
WARN  (EX3791) : Expression size ** truncated to fit in target size **("H:\Gowin\Gowin_V1.9.9Beta-6\IDE\ipcore\FFT\data\fft.v":0)
Compiling module '**'("H:\Gowin\Gowin_V1.9.9Beta-6\IDE\ipcore\FFT\data\fft.v":0)
Compiling module '**'("H:\Gowin\Gowin_V1.9.9Beta-6\IDE\ipcore\FFT\data\fft.v":0)
Compiling module '**'("H:\Gowin\Gowin_V1.9.9Beta-6\IDE\ipcore\FFT\data\fft.v":0)
Extracting RAM for identifier '**'("H:\Gowin\Gowin_V1.9.9Beta-6\IDE\ipcore\FFT\data\fft.v":0)
Compiling module '**'("H:\Gowin\Gowin_V1.9.9Beta-6\IDE\ipcore\FFT\data\fft.v":0)
WARN  (EX3791) : Expression size ** truncated to fit in target size **("H:\Gowin\Gowin_V1.9.9Beta-6\IDE\ipcore\FFT\data\fft.v":0)
Compiling module '**'("H:\Gowin\Gowin_V1.9.9Beta-6\IDE\ipcore\FFT\data\fft.v":0)
Compiling module '**'("H:\Gowin\Gowin_V1.9.9Beta-6\IDE\ipcore\FFT\data\fft.v":0)
Extracting RAM for identifier '**'("H:\Gowin\Gowin_V1.9.9Beta-6\IDE\ipcore\FFT\data\fft.v":0)
Extracting RAM for identifier '**'("H:\Gowin\Gowin_V1.9.9Beta-6\IDE\ipcore\FFT\data\fft.v":0)
Compiling module '**'("H:\Gowin\Gowin_V1.9.9Beta-6\IDE\ipcore\FFT\data\fft.v":0)
WARN  (EX3073) : Port '**' remains unconnected for this instance("H:\Gowin\Gowin_V1.9.9Beta-6\IDE\ipcore\FFT\data\fft.v":0)
Compiling module '**'("H:\Gowin\Gowin_V1.9.9Beta-6\IDE\ipcore\FFT\data\fft.v":0)
WARN  (EX3670) : Actual bit length ** differs from formal bit length ** for port '**'("H:\Gowin\Gowin_V1.9.9Beta-6\IDE\ipcore\FFT\data\fft.v":0)
Compiling module '**'("H:\Gowin\Gowin_V1.9.9Beta-6\IDE\ipcore\FFT\data\fft.v":0)
WARN  (EX3670) : Actual bit length ** differs from formal bit length ** for port '**'("H:\Gowin\Gowin_V1.9.9Beta-6\IDE\ipcore\FFT\data\fft.v":0)
WARN  (EX3791) : Expression size ** truncated to fit in target size **("H:\Gowin\Gowin_V1.9.9Beta-6\IDE\ipcore\FFT\data\fft.v":0)
Compiling module '**'("H:\Gowin\Gowin_V1.9.9Beta-6\IDE\ipcore\FFT\data\fft.v":0)
WARN  (EX3791) : Expression size ** truncated to fit in target size **("H:\Gowin\Gowin_V1.9.9Beta-6\IDE\ipcore\FFT\data\fft.v":0)
Compiling module '**'("H:\Gowin\Gowin_V1.9.9Beta-6\IDE\ipcore\FFT\data\fft.v":0)
WARN  (EX3791) : Expression size ** truncated to fit in target size **("H:\Gowin\Gowin_V1.9.9Beta-6\IDE\ipcore\FFT\data\fft.v":0)
Compiling module '**'("H:\Gowin\Gowin_V1.9.9Beta-6\IDE\ipcore\FFT\data\fft.v":0)
WARN  (EX3791) : Expression size ** truncated to fit in target size **("H:\Gowin\Gowin_V1.9.9Beta-6\IDE\ipcore\FFT\data\fft.v":0)
NOTE  (EX0101) : Current top module is "FFT_Top"
[5%] Running netlist conversion ...
Running device independent optimization ...
[10%] Optimizing Phase 0 completed
[15%] Optimizing Phase 1 completed
[25%] Optimizing Phase 2 completed
Running inference ...
[30%] Inferring Phase 0 completed
[40%] Inferring Phase 1 completed
[50%] Inferring Phase 2 completed
[55%] Inferring Phase 3 completed
Running technical mapping ...
[60%] Tech-Mapping Phase 0 completed
[65%] Tech-Mapping Phase 1 completed
[75%] Tech-Mapping Phase 2 completed
[80%] Tech-Mapping Phase 3 completed
[90%] Tech-Mapping Phase 4 completed
[95%] Generate netlist file "H:\git\Pmod\Pmod_ADC\sample\TangPrimer9K_1ch\src\fft\temp\FFT\fft.vg" completed
Generate template file "H:\git\Pmod\Pmod_ADC\sample\TangPrimer9K_1ch\src\fft\temp\FFT\fft_tmp.v" completed
[100%] Generate report file "H:\git\Pmod\Pmod_ADC\sample\TangPrimer9K_1ch\src\fft\temp\FFT\fft_syn.rpt.html" completed
GowinSynthesis finish
