Reading netlist file: "H:\git\Pmod\fuga\Pmod_LED_fuga\impl\gwsynthesis\Pmod_LED_fuga.vg"
Parsing netlist file "H:\git\Pmod\fuga\Pmod_LED_fuga\impl\gwsynthesis\Pmod_LED_fuga.vg" completed
Processing netlist completed
Reading constraint file: "H:\git\Pmod\fuga\Pmod_LED_fuga\src\fuga_led.cst"
Physical Constraint parsed completed
Running placement......
[10%] Placement Phase 0 completed
[20%] Placement Phase 1 completed
[30%] Placement Phase 2 completed
[50%] Placement Phase 3 completed
Running routing......
[60%] Routing Phase 0 completed
[70%] Routing Phase 1 completed
[80%] Routing Phase 2 completed
[90%] Routing Phase 3 completed
Running timing analysis......
[95%] Timing analysis completed
Placement and routing completed
Bitstream generation in progress......
Bitstream generation completed
Running power analysis......
[100%] Power analysis completed
Generate file "H:\git\Pmod\fuga\Pmod_LED_fuga\impl\pnr\Pmod_LED_fuga.power.html" completed
Generate file "H:\git\Pmod\fuga\Pmod_LED_fuga\impl\pnr\Pmod_LED_fuga.pin.html" completed
Generate file "H:\git\Pmod\fuga\Pmod_LED_fuga\impl\pnr\Pmod_LED_fuga.rpt.html" completed
Generate file "H:\git\Pmod\fuga\Pmod_LED_fuga\impl\pnr\Pmod_LED_fuga.rpt.txt" completed
Generate file "H:\git\Pmod\fuga\Pmod_LED_fuga\impl\pnr\Pmod_LED_fuga.tr.html" completed
Tue Jul 11 01:18:02 2023

