Reading netlist file: "D:\Git\Pmod_Matrix2\sample\GOWIN_matrix2\impl\gwsynthesis\matrix2.vg"
Parsing netlist file "D:\Git\Pmod_Matrix2\sample\GOWIN_matrix2\impl\gwsynthesis\matrix2.vg" completed
Processing netlist completed
Reading constraint file: "D:\Git\Pmod_Matrix2\sample\GOWIN_matrix2\src\matrix2.cst"
Physical Constraint parsed completed
Running placement......
[10%] Placement Phase 0 completed
[20%] Placement Phase 1 completed
[30%] Placement Phase 2 completed
[50%] Placement Phase 3 completed
Running routing......
[60%] Routing Phase 0 completed
[70%] Routing Phase 1 completed
[80%] Routing Phase 2 completed
[90%] Routing Phase 3 completed
Running timing analysis......
[95%] Timing analysis completed
Placement and routing completed
Bitstream generation in progress......
Bitstream generation completed
Running power analysis......
[100%] Power analysis completed
Generate file "D:\Git\Pmod_Matrix2\sample\GOWIN_matrix2\impl\pnr\matrix2.power.html" completed
Generate file "D:\Git\Pmod_Matrix2\sample\GOWIN_matrix2\impl\pnr\matrix2.pin.html" completed
Generate file "D:\Git\Pmod_Matrix2\sample\GOWIN_matrix2\impl\pnr\matrix2.rpt.html" completed
Generate file "D:\Git\Pmod_Matrix2\sample\GOWIN_matrix2\impl\pnr\matrix2.rpt.txt" completed
Generate file "D:\Git\Pmod_Matrix2\sample\GOWIN_matrix2\impl\pnr\matrix2.tr.html" completed
Fri Mar 24 02:01:29 2023

