GowinSynthesis start
Running parser ...
Analyzing Verilog file 'H:\git\Pmod\Pmod_LCD096\Pmod_LCD_096\src\gowin_pll\gowin_pll.v'
Analyzing Verilog file 'H:\git\Pmod\Pmod_LCD096\Pmod_LCD_096\src\lcd_controller.v'
Analyzing Verilog file 'H:\git\Pmod\Pmod_LCD096\Pmod_LCD_096\src\top.v'
Undeclared symbol 'spi_clk', assumed default net type 'wire'("H:\git\Pmod\Pmod_LCD096\Pmod_LCD_096\src\top.v":28)
Compiling module 'top'("H:\git\Pmod\Pmod_LCD096\Pmod_LCD_096\src\top.v":5)
Compiling module 'lcd_controller'("H:\git\Pmod\Pmod_LCD096\Pmod_LCD_096\src\lcd_controller.v":6)
Extracting RAM for identifier 'init_rom'("H:\git\Pmod\Pmod_LCD096\Pmod_LCD_096\src\lcd_controller.v":114)
Extracting RAM for identifier 'init_rom2'("H:\git\Pmod\Pmod_LCD096\Pmod_LCD_096\src\lcd_controller.v":221)
Extracting RAM for identifier 'init_rom3'("H:\git\Pmod\Pmod_LCD096\Pmod_LCD_096\src\lcd_controller.v":245)
Compiling module 'Gowin_PLL'("H:\git\Pmod\Pmod_LCD096\Pmod_LCD_096\src\gowin_pll\gowin_pll.v":10)
NOTE  (EX0101) : Current top module is "top"
[5%] Running netlist conversion ...
Running device independent optimization ...
[10%] Optimizing Phase 0 completed
[15%] Optimizing Phase 1 completed
[25%] Optimizing Phase 2 completed
Running inference ...
[30%] Inferring Phase 0 completed
[40%] Inferring Phase 1 completed
[50%] Inferring Phase 2 completed
[55%] Inferring Phase 3 completed
Running technical mapping ...
[60%] Tech-Mapping Phase 0 completed
[65%] Tech-Mapping Phase 1 completed
[75%] Tech-Mapping Phase 2 completed
[80%] Tech-Mapping Phase 3 completed
[90%] Tech-Mapping Phase 4 completed
[95%] Generate netlist file "H:\git\Pmod\Pmod_LCD096\Pmod_LCD_096\impl\gwsynthesis\Pmod_LCD_096.vg" completed
[100%] Generate report file "H:\git\Pmod\Pmod_LCD096\Pmod_LCD_096\impl\gwsynthesis\Pmod_LCD_096_syn.rpt.html" completed
GowinSynthesis finish
