Reading netlist file: "C:\Git\Pmod\Pmod_SC1602\sample\Pmod_sc1602\impl\gwsynthesis\Pmod_sc1602.vg"
Parsing netlist file "C:\Git\Pmod\Pmod_SC1602\sample\Pmod_sc1602\impl\gwsynthesis\Pmod_sc1602.vg" completed
Processing netlist completed
Reading constraint file: "C:\Git\Pmod\Pmod_SC1602\sample\Pmod_sc1602\src\top.cst"
Physical Constraint parsed completed
Running placement......
[10%] Placement Phase 0 completed
[20%] Placement Phase 1 completed
[30%] Placement Phase 2 completed
[50%] Placement Phase 3 completed
Running routing......
[60%] Routing Phase 0 completed
[70%] Routing Phase 1 completed
[80%] Routing Phase 2 completed
[90%] Routing Phase 3 completed
Running timing analysis......
[95%] Timing analysis completed
Placement and routing completed
Bitstream generation in progress......
Bitstream generation completed
Running power analysis......
[100%] Power analysis completed
Generate file "C:\Git\Pmod\Pmod_SC1602\sample\Pmod_sc1602\impl\pnr\Pmod_sc1602.power.html" completed
Generate file "C:\Git\Pmod\Pmod_SC1602\sample\Pmod_sc1602\impl\pnr\Pmod_sc1602.pin.html" completed
Generate file "C:\Git\Pmod\Pmod_SC1602\sample\Pmod_sc1602\impl\pnr\Pmod_sc1602.rpt.html" completed
Generate file "C:\Git\Pmod\Pmod_SC1602\sample\Pmod_sc1602\impl\pnr\Pmod_sc1602.rpt.txt" completed
Generate file "C:\Git\Pmod\Pmod_SC1602\sample\Pmod_sc1602\impl\pnr\Pmod_sc1602.tr.html" completed
Mon Dec  2 21:51:55 2024

