Reading netlist file: "H:\git\Pmod\Pmod_PLED2\sample\Pmod_PowerLED\impl\gwsynthesis\Pmod_PowerLED.vg"
Parsing netlist file "H:\git\Pmod\Pmod_PLED2\sample\Pmod_PowerLED\impl\gwsynthesis\Pmod_PowerLED.vg" completed
Processing netlist completed
Reading constraint file: "H:\git\Pmod\Pmod_PLED2\sample\Pmod_PowerLED\src\top.cst"
Physical Constraint parsed completed
Running placement......
[10%] Placement Phase 0 completed
[20%] Placement Phase 1 completed
[30%] Placement Phase 2 completed
WARN  (TA1132) :  'tck_pad_i' was determined to be a clock but was not created.
[50%] Placement Phase 3 completed
Running routing......
[60%] Routing Phase 0 completed
[70%] Routing Phase 1 completed
[80%] Routing Phase 2 completed
WARN  (PR1014) : Generic routing resource will be used to clock signal 'sys_clk_d' by the specified constraint. And then it may lead to the excessive delay or skew
[90%] Routing Phase 3 completed
Running timing analysis......
[95%] Timing analysis completed
Placement and routing completed
Bitstream generation in progress......
Bitstream generation completed
Running power analysis......
[100%] Power analysis completed
Generate file "H:\git\Pmod\Pmod_PLED2\sample\Pmod_PowerLED\impl\pnr\Pmod_PowerLED.power.html" completed
Generate file "H:\git\Pmod\Pmod_PLED2\sample\Pmod_PowerLED\impl\pnr\Pmod_PowerLED.pin.html" completed
Generate file "H:\git\Pmod\Pmod_PLED2\sample\Pmod_PowerLED\impl\pnr\Pmod_PowerLED.rpt.html" completed
Generate file "H:\git\Pmod\Pmod_PLED2\sample\Pmod_PowerLED\impl\pnr\Pmod_PowerLED.rpt.txt" completed
Generate file "H:\git\Pmod\Pmod_PLED2\sample\Pmod_PowerLED\impl\pnr\Pmod_PowerLED.tr.html" completed
Sat Nov 22 21:52:49 2025

