GowinSynthesis start
Running parser ...
Analyzing Verilog file 'H:\git\Pmod\Pmod_encoder\sample\TangPrimer25K_Veryl\rotary_encoder\Veryl_rotaryEncoder\src\top.sv'
Compiling module 'rotary_encoder_Top'("H:\git\Pmod\Pmod_encoder\sample\TangPrimer25K_Veryl\rotary_encoder\Veryl_rotaryEncoder\src\top.sv":1)
WARN  (EX3791) : Expression size 16 truncated to fit in target size 15("H:\git\Pmod\Pmod_encoder\sample\TangPrimer25K_Veryl\rotary_encoder\Veryl_rotaryEncoder\src\top.sv":66)
WARN  (EX3791) : Expression size 5 truncated to fit in target size 4("H:\git\Pmod\Pmod_encoder\sample\TangPrimer25K_Veryl\rotary_encoder\Veryl_rotaryEncoder\src\top.sv":116)
WARN  (EX3791) : Expression size 5 truncated to fit in target size 4("H:\git\Pmod\Pmod_encoder\sample\TangPrimer25K_Veryl\rotary_encoder\Veryl_rotaryEncoder\src\top.sv":119)
WARN  (EX3791) : Expression size 5 truncated to fit in target size 4("H:\git\Pmod\Pmod_encoder\sample\TangPrimer25K_Veryl\rotary_encoder\Veryl_rotaryEncoder\src\top.sv":122)
WARN  (EX3791) : Expression size 5 truncated to fit in target size 4("H:\git\Pmod\Pmod_encoder\sample\TangPrimer25K_Veryl\rotary_encoder\Veryl_rotaryEncoder\src\top.sv":125)
WARN  (EX3791) : Expression size 5 truncated to fit in target size 4("H:\git\Pmod\Pmod_encoder\sample\TangPrimer25K_Veryl\rotary_encoder\Veryl_rotaryEncoder\src\top.sv":128)
WARN  (EX3791) : Expression size 5 truncated to fit in target size 4("H:\git\Pmod\Pmod_encoder\sample\TangPrimer25K_Veryl\rotary_encoder\Veryl_rotaryEncoder\src\top.sv":131)
WARN  (EX3791) : Expression size 32 truncated to fit in target size 4("H:\git\Pmod\Pmod_encoder\sample\TangPrimer25K_Veryl\rotary_encoder\Veryl_rotaryEncoder\src\top.sv":147)
WARN  (EX3791) : Expression size 32 truncated to fit in target size 4("H:\git\Pmod\Pmod_encoder\sample\TangPrimer25K_Veryl\rotary_encoder\Veryl_rotaryEncoder\src\top.sv":150)
WARN  (EX3791) : Expression size 32 truncated to fit in target size 4("H:\git\Pmod\Pmod_encoder\sample\TangPrimer25K_Veryl\rotary_encoder\Veryl_rotaryEncoder\src\top.sv":153)
WARN  (EX3791) : Expression size 32 truncated to fit in target size 4("H:\git\Pmod\Pmod_encoder\sample\TangPrimer25K_Veryl\rotary_encoder\Veryl_rotaryEncoder\src\top.sv":156)
WARN  (EX3791) : Expression size 32 truncated to fit in target size 4("H:\git\Pmod\Pmod_encoder\sample\TangPrimer25K_Veryl\rotary_encoder\Veryl_rotaryEncoder\src\top.sv":159)
WARN  (EX3791) : Expression size 32 truncated to fit in target size 4("H:\git\Pmod\Pmod_encoder\sample\TangPrimer25K_Veryl\rotary_encoder\Veryl_rotaryEncoder\src\top.sv":162)
WARN  (EX3791) : Expression size 4 truncated to fit in target size 3("H:\git\Pmod\Pmod_encoder\sample\TangPrimer25K_Veryl\rotary_encoder\Veryl_rotaryEncoder\src\top.sv":177)
WARN  (EX3791) : Expression size 15 truncated to fit in target size 14("H:\git\Pmod\Pmod_encoder\sample\TangPrimer25K_Veryl\rotary_encoder\Veryl_rotaryEncoder\src\top.sv":180)
NOTE  (EX0101) : Current top module is "rotary_encoder_Top"
[5%] Running netlist conversion ...
Running device independent optimization ...
[10%] Optimizing Phase 0 completed
[15%] Optimizing Phase 1 completed
[25%] Optimizing Phase 2 completed
Running inference ...
[30%] Inferring Phase 0 completed
[40%] Inferring Phase 1 completed
[50%] Inferring Phase 2 completed
[55%] Inferring Phase 3 completed
Running technical mapping ...
[60%] Tech-Mapping Phase 0 completed
[65%] Tech-Mapping Phase 1 completed
[75%] Tech-Mapping Phase 2 completed
[80%] Tech-Mapping Phase 3 completed
[90%] Tech-Mapping Phase 4 completed
[95%] Generate netlist file "H:\git\Pmod\Pmod_encoder\sample\TangPrimer25K_Veryl\rotary_encoder\Veryl_rotaryEncoder\impl\gwsynthesis\Veryl_rotaryEncoder.vg" completed
[100%] Generate report file "H:\git\Pmod\Pmod_encoder\sample\TangPrimer25K_Veryl\rotary_encoder\Veryl_rotaryEncoder\impl\gwsynthesis\Veryl_rotaryEncoder_syn.rpt.html" completed
GowinSynthesis finish
