Timing Summary
==============

   POST-ROUTE

         Group  No. Clocks  No. Clock Pairs  WNS(ps)  TNS(ps)  TNS Endpoints      
   -----------  ----------  ---------------  -------  -------  -------------      
    <UDEF_clk>           1                1    -6913  -206787             74      
   <UDEF_clk0>           1                1    -8755  -250999             66      




Clocks
======

            Clock    Clock net        Group  Constrained Period(ps)      Waveform(ps)   Achievable Period(ps)  Achievable Frequency(MHz)
   --------------  -----------  -----------  ----------------------  -----------------  ---------------------  -------------------------
              clk          clk   <UDEF_clk>           (auto) 2000            (0,1000)                   8912                    112.208 
             clk0         clk0  <UDEF_clk0>           (auto) 2000            (0,1000)                  10754                     92.989 




Clock Relationships
===================

       From Clock        To Clock               Group    Endpoints     WNS(ps)    TNS(ps)  TNS Endpoints
   --------------  --------------  ------------------  -----------  ----------  ---------  -------------
              clk             clk          <UDEF_clk>           74       -6913    -206787             74
             clk0            clk0         <UDEF_clk0>           66       -8755    -250999             66




Timing Details for Clock Pair clk and clk
=========================================

       From Clock        To Clock               Group    Endpoints     WNS(ps)    TNS(ps)  TNS Endpoints
   --------------  --------------  ------------------  -----------  ----------  ---------  -------------
              clk             clk          <UDEF_clk>           74       -6913    -206787             74

Path 16:
   Slack (not met):                         -6913ps
     Path type:                               SETUP
     Group:                              <UDEF_clk>
     Launching clock:                           clk (rising edge)
     Capturing clock:                           clk (rising edge)

     Requested period:                       2000ps
   + Delay of the capturing clock:           2330ps
   - Clock uncertainty:                       150ps
   = Required time:                          4180ps
   - Propagation time:                       8792ps (55.6% logic, 44.4% route, logic stage 6)
   - Delay of the launching clock:           2301ps
   = Slack:                                 -6913ps

   Instance/Pin or Net Name                                           Type         ID    Location or Fanout   Delay(ps)  Edge  Arrival Time(ps)    Instance detail                                                         
   --------------------------------------------------------------------------------------------------------------------------------------------------------------------------------------------------------------------------
   clk                                                                CLOCK-PORT    -                     -     launch     r               0                                                                               
   clk                                                                Clock net   108          (fanout=269)       2301                     -                                                                               
   RBB_16/CLK                                                         RBB_6L       16  [TILE 0 0, RBB 19 4]          -     r            2301                                                                               
   --------------------------------------------------------------------------------------------------------------------------------------------------------------------------------------------------------------------------
   RBB_16/BQ                                                          RBB_6L       16  [TILE 0 0, RBB 19 4]        800     r            3101     {inst104: $auto$ff.cc:266:slice$2007 (FDR,site=bff)}                      
   timer_inst.timer_counter[1]                                        Net         167            (fanout=2)       1410                     -                                                                               
   RBB_16/D4                                                          RBB_6L       16  [TILE 0 0, RBB 19 4]          -     r            4511                                                                               
   RBB_16/DMUX                                                        RBB_6L       16  [TILE 0 0, RBB 19 4]        608     r            5119     {inst27: $abc$44346$lut$aiger44345$141 (LUT,site=dluto)}                  
   $techmap44366$abc$44346$lut$aiger44345$145.A[4]                    Net          12            (fanout=1)        960                     -                                                                               
   RBB_29/D5                                                          RBB_6L       29  [TILE 0 0, RBB 19 6]          -     r            6079                                                                               
   RBB_29/D                                                           RBB_6L       29  [TILE 0 0, RBB 19 6]       1091     r            7170     {inst28: $abc$44346$lut$aiger44345$145 (LUT,site=dlut)}                   
   $techmap44367$abc$44346$lut$auto$rtlil.cc:2660:NotGate$41608.A[3]  Net         141            (fanout=1)        634                     -                                                                               
   RBB_29/C4                                                          RBB_6L       29  [TILE 0 0, RBB 19 6]          -     r            7804                                                                               
   RBB_29/C                                                           RBB_6L       29  [TILE 0 0, RBB 19 6]       1065     r            8869     {inst82: $abc$44346$lut$auto$rtlil.cc:2660:NotGate$41608 (LUT,site=clut)} 
   $abc$44346$auto$rtlil.cc:2660:NotGate$41608                        Net           4            (fanout=1)        899                     -                                                                               
   RBB_16/A6                                                          RBB_6L       16  [TILE 0 0, RBB 19 4]          -     r            9768                                                                               
   RBB_16/SRout                                                       RBB_6L       16  [TILE 0 0, RBB 19 4]          2     r            9770                                                                               
   $abc$44346$auto$rtlil.cc:2660:NotGate$41608                        Net           4            (fanout=1)          0                     -                                                                               
   RBB_17/SRin                                                        RBB_6L       17  [TILE 0 0, RBB 22 4]          -     r            9770                                                                               
   RBB_17/SRout                                                       RBB_6L       17  [TILE 0 0, RBB 22 4]          2     r            9772                                                                               
   $abc$44346$auto$rtlil.cc:2660:NotGate$41608                        Net           4            (fanout=1)          0                     -                                                                               
   RBB_18/SRin                                                        RBB_6L       18  [TILE 0 0, RBB 25 4]          -     r            9772     {<SR>inst114: $auto$ff.cc:266:slice$2017 (FDR,site=dff)}                  
   --------------------------------------------------------------------------------------------------------------------------------------------------------------------------------------------------------------------------
   RBB_18/CLK                                                         RBB_6L       18  [TILE 0 0, RBB 25 4]       1321     r           11093                                                                               
   clk                                                                Clock net   108          (fanout=269)      -2330                     -                                                                               
   clk                                                                CLOCK-PORT    -                     -    capture     r            8763                                                                               
   --------------------------------------------------------------------------------------------------------------------------------------------------------------------------------------------------------------------------


Path 17:
   Slack (not met):                         -6880ps
     Path type:                               SETUP
     Group:                              <UDEF_clk>
     Launching clock:                           clk (rising edge)
     Capturing clock:                           clk (rising edge)

     Requested period:                       2000ps
   + Delay of the capturing clock:           2314ps
   - Clock uncertainty:                       150ps
   = Required time:                          4164ps
   - Propagation time:                       8743ps (55.4% logic, 44.6% route, logic stage 5)
   - Delay of the launching clock:           2301ps
   = Slack:                                 -6880ps

   Instance/Pin or Net Name                                           Type         ID    Location or Fanout   Delay(ps)  Edge  Arrival Time(ps)    Instance detail                                                         
   --------------------------------------------------------------------------------------------------------------------------------------------------------------------------------------------------------------------------
   clk                                                                CLOCK-PORT    -                     -     launch     r               0                                                                               
   clk                                                                Clock net   108          (fanout=269)       2301                     -                                                                               
   RBB_16/CLK                                                         RBB_6L       16  [TILE 0 0, RBB 19 4]          -     r            2301                                                                               
   --------------------------------------------------------------------------------------------------------------------------------------------------------------------------------------------------------------------------
   RBB_16/BQ                                                          RBB_6L       16  [TILE 0 0, RBB 19 4]        800     r            3101     {inst104: $auto$ff.cc:266:slice$2007 (FDR,site=bff)}                      
   timer_inst.timer_counter[1]                                        Net         167            (fanout=2)       1410                     -                                                                               
   RBB_16/D4                                                          RBB_6L       16  [TILE 0 0, RBB 19 4]          -     r            4511                                                                               
   RBB_16/DMUX                                                        RBB_6L       16  [TILE 0 0, RBB 19 4]        608     r            5119     {inst27: $abc$44346$lut$aiger44345$141 (LUT,site=dluto)}                  
   $techmap44366$abc$44346$lut$aiger44345$145.A[4]                    Net          12            (fanout=1)        960                     -                                                                               
   RBB_29/D5                                                          RBB_6L       29  [TILE 0 0, RBB 19 6]          -     r            6079                                                                               
   RBB_29/D                                                           RBB_6L       29  [TILE 0 0, RBB 19 6]       1091     r            7170     {inst28: $abc$44346$lut$aiger44345$145 (LUT,site=dlut)}                   
   $techmap44367$abc$44346$lut$auto$rtlil.cc:2660:NotGate$41608.A[3]  Net         141            (fanout=1)        634                     -                                                                               
   RBB_29/C4                                                          RBB_6L       29  [TILE 0 0, RBB 19 6]          -     r            7804                                                                               
   RBB_29/C                                                           RBB_6L       29  [TILE 0 0, RBB 19 6]       1065     r            8869     {inst82: $abc$44346$lut$auto$rtlil.cc:2660:NotGate$41608 (LUT,site=clut)} 
   $abc$44346$auto$rtlil.cc:2660:NotGate$41608                        Net           4            (fanout=1)        899                     -                                                                               
   RBB_16/A6                                                          RBB_6L       16  [TILE 0 0, RBB 19 4]          -     r            9768                                                                               
   RBB_16/SRout                                                       RBB_6L       16  [TILE 0 0, RBB 19 4]          2     r            9770                                                                               
   $abc$44346$auto$rtlil.cc:2660:NotGate$41608                        Net           4            (fanout=1)          0                     -                                                                               
   RBB_17/SRin                                                        RBB_6L       17  [TILE 0 0, RBB 22 4]          -     r            9770     {<SR>inst109: $auto$ff.cc:266:slice$2012 (FDR,site=cff)}                  
   --------------------------------------------------------------------------------------------------------------------------------------------------------------------------------------------------------------------------
   RBB_17/CLK                                                         RBB_6L       17  [TILE 0 0, RBB 22 4]       1274     r           11044                                                                               
   clk                                                                Clock net   108          (fanout=269)      -2314                     -                                                                               
   clk                                                                CLOCK-PORT    -                     -    capture     r            8730                                                                               
   --------------------------------------------------------------------------------------------------------------------------------------------------------------------------------------------------------------------------


Path 18:
   Slack (not met):                         -6871ps
     Path type:                               SETUP
     Group:                              <UDEF_clk>
     Launching clock:                           clk (rising edge)
     Capturing clock:                           clk (rising edge)

     Requested period:                       2000ps
   + Delay of the capturing clock:           2327ps
   - Clock uncertainty:                       150ps
   = Required time:                          4177ps
   - Propagation time:                       8747ps (55.4% logic, 44.6% route, logic stage 7)
   - Delay of the launching clock:           2301ps
   = Slack:                                 -6871ps

   Instance/Pin or Net Name                                           Type         ID    Location or Fanout   Delay(ps)  Edge  Arrival Time(ps)    Instance detail                                                         
   --------------------------------------------------------------------------------------------------------------------------------------------------------------------------------------------------------------------------
   clk                                                                CLOCK-PORT    -                     -     launch     r               0                                                                               
   clk                                                                Clock net   108          (fanout=269)       2301                     -                                                                               
   RBB_16/CLK                                                         RBB_6L       16  [TILE 0 0, RBB 19 4]          -     r            2301                                                                               
   --------------------------------------------------------------------------------------------------------------------------------------------------------------------------------------------------------------------------
   RBB_16/BQ                                                          RBB_6L       16  [TILE 0 0, RBB 19 4]        800     r            3101     {inst104: $auto$ff.cc:266:slice$2007 (FDR,site=bff)}                      
   timer_inst.timer_counter[1]                                        Net         167            (fanout=2)       1410                     -                                                                               
   RBB_16/D4                                                          RBB_6L       16  [TILE 0 0, RBB 19 4]          -     r            4511                                                                               
   RBB_16/DMUX                                                        RBB_6L       16  [TILE 0 0, RBB 19 4]        608     r            5119     {inst27: $abc$44346$lut$aiger44345$141 (LUT,site=dluto)}                  
   $techmap44366$abc$44346$lut$aiger44345$145.A[4]                    Net          12            (fanout=1)        960                     -                                                                               
   RBB_29/D5                                                          RBB_6L       29  [TILE 0 0, RBB 19 6]          -     r            6079                                                                               
   RBB_29/D                                                           RBB_6L       29  [TILE 0 0, RBB 19 6]       1091     r            7170     {inst28: $abc$44346$lut$aiger44345$145 (LUT,site=dlut)}                   
   $techmap44367$abc$44346$lut$auto$rtlil.cc:2660:NotGate$41608.A[3]  Net         141            (fanout=1)        634                     -                                                                               
   RBB_29/C4                                                          RBB_6L       29  [TILE 0 0, RBB 19 6]          -     r            7804                                                                               
   RBB_29/C                                                           RBB_6L       29  [TILE 0 0, RBB 19 6]       1065     r            8869     {inst82: $abc$44346$lut$auto$rtlil.cc:2660:NotGate$41608 (LUT,site=clut)} 
   $abc$44346$auto$rtlil.cc:2660:NotGate$41608                        Net           4            (fanout=1)        899                     -                                                                               
   RBB_16/A6                                                          RBB_6L       16  [TILE 0 0, RBB 19 4]          -     r            9768                                                                               
   RBB_16/SRout                                                       RBB_6L       16  [TILE 0 0, RBB 19 4]          2     r            9770                                                                               
   $abc$44346$auto$rtlil.cc:2660:NotGate$41608                        Net           4            (fanout=1)          0                     -                                                                               
   RBB_17/SRin                                                        RBB_6L       17  [TILE 0 0, RBB 22 4]          -     r            9770                                                                               
   RBB_17/SRout                                                       RBB_6L       17  [TILE 0 0, RBB 22 4]          2     r            9772                                                                               
   $abc$44346$auto$rtlil.cc:2660:NotGate$41608                        Net           4            (fanout=1)          0                     -                                                                               
   RBB_18/SRin                                                        RBB_6L       18  [TILE 0 0, RBB 25 4]          -     r            9772                                                                               
   RBB_18/SRout                                                       RBB_6L       18  [TILE 0 0, RBB 25 4]          2     r            9774                                                                               
   $abc$44346$auto$rtlil.cc:2660:NotGate$41608                        Net           4            (fanout=1)          0                     -                                                                               
   RBB_19/SRin                                                        RBB_6L       19  [TILE 0 0, RBB 28 4]          -     r            9774     {<SR>inst117: $auto$ff.cc:266:slice$2020 (FDR,site=cff)}                  
   --------------------------------------------------------------------------------------------------------------------------------------------------------------------------------------------------------------------------
   RBB_19/CLK                                                         RBB_6L       19  [TILE 0 0, RBB 28 4]       1274     r           11048                                                                               
   clk                                                                Clock net   108          (fanout=269)      -2327                     -                                                                               
   clk                                                                CLOCK-PORT    -                     -    capture     r            8721                                                                               
   --------------------------------------------------------------------------------------------------------------------------------------------------------------------------------------------------------------------------






Timing Details for Clock Pair clk0 and clk0
===========================================

       From Clock        To Clock               Group    Endpoints     WNS(ps)    TNS(ps)  TNS Endpoints
   --------------  --------------  ------------------  -----------  ----------  ---------  -------------
             clk0            clk0         <UDEF_clk0>           66       -8755    -250999             66

Path 24:
   Slack (not met):                         -8755ps
     Path type:                               SETUP
     Group:                             <UDEF_clk0>
     Launching clock:                          clk0 (rising edge)
     Capturing clock:                          clk0 (rising edge)

     Requested period:                       2000ps
   + Delay of the capturing clock:           2556ps
   - Clock uncertainty:                       150ps
   = Required time:                          4406ps
   - Propagation time:                      10663ps (49.3% logic, 50.7% route, logic stage 5)
   - Delay of the launching clock:           2498ps
   = Slack:                                 -8755ps

   Instance/Pin or Net Name                                    Type         ID     Location or Fanout   Delay(ps)  Edge  Arrival Time(ps)    Instance detail                                                                              
   -----------------------------------------------------------------------------------------------------------------------------------------------------------------------------------------------------------------------------------------
   clk0                                                        CLOCK-PORT    -                      -     launch     r               0                                                                                                    
   clk0                                                        Clock net    81           (fanout=257)       2498                     -                                                                                                    
   RBB_22/CLK                                                  RBB_6L       22  [TILE 0 0, RBB 25 20]          -     r            2498                                                                                                    
   -----------------------------------------------------------------------------------------------------------------------------------------------------------------------------------------------------------------------------------------
   RBB_22/AQ                                                   RBB_6L       22  [TILE 0 0, RBB 25 20]        800     r            3298     {inst121: $auto$ff.cc:266:slice$2532 (FD,site=aff)}                                            
   address[1]                                                  Net          99            (fanout=16)       2190                     -                                                                                                    
   RBB_32/C1                                                   RBB_6L       32   [TILE 0 0, RBB 25 6]          -     r            5488                                                                                                    
   RBB_32/C                                                    RBB_6L       32   [TILE 0 0, RBB 25 6]       1272     r            6760     {inst55: $abc$44346$lut$aiger44345$425 (LUT,site=clut)}                                        
   $techmap44382$abc$44346$lut$aiger44345$430.A[4]             Net          69             (fanout=1)        543                     -                                                                                                    
   RBB_32/D4                                                   RBB_6L       32   [TILE 0 0, RBB 25 6]          -     r            7303                                                                                                    
   RBB_32/D                                                    RBB_6L       32   [TILE 0 0, RBB 25 6]       1062     r            8365     {inst56: $abc$44346$lut$aiger44345$430 (LUT,site=dlut)}                                        
   $techmap44387$abc$44346$lut$aiger44345$517.A[5]             Net         148             (fanout=1)       1284                     -                                                                                                    
   RBB_30/C2                                                   RBB_6L       30  [TILE 0 0, RBB 28 10]          -     r            9649                                                                                                    
   RBB_30/C                                                    RBB_6L       30  [TILE 0 0, RBB 28 10]        618     r           10267     {inst61: $abc$44346$lut$aiger44345$517 (LUT,site=clut,cluto)}                                  
   $techmap44389$auto$abc9_ops.cc:1550:reintegrate$44348.A[2]  Net         118             (fanout=1)        633                     -                                                                                                    
   RBB_30/D3                                                   RBB_6L       30  [TILE 0 0, RBB 28 10]          -     r           10900                                                                                                    
   RBB_30/D                                                    RBB_6L       30  [TILE 0 0, RBB 28 10]        703     r           11603     {inst89: $auto$abc9_ops.cc:1550:reintegrate$44348 (LUT,site=dlut)}                             
   $abc$44346$procmux$1359_Y                                   Net         123             (fanout=1)        758                     -                                                                                                    
   RBB_3/O[0]                                                  IOB           3   [TILE 0 0, RBB 31 8]          -     r           12361     {inst134: $auto$ff.cc:266:slice$2547 (FDE)} {(output_port) inst153: g_153_COL_Green_obuf (IO)} 
   -----------------------------------------------------------------------------------------------------------------------------------------------------------------------------------------------------------------------------------------
   RBB_3/CLK                                                   IOB           3   [TILE 0 0, RBB 31 8]        800     r           13161                                                                                                    
   clk0                                                        Clock net    81           (fanout=257)      -2556                     -                                                                                                    
   clk0                                                        CLOCK-PORT    -                      -    capture     r           10605                                                                                                    
   -----------------------------------------------------------------------------------------------------------------------------------------------------------------------------------------------------------------------------------------


Path 5:
   Slack (not met):                         -8690ps
     Path type:                               SETUP
     Group:                             <UDEF_clk0>
     Launching clock:                          clk0 (rising edge)
     Capturing clock:                          clk0 (rising edge)

     Requested period:                       2000ps
   + Delay of the capturing clock:           2521ps
   - Clock uncertainty:                       150ps
   = Required time:                          4371ps
   - Propagation time:                      10583ps (42.8% logic, 57.2% route, logic stage 4)
   - Delay of the launching clock:           2478ps
   = Slack:                                 -8690ps

   Instance/Pin or Net Name                                    Type         ID     Location or Fanout   Delay(ps)  Edge  Arrival Time(ps)    Instance detail                                                                        
   -----------------------------------------------------------------------------------------------------------------------------------------------------------------------------------------------------------------------------------
   clk0                                                        CLOCK-PORT    -                      -     launch     r               0                                                                                              
   clk0                                                        Clock net    81           (fanout=257)       2478                     -                                                                                              
   RBB_26/CLK                                                  RBB_6L       26  [TILE 0 0, RBB 19 12]          -     r            2478                                                                                              
   -----------------------------------------------------------------------------------------------------------------------------------------------------------------------------------------------------------------------------------
   RBB_26/DQ                                                   RBB_6L       26  [TILE 0 0, RBB 19 12]        800     r            3278     {inst138: $auto$ff.cc:266:slice$2551 (FDE,site=dff)}                                     
   columnCounter[0]                                            Net          86             (fanout=4)       1206                     -                                                                                              
   RBB_14/A1                                                   RBB_6L       14  [TILE 0 0, RBB 19 14]          -     r            4484                                                                                              
   RBB_14/BQ                                                   RBB_6L       14  [TILE 0 0, RBB 19 14]       1276     r            5760     {inst95: $auto$alumacc.cc:485:replace_alu$1579.genblk1.slice[0].genblk1.carry4 (CARRY4)} 
   $auto$alumacc.cc:485:replace_alu$1579.Y[1]                  Net         198             (fanout=3)       1891                     -                                                                                              
   RBB_22/B5                                                   RBB_6L       22  [TILE 0 0, RBB 25 20]          -     r            7651                                                                                              
   RBB_22/DMUX                                                 RBB_6L       22  [TILE 0 0, RBB 25 20]       1309     r            8960     {inst144: $auto$maccmap.cc:240:synth$2100.genblk1.slice[0].genblk1.carry4 (CARRY4)}      
   $techmap44383$auto$abc9_ops.cc:1550:reintegrate$44350.A[1]  Net          40             (fanout=2)       1179                     -                                                                                              
   RBB_20/A2                                                   RBB_6L       20  [TILE 0 0, RBB 25 16]          -     r           10139                                                                                              
   RBB_20/A                                                    RBB_6L       20  [TILE 0 0, RBB 25 16]        763     r           10902     {inst91: $auto$abc9_ops.cc:1550:reintegrate$44350 (LUT,site=alut)}                       
   $auto$alumacc.cc:485:replace_alu$1585.Y[0]                  Net         157             (fanout=1)       1779                     -                                                                                              
   RBB_25/C6                                                   RBB_6L       25  [TILE 0 0, RBB 25 12]          -     r           12681     {inst124: $auto$ff.cc:266:slice$2535 (FD,site=cff)}                                      
   -----------------------------------------------------------------------------------------------------------------------------------------------------------------------------------------------------------------------------------
   RBB_25/CLK                                                  RBB_6L       25  [TILE 0 0, RBB 25 12]        380     r           13061                                                                                              
   clk0                                                        Clock net    81           (fanout=257)      -2521                     -                                                                                              
   clk0                                                        CLOCK-PORT    -                      -    capture     r           10540                                                                                              
   -----------------------------------------------------------------------------------------------------------------------------------------------------------------------------------------------------------------------------------


Path 19:
   Slack (not met):                         -8652ps
     Path type:                               SETUP
     Group:                             <UDEF_clk0>
     Launching clock:                          clk0 (rising edge)
     Capturing clock:                          clk0 (rising edge)

     Requested period:                       2000ps
   + Delay of the capturing clock:           2545ps
   - Clock uncertainty:                       150ps
   = Required time:                          4395ps
   - Propagation time:                      10549ps (54.8% logic, 45.2% route, logic stage 6)
   - Delay of the launching clock:           2498ps
   = Slack:                                 -8652ps

   Instance/Pin or Net Name                         Type         ID     Location or Fanout   Delay(ps)  Edge  Arrival Time(ps)    Instance detail                                                                            
   ----------------------------------------------------------------------------------------------------------------------------------------------------------------------------------------------------------------------------
   clk0                                             CLOCK-PORT    -                      -     launch     r               0                                                                                                  
   clk0                                             Clock net    81           (fanout=257)       2498                     -                                                                                                  
   RBB_22/CLK                                       RBB_6L       22  [TILE 0 0, RBB 25 20]          -     r            2498                                                                                                  
   ----------------------------------------------------------------------------------------------------------------------------------------------------------------------------------------------------------------------------
   RBB_22/CQ                                        RBB_6L       22  [TILE 0 0, RBB 25 20]        800     r            3298     {inst123: $auto$ff.cc:266:slice$2534 (FD,site=cff)}                                          
   address[3]                                       Net         100            (fanout=22)       1125                     -                                                                                                  
   RBB_22/C5                                        RBB_6L       22  [TILE 0 0, RBB 25 20]          -     r            4423                                                                                                  
   RBB_22/CMUX                                      RBB_6L       22  [TILE 0 0, RBB 25 20]        869     r            5292     {inst33: $abc$44346$lut$aiger44345$192 (LUT,site=cluto)}                                     
   $techmap44362$abc$44346$lut$aiger44345$200.A[5]  Net         122             (fanout=3)       1006                     -                                                                                                  
   RBB_27/D4                                        RBB_6L       27  [TILE 0 0, RBB 28 22]          -     r            6298                                                                                                  
   RBB_27/D                                         RBB_6L       27  [TILE 0 0, RBB 28 22]       1142     r            7440     {inst63: $abc$44346$lut$aiger44345$535 (LUT,site=dlut)}                                      
   $techmap44391$abc$44346$lut$aiger44345$540.A[5]  Net         115             (fanout=1)        620                     -                                                                                                  
   RBB_27/C6                                        RBB_6L       27  [TILE 0 0, RBB 28 22]          -     r            8060                                                                                                  
   RBB_27/C                                         RBB_6L       27  [TILE 0 0, RBB 28 22]        591     r            8651     {inst64: $abc$44346$lut$aiger44345$540 (LUT,site=clut,cluto)}                                
   $techmap44401$abc$44346$lut$aiger44345$562.A[4]  Net          62             (fanout=1)        625                     -                                                                                                  
   RBB_27/B4                                        RBB_6L       27  [TILE 0 0, RBB 28 22]          -     r            9276                                                                                                  
   RBB_27/B                                         RBB_6L       27  [TILE 0 0, RBB 28 22]        905     r           10181     {inst67: $abc$44346$lut$aiger44345$562 (LUT,site=blut)}                                      
   $techmap44406$abc$44346$lut$procmux$1364_Y.A[5]  Net         146             (fanout=1)        651                     -                                                                                                  
   RBB_27/A6                                        RBB_6L       27  [TILE 0 0, RBB 28 22]          -     r           10832                                                                                                  
   RBB_27/A                                         RBB_6L       27  [TILE 0 0, RBB 28 22]        741     r           11573     {inst88: $abc$44346$lut$procmux$1364_Y (LUT,site=alut,aluto)}                                
   $abc$44346$procmux$1364_Y                        Net         124             (fanout=1)        742                     -                                                                                                  
   RBB_8/O[0]                                       IOB           8  [TILE 0 0, RBB 31 23]          -     r           12315     {inst133: $auto$ff.cc:266:slice$2546 (FDE)} {(output_port) inst155: g_155_COL_Red_obuf (IO)} 
   ----------------------------------------------------------------------------------------------------------------------------------------------------------------------------------------------------------------------------
   RBB_8/CLK                                        IOB           8  [TILE 0 0, RBB 31 23]        732     r           13047                                                                                                  
   clk0                                             Clock net    81           (fanout=257)      -2545                     -                                                                                                  
   clk0                                             CLOCK-PORT    -                      -    capture     r           10502                                                                                                  
   ----------------------------------------------------------------------------------------------------------------------------------------------------------------------------------------------------------------------------













