net 3: (26 30)->(27 31) 0 3 0 0 #timing (675 675) ps polarity 1
net 3: (27 31)->(27 31) 1 0 0 0 #timing (765 766) ps polarity 0
net 3: (27 31)->(27 29) 1 1 0 1 #timing (1013 968) ps  polarity 1
net 3: (27 29)->(26 29) 0 2 0 1 #timing (1088 1145) ps  polarity 0
net 4: (10 21)->(10 21) 0 0 0 0 #timing (726 726) ps polarity 1
net 4: (10 21)->(8 23) 1 3 0 0 #timing (855 841) ps polarity 0
net 4: (8 23)->(8 19) 3 1 0 1 #timing (1370 1246) ps  polarity 0
net 4: (8 19)->(10 19) 1 2 0 1 #timing (1487 1362) ps  polarity 1
net 4: (10 19)->(11 19) 0 2 0 1 #timing (1482 1608) ps  polarity 0
net 5: (26 30)->(26 31) 0 1 0 0 #timing (198 198) ps polarity 0
net 5: (26 31)->(26 31) 1 0 0 0 #timing (288 289) ps polarity 1
net 5: (26 31)->(26 31) 1 0 0 1 #timing (492 461) ps  polarity 0
net 5: (26 31)->(26 31) 0 0 0 1 #timing (559 591) ps  polarity 1
net 8: (13 24)->(12 24) 0 2 0 0 #timing (665 664) ps polarity 1
net 8: (12 24)->(12 26) 1 1 0 0 #timing (776 767) ps polarity 0
net 8: (12 26)->(12 22) 3 4 0 0 #timing (1040 1024) ps polarity 0
net 8: (12 22)->(12 22) 1 0 1 1 #timing (1259 1207) ps  polarity 1
net 8: (12 22)->(13 23) 0 3 0 1 #timing (1349 1383) ps  polarity 0
net 8: (12 22)->(8 22) 4 2 0 0 #timing (1314 1283) ps polarity 0
net 8: (8 22)->(10 20) 1 3 0 1 #timing (1569 1546) ps  polarity 1
net 8: (10 20)->(11 21) 0 3 0 1 #timing (1686 1716) ps  polarity 0
net 9: (12 24)->(12 25) 0 1 0 0 #timing (680 680) ps polarity 1
net 9: (12 25)->(12 25) 1 0 0 0 #timing (761 762) ps polarity 0
net 9: (12 25)->(8 25) 4 2 0 1 #timing (1095 1049) ps  polarity 0
net 9: (8 25)->(8 21) 3 4 0 1 #timing (1377 1280) ps  polarity 0
net 9: (8 21)->(10 21) 1 2 0 1 #timing (1497 1400) ps  polarity 1
net 9: (10 21)->(11 21) 0 2 0 1 #timing (1517 1614) ps  polarity 0
net 9: (12 24)->(13 25) 0 3 0 0 #timing (674 674) ps polarity 1
net 9: (13 25)->(13 27) 1 1 0 0 #timing (797 791) ps polarity 0
net 9: (13 27)->(13 23) 3 4 0 0 #timing (1063 1055) ps polarity 0
net 9: (13 23)->(13 23) 1 0 1 1 #timing (1277 1233) ps  polarity 1
net 9: (13 23)->(12 23) 0 2 0 1 #timing (1366 1396) ps  polarity 0
net 10: (13 22)->(13 22) 0 0 0 0 #timing (637 637) ps polarity 1
net 10: (13 22)->(13 22) 1 0 0 0 #timing (708 714) ps polarity 0
net 10: (13 22)->(13 22) 1 0 1 1 #timing (911 884) ps  polarity 1
net 10: (13 22)->(13 22) 0 0 0 1 #timing (1031 1037) ps  polarity 0
net 10: (13 22)->(9 22) 4 2 0 0 #timing (1013 974) ps polarity 0
net 10: (9 22)->(11 20) 1 3 0 1 #timing (1287 1266) ps  polarity 1
net 10: (11 20)->(11 21) 0 1 0 1 #timing (1397 1454) ps  polarity 0
net 11: (12 22)->(12 22) 0 0 0 0 #timing (649 649) ps polarity 1
net 11: (12 22)->(12 22) 1 0 0 0 #timing (720 726) ps polarity 0
net 11: (12 22)->(12 22) 1 0 0 1 #timing (924 897) ps  polarity 1
net 11: (12 22)->(12 22) 0 0 0 1 #timing (1022 1039) ps  polarity 0
net 11: (12 22)->(13 23) 0 3 0 0 #timing (667 667) ps polarity 1
net 11: (13 23)->(15 23) 1 2 0 0 #timing (813 793) ps polarity 0
net 11: (15 23)->(11 23) 4 2 0 0 #timing (1058 1075) ps polarity 0
net 11: (11 23)->(11 21) 1 1 0 1 #timing (1338 1278) ps  polarity 1
net 11: (11 21)->(11 21) 0 0 0 1 #timing (1416 1483) ps  polarity 0
net 12: (13 21)->(13 20) 0 1 0 0 #timing (700 700) ps polarity 1
net 12: (13 20)->(13 20) 1 0 0 0 #timing (782 781) ps polarity 0
net 12: (13 20)->(13 20) 1 0 0 1 #timing (986 953) ps  polarity 1
net 12: (13 20)->(13 21) 0 1 0 1 #timing (1098 1110) ps  polarity 0
net 12: (13 20)->(9 20) 4 2 0 0 #timing (1062 1037) ps polarity 0
net 12: (9 20)->(11 20) 1 2 0 1 #timing (1315 1287) ps  polarity 1
net 12: (11 20)->(10 20) 0 2 0 1 #timing (1393 1455) ps  polarity 0
net 13: (12 21)->(12 20) 0 1 0 0 #timing (736 736) ps polarity 1
net 13: (12 20)->(14 20) 1 2 0 0 #timing (876 855) ps polarity 0
net 13: (14 20)->(10 20) 4 2 0 0 #timing (1124 1151) ps polarity 0
net 13: (10 20)->(10 20) 1 0 0 1 #timing (1366 1311) ps  polarity 1
net 13: (10 20)->(10 20) 0 0 0 1 #timing (1415 1467) ps  polarity 0
net 13: (12 21)->(13 20) 0 3 0 0 #timing (743 743) ps polarity 1
net 13: (13 20)->(15 20) 1 2 0 0 #timing (887 868) ps polarity 0
net 13: (15 20)->(13 20) 1 2 0 1 #timing (1172 1107) ps  polarity 1
net 13: (13 20)->(12 21) 0 3 0 1 #timing (1272 1346) ps  polarity 0
net 14: (13 19)->(12 19) 0 2 0 0 #timing (711 711) ps polarity 1
net 14: (12 19)->(12 17) 1 1 0 0 #timing (839 825) ps polarity 0
net 14: (12 17)->(12 21) 3 1 0 0 #timing (1102 1086) ps polarity 0
net 14: (12 21)->(12 21) 1 0 1 1 #timing (1311 1260) ps  polarity 1
net 14: (12 21)->(13 20) 0 3 0 1 #timing (1415 1441) ps  polarity 0
net 14: (12 19)->(14 17) 1 3 0 0 #timing (880 850) ps polarity 0
net 14: (14 17)->(10 17) 4 2 0 1 #timing (1270 1194) ps  polarity 0
net 14: (10 17)->(10 21) 3 1 0 1 #timing (1537 1413) ps  polarity 0
net 14: (10 21)->(10 21) 1 0 0 1 #timing (1638 1519) ps  polarity 1
net 14: (10 21)->(10 20) 0 1 0 1 #timing (1646 1754) ps  polarity 0
net 15: (12 19)->(13 19) 0 2 0 0 #timing (688 688) ps polarity 1
net 15: (13 19)->(13 19) 1 0 0 0 #timing (766 763) ps polarity 0
net 15: (13 19)->(13 23) 3 1 0 0 #timing (1059 1006) ps polarity 0
net 15: (13 23)->(9 23) 4 2 0 0 #timing (1367 1289) ps polarity 0
net 15: (9 23)->(11 21) 1 3 0 1 #timing (1600 1612) ps  polarity 1
net 15: (11 21)->(10 20) 0 3 0 1 #timing (1726 1753) ps  polarity 0
net 15: (12 19)->(13 18) 0 3 0 0 #timing (706 706) ps polarity 1
net 15: (13 18)->(13 16) 1 1 0 0 #timing (840 826) ps polarity 0
net 15: (13 16)->(13 20) 3 1 0 0 #timing (1110 1091) ps polarity 0
net 15: (13 20)->(13 20) 1 0 1 1 #timing (1318 1266) ps  polarity 1
net 15: (13 20)->(12 20) 0 2 0 1 #timing (1386 1430) ps  polarity 0
net 16: (13 30)->(13 30) 0 0 0 0 #timing (661 661) ps polarity 1
net 16: (13 30)->(15 28) 1 3 0 0 #timing (820 792) ps polarity 0
net 16: (15 28)->(15 28) 5 0 0 0 #timing (913 984) ps polarity 1
net 16: (15 28)->(15 20) 5 1 0 1 #timing (1239 1318) ps  polarity 0
net 16: (15 20)->(11 20) 4 2 0 1 #timing (1511 1548) ps  polarity 0
net 16: (11 20)->(11 20) 1 0 1 1 #timing (1698 1711) ps  polarity 1
net 16: (11 20)->(11 20) 0 0 0 1 #timing (1843 1816) ps  polarity 0
net 16: (13 30)->(12 30) 0 2 0 0 #timing (665 664) ps polarity 1
net 16: (12 30)->(12 28) 1 1 0 0 #timing (784 771) ps polarity 0
net 16: (12 28)->(12 28) 1 0 1 1 #timing (999 960) ps  polarity 1
net 16: (12 28)->(13 29) 0 3 0 1 #timing (1099 1121) ps  polarity 0
net 17: (12 30)->(12 31) 0 1 0 0 #timing (679 679) ps polarity 1
net 17: (12 31)->(12 31) 1 0 0 0 #timing (767 766) ps polarity 0
net 17: (12 31)->(12 31) 5 0 0 0 #timing (868 886) ps polarity 1
net 17: (12 31)->(12 23) 5 1 0 1 #timing (1179 1208) ps  polarity 0
net 17: (12 23)->(8 23) 4 2 0 1 #timing (1396 1410) ps  polarity 0
net 17: (8 23)->(10 21) 1 3 0 1 #timing (1656 1621) ps  polarity 1
net 17: (10 21)->(11 20) 0 3 0 1 #timing (1765 1805) ps  polarity 0
net 17: (12 30)->(13 30) 0 2 0 0 #timing (704 704) ps polarity 1
net 17: (13 30)->(13 30) 1 0 0 0 #timing (784 786) ps polarity 0
net 17: (13 30)->(13 28) 1 1 0 1 #timing (1028 985) ps  polarity 1
net 17: (13 28)->(12 29) 0 3 0 1 #timing (1124 1171) ps  polarity 0
net 18: (13 28)->(13 28) 0 0 0 0 #timing (637 637) ps polarity 1
net 18: (13 28)->(13 28) 1 0 0 0 #timing (708 714) ps polarity 0
net 18: (13 28)->(13 28) 1 0 0 1 #timing (912 884) ps  polarity 1
net 18: (13 28)->(13 28) 0 0 0 1 #timing (1031 1038) ps  polarity 0
net 18: (13 28)->(13 29) 0 1 0 0 #timing (642 642) ps polarity 1
net 18: (13 29)->(15 29) 1 2 0 0 #timing (780 762) ps polarity 0
net 18: (15 29)->(15 29) 5 0 0 0 #timing (880 934) ps polarity 1
net 18: (15 29)->(15 21) 5 1 0 1 #timing (1195 1260) ps  polarity 0
net 18: (15 21)->(11 21) 4 2 0 1 #timing (1479 1503) ps  polarity 0
net 18: (11 21)->(11 21) 1 0 0 1 #timing (1668 1667) ps  polarity 1
net 18: (11 21)->(11 20) 0 1 0 1 #timing (1781 1776) ps  polarity 0
net 19: (12 28)->(12 28) 0 0 0 0 #timing (649 649) ps polarity 1
net 19: (12 28)->(12 28) 1 0 0 0 #timing (720 726) ps polarity 0
net 19: (12 28)->(12 28) 1 0 0 1 #timing (924 896) ps  polarity 1
net 19: (12 28)->(12 28) 0 0 0 1 #timing (1021 1038) ps  polarity 0
net 19: (12 28)->(12 28) 5 0 0 0 #timing (828 838) ps polarity 1
net 19: (12 28)->(12 20) 5 1 0 1 #timing (1183 1193) ps  polarity 0
net 19: (12 20)->(8 20) 4 2 0 1 #timing (1408 1402) ps  polarity 0
net 19: (8 20)->(10 20) 1 2 0 1 #timing (1643 1599) ps  polarity 1
net 19: (10 20)->(11 20) 0 2 0 1 #timing (1711 1758) ps  polarity 0
net 20: (13 27)->(13 27) 0 0 0 0 #timing (686 686) ps polarity 1
net 20: (13 27)->(15 25) 1 3 0 0 #timing (861 827) ps polarity 0
net 20: (15 25)->(13 27) 1 3 0 1 #timing (1194 1101) ps  polarity 1
net 20: (13 27)->(13 27) 0 0 0 1 #timing (1244 1372) ps  polarity 0
net 20: (13 27)->(12 26) 0 3 0 0 #timing (703 703) ps polarity 1
net 20: (12 26)->(12 26) 1 0 0 0 #timing (794 793) ps polarity 0
net 20: (12 26)->(12 22) 3 4 0 1 #timing (1229 1117) ps  polarity 0
net 20: (12 22)->(12 20) 1 1 0 1 #timing (1371 1249) ps  polarity 1
net 20: (12 20)->(13 21) 0 3 0 1 #timing (1406 1533) ps  polarity 0
net 21: (12 27)->(12 27) 0 0 0 0 #timing (726 726) ps polarity 1
net 21: (12 27)->(12 25) 1 1 0 0 #timing (842 832) ps polarity 0
net 21: (12 25)->(12 21) 3 4 0 0 #timing (1122 1095) ps polarity 0
net 21: (12 21)->(12 21) 1 0 0 1 #timing (1338 1275) ps  polarity 1
net 21: (12 21)->(13 21) 0 2 0 1 #timing (1384 1444) ps  polarity 0
net 21: (12 27)->(13 26) 0 3 0 0 #timing (743 743) ps polarity 1
net 21: (13 26)->(13 26) 1 0 0 0 #timing (831 832) ps polarity 0
net 21: (13 26)->(13 26) 1 0 0 1 #timing (1035 1004) ps  polarity 1
net 21: (13 26)->(12 27) 0 3 0 1 #timing (1147 1158) ps  polarity 0
net 22: (13 25)->(12 25) 0 2 0 0 #timing (712 712) ps polarity 1
net 22: (12 25)->(12 27) 1 1 0 0 #timing (825 818) ps polarity 0
net 22: (12 27)->(12 27) 1 0 1 1 #timing (1046 1016) ps  polarity 1
net 22: (12 27)->(13 26) 0 3 0 1 #timing (1174 1177) ps  polarity 0
net 22: (12 27)->(12 27) 5 0 0 0 #timing (930 971) ps polarity 1
net 22: (12 27)->(12 19) 5 1 0 1 #timing (1258 1305) ps  polarity 0
net 22: (12 19)->(12 19) 1 0 1 1 #timing (1504 1424) ps  polarity 1
net 22: (12 19)->(13 19) 0 2 0 1 #timing (1521 1602) ps  polarity 0
net 23: (12 25)->(13 25) 0 2 0 0 #timing (688 688) ps polarity 1
net 23: (13 25)->(13 25) 1 0 0 0 #timing (767 763) ps polarity 0
net 23: (13 25)->(13 21) 3 4 0 0 #timing (1018 985) ps polarity 0
net 23: (13 21)->(13 21) 1 0 1 1 #timing (1229 1162) ps  polarity 1
net 23: (13 21)->(13 21) 0 0 0 1 #timing (1263 1331) ps  polarity 0
net 23: (12 25)->(13 24) 0 3 0 0 #timing (705 705) ps polarity 1
net 23: (13 24)->(13 26) 1 1 0 0 #timing (830 821) ps polarity 0
net 23: (13 26)->(13 26) 1 0 1 1 #timing (1053 1019) ps  polarity 1
net 23: (13 26)->(12 26) 0 2 0 1 #timing (1142 1167) ps  polarity 0
net 57: (10 21)->(11 21) 0 2 0 0 #timing (203 203) ps polarity 0
net 57: (11 21)->(11 23) 1 1 0 0 #timing (313 307) ps polarity 1
net 57: (11 23)->(11 23) 5 0 0 0 #timing (420 462) ps polarity 0
net 57: (11 23)->(11 31) 5 1 0 1 #timing (765 806) ps  polarity 1
net 57: (11 31)->(11 31) 1 0 0 1 #timing (1017 938) ps  polarity 0
net 57: (11 31)->(11 31) 0 0 0 1 #timing (1034 1115) ps  polarity 1
net 59: (12 20)->(13 20) 0 2 0 0 #timing (180 180) ps polarity 1
net 59: (13 20)->(13 22) 1 1 0 0 #timing (301 289) ps polarity 0
net 59: (13 22)->(13 18) 3 1 0 0 #timing (564 562) ps polarity 0
net 59: (13 18)->(13 18) 1 0 1 1 #timing (774 737) ps  polarity 1
net 59: (13 18)->(12 19) 0 3 0 1 #timing (889 904) ps  polarity 0
net 60: (13 20)->(12 20) 0 2 0 0 #timing (173 173) ps polarity 1
net 60: (12 20)->(14 22) 1 3 0 0 #timing (331 303) ps polarity 0
net 60: (14 22)->(12 20) 1 3 0 1 #timing (668 593) ps  polarity 1
net 60: (12 20)->(12 21) 0 1 0 1 #timing (712 816) ps  polarity 0
net 60: (14 22)->(10 22) 4 2 0 0 #timing (604 654) ps polarity 0
net 60: (10 22)->(10 20) 1 1 0 1 #timing (911 821) ps  polarity 1
net 60: (10 20)->(10 21) 0 1 0 1 #timing (939 1059) ps  polarity 0
net 61: (11 19)->(10 19) 0 2 0 0 #timing (221 221) ps polarity 0
net 61: (10 19)->(10 19) 1 0 0 0 #timing (300 304) ps polarity 1
net 61: (10 19)->(10 23) 3 1 0 0 #timing (591 532) ps polarity 1
net 61: (10 23)->(14 23) 4 2 0 0 #timing (866 796) ps polarity 1
net 61: (14 23)->(12 21) 1 3 0 1 #timing (1065 1088) ps  polarity 0
net 61: (12 21)->(12 21) 0 0 0 1 #timing (1237 1232) ps  polarity 1
net 61: (10 19)->(10 17) 1 1 0 0 #timing (348 334) ps polarity 1
net 61: (10 17)->(10 21) 3 1 0 0 #timing (627 607) ps polarity 1
net 61: (10 21)->(10 21) 1 0 1 1 #timing (840 783) ps  polarity 0
net 61: (10 21)->(10 21) 0 0 0 1 #timing (898 950) ps  polarity 1
net 62: (10 19)->(11 19) 0 2 0 0 #timing (198 198) ps polarity 0
net 62: (11 19)->(11 17) 1 1 0 0 #timing (321 303) ps polarity 1
net 62: (11 17)->(11 21) 3 1 0 0 #timing (609 579) ps polarity 1
net 62: (11 21)->(15 21) 4 2 0 0 #timing (911 856) ps polarity 1
net 62: (15 21)->(13 21) 1 2 0 1 #timing (1120 1123) ps  polarity 0
net 62: (13 21)->(12 21) 0 2 0 1 #timing (1260 1267) ps  polarity 1
net 62: (10 19)->(11 18) 0 3 0 0 #timing (184 184) ps polarity 0
net 62: (11 18)->(11 16) 1 1 0 0 #timing (318 304) ps polarity 1
net 62: (11 16)->(11 20) 3 1 0 0 #timing (634 593) ps polarity 1
net 62: (11 20)->(11 20) 1 0 0 1 #timing (848 772) ps  polarity 0
net 62: (11 20)->(10 21) 0 3 0 1 #timing (918 973) ps  polarity 1
net 63: (11 21)->(11 21) 0 0 0 0 #timing (178 178) ps polarity 0
net 63: (11 21)->(11 21) 1 0 0 0 #timing (252 258) ps polarity 1
net 63: (11 21)->(11 21) 1 0 1 1 #timing (456 429) ps  polarity 0
net 63: (11 21)->(10 21) 0 2 0 1 #timing (552 570) ps  polarity 1
net 63: (11 21)->(10 20) 0 3 0 0 #timing (199 199) ps polarity 0
net 63: (10 20)->(10 20) 1 0 0 0 #timing (291 291) ps polarity 1
net 63: (10 20)->(10 16) 3 1 0 0 #timing (561 513) ps polarity 1
net 63: (10 16)->(14 16) 4 2 0 0 #timing (842 778) ps polarity 1
net 63: (14 16)->(12 18) 1 3 0 1 #timing (1033 1054) ps  polarity 0
net 63: (12 18)->(13 19) 0 3 0 1 #timing (1221 1218) ps  polarity 1
