####   Post-Placement Resource Utilization Report   ####

                                                                  
   25 Logic 6-LUT RBBs                                            
         95 RBB LUTs utilized (up to 4 per RBB)                   
            24 of which are 6-input LUTs                          
            10 of which are dual 5-input LUTs                     
           105 LUTs total                                         
         37 RBB FFs utilized (up to 4 pairs per RBB)              
             4 of which are LUT-FF combination                    
   13 I/O RBBs                                                    
          1  Input pins                                           
         22 Output pins                                           
          6 Output FFs utilized                                   
   Usage of Logic RBBs is 18%.                                    
   Usage of LUTs is 17%.                                          
       dual-LUTs is 2%.                                           
   Usage of FF is 4%.                                             
   Usage of IO RBB is 8%.                                         


 | ------------------------------------------------------------ | 
 | TILE X0Y0                                                    | 
 | 25 Logic 6-LUT RBBs                                          | 
 |       95 RBB LUTs utilized (up to 4 per RBB)                 | 
 |          24 of which are 6-input LUTs                        | 
 |          10 of which are dual 5-input LUTs                   | 
 |         105 LUTs total                                       | 
 |       37 RBB FFs utilized (up to 4 pairs per RBB)            | 
 |           4 of which are LUT-FF combination                  | 
 | 13 I/O RBBs                                                  | 
 |        1  Input pins                                         | 
 |       22 Output pins                                         | 
 |        6 Output FFs utilized                                 | 
 | Usage of Logic RBBs is 18%.                                  | 
 | Usage of LUTs is 17%.                                        | 
 |     dual-LUTs is 2%.                                         | 
 | Usage of FF is 4%.                                           | 
 | Usage of IO RBB is 8%.                                       | 
 | ------------------------------------------------------------ | 
