

####   Resource Utilization Report   ####

    Top level module name: top

    Resource usage:
      30 Logic 6-LUT CLBs
          100 CLB LUTs utilized (up to 4 per CLB)
                28 of which are 6-input LUTs
                11 of which are dual 5-input LUTs
               111 LUTs total
           33 CLB FFs utilized (up to 4 pairs per CLB)
                33 of which are LUT-FF combination
                 1 of which are dual-FFs
                 1 of which are dual-LUT-dual-FF combination
                34 FFs total
      11 I/O CLBs
            1  Input pins
           20 Output pins
            5 Output FFs utilized
       1 Clock
           Clock 0: net   140, clk, Fanout: 23 CLBs
           Total 1 unique clocks
    need 0 DSP and 1 Logic-Memory FPGA 1K Tiles.

 
####   Resource Utilization Complete   ####

TILE-REQ:		0		0		0		1

### Total FPGA resources from current floorplan: ###
                       184 IOBs
                       140 Logic 6-LUT CLBs
                              40 CLBs support RAM/SR

Usage of Logic CLBs is 21.4%.
    Logic-Memory CLB for RAM/Shift-Register is 0.0%.
Usage of LUTs is 17.9%.
    dual-LUTs is 2.0%.
Usage of FF is 5.9%.
    dual-FF is 0.2%.
Usage of IO CLB is 6.0%.
