[                                                  ][    1] Running placer flow WLTD (666).
[              minplacer\00001_pa01_00001_character][    1] Step character
[              minplacer\00001_pa01_00001_character][    1] Step MinPlacerChar minplacer_skip_dont_place=0 do_shortfd=0 do_shortfd_aggressive=0 do_precomb=0 do_precomb_aggressive=0 do_chain_to_tree=0 do_used_rbb_vacan=0 do_rep=1 do_reloc=0 do_repack=0 do_swabsorb=0 do_rplan=1
[              minplacer\00001_pa01_00001_character][    1] RbbUsage=43 PrePlaceTiming=55411.
[                  minplacer\00001_pa01_00002_setup][    1] Step setup
[                  minplacer\00001_pa01_00002_setup][    3] Step setup ends.
[                     minplacer\00001_pa01_00003_wl][    3] Step wl
[                     minplacer\00001_pa01_00003_wl][   15] Step wl returns 0. (timing=6935 cg=0)
[                     minplacer\00001_pa01_00003_wl][   15] Updating timing 6935 vs 2147483647.
[                 minplacer\00001_pa01_00004_repopt][   15] Step repopt
[                 minplacer\00001_pa01_00004_repopt][   25] Step repopt returns 0. (timing=6935 cg=0)
[                 minplacer\00001_pa01_00004_repopt][   25] Step has netlist change. (timing=6935 cg=0)
[                 minplacer\00001_pa01_00004_repopt][   25] Updating timing 6935 vs 6935.
[      minplacer\00001_pa01_00005_committing_nledit][   25] Step committing_nledit
[       minplacer\00001_pa01_00006_committed_nledit][   25] Step committed_nledit
[       minplacer\00001_pa01_00006_committed_nledit][   26] Step setup ends.
[       minplacer\00001_pa01_00006_committed_nledit][   26] Updating timing 6935 vs 6935.
[                  minplacer\00001_pa01_00007_repwl][   26] Step repwl
[                  minplacer\00001_pa01_00007_repwl][   36] Step repwl returns 0. (timing=6941 cg=0)
[                  minplacer\00001_pa01_00007_repwl][   36] Updating timing 6941 vs 6935.
[                   minplacer\00001_pa01_00008_post][   36] Step post
[                   minplacer\00001_pa01_00008_post][   46] Step post returns 0. (timing=12260R cg=0)
[                   minplacer\00001_pa01_00008_post][   46] Updating timing 12260R vs 6941.
[                  minplacer\00001_pa01_00009_rplan][   46] Step rplan
[                  minplacer\00001_pa01_00009_rplan][   56] Step rplan returns 0. (timing=12260R cg=50)
[                  minplacer\00001_pa01_00009_rplan][   56] Updating timing 12260R vs 12260R.
[                                                  ][   56] Running placer flow WLTD ends with TRUE.
