[                                                  ][    1] Running placer flow WLTD (666).
[              minplacer\00003_pa03_00001_character][    1] Step character
[              minplacer\00003_pa03_00001_character][    1] Step MinPlacerChar minplacer_skip_dont_place=0 do_shortfd=0 do_shortfd_aggressive=0 do_precomb=0 do_precomb_aggressive=0 do_chain_to_tree=0 do_used_rbb_vacan=0 do_rep=1 do_reloc=0 do_repack=0 do_swabsorb=0 do_rplan=1
[              minplacer\00003_pa03_00001_character][    1] RbbUsage=47 PrePlaceTiming=54650.
[                  minplacer\00003_pa03_00002_setup][    1] Step setup
[                  minplacer\00003_pa03_00002_setup][    2] Step setup ends.
[                     minplacer\00003_pa03_00003_wl][    2] Step wl
[                     minplacer\00003_pa03_00003_wl][   15] Step wl returns 0. (timing=6072 cg=0)
[                     minplacer\00003_pa03_00003_wl][   15] Updating timing 6072 vs 2147483647.
[                 minplacer\00003_pa03_00004_repopt][   15] Step repopt
[                 minplacer\00003_pa03_00004_repopt][   25] Step repopt returns 0. (timing=6072 cg=0)
[                 minplacer\00003_pa03_00004_repopt][   25] Step has netlist change. (timing=6072 cg=0)
[                 minplacer\00003_pa03_00004_repopt][   25] Updating timing 6072 vs 6072.
[      minplacer\00003_pa03_00005_committing_nledit][   25] Step committing_nledit
[       minplacer\00003_pa03_00006_committed_nledit][   25] Step committed_nledit
[       minplacer\00003_pa03_00006_committed_nledit][   25] Step setup ends.
[       minplacer\00003_pa03_00006_committed_nledit][   25] Updating timing 6072 vs 6072.
[                  minplacer\00003_pa03_00007_repwl][   25] Step repwl
[                  minplacer\00003_pa03_00007_repwl][   30] Step repwl returns 0. (timing=6078 cg=0)
[                  minplacer\00003_pa03_00007_repwl][   30] Updating timing 6078 vs 6072.
[                   minplacer\00003_pa03_00008_post][   30] Step post
[                   minplacer\00003_pa03_00008_post][   65] Step post returns 0. (timing=10601R cg=0)
[                   minplacer\00003_pa03_00008_post][   65] Updating timing 10601R vs 6078.
[                  minplacer\00003_pa03_00009_rplan][   65] Step rplan
[                  minplacer\00003_pa03_00009_rplan][   75] Step rplan returns 0. (timing=10601R cg=50)
[                  minplacer\00003_pa03_00009_rplan][   75] Updating timing 10601R vs 10601R.
[                                                  ][   75] Running placer flow WLTD ends with TRUE.
