[                                                  ][    1] Running placer flow WLTD (0).
[              minplacer\00000_pa00_00001_character][    1] Step character
[              minplacer\00000_pa00_00001_character][    1] Step MinPlacerChar minplacer_skip_dont_place=0 do_shortfd=0 do_shortfd_aggressive=0 do_precomb=0 do_precomb_aggressive=0 do_chain_to_tree=0 do_used_rbb_vacan=0 do_rep=1 do_reloc=0 do_repack=0 do_swabsorb=0 do_rplan=1
[              minplacer\00000_pa00_00001_character][    1] RbbUsage=47 PrePlaceTiming=54650.
[                  minplacer\00000_pa00_00002_setup][    1] Step setup
[                  minplacer\00000_pa00_00002_setup][    3] Step setup ends.
[                     minplacer\00000_pa00_00003_wl][    3] Step wl
[                     minplacer\00000_pa00_00003_wl][   15] Step wl returns 0. (timing=5990 cg=0)
[                     minplacer\00000_pa00_00003_wl][   15] Updating timing 5990 vs 2147483647.
[                 minplacer\00000_pa00_00004_repopt][   15] Step repopt
[                 minplacer\00000_pa00_00004_repopt][   25] Step repopt returns 0. (timing=5990 cg=0)
[                 minplacer\00000_pa00_00004_repopt][   25] Step has netlist change. (timing=5990 cg=0)
[                 minplacer\00000_pa00_00004_repopt][   25] Updating timing 5990 vs 5990.
[      minplacer\00000_pa00_00005_committing_nledit][   25] Step committing_nledit
[       minplacer\00000_pa00_00006_committed_nledit][   25] Step committed_nledit
[       minplacer\00000_pa00_00006_committed_nledit][   25] Step setup ends.
[       minplacer\00000_pa00_00006_committed_nledit][   25] Updating timing 5990 vs 5990.
[                  minplacer\00000_pa00_00007_repwl][   25] Step repwl
[                  minplacer\00000_pa00_00007_repwl][   35] Step repwl returns 0. (timing=5994 cg=0)
[                  minplacer\00000_pa00_00007_repwl][   35] Updating timing 5994 vs 5990.
[                   minplacer\00000_pa00_00008_post][   35] Step post
[                   minplacer\00000_pa00_00008_post][   51] Step post returns 0. (timing=10636R cg=0)
[                   minplacer\00000_pa00_00008_post][   51] Updating timing 10636R vs 5994.
[                  minplacer\00000_pa00_00009_rplan][   51] Step rplan
[                  minplacer\00000_pa00_00009_rplan][   61] Step rplan returns 0. (timing=10636R cg=50)
[                  minplacer\00000_pa00_00009_rplan][   61] Updating timing 10636R vs 10636R.
[                                                  ][   61] Running placer flow WLTD ends with TRUE.
