GowinSynthesis start
Running parser ...
Analyzing Verilog file 'C:\Git\Pmod\Pmod_Matrix256\sample\tetris\src\frameBuffer_16x16.sv'
WARN  (EX3628) : Redeclaration of ANSI port 'serial_clk' is not allowed("C:\Git\Pmod\Pmod_Matrix256\sample\tetris\src\frameBuffer_16x16.sv":19)
WARN  (EX3095) : Converting concatenation to assignment pattern("C:\Git\Pmod\Pmod_Matrix256\sample\tetris\src\frameBuffer_16x16.sv":37)
Compiling module 'frameBuffer_16x16'("C:\Git\Pmod\Pmod_Matrix256\sample\tetris\src\frameBuffer_16x16.sv":1)
Extracting RAM for identifier 'fb'("C:\Git\Pmod\Pmod_Matrix256\sample\tetris\src\frameBuffer_16x16.sv":21)
WARN  (EX3791) : Expression size 7 truncated to fit in target size 6("C:\Git\Pmod\Pmod_Matrix256\sample\tetris\src\frameBuffer_16x16.sv":47)
WARN  (EX3791) : Expression size 6 truncated to fit in target size 5("C:\Git\Pmod\Pmod_Matrix256\sample\tetris\src\frameBuffer_16x16.sv":50)
WARN  (EX1998) : Net 'm_clk' does not have a driver("C:\Git\Pmod\Pmod_Matrix256\sample\tetris\src\frameBuffer_16x16.sv":18)
NOTE  (EX0101) : Current top module is "frameBuffer_16x16"
[5%] Running netlist conversion ...
WARN  (CV0016) : Input clk is unused("C:\Git\Pmod\Pmod_Matrix256\sample\tetris\src\frameBuffer_16x16.sv":2)
WARN  (CV0016) : Input sw is unused("C:\Git\Pmod\Pmod_Matrix256\sample\tetris\src\frameBuffer_16x16.sv":7)
Running device independent optimization ...
[10%] Optimizing Phase 0 completed
[15%] Optimizing Phase 1 completed
[25%] Optimizing Phase 2 completed
Running inference ...
[30%] Inferring Phase 0 completed
[40%] Inferring Phase 1 completed
[50%] Inferring Phase 2 completed
[55%] Inferring Phase 3 completed
Running technical mapping ...
[60%] Tech-Mapping Phase 0 completed
[65%] Tech-Mapping Phase 1 completed
[75%] Tech-Mapping Phase 2 completed
[80%] Tech-Mapping Phase 3 completed
[90%] Tech-Mapping Phase 4 completed
[95%] Generate netlist file "C:\Git\Pmod\Pmod_Matrix256\sample\tetris\impl\gwsynthesis\tetris.vg" completed
[100%] Generate report file "C:\Git\Pmod\Pmod_Matrix256\sample\tetris\impl\gwsynthesis\tetris_syn.rpt.html" completed
GowinSynthesis finish
