The current time is Wed Mar 18 01:24:35 2026
CPUs=4
EXE="H:\Program Files\Renesas Electronics\Go Configure Software Hub\external\eda-placer\v23\eda-placer.exe"
BuildDir=H:\Program Files\Renesas Electronics\Go Configure Software Hub\external\eda-placer\v23
BuildPath="H:\Program Files\Renesas Electronics\Go Configure Software Hub\external\eda-placer\v23"
CWD=C:\Users\n11ak\AppData\Local\Temp\JhaCxWBJ\out\minplacer\00002_pa02_00008_post
LogFile=minplacer_00002_pa02_00008.log
PrintScreen=..\_00002_pa02_stdout.txt
Command line: H:\Program Files\Renesas Electronics\Go Configure Software Hub\external\eda-placer\v23\eda-placer.exe -print_screen ..\_00002_pa02_stdout.txt -eflx_call_minplacer 00002_pa02_00008_post__out__top
	Arg[0] H:\Program Files\Renesas Electronics\Go Configure Software Hub\external\eda-placer\v23\eda-placer.exe
	Arg[1] -print_screen
	Arg[2] ..\_00002_pa02_stdout.txt
	Arg[3] -eflx_call_minplacer
	Arg[4] 00002_pa02_00008_post__out__top
Report CFG start:
            minplacer_output_clkloc = ..\..\minplacer\00002_pa02_00008_post\minplacer_clkloc.txt
           minplacer_ignore_regions = 0
    minplacer_output_vacant_lrbbloc = ..\..\minplacer\00002_pa02_00008_post\minplacer_vacant_lrbbloc.txt
             minplacer_input_rbbloc = ..\..\minplacer\00002_pa02_00007_repwl\minplacer_rbbloc.txt
          minplacer_input_timingdef = ..\..\minplacer\00002_pa02_00006_committed_nledit\minplacer.timing_def
                 minplacer_rmany_mt = 1
               minplacer_input_edif = ..\..\minplacer\00002_pa02_00006_committed_nledit\minplacer.edf
              minplacer_post_target = 665
minplacer_output_rstarting_priority = ..\..\minplacer\00002_pa02_00008_post\minplacer_finderpriority.txt
minplacer_post_path_based_slack_range = 0
          post_find_timing_no_table = 0
                               loga = minplacer_00002_pa02_00008.log
              ta_report_limit_paths = 3
              minplacer_input_rd2sm = ..\..\minplacer\00002_pa02_00002_setup\minplacer.rnode2sm_def
         minplacer_post_target_mode = 2
                            verbose = 1
       minplacer_accept_stop_signal = ..\..\minplacer\stop_all.txt
         minplacer_input_rd2sitepin = ..\..\minplacer\00002_pa02_00002_setup\minplacer.rnode2sitepin_def
minplacer_report_timing_side_effect = 0
                minplacer_post_mode = 2
            minplacer_output_rbbloc = ..\..\minplacer\00002_pa02_00008_post\minplacer_rbbloc.txt
         minplacer_pann_random_walk = 13
            minplacer_input_chipdef = ..\..\minplacer\00002_pa02_00002_setup\minplacer.chip_def
      minplacer_accept_stop_signal2 = ..\..\minplacer\stop_00002_pa02_.txt
minplacer_post_limit_near_critical_pass = 3
                eflx_call_minplacer = 00002_pa02_00008_post__out__top
                  minplacer_max_cpu = 1
          minplacer_post_limit_iter = 300
         minplacer_output_timingdef = ..\..\minplacer\00002_pa02_00008_post\minplacer.timing_def
     minplacer_print_timing_summary = 1
minplacer_ppath_skip_pipeff_as_target = 0
minplacer_ppipe_tile_boundary_detour = 1
  minplacer_post_longpathpen_weight = 1
                          qor_stats = 1
                  rfinder_use_table = 0
       minplacer_input_branchdlydef = ..\..\minplacer\00002_pa02_00006_committed_nledit\minplacer.branchdly_def
                       print_screen = ..\_00002_pa02_stdout.txt
minplacer_post_tarpos_by_sideeffect = 0
             minplacer_input_rgraph = ..\..\minplacer\00002_pa02_00002_setup\minplacer.rgraph_def
                minplacer_flow_post = 2
                     ta_report_hold = 1
          minplacer_input_clklatdef = ..\..\minplacer\00002_pa02_00006_committed_nledit\minplacer.clklat_def
Report CFG end:
PLACER_STANDALONE STARTS.
	INPUTS:
	minplacer_input_edif=..\..\minplacer\00002_pa02_00006_committed_nledit\minplacer.edf
	minplacer_input_chipdef=..\..\minplacer\00002_pa02_00002_setup\minplacer.chip_def
	minplacer_input_ramdef=<none>
	minplacer_input_timingdef=..\..\minplacer\00002_pa02_00006_committed_nledit\minplacer.timing_def
	minplacer_input_clklatdef=..\..\minplacer\00002_pa02_00006_committed_nledit\minplacer.clklat_def
	minplacer_input_rbbloc=..\..\minplacer\00002_pa02_00007_repwl\minplacer_rbbloc.txt
	minplacer_input_tilerange=<none>
	minplacer_input_nledit=<none>
	minplacer_input_rgraph=..\..\minplacer\00002_pa02_00002_setup\minplacer.rgraph_def
	minplacer_input_rd2sm=..\..\minplacer\00002_pa02_00002_setup\minplacer.rnode2sm_def
	minplacer_input_rd2sitepin=..\..\minplacer\00002_pa02_00002_setup\minplacer.rnode2sitepin_def
	minplacer_input_branchdlydef=..\..\minplacer\00002_pa02_00006_committed_nledit\minplacer.branchdly_def
	minplacer_input_ravecs=<none>
	minplacer_input_rstarting_priority=<none>
	OUTPUTS:
	minplacer_output_edif=<none>
	minplacer_output_timingdef=..\..\minplacer\00002_pa02_00008_post\minplacer.timing_def
	minplacer_output_clklatdef=<none>
	minplacer_output_rbbloc=..\..\minplacer\00002_pa02_00008_post\minplacer_rbbloc.txt
	minplacer_output_vacant_lrbbloc=..\..\minplacer\00002_pa02_00008_post\minplacer_vacant_lrbbloc.txt
	minplacer_output_clkloc=..\..\minplacer\00002_pa02_00008_post\minplacer_clkloc.txt
	minplacer_output_rteloc=<none>
	minplacer_output_tilerange=<none>
	minplacer_output_nledit=<none>
	minplacer_output_branchdlydef=<none>
	minplacer_output_ravecs=<none>
	minplacer_output_rstarting_priority=..\..\minplacer\00002_pa02_00008_post\minplacer_finderpriority.txt
pProblemIni. isNmax=0 inflat=0 mem_dump_mode=0
Set ARRAYINFO: 32x32
ARRAYINFO: locs_per_tile=[32,32] pos_interval=[10,10] boundary_penalty=[20,10] l_shift_x0,xmult,yvalue=<1,3,0> max_iob_width=4 is_x2=0 clock=<max-num=2,max-inv=1,inv-noninv-as-one=false,ram-independent=false>
SITETYPE L LAYER=L SIDE=WEST NPIN=26/14
SITETYPE l LAYER=L SIDE=WEST NPIN=26/14
SITETYPE M LAYER=M SIDE=WEST NPIN=26/14
SITETYPE m LAYER=M SIDE=WEST NPIN=26/14
SITETYPE D LAYER=DSP SIDE=WEST NPIN=238/190
SITETYPE b LAYER=IOB SIDE=WEST NPIN=4/2
SITETYPE N LAYER=NCLT SIDE=WEST NPIN=96/48
SITETYPE R LAYER=RCLT SIDE=WEST NPIN=96/48
Getting tinfo M 0 0 64/64
Skip tile size [64,64] for TILE M X64Y64. Expecting [32,32]
Getting tinfo D 0 0 64/64
Skip tile size [64,64] for TILE D X64Y64. Expecting [32,32]
Getting tinfo I 0 0 64/64
Skip tile size [64,64] for TILE I X64Y64. Expecting [32,32]
Getting tinfo N 0 0 64/64
Skip tile size [64,64] for TILE N X64Y64. Expecting [32,32]
Getting tinfo Z 0 0 64/64
Skip tile size [64,64] for TILE Z X64Y64. Expecting [32,32]
Getting tinfo M 0 0 32/32
Getting tinfo M 10 0 64/64
Skip tile size [64,64] for TILEWHITE M 10 0 X64Y64. Expecting [32,32]
Getting tinfo M 20 0 64/64
Skip tile size [64,64] for TILEWHITE M 20 0 X64Y64. Expecting [32,32]
Getting tinfo M 30 0 64/64
Skip tile size [64,64] for TILEWHITE M 30 0 X64Y64. Expecting [32,32]
Getting tinfo D 10 0 64/64
Skip tile size [64,64] for TILEWHITE D 10 0 X64Y64. Expecting [32,32]
Getting tinfo D 20 0 64/64
Skip tile size [64,64] for TILEWHITE D 20 0 X64Y64. Expecting [32,32]
Getting tinfo D 30 0 64/64
Skip tile size [64,64] for TILEWHITE D 30 0 X64Y64. Expecting [32,32]
Getting tinfo I 10 0 64/64
Skip tile size [64,64] for TILEWHITE I 10 0 X64Y64. Expecting [32,32]
Getting tinfo I 20 0 64/64
Skip tile size [64,64] for TILEWHITE I 20 0 X64Y64. Expecting [32,32]
Getting tinfo I 30 0 64/64
Skip tile size [64,64] for TILEWHITE I 30 0 X64Y64. Expecting [32,32]
Getting tinfo N 99 0 64/64
Skip tile size [64,64] for TILEWHITE N 99 0 X64Y64. Expecting [32,32]
Getting tinfo Z 99 0 64/64
Skip tile size [64,64] for TILEWHITE Z 99 0 X64Y64. Expecting [32,32]
GeometryDumpMap starts.
GeometryDumpMap ends.
GeometryDumpMap starts.
GeometryDumpMap ends.
Layer[L] has 14/10 sites, total_cap=140
Layer[M] has 4/10 sites, total_cap=40
Layer[DSP] has 0/0 sites, total_cap=0
Layer[NCLT] has 0/0 sites, total_cap=0
Layer[RCLT] has 0/0 sites, total_cap=0
Setup 40 LM mapping.
Layer[ZIOB] has 0/0 sites, total_cap=0
GeometryDumpLayers starts.
GeometryDumpLayers ends.
pProblemIni. eramclkAsClock=1
pProblemIniNetlist. skip_hifi=0, skip_pppff=2147483647
Netlist=NETLIST_top NumInst=75 NumNet=262
NumPinst=60
	DontPlace=0, NonRootRbbChainMember=13, NonRootDspChainMember=0, Const=1, ClkBuf=1
There are 75 instances. After combining instances in chains, there are 60 instances to place.
	Clock[0] OrigClock[0] net (net_index=31) sys_clk
NumPnet=240
NumTrivial=7 NumDriverless=0
AverageFO=3.10 #HifiNet=0 AverageFO_HifiNet=0.00
NumClk=1 (with 0 inverted)
There are 240 nets in the design. Average fanout is 3.10.
There is 1 clock in the design.
NumInsts=60
Resource usages:
 Type=L: Capacity=140 Utilized=63 NumInst=50. [ChainLen=1]=47 [ChainLen=2]=1 [ChainLen=7]=2
 Type=M: Capacity=40 Utilized=0 NumInst=0.
 Type=IOB: Capacity=184 Utilized=10 NumInst=10.
Min-placement step: Detaild placement (mode=2).
POST STARTS (FINDER_DELAY)
TileRange read: File is not given. Use whole chip.
Read 73 RBB-locations from EFLX file.
Reading timing_def file ..\..\minplacer\00002_pa02_00006_committed_nledit\minplacer.timing_def
pPipeAlloc: OptMode=1 PppFfInsertDone=0 MinPipeRtDly=98 #Chain=0 AveChainLen=0.0 MaxChainLen=0 #Net=0 AveChainFan=0.0 MaxChainFan=0 #MixedZeroFan=0 Opt_UseLatency=0 OptLine_RightSlack_WorseThreshold=100
(0) INI TWL = 19910(9360, 10550) ELAPSE=0
CROSS-TILE STAT: [0]=744
PANN_TILERANGE LayerMask=40 TileRange={0,1; 0,1} RangeDivider=4 WL=19910 (9360, 10550) StartingIter=0 NumIters=1
PANN_TILERANGE  (iter=0) WL=19910 (9360, 10550) TIMESPENT=0
PANN_TILERANGE ENDS TIMESPENT=0
Long connection estimation: ...........
Short connection estimation: ..........
(1) IOS-ANN TWL = 19910(9360, 10550) ELAPSE=1
[ITER=0] WNS=-13222,M=7.611 TNS=-2806562 PathNumObj=4 *
[ITER=1] WNS=-11867,M=6.933 TNS=-2690265 PathNumObj=2 ***&&&&&!@
[ITER=2] WNS=-11867,M=6.933 TNS=-2690265 x PathNumObj=6 *
[ITER=3] WNS=-11617,M=6.808 TNS=-2684594 PathNumObj=2 *
[ITER=4] WNS=-11568,M=6.784 TNS=-2663558 PathNumObj=2 *
[ITER=5] WNS=-11554,M=6.777 TNS=-2661033 PathNumObj=2 ***&
[ITER=6] WNS=-11551,M=6.775 TNS=-2673269 PathNumObj=2 ***
[ITER=7] WNS=-11532,M=6.766 TNS=-2681397 PathNumObj=2 ***&&&&&!@
[ITER=8] WNS=-11532,M=6.766 TNS=-2681397 x PathNumObj=6 ***&
[ITER=9] WNS=-11506,M=6.753 TNS=-2686589 PathNumObj=2 ***
[ITER=10] WNS=-11489,M=6.744 TNS=-2686126 PathNumObj=2 *
[ITER=11] WNS=-11465,M=6.732 TNS=-2672887 PathNumObj=3 ***&&&&&!@
[ITER=12] WNS=-11465,M=6.732 TNS=-2672887 x PathNumObj=6 ***&
[ITER=13] WNS=-11436,M=6.718 TNS=-2666802 PathNumObj=4 ***
[ITER=14] WNS=-11227,M=6.613 TNS=-2666838 PathNumObj=4 ***&
[ITER=15] WNS=-11136,M=6.568 TNS=-2656548 PathNumObj=2 ***&&&&&!@
[ITER=16] WNS=-11124,M=6.562 TNS=-2657481 PathNumObj=2 ***&&&&&!@
[ITER=17] WNS=-11124,M=6.562 TNS=-2657481 x PathNumObj=6 ***&
[ITER=18] WNS=-11113,M=6.556 TNS=-2635233 PathNumObj=3 ***
[ITER=19] WNS=-11006,M=6.503 TNS=-2637244 PathNumObj=4 ***&&&&&!@
[ITER=20] WNS=-10997,M=6.498 TNS=-2638151 PathNumObj=2 ***&&&&&!@
[ITER=21] WNS=-10997,M=6.498 TNS=-2638151 x PathNumObj=4 ***&
[ITER=22] WNS=-10994,M=6.497 TNS=-2637703 PathNumObj=4 ***&&&&&!@Memory=000002892422CD00 corruption at tail, allocated from line 63 in C:\fanmo\src\trunk\place\ppatsweep.cpp.
FATAL ERROR: FreeMemory has crashed.

Fatal error at line 206 in file C:\fanmo\src\trunk\base\bmem.cpp



