GowinSynthesis start
Running parser ...
Analyzing Verilog file 'H:\git\Pmod\fuga\Pmod_LED_fuga\src\segment_led.sv'
Analyzing Verilog file 'H:\git\Pmod\fuga\Pmod_LED_fuga\src\seven_segment_with_dp.sv'
Analyzing Verilog file 'H:\git\Pmod\fuga\Pmod_LED_fuga\src\timer.sv'
Analyzing Verilog file 'H:\git\Pmod\fuga\Pmod_LED_fuga\src\top.sv'
Compiling module 'top'("H:\git\Pmod\fuga\Pmod_LED_fuga\src\top.sv":1)
Compiling module 'timer1'("H:\git\Pmod\fuga\Pmod_LED_fuga\src\top.sv":47)
WARN  (EX3791) : Expression size 24 truncated to fit in target size 23("H:\git\Pmod\fuga\Pmod_LED_fuga\src\top.sv":61)
WARN  (EX3791) : Expression size 9 truncated to fit in target size 8("H:\git\Pmod\fuga\Pmod_LED_fuga\src\top.sv":39)
NOTE  (EX0101) : Current top module is "top"
[5%] Running netlist conversion ...
Running device independent optimization ...
[10%] Optimizing Phase 0 completed
[15%] Optimizing Phase 1 completed
[25%] Optimizing Phase 2 completed
Running inference ...
[30%] Inferring Phase 0 completed
[40%] Inferring Phase 1 completed
[50%] Inferring Phase 2 completed
[55%] Inferring Phase 3 completed
Running technical mapping ...
[60%] Tech-Mapping Phase 0 completed
[65%] Tech-Mapping Phase 1 completed
[75%] Tech-Mapping Phase 2 completed
[80%] Tech-Mapping Phase 3 completed
[90%] Tech-Mapping Phase 4 completed
[95%] Generate netlist file "H:\git\Pmod\fuga\Pmod_LED_fuga\impl\gwsynthesis\Pmod_LED_fuga.vg" completed
[100%] Generate report file "H:\git\Pmod\fuga\Pmod_LED_fuga\impl\gwsynthesis\Pmod_LED_fuga_syn.rpt.html" completed
GowinSynthesis finish
