Reading netlist file: "H:\git\Pmod\Sipeed_POMD_DTx2\POMD_DTx2\impl\gwsynthesis\POMD_DTx2.vg"
Parsing netlist file "H:\git\Pmod\Sipeed_POMD_DTx2\POMD_DTx2\impl\gwsynthesis\POMD_DTx2.vg" completed
Processing netlist completed
Reading constraint file: "H:\git\Pmod\Sipeed_POMD_DTx2\POMD_DTx2\src\top.cst"
Physical Constraint parsed completed
Running placement......
[10%] Placement Phase 0 completed
[20%] Placement Phase 1 completed
[30%] Placement Phase 2 completed
[50%] Placement Phase 3 completed
Running routing......
[60%] Routing Phase 0 completed
[70%] Routing Phase 1 completed
[80%] Routing Phase 2 completed
[90%] Routing Phase 3 completed
Running timing analysis......
[95%] Timing analysis completed
Placement and routing completed
Bitstream generation in progress......
Bitstream generation completed
Running power analysis......
[100%] Power analysis completed
Generate file "H:\git\Pmod\Sipeed_POMD_DTx2\POMD_DTx2\impl\pnr\POMD_DTx2.power.html" completed
Generate file "H:\git\Pmod\Sipeed_POMD_DTx2\POMD_DTx2\impl\pnr\POMD_DTx2.pin.html" completed
Generate file "H:\git\Pmod\Sipeed_POMD_DTx2\POMD_DTx2\impl\pnr\POMD_DTx2.rpt.html" completed
Generate file "H:\git\Pmod\Sipeed_POMD_DTx2\POMD_DTx2\impl\pnr\POMD_DTx2.rpt.txt" completed
Generate file "H:\git\Pmod\Sipeed_POMD_DTx2\POMD_DTx2\impl\pnr\POMD_DTx2.tr.html" completed
Sun Mar  1 02:40:43 2026

