#! /c/Source/iverilog-install/bin/vvp
:ivl_version "12.0 (devel)" "(s20150603-1539-g2693dd32b)";
:ivl_delay_selection "TYPICAL";
:vpi_time_precision - 12;
:vpi_module "H:\iverilog\lib\ivl\system.vpi";
:vpi_module "H:\iverilog\lib\ivl\vhdl_sys.vpi";
:vpi_module "H:\iverilog\lib\ivl\vhdl_textio.vpi";
:vpi_module "H:\iverilog\lib\ivl\v2005_math.vpi";
:vpi_module "H:\iverilog\lib\ivl\va_math.vpi";
S_000001d493751b90 .scope module, "main_tb" "main_tb" 2 5;
 .timescale -8 -12;
v000001d4937ae290_0 .var "clk", 0 0;
S_000001d493751d20 .scope module, "top_inst" "top" 2 7, 3 27 0, S_000001d493751b90;
 .timescale 0 0;
    .port_info 0 /INPUT 1 "sys_clk";
    .port_info 1 /OUTPUT 1 "clk_en";
    .port_info 2 /OUTPUT 1 "pmod1";
    .port_info 3 /OUTPUT 1 "pmod1_en";
    .port_info 4 /OUTPUT 1 "pmod2";
    .port_info 5 /OUTPUT 1 "pmod2_en";
    .port_info 6 /OUTPUT 1 "pmod3";
    .port_info 7 /OUTPUT 1 "pmod3_en";
    .port_info 8 /OUTPUT 1 "pmod4";
    .port_info 9 /OUTPUT 1 "pmod4_en";
    .port_info 10 /OUTPUT 1 "pmod5";
    .port_info 11 /OUTPUT 1 "pmod5_en";
    .port_info 12 /OUTPUT 1 "pmod6";
    .port_info 13 /OUTPUT 1 "pmod6_en";
    .port_info 14 /OUTPUT 1 "pmod7";
    .port_info 15 /OUTPUT 1 "pmod7_en";
    .port_info 16 /OUTPUT 1 "pmod8";
    .port_info 17 /OUTPUT 1 "pmod8_en";
    .port_info 18 /OUTPUT 1 "led";
    .port_info 19 /OUTPUT 1 "led_en";
L_000001d4937342a0 .functor BUFZ 1, v000001d493751090_0, C4<0>, C4<0>, C4<0>;
L_000001d493734fc0 .functor BUFZ 1, v000001d493750f50_0, C4<0>, C4<0>, C4<0>;
L_000001d493734380 .functor BUFZ 1, v000001d493750b90_0, C4<0>, C4<0>, C4<0>;
L_000001d493c90088 .functor BUFT 1, C4<1>, C4<0>, C4<0>, C4<0>;
v000001d493750c30_0 .net "clk_en", 0 0, L_000001d493c90088;  1 drivers
v000001d4937513b0_0 .net "lcd_db", 3 0, v000001d493751310_0;  1 drivers
v000001d493750d70_0 .net "lcd_e", 0 0, v000001d493750f50_0;  1 drivers
v000001d493750e10_0 .net "lcd_rs", 0 0, v000001d493751090_0;  1 drivers
v000001d493751450_0 .net "led", 0 0, L_000001d493734380;  1 drivers
v000001d4937514f0_0 .var "led_cnt", 24 0;
L_000001d493c90310 .functor BUFT 1, C4<1>, C4<0>, C4<0>, C4<0>;
v000001d493750910_0 .net "led_en", 0 0, L_000001d493c90310;  1 drivers
v000001d493750b90_0 .var "led_reg", 0 0;
v000001d493750690_0 .net "pmod1", 0 0, L_000001d4937ad930;  1 drivers
L_000001d493c900d0 .functor BUFT 1, C4<1>, C4<0>, C4<0>, C4<0>;
v000001d493750730_0 .net "pmod1_en", 0 0, L_000001d493c900d0;  1 drivers
v000001d4937507d0_0 .net "pmod2", 0 0, L_000001d4937ae150;  1 drivers
L_000001d493c90118 .functor BUFT 1, C4<1>, C4<0>, C4<0>, C4<0>;
v000001d4937509b0_0 .net "pmod2_en", 0 0, L_000001d493c90118;  1 drivers
v000001d4937ada70_0 .net "pmod3", 0 0, L_000001d4937342a0;  1 drivers
L_000001d493c90160 .functor BUFT 1, C4<1>, C4<0>, C4<0>, C4<0>;
v000001d4937ad070_0 .net "pmod3_en", 0 0, L_000001d493c90160;  1 drivers
L_000001d493c90358 .functor BUFT 1, C4<0>, C4<0>, C4<0>, C4<0>;
v000001d4937ad430_0 .net "pmod4", 0 0, L_000001d493c90358;  1 drivers
L_000001d493c901a8 .functor BUFT 1, C4<1>, C4<0>, C4<0>, C4<0>;
v000001d4937ad570_0 .net "pmod4_en", 0 0, L_000001d493c901a8;  1 drivers
v000001d4937ad110_0 .net "pmod5", 0 0, L_000001d4937aebf0;  1 drivers
L_000001d493c901f0 .functor BUFT 1, C4<1>, C4<0>, C4<0>, C4<0>;
v000001d4937ad890_0 .net "pmod5_en", 0 0, L_000001d493c901f0;  1 drivers
v000001d4937ae3d0_0 .net "pmod6", 0 0, L_000001d4937adbb0;  1 drivers
L_000001d493c90238 .functor BUFT 1, C4<1>, C4<0>, C4<0>, C4<0>;
v000001d4937ad1b0_0 .net "pmod6_en", 0 0, L_000001d493c90238;  1 drivers
L_000001d493c903a0 .functor BUFT 1, C4<0>, C4<0>, C4<0>, C4<0>;
v000001d4937ad6b0_0 .net "pmod7", 0 0, L_000001d493c903a0;  1 drivers
L_000001d493c90280 .functor BUFT 1, C4<1>, C4<0>, C4<0>, C4<0>;
v000001d4937ae470_0 .net "pmod7_en", 0 0, L_000001d493c90280;  1 drivers
v000001d4937ae510_0 .net "pmod8", 0 0, L_000001d493734fc0;  1 drivers
L_000001d493c902c8 .functor BUFT 1, C4<1>, C4<0>, C4<0>, C4<0>;
v000001d4937ad750_0 .net "pmod8_en", 0 0, L_000001d493c902c8;  1 drivers
v000001d4937ae0b0_0 .net "sys_clk", 0 0, v000001d4937ae290_0;  1 drivers
L_000001d4937ad930 .part v000001d493751310_0, 0, 1;
L_000001d4937ae150 .part v000001d493751310_0, 2, 1;
L_000001d4937aebf0 .part v000001d493751310_0, 3, 1;
L_000001d4937adbb0 .part v000001d493751310_0, 1, 1;
S_000001d4936d26a0 .scope module, "u_ctrl" "lcd_scroll_ctrl" 3 76, 3 149 0, S_000001d493751d20;
 .timescale 0 0;
    .port_info 0 /INPUT 1 "clk";
    .port_info 1 /OUTPUT 1 "lcd_rs";
    .port_info 2 /OUTPUT 1 "lcd_e";
    .port_info 3 /OUTPUT 4 "lcd_db";
P_000001d493751eb0 .param/l "S_1" 1 3 202, C4<100001>;
P_000001d493751ee8 .param/l "S_2" 1 3 203, C4<100010>;
P_000001d493751f20 .param/l "S_3" 1 3 204, C4<100011>;
P_000001d493751f58 .param/l "S_4BIT_HI" 1 3 179, C4<000111>;
P_000001d493751f90 .param/l "S_4BIT_LO" 1 3 180, C4<001000>;
P_000001d493751fc8 .param/l "S_CLR" 1 3 183, C4<001011>;
P_000001d493752000 .param/l "S_CLR_WAIT" 1 3 184, C4<001100>;
P_000001d493752038 .param/l "S_DISP" 1 3 182, C4<001010>;
P_000001d493752070 .param/l "S_DISP_ON" 1 3 201, C4<100000>;
P_000001d4937520a8 .param/l "S_ENTRY" 1 3 185, C4<001101>;
P_000001d4937520e0 .param/l "S_FUNC" 1 3 181, C4<001001>;
P_000001d493752118 .param/l "S_INIT1_HI" 1 3 173, C4<000001>;
P_000001d493752150 .param/l "S_INIT1_LO" 1 3 174, C4<000010>;
P_000001d493752188 .param/l "S_INIT2_HI" 1 3 175, C4<000011>;
P_000001d4937521c0 .param/l "S_INIT2_LO" 1 3 176, C4<000100>;
P_000001d4937521f8 .param/l "S_INIT3_HI" 1 3 177, C4<000101>;
P_000001d493752230 .param/l "S_INIT3_LO" 1 3 178, C4<000110>;
P_000001d493752268 .param/l "S_PWRON" 1 3 172, C4<000000>;
P_000001d4937522a0 .param/l "S_SC_CMD" 1 3 189, C4<010001>;
P_000001d4937522d8 .param/l "S_SC_WAIT" 1 3 188, C4<010000>;
P_000001d493752310 .param/l "S_STOP" 1 3 200, C4<011111>;
P_000001d493752348 .param/l "S_TX" 1 3 190, C4<010100>;
P_000001d493752380 .param/l "S_TX_HI_E0" 1 3 193, C4<010110>;
P_000001d4937523b8 .param/l "S_TX_HI_E1" 1 3 191, C4<010101>;
P_000001d4937523f0 .param/l "S_TX_HI_EW" 1 3 192, C4<011010>;
P_000001d493752428 .param/l "S_TX_LO_E0" 1 3 196, C4<011000>;
P_000001d493752460 .param/l "S_TX_LO_E1" 1 3 194, C4<010111>;
P_000001d493752498 .param/l "S_TX_LO_EW" 1 3 195, C4<011011>;
P_000001d4937524d0 .param/l "S_TX_WAIT" 1 3 197, C4<011001>;
P_000001d493752508 .param/l "S_WAIT" 1 3 198, C4<011110>;
P_000001d493752540 .param/l "S_WR_ADDR" 1 3 186, C4<001110>;
P_000001d493752578 .param/l "S_WR_CHAR" 1 3 187, C4<001111>;
P_000001d4937525b0 .param/l "T_15MS" 1 3 160, C4<000000010110111000110110000>;
P_000001d4937525e8 .param/l "T_1MS" 1 3 162, C4<000000000001100001101010000>;
P_000001d493752620 .param/l "T_2MS" 1 3 163, C4<000000000011000011010100000>;
P_000001d493752658 .param/l "T_40US" 1 3 164, C4<000000000000000111110100000>;
P_000001d493752690 .param/l "T_5MS" 1 3 161, C4<000000000111101000010010000>;
P_000001d4937526c8 .param/l "T_EPW" 1 3 165, C4<000000000000000000000110010>;
P_000001d493752700 .param/l "T_SCROLL" 1 3 166, C4<001011111010111100001000000>;
v000001d493751590_0 .var "cidx", 4 0;
v000001d493751270_0 .net "clk", 0 0, v000001d4937ae290_0;  alias, 1 drivers
v000001d493751310_0 .var "lcd_db", 3 0;
v000001d493750f50_0 .var "lcd_e", 0 0;
v000001d493751090_0 .var "lcd_rs", 0 0;
v000001d493750870 .array "msg", 15 0, 7 0;
v000001d493750a50_0 .var "nib_h", 3 0;
v000001d493751130_0 .var "nib_l", 3 0;
v000001d493750cd0_0 .var "ret_state", 5 0;
v000001d493750eb0_0 .var "state", 5 0;
v000001d493750af0_0 .var "timer", 26 0;
v000001d493750ff0_0 .var "tx_data", 7 0;
v000001d4937511d0_0 .var "tx_rs", 0 0;
E_000001d493745480 .event posedge, v000001d493751270_0;
    .scope S_000001d4936d26a0;
T_0 ;
    %pushi/vec4 0, 0, 6;
    %store/vec4 v000001d493750eb0_0, 0, 6;
    %pushi/vec4 25000000, 0, 27;
    %store/vec4 v000001d493750af0_0, 0, 27;
    %end;
    .thread T_0;
    .scope S_000001d4936d26a0;
T_1 ;
    %wait E_000001d493745480;
    %load/vec4 v000001d493750eb0_0;
    %dup/vec4;
    %pushi/vec4 0, 0, 6;
    %cmp/u;
    %jmp/1 T_1.0, 6;
    %dup/vec4;
    %pushi/vec4 1, 0, 6;
    %cmp/u;
    %jmp/1 T_1.1, 6;
    %dup/vec4;
    %pushi/vec4 2, 0, 6;
    %cmp/u;
    %jmp/1 T_1.2, 6;
    %dup/vec4;
    %pushi/vec4 3, 0, 6;
    %cmp/u;
    %jmp/1 T_1.3, 6;
    %dup/vec4;
    %pushi/vec4 4, 0, 6;
    %cmp/u;
    %jmp/1 T_1.4, 6;
    %dup/vec4;
    %pushi/vec4 5, 0, 6;
    %cmp/u;
    %jmp/1 T_1.5, 6;
    %dup/vec4;
    %pushi/vec4 6, 0, 6;
    %cmp/u;
    %jmp/1 T_1.6, 6;
    %dup/vec4;
    %pushi/vec4 7, 0, 6;
    %cmp/u;
    %jmp/1 T_1.7, 6;
    %dup/vec4;
    %pushi/vec4 8, 0, 6;
    %cmp/u;
    %jmp/1 T_1.8, 6;
    %dup/vec4;
    %pushi/vec4 33, 0, 6;
    %cmp/u;
    %jmp/1 T_1.9, 6;
    %dup/vec4;
    %pushi/vec4 34, 0, 6;
    %cmp/u;
    %jmp/1 T_1.10, 6;
    %dup/vec4;
    %pushi/vec4 35, 0, 6;
    %cmp/u;
    %jmp/1 T_1.11, 6;
    %dup/vec4;
    %pushi/vec4 9, 0, 6;
    %cmp/u;
    %jmp/1 T_1.12, 6;
    %dup/vec4;
    %pushi/vec4 10, 0, 6;
    %cmp/u;
    %jmp/1 T_1.13, 6;
    %dup/vec4;
    %pushi/vec4 12, 0, 6;
    %cmp/u;
    %jmp/1 T_1.14, 6;
    %dup/vec4;
    %pushi/vec4 32, 0, 6;
    %cmp/u;
    %jmp/1 T_1.15, 6;
    %dup/vec4;
    %pushi/vec4 13, 0, 6;
    %cmp/u;
    %jmp/1 T_1.16, 6;
    %dup/vec4;
    %pushi/vec4 14, 0, 6;
    %cmp/u;
    %jmp/1 T_1.17, 6;
    %dup/vec4;
    %pushi/vec4 15, 0, 6;
    %cmp/u;
    %jmp/1 T_1.18, 6;
    %dup/vec4;
    %pushi/vec4 31, 0, 6;
    %cmp/u;
    %jmp/1 T_1.19, 6;
    %dup/vec4;
    %pushi/vec4 16, 0, 6;
    %cmp/u;
    %jmp/1 T_1.20, 6;
    %dup/vec4;
    %pushi/vec4 17, 0, 6;
    %cmp/u;
    %jmp/1 T_1.21, 6;
    %dup/vec4;
    %pushi/vec4 20, 0, 6;
    %cmp/u;
    %jmp/1 T_1.22, 6;
    %dup/vec4;
    %pushi/vec4 21, 0, 6;
    %cmp/u;
    %jmp/1 T_1.23, 6;
    %dup/vec4;
    %pushi/vec4 26, 0, 6;
    %cmp/u;
    %jmp/1 T_1.24, 6;
    %dup/vec4;
    %pushi/vec4 22, 0, 6;
    %cmp/u;
    %jmp/1 T_1.25, 6;
    %dup/vec4;
    %pushi/vec4 23, 0, 6;
    %cmp/u;
    %jmp/1 T_1.26, 6;
    %dup/vec4;
    %pushi/vec4 27, 0, 6;
    %cmp/u;
    %jmp/1 T_1.27, 6;
    %dup/vec4;
    %pushi/vec4 24, 0, 6;
    %cmp/u;
    %jmp/1 T_1.28, 6;
    %dup/vec4;
    %pushi/vec4 25, 0, 6;
    %cmp/u;
    %jmp/1 T_1.29, 6;
    %dup/vec4;
    %pushi/vec4 30, 0, 6;
    %cmp/u;
    %jmp/1 T_1.30, 6;
    %pushi/vec4 0, 0, 6;
    %assign/vec4 v000001d493750eb0_0, 0;
    %jmp T_1.32;
T_1.0 ;
    %pushi/vec4 70, 0, 8;
    %ix/load 4, 0, 0;
    %flag_set/imm 4, 0;
    %store/vec4a v000001d493750870, 4, 0;
    %pushi/vec4 111, 0, 8;
    %ix/load 4, 1, 0;
    %flag_set/imm 4, 0;
    %store/vec4a v000001d493750870, 4, 0;
    %pushi/vec4 114, 0, 8;
    %ix/load 4, 2, 0;
    %flag_set/imm 4, 0;
    %store/vec4a v000001d493750870, 4, 0;
    %pushi/vec4 103, 0, 8;
    %ix/load 4, 3, 0;
    %flag_set/imm 4, 0;
    %store/vec4a v000001d493750870, 4, 0;
    %pushi/vec4 101, 0, 8;
    %ix/load 4, 4, 0;
    %flag_set/imm 4, 0;
    %store/vec4a v000001d493750870, 4, 0;
    %pushi/vec4 70, 0, 8;
    %ix/load 4, 5, 0;
    %flag_set/imm 4, 0;
    %store/vec4a v000001d493750870, 4, 0;
    %pushi/vec4 80, 0, 8;
    %ix/load 4, 6, 0;
    %flag_set/imm 4, 0;
    %store/vec4a v000001d493750870, 4, 0;
    %pushi/vec4 71, 0, 8;
    %ix/load 4, 7, 0;
    %flag_set/imm 4, 0;
    %store/vec4a v000001d493750870, 4, 0;
    %pushi/vec4 65, 0, 8;
    %ix/load 4, 8, 0;
    %flag_set/imm 4, 0;
    %store/vec4a v000001d493750870, 4, 0;
    %pushi/vec4 32, 0, 8;
    %ix/load 4, 9, 0;
    %flag_set/imm 4, 0;
    %store/vec4a v000001d493750870, 4, 0;
    %pushi/vec4 32, 0, 8;
    %ix/load 4, 10, 0;
    %flag_set/imm 4, 0;
    %store/vec4a v000001d493750870, 4, 0;
    %pushi/vec4 32, 0, 8;
    %ix/load 4, 11, 0;
    %flag_set/imm 4, 0;
    %store/vec4a v000001d493750870, 4, 0;
    %pushi/vec4 32, 0, 8;
    %ix/load 4, 12, 0;
    %flag_set/imm 4, 0;
    %store/vec4a v000001d493750870, 4, 0;
    %pushi/vec4 32, 0, 8;
    %ix/load 4, 13, 0;
    %flag_set/imm 4, 0;
    %store/vec4a v000001d493750870, 4, 0;
    %pushi/vec4 32, 0, 8;
    %ix/load 4, 14, 0;
    %flag_set/imm 4, 0;
    %store/vec4a v000001d493750870, 4, 0;
    %pushi/vec4 32, 0, 8;
    %ix/load 4, 15, 0;
    %flag_set/imm 4, 0;
    %store/vec4a v000001d493750870, 4, 0;
    %pushi/vec4 0, 0, 1;
    %assign/vec4 v000001d493751090_0, 0;
    %pushi/vec4 0, 0, 1;
    %assign/vec4 v000001d493750f50_0, 0;
    %pushi/vec4 0, 0, 4;
    %assign/vec4 v000001d493751310_0, 0;
    %load/vec4 v000001d493750af0_0;
    %cmpi/e 0, 0, 27;
    %jmp/0xz  T_1.33, 4;
    %pushi/vec4 1, 0, 6;
    %assign/vec4 v000001d493750eb0_0, 0;
    %jmp T_1.34;
T_1.33 ;
    %load/vec4 v000001d493750af0_0;
    %subi 1, 0, 27;
    %assign/vec4 v000001d493750af0_0, 0;
T_1.34 ;
    %jmp T_1.32;
T_1.1 ;
    %pushi/vec4 0, 0, 1;
    %assign/vec4 v000001d493751090_0, 0;
    %pushi/vec4 3, 0, 4;
    %assign/vec4 v000001d493751310_0, 0;
    %pushi/vec4 1, 0, 1;
    %assign/vec4 v000001d493750f50_0, 0;
    %pushi/vec4 50, 0, 27;
    %assign/vec4 v000001d493750af0_0, 0;
    %pushi/vec4 2, 0, 6;
    %assign/vec4 v000001d493750eb0_0, 0;
    %jmp T_1.32;
T_1.2 ;
    %load/vec4 v000001d493750af0_0;
    %cmpi/e 0, 0, 27;
    %jmp/0xz  T_1.35, 4;
    %pushi/vec4 0, 0, 1;
    %assign/vec4 v000001d493750f50_0, 0;
    %pushi/vec4 250000, 0, 27;
    %assign/vec4 v000001d493750af0_0, 0;
    %pushi/vec4 3, 0, 6;
    %assign/vec4 v000001d493750cd0_0, 0;
    %pushi/vec4 30, 0, 6;
    %assign/vec4 v000001d493750eb0_0, 0;
    %jmp T_1.36;
T_1.35 ;
    %load/vec4 v000001d493750af0_0;
    %subi 1, 0, 27;
    %assign/vec4 v000001d493750af0_0, 0;
T_1.36 ;
    %jmp T_1.32;
T_1.3 ;
    %pushi/vec4 0, 0, 1;
    %assign/vec4 v000001d493751090_0, 0;
    %pushi/vec4 3, 0, 4;
    %assign/vec4 v000001d493751310_0, 0;
    %pushi/vec4 1, 0, 1;
    %assign/vec4 v000001d493750f50_0, 0;
    %pushi/vec4 50, 0, 27;
    %assign/vec4 v000001d493750af0_0, 0;
    %pushi/vec4 4, 0, 6;
    %assign/vec4 v000001d493750eb0_0, 0;
    %jmp T_1.32;
T_1.4 ;
    %load/vec4 v000001d493750af0_0;
    %cmpi/e 0, 0, 27;
    %jmp/0xz  T_1.37, 4;
    %pushi/vec4 0, 0, 1;
    %assign/vec4 v000001d493750f50_0, 0;
    %pushi/vec4 50000, 0, 27;
    %assign/vec4 v000001d493750af0_0, 0;
    %pushi/vec4 5, 0, 6;
    %assign/vec4 v000001d493750eb0_0, 0;
    %jmp T_1.38;
T_1.37 ;
    %load/vec4 v000001d493750af0_0;
    %subi 1, 0, 27;
    %assign/vec4 v000001d493750af0_0, 0;
T_1.38 ;
    %jmp T_1.32;
T_1.5 ;
    %load/vec4 v000001d493750af0_0;
    %cmpi/e 0, 0, 27;
    %jmp/0xz  T_1.39, 4;
    %pushi/vec4 1, 0, 1;
    %assign/vec4 v000001d493750f50_0, 0;
    %pushi/vec4 0, 0, 1;
    %assign/vec4 v000001d493751090_0, 0;
    %pushi/vec4 3, 0, 4;
    %assign/vec4 v000001d493751310_0, 0;
    %pushi/vec4 50, 0, 27;
    %assign/vec4 v000001d493750af0_0, 0;
    %pushi/vec4 6, 0, 6;
    %assign/vec4 v000001d493750eb0_0, 0;
    %jmp T_1.40;
T_1.39 ;
    %load/vec4 v000001d493750af0_0;
    %subi 1, 0, 27;
    %assign/vec4 v000001d493750af0_0, 0;
T_1.40 ;
    %jmp T_1.32;
T_1.6 ;
    %load/vec4 v000001d493750af0_0;
    %cmpi/e 0, 0, 27;
    %jmp/0xz  T_1.41, 4;
    %pushi/vec4 0, 0, 1;
    %assign/vec4 v000001d493750f50_0, 0;
    %pushi/vec4 50000, 0, 27;
    %assign/vec4 v000001d493750af0_0, 0;
    %pushi/vec4 7, 0, 6;
    %assign/vec4 v000001d493750cd0_0, 0;
    %pushi/vec4 30, 0, 6;
    %assign/vec4 v000001d493750eb0_0, 0;
    %jmp T_1.42;
T_1.41 ;
    %load/vec4 v000001d493750af0_0;
    %subi 1, 0, 27;
    %assign/vec4 v000001d493750af0_0, 0;
T_1.42 ;
    %jmp T_1.32;
T_1.7 ;
    %pushi/vec4 1, 0, 1;
    %assign/vec4 v000001d493750f50_0, 0;
    %pushi/vec4 0, 0, 1;
    %assign/vec4 v000001d493751090_0, 0;
    %pushi/vec4 2, 0, 4;
    %assign/vec4 v000001d493751310_0, 0;
    %pushi/vec4 50, 0, 27;
    %assign/vec4 v000001d493750af0_0, 0;
    %pushi/vec4 8, 0, 6;
    %assign/vec4 v000001d493750eb0_0, 0;
    %jmp T_1.32;
T_1.8 ;
    %load/vec4 v000001d493750af0_0;
    %cmpi/e 0, 0, 27;
    %jmp/0xz  T_1.43, 4;
    %pushi/vec4 0, 0, 1;
    %assign/vec4 v000001d493750f50_0, 0;
    %pushi/vec4 0, 0, 1;
    %assign/vec4 v000001d4937511d0_0, 0;
    %pushi/vec4 40, 0, 8;
    %assign/vec4 v000001d493750ff0_0, 0;
    %pushi/vec4 4000, 0, 27;
    %assign/vec4 v000001d493750af0_0, 0;
    %pushi/vec4 33, 0, 6;
    %assign/vec4 v000001d493750cd0_0, 0;
    %pushi/vec4 20, 0, 6;
    %assign/vec4 v000001d493750eb0_0, 0;
    %jmp T_1.44;
T_1.43 ;
    %load/vec4 v000001d493750af0_0;
    %subi 1, 0, 27;
    %assign/vec4 v000001d493750af0_0, 0;
T_1.44 ;
    %jmp T_1.32;
T_1.9 ;
    %load/vec4 v000001d493750af0_0;
    %cmpi/e 0, 0, 27;
    %jmp/0xz  T_1.45, 4;
    %pushi/vec4 0, 0, 1;
    %assign/vec4 v000001d493750f50_0, 0;
    %pushi/vec4 0, 0, 1;
    %assign/vec4 v000001d4937511d0_0, 0;
    %pushi/vec4 8, 0, 8;
    %assign/vec4 v000001d493750ff0_0, 0;
    %pushi/vec4 4000, 0, 27;
    %assign/vec4 v000001d493750af0_0, 0;
    %pushi/vec4 34, 0, 6;
    %assign/vec4 v000001d493750cd0_0, 0;
    %pushi/vec4 20, 0, 6;
    %assign/vec4 v000001d493750eb0_0, 0;
    %jmp T_1.46;
T_1.45 ;
    %load/vec4 v000001d493750af0_0;
    %subi 1, 0, 27;
    %assign/vec4 v000001d493750af0_0, 0;
T_1.46 ;
    %jmp T_1.32;
T_1.10 ;
    %load/vec4 v000001d493750af0_0;
    %cmpi/e 0, 0, 27;
    %jmp/0xz  T_1.47, 4;
    %pushi/vec4 0, 0, 1;
    %assign/vec4 v000001d493750f50_0, 0;
    %pushi/vec4 0, 0, 1;
    %assign/vec4 v000001d4937511d0_0, 0;
    %pushi/vec4 1, 0, 8;
    %assign/vec4 v000001d493750ff0_0, 0;
    %pushi/vec4 100000, 0, 27;
    %assign/vec4 v000001d493750af0_0, 0;
    %pushi/vec4 35, 0, 6;
    %assign/vec4 v000001d493750cd0_0, 0;
    %pushi/vec4 20, 0, 6;
    %assign/vec4 v000001d493750eb0_0, 0;
    %jmp T_1.48;
T_1.47 ;
    %load/vec4 v000001d493750af0_0;
    %subi 1, 0, 27;
    %assign/vec4 v000001d493750af0_0, 0;
T_1.48 ;
    %jmp T_1.32;
T_1.11 ;
    %load/vec4 v000001d493750af0_0;
    %cmpi/e 0, 0, 27;
    %jmp/0xz  T_1.49, 4;
    %pushi/vec4 0, 0, 1;
    %assign/vec4 v000001d493750f50_0, 0;
    %pushi/vec4 0, 0, 1;
    %assign/vec4 v000001d4937511d0_0, 0;
    %pushi/vec4 6, 0, 8;
    %assign/vec4 v000001d493750ff0_0, 0;
    %pushi/vec4 4000, 0, 27;
    %assign/vec4 v000001d493750af0_0, 0;
    %pushi/vec4 9, 0, 6;
    %assign/vec4 v000001d493750cd0_0, 0;
    %pushi/vec4 20, 0, 6;
    %assign/vec4 v000001d493750eb0_0, 0;
    %jmp T_1.50;
T_1.49 ;
    %load/vec4 v000001d493750af0_0;
    %subi 1, 0, 27;
    %assign/vec4 v000001d493750af0_0, 0;
T_1.50 ;
    %jmp T_1.32;
T_1.12 ;
    %pushi/vec4 0, 0, 1;
    %assign/vec4 v000001d4937511d0_0, 0;
    %pushi/vec4 12, 0, 8;
    %assign/vec4 v000001d493750ff0_0, 0;
    %pushi/vec4 4000, 0, 27;
    %assign/vec4 v000001d493750af0_0, 0;
    %pushi/vec4 10, 0, 6;
    %assign/vec4 v000001d493750cd0_0, 0;
    %pushi/vec4 20, 0, 6;
    %assign/vec4 v000001d493750eb0_0, 0;
    %jmp T_1.32;
T_1.13 ;
    %pushi/vec4 0, 0, 1;
    %assign/vec4 v000001d4937511d0_0, 0;
    %pushi/vec4 1, 0, 8;
    %assign/vec4 v000001d493750ff0_0, 0;
    %pushi/vec4 4000, 0, 27;
    %assign/vec4 v000001d493750af0_0, 0;
    %pushi/vec4 12, 0, 6;
    %assign/vec4 v000001d493750cd0_0, 0;
    %pushi/vec4 20, 0, 6;
    %assign/vec4 v000001d493750eb0_0, 0;
    %jmp T_1.32;
T_1.14 ;
    %pushi/vec4 100000, 0, 27;
    %assign/vec4 v000001d493750af0_0, 0;
    %pushi/vec4 32, 0, 6;
    %assign/vec4 v000001d493750cd0_0, 0;
    %jmp T_1.32;
T_1.15 ;
    %pushi/vec4 0, 0, 1;
    %assign/vec4 v000001d4937511d0_0, 0;
    %pushi/vec4 12, 0, 8;
    %assign/vec4 v000001d493750ff0_0, 0;
    %pushi/vec4 4000, 0, 27;
    %assign/vec4 v000001d493750af0_0, 0;
    %pushi/vec4 13, 0, 6;
    %assign/vec4 v000001d493750cd0_0, 0;
    %pushi/vec4 20, 0, 6;
    %assign/vec4 v000001d493750eb0_0, 0;
    %jmp T_1.32;
T_1.16 ;
    %pushi/vec4 0, 0, 1;
    %assign/vec4 v000001d4937511d0_0, 0;
    %pushi/vec4 6, 0, 8;
    %assign/vec4 v000001d493750ff0_0, 0;
    %pushi/vec4 4000, 0, 27;
    %assign/vec4 v000001d493750af0_0, 0;
    %pushi/vec4 14, 0, 6;
    %assign/vec4 v000001d493750cd0_0, 0;
    %pushi/vec4 20, 0, 6;
    %assign/vec4 v000001d493750eb0_0, 0;
    %jmp T_1.32;
T_1.17 ;
    %pushi/vec4 0, 0, 1;
    %assign/vec4 v000001d4937511d0_0, 0;
    %pushi/vec4 128, 0, 8;
    %assign/vec4 v000001d493750ff0_0, 0;
    %pushi/vec4 0, 0, 5;
    %assign/vec4 v000001d493751590_0, 0;
    %pushi/vec4 100000, 0, 27;
    %assign/vec4 v000001d493750af0_0, 0;
    %pushi/vec4 15, 0, 6;
    %assign/vec4 v000001d493750cd0_0, 0;
    %pushi/vec4 20, 0, 6;
    %assign/vec4 v000001d493750eb0_0, 0;
    %jmp T_1.32;
T_1.18 ;
    %load/vec4 v000001d493751590_0;
    %cmpi/u 16, 0, 5;
    %jmp/0xz  T_1.51, 5;
    %pushi/vec4 1, 0, 1;
    %assign/vec4 v000001d4937511d0_0, 0;
    %load/vec4 v000001d493751590_0;
    %parti/s 4, 0, 2;
    %pad/u 6;
    %ix/vec4 4;
    %load/vec4a v000001d493750870, 4;
    %assign/vec4 v000001d493750ff0_0, 0;
    %load/vec4 v000001d493751590_0;
    %addi 1, 0, 5;
    %assign/vec4 v000001d493751590_0, 0;
    %pushi/vec4 4000, 0, 27;
    %assign/vec4 v000001d493750af0_0, 0;
    %pushi/vec4 15, 0, 6;
    %assign/vec4 v000001d493750cd0_0, 0;
    %pushi/vec4 20, 0, 6;
    %assign/vec4 v000001d493750eb0_0, 0;
    %jmp T_1.52;
T_1.51 ;
    %pushi/vec4 25000000, 0, 27;
    %assign/vec4 v000001d493750af0_0, 0;
    %pushi/vec4 16, 0, 6;
    %assign/vec4 v000001d493750eb0_0, 0;
T_1.52 ;
    %jmp T_1.32;
T_1.19 ;
    %jmp T_1.32;
T_1.20 ;
    %load/vec4 v000001d493750af0_0;
    %cmpi/e 0, 0, 27;
    %jmp/0xz  T_1.53, 4;
    %pushi/vec4 17, 0, 6;
    %assign/vec4 v000001d493750eb0_0, 0;
    %jmp T_1.54;
T_1.53 ;
    %load/vec4 v000001d493750af0_0;
    %subi 1, 0, 27;
    %assign/vec4 v000001d493750af0_0, 0;
T_1.54 ;
    %jmp T_1.32;
T_1.21 ;
    %pushi/vec4 0, 0, 1;
    %assign/vec4 v000001d4937511d0_0, 0;
    %pushi/vec4 24, 0, 8;
    %assign/vec4 v000001d493750ff0_0, 0;
    %pushi/vec4 25000000, 0, 27;
    %assign/vec4 v000001d493750af0_0, 0;
    %pushi/vec4 16, 0, 6;
    %assign/vec4 v000001d493750cd0_0, 0;
    %pushi/vec4 20, 0, 6;
    %assign/vec4 v000001d493750eb0_0, 0;
    %jmp T_1.32;
T_1.22 ;
    %load/vec4 v000001d493750af0_0;
    %cmpi/e 0, 0, 27;
    %jmp/0xz  T_1.55, 4;
    %load/vec4 v000001d493750ff0_0;
    %parti/s 4, 4, 4;
    %assign/vec4 v000001d493750a50_0, 0;
    %load/vec4 v000001d493750ff0_0;
    %parti/s 4, 0, 2;
    %assign/vec4 v000001d493751130_0, 0;
    %pushi/vec4 21, 0, 6;
    %assign/vec4 v000001d493750eb0_0, 0;
    %jmp T_1.56;
T_1.55 ;
    %load/vec4 v000001d493750af0_0;
    %subi 1, 0, 27;
    %assign/vec4 v000001d493750af0_0, 0;
T_1.56 ;
    %jmp T_1.32;
T_1.23 ;
    %load/vec4 v000001d4937511d0_0;
    %assign/vec4 v000001d493751090_0, 0;
    %load/vec4 v000001d493750a50_0;
    %assign/vec4 v000001d493751310_0, 0;
    %pushi/vec4 1, 0, 1;
    %assign/vec4 v000001d493750f50_0, 0;
    %pushi/vec4 50, 0, 27;
    %assign/vec4 v000001d493750af0_0, 0;
    %pushi/vec4 26, 0, 6;
    %assign/vec4 v000001d493750eb0_0, 0;
    %jmp T_1.32;
T_1.24 ;
    %load/vec4 v000001d493750af0_0;
    %cmpi/e 0, 0, 27;
    %jmp/0xz  T_1.57, 4;
    %pushi/vec4 22, 0, 6;
    %assign/vec4 v000001d493750eb0_0, 0;
    %jmp T_1.58;
T_1.57 ;
    %load/vec4 v000001d493750af0_0;
    %subi 1, 0, 27;
    %assign/vec4 v000001d493750af0_0, 0;
T_1.58 ;
    %jmp T_1.32;
T_1.25 ;
    %pushi/vec4 0, 0, 1;
    %assign/vec4 v000001d493750f50_0, 0;
    %pushi/vec4 4000, 0, 27;
    %assign/vec4 v000001d493750af0_0, 0;
    %pushi/vec4 23, 0, 6;
    %assign/vec4 v000001d493750eb0_0, 0;
    %jmp T_1.32;
T_1.26 ;
    %load/vec4 v000001d493750af0_0;
    %cmpi/e 0, 0, 27;
    %jmp/0xz  T_1.59, 4;
    %load/vec4 v000001d4937511d0_0;
    %assign/vec4 v000001d493751090_0, 0;
    %load/vec4 v000001d493751130_0;
    %assign/vec4 v000001d493751310_0, 0;
    %pushi/vec4 1, 0, 1;
    %assign/vec4 v000001d493750f50_0, 0;
    %pushi/vec4 50, 0, 27;
    %assign/vec4 v000001d493750af0_0, 0;
    %pushi/vec4 27, 0, 6;
    %assign/vec4 v000001d493750eb0_0, 0;
    %jmp T_1.60;
T_1.59 ;
    %load/vec4 v000001d493750af0_0;
    %subi 1, 0, 27;
    %assign/vec4 v000001d493750af0_0, 0;
T_1.60 ;
    %jmp T_1.32;
T_1.27 ;
    %load/vec4 v000001d493750af0_0;
    %cmpi/e 0, 0, 27;
    %jmp/0xz  T_1.61, 4;
    %pushi/vec4 24, 0, 6;
    %assign/vec4 v000001d493750eb0_0, 0;
    %jmp T_1.62;
T_1.61 ;
    %load/vec4 v000001d493750af0_0;
    %subi 1, 0, 27;
    %assign/vec4 v000001d493750af0_0, 0;
T_1.62 ;
    %jmp T_1.32;
T_1.28 ;
    %pushi/vec4 0, 0, 1;
    %assign/vec4 v000001d493750f50_0, 0;
    %pushi/vec4 25, 0, 6;
    %assign/vec4 v000001d493750eb0_0, 0;
    %pushi/vec4 4000, 0, 27;
    %assign/vec4 v000001d493750af0_0, 0;
    %jmp T_1.32;
T_1.29 ;
    %load/vec4 v000001d493750af0_0;
    %cmpi/e 0, 0, 27;
    %jmp/0xz  T_1.63, 4;
    %load/vec4 v000001d493750cd0_0;
    %assign/vec4 v000001d493750eb0_0, 0;
    %jmp T_1.64;
T_1.63 ;
    %load/vec4 v000001d493750af0_0;
    %subi 1, 0, 27;
    %assign/vec4 v000001d493750af0_0, 0;
T_1.64 ;
    %jmp T_1.32;
T_1.30 ;
    %load/vec4 v000001d493750af0_0;
    %cmpi/e 0, 0, 27;
    %jmp/0xz  T_1.65, 4;
    %load/vec4 v000001d493750cd0_0;
    %assign/vec4 v000001d493750eb0_0, 0;
    %jmp T_1.66;
T_1.65 ;
    %load/vec4 v000001d493750af0_0;
    %subi 1, 0, 27;
    %assign/vec4 v000001d493750af0_0, 0;
T_1.66 ;
    %jmp T_1.32;
T_1.32 ;
    %pop/vec4 1;
    %jmp T_1;
    .thread T_1;
    .scope S_000001d4936d26a0;
T_2 ;
    %pushi/vec4 0, 0, 6;
    %store/vec4 v000001d493750eb0_0, 0, 6;
    %pushi/vec4 0, 0, 6;
    %store/vec4 v000001d493750cd0_0, 0, 6;
    %pushi/vec4 0, 0, 5;
    %store/vec4 v000001d493751590_0, 0, 5;
    %pushi/vec4 0, 0, 1;
    %store/vec4 v000001d4937511d0_0, 0, 1;
    %pushi/vec4 0, 0, 8;
    %store/vec4 v000001d493750ff0_0, 0, 8;
    %pushi/vec4 0, 0, 4;
    %store/vec4 v000001d493750a50_0, 0, 4;
    %pushi/vec4 0, 0, 4;
    %store/vec4 v000001d493751130_0, 0, 4;
    %pushi/vec4 0, 0, 1;
    %store/vec4 v000001d493751090_0, 0, 1;
    %pushi/vec4 0, 0, 1;
    %store/vec4 v000001d493750f50_0, 0, 1;
    %pushi/vec4 0, 0, 4;
    %store/vec4 v000001d493751310_0, 0, 4;
    %end;
    .thread T_2;
    .scope S_000001d493751d20;
T_3 ;
    %pushi/vec4 0, 0, 25;
    %store/vec4 v000001d4937514f0_0, 0, 25;
    %pushi/vec4 0, 0, 1;
    %store/vec4 v000001d493750b90_0, 0, 1;
    %end;
    .thread T_3;
    .scope S_000001d493751d20;
T_4 ;
    %wait E_000001d493745480;
    %load/vec4 v000001d4937514f0_0;
    %cmpi/e 14999999, 0, 25;
    %jmp/0xz  T_4.0, 4;
    %pushi/vec4 0, 0, 25;
    %assign/vec4 v000001d4937514f0_0, 0;
    %load/vec4 v000001d493750b90_0;
    %inv;
    %assign/vec4 v000001d493750b90_0, 0;
    %jmp T_4.1;
T_4.0 ;
    %load/vec4 v000001d4937514f0_0;
    %addi 1, 0, 25;
    %assign/vec4 v000001d4937514f0_0, 0;
T_4.1 ;
    %jmp T_4;
    .thread T_4;
    .scope S_000001d493751b90;
T_5 ;
    %pushi/vec4 0, 0, 1;
    %store/vec4 v000001d4937ae290_0, 0, 1;
    %end;
    .thread T_5;
    .scope S_000001d493751b90;
T_6 ;
    %vpi_call 2 33 "$dumpfile", "main_tb.vcd" {0 0 0};
    %vpi_call 2 34 "$dumpvars", 32'sb00000000000000000000000000000000, S_000001d493751b90 {0 0 0};
    %delay 3567587328, 232;
    %vpi_call 2 35 "$finish" {0 0 0};
    %end;
    .thread T_6;
    .scope S_000001d493751b90;
T_7 ;
    %delay 10000, 0;
    %load/vec4 v000001d4937ae290_0;
    %inv;
    %store/vec4 v000001d4937ae290_0, 0, 1;
    %jmp T_7;
    .thread T_7;
# The file index is used to find the file name in the following table.
:file_names 4;
    "N/A";
    "<interactive>";
    "H:/git/Pmod/Pmod_SC1602/sample/ForgeFPGA/SC1602/ffpga/sim/main_tb.vt";
    "H:/git/Pmod/Pmod_SC1602/sample/ForgeFPGA/SC1602/ffpga/src/main.v";
