GowinSynthesis start
Running parser ...
Analyzing Verilog file 'H:\git\Pmod\Pmod_ADC\sample\TangPrimer9K_1ch\src\fft\fft.v'
Analyzing Verilog file 'H:\git\Pmod\Pmod_ADC\sample\TangPrimer9K_1ch\src\frameBuffer_16x16.sv'
WARN  (EX3095) : Converting concatenation to assignment pattern("H:\git\Pmod\Pmod_ADC\sample\TangPrimer9K_1ch\src\frameBuffer_16x16.sv":39)
Analyzing Verilog file 'H:\git\Pmod\Pmod_ADC\sample\TangPrimer9K_1ch\src\top.sv'
WARN  (EX3628) : Redeclaration of ANSI port 'P1_COM_SER' is not allowed("H:\git\Pmod\Pmod_ADC\sample\TangPrimer9K_1ch\src\top.sv":35)
WARN  (EX3628) : Redeclaration of ANSI port 'P2_COM_RCLK' is not allowed("H:\git\Pmod\Pmod_ADC\sample\TangPrimer9K_1ch\src\top.sv":36)
WARN  (EX3628) : Redeclaration of ANSI port 'P3_SEG_SER' is not allowed("H:\git\Pmod\Pmod_ADC\sample\TangPrimer9K_1ch\src\top.sv":38)
WARN  (EX3628) : Redeclaration of ANSI port 'P4_SEG_RCLK' is not allowed("H:\git\Pmod\Pmod_ADC\sample\TangPrimer9K_1ch\src\top.sv":39)
Analyzing Verilog file 'H:\Gowin\Gowin_V1.9.9Beta-6\IDE\data\ipcores\GAO_LITE\GW_AO_0\gw_ao_mem_ctrl.v'
Analyzing included file 'H:\git\Pmod\Pmod_ADC\sample\TangPrimer9K_1ch\impl\gwsynthesis\RTL_GAO\ao_0\gw_ao_top_define.v'("H:\Gowin\Gowin_V1.9.9Beta-6\IDE\data\ipcores\GAO_LITE\GW_AO_0\gw_ao_mem_ctrl.v":133)
Back to file 'H:\Gowin\Gowin_V1.9.9Beta-6\IDE\data\ipcores\GAO_LITE\GW_AO_0\gw_ao_mem_ctrl.v'("H:\Gowin\Gowin_V1.9.9Beta-6\IDE\data\ipcores\GAO_LITE\GW_AO_0\gw_ao_mem_ctrl.v":133)
Analyzing Verilog file 'H:\Gowin\Gowin_V1.9.9Beta-6\IDE\data\ipcores\GAO_LITE\GW_AO_0\gw_ao_top.v'
Analyzing included file 'h:\Gowin\Gowin_V1.9.9Beta-6\IDE\data\ipcores\GAO_LITE\GW_AO_0\gw_ao_define.v'("H:\Gowin\Gowin_V1.9.9Beta-6\IDE\data\ipcores\GAO_LITE\GW_AO_0\gw_ao_top.v":684)
Back to file 'H:\Gowin\Gowin_V1.9.9Beta-6\IDE\data\ipcores\GAO_LITE\GW_AO_0\gw_ao_top.v'("H:\Gowin\Gowin_V1.9.9Beta-6\IDE\data\ipcores\GAO_LITE\GW_AO_0\gw_ao_top.v":684)
Analyzing included file 'H:\git\Pmod\Pmod_ADC\sample\TangPrimer9K_1ch\impl\gwsynthesis\RTL_GAO\ao_0\gw_ao_top_define.v'("H:\Gowin\Gowin_V1.9.9Beta-6\IDE\data\ipcores\GAO_LITE\GW_AO_0\gw_ao_top.v":684)
Back to file 'H:\Gowin\Gowin_V1.9.9Beta-6\IDE\data\ipcores\GAO_LITE\GW_AO_0\gw_ao_top.v'("H:\Gowin\Gowin_V1.9.9Beta-6\IDE\data\ipcores\GAO_LITE\GW_AO_0\gw_ao_top.v":684)
Analyzing included file 'H:\git\Pmod\Pmod_ADC\sample\TangPrimer9K_1ch\impl\gwsynthesis\RTL_GAO\ao_0\gw_ao_parameter.v'("H:\Gowin\Gowin_V1.9.9Beta-6\IDE\data\ipcores\GAO_LITE\GW_AO_0\gw_ao_top.v":684)
Back to file 'H:\Gowin\Gowin_V1.9.9Beta-6\IDE\data\ipcores\GAO_LITE\GW_AO_0\gw_ao_top.v'("H:\Gowin\Gowin_V1.9.9Beta-6\IDE\data\ipcores\GAO_LITE\GW_AO_0\gw_ao_top.v":684)
Analyzing Verilog file 'H:\Gowin\Gowin_V1.9.9Beta-6\IDE\data\ipcores\GAO_LITE\GW_CON\gw_con_top.v'
Analyzing included file 'H:\git\Pmod\Pmod_ADC\sample\TangPrimer9K_1ch\impl\gwsynthesis\RTL_GAO\ao_control\gw_con_top_define.v'("H:\Gowin\Gowin_V1.9.9Beta-6\IDE\data\ipcores\GAO_LITE\GW_CON\gw_con_top.v":367)
Back to file 'H:\Gowin\Gowin_V1.9.9Beta-6\IDE\data\ipcores\GAO_LITE\GW_CON\gw_con_top.v'("H:\Gowin\Gowin_V1.9.9Beta-6\IDE\data\ipcores\GAO_LITE\GW_CON\gw_con_top.v":367)
Analyzing included file 'h:\Gowin\Gowin_V1.9.9Beta-6\IDE\data\ipcores\GAO_LITE\GW_CON\gw_con_parameter.v'("H:\Gowin\Gowin_V1.9.9Beta-6\IDE\data\ipcores\GAO_LITE\GW_CON\gw_con_top.v":367)
Back to file 'H:\Gowin\Gowin_V1.9.9Beta-6\IDE\data\ipcores\GAO_LITE\GW_CON\gw_con_top.v'("H:\Gowin\Gowin_V1.9.9Beta-6\IDE\data\ipcores\GAO_LITE\GW_CON\gw_con_top.v":367)
Analyzing Verilog file 'H:\Gowin\Gowin_V1.9.9Beta-6\IDE\data\ipcores\gw_jtag.v'
Analyzing Verilog file 'H:\git\Pmod\Pmod_ADC\sample\TangPrimer9K_1ch\impl\gwsynthesis\RTL_GAO\gw_gao_top.v'
Compiling module 'top'("H:\git\Pmod\Pmod_ADC\sample\TangPrimer9K_1ch\src\top.sv":3)
Extracting RAM for identifier 'display7seg'("H:\git\Pmod\Pmod_ADC\sample\TangPrimer9K_1ch\src\top.sv":31)
Compiling module 'timer'("H:\git\Pmod\Pmod_ADC\sample\TangPrimer9K_1ch\src\top.sv":201)
WARN  (EX3791) : Expression size 10 truncated to fit in target size 9("H:\git\Pmod\Pmod_ADC\sample\TangPrimer9K_1ch\src\top.sv":215)
WARN  (EX3791) : Expression size 10 truncated to fit in target size 9("H:\git\Pmod\Pmod_ADC\sample\TangPrimer9K_1ch\src\top.sv":218)
Compiling module 'frameBuffer_16x16'("H:\git\Pmod\Pmod_ADC\sample\TangPrimer9K_1ch\src\frameBuffer_16x16.sv":1)
Extracting RAM for identifier 'frameBuffer'("H:\git\Pmod\Pmod_ADC\sample\TangPrimer9K_1ch\src\frameBuffer_16x16.sv":23)
Compiling module 'timer2'("H:\git\Pmod\Pmod_ADC\sample\TangPrimer9K_1ch\src\frameBuffer_16x16.sv":105)
WARN  (EX3791) : Expression size 8 truncated to fit in target size 7("H:\git\Pmod\Pmod_ADC\sample\TangPrimer9K_1ch\src\frameBuffer_16x16.sv":121)
WARN  (EX3791) : Expression size 7 truncated to fit in target size 6("H:\git\Pmod\Pmod_ADC\sample\TangPrimer9K_1ch\src\frameBuffer_16x16.sv":72)
WARN  (EX3791) : Expression size 6 truncated to fit in target size 5("H:\git\Pmod\Pmod_ADC\sample\TangPrimer9K_1ch\src\frameBuffer_16x16.sv":76)
WARN  (EX3791) : Expression size 6 truncated to fit in target size 5("H:\git\Pmod\Pmod_ADC\sample\TangPrimer9K_1ch\src\frameBuffer_16x16.sv":79)
WARN  (EX3791) : Expression size 17 truncated to fit in target size 16("H:\git\Pmod\Pmod_ADC\sample\TangPrimer9K_1ch\src\top.sv":62)
WARN  (EX3791) : Expression size 5 truncated to fit in target size 4("H:\git\Pmod\Pmod_ADC\sample\TangPrimer9K_1ch\src\top.sv":122)
Compiling module 'FFT_Top'("H:\git\Pmod\Pmod_ADC\sample\TangPrimer9K_1ch\src\fft\fft.v":1716)
Compiling module '**'("H:\git\Pmod\Pmod_ADC\sample\TangPrimer9K_1ch\src\fft\fft.v":0)
Compiling module '**'("H:\git\Pmod\Pmod_ADC\sample\TangPrimer9K_1ch\src\fft\fft.v":0)
Compiling module '**'("H:\git\Pmod\Pmod_ADC\sample\TangPrimer9K_1ch\src\fft\fft.v":0)
Compiling module '**'("H:\git\Pmod\Pmod_ADC\sample\TangPrimer9K_1ch\src\fft\fft.v":0)
Compiling module '**'("H:\git\Pmod\Pmod_ADC\sample\TangPrimer9K_1ch\src\fft\fft.v":0)
Compiling module '**'("H:\git\Pmod\Pmod_ADC\sample\TangPrimer9K_1ch\src\fft\fft.v":0)
Compiling module '**'("H:\git\Pmod\Pmod_ADC\sample\TangPrimer9K_1ch\src\fft\fft.v":0)
Compiling module '**'("H:\git\Pmod\Pmod_ADC\sample\TangPrimer9K_1ch\src\fft\fft.v":0)
Compiling module '**'("H:\git\Pmod\Pmod_ADC\sample\TangPrimer9K_1ch\src\fft\fft.v":0)
Compiling module '**'("H:\git\Pmod\Pmod_ADC\sample\TangPrimer9K_1ch\src\fft\fft.v":0)
Compiling module '**'("H:\git\Pmod\Pmod_ADC\sample\TangPrimer9K_1ch\src\fft\fft.v":0)
Compiling module '**'("H:\git\Pmod\Pmod_ADC\sample\TangPrimer9K_1ch\src\fft\fft.v":0)
Compiling module '**'("H:\git\Pmod\Pmod_ADC\sample\TangPrimer9K_1ch\src\fft\fft.v":0)
Compiling module '**'("H:\git\Pmod\Pmod_ADC\sample\TangPrimer9K_1ch\src\fft\fft.v":0)
Compiling module '**'("H:\git\Pmod\Pmod_ADC\sample\TangPrimer9K_1ch\src\fft\fft.v":0)
Compiling module '**'("H:\git\Pmod\Pmod_ADC\sample\TangPrimer9K_1ch\src\fft\fft.v":0)
Compiling module '**'("H:\git\Pmod\Pmod_ADC\sample\TangPrimer9K_1ch\src\fft\fft.v":0)
WARN  (EX3670) : Actual bit length 32 differs from formal bit length 1 for port 'rst'("H:\git\Pmod\Pmod_ADC\sample\TangPrimer9K_1ch\src\top.sv":195)
Compiling module 'gw_gao'("H:\git\Pmod\Pmod_ADC\sample\TangPrimer9K_1ch\impl\gwsynthesis\RTL_GAO\gw_gao_top.v":1)
Compiling module 'GW_JTAG'("H:\Gowin\Gowin_V1.9.9Beta-6\IDE\data\ipcores\gw_jtag.v":1)
Compiling module '**'("H:\Gowin\Gowin_V1.9.9Beta-6\IDE\data\ipcores\GAO_LITE\GW_CON\gw_con_top.v":0)
Compiling module '**'("H:\Gowin\Gowin_V1.9.9Beta-6\IDE\data\ipcores\GAO_LITE\GW_AO_0\gw_ao_top.v":0)
WARN  (EX3791) : Expression size ** truncated to fit in target size **("H:\Gowin\Gowin_V1.9.9Beta-6\IDE\data\ipcores\GAO_LITE\GW_AO_0\gw_ao_top.v":0)
Compiling module '**'("H:\Gowin\Gowin_V1.9.9Beta-6\IDE\data\ipcores\GAO_LITE\GW_AO_0\gw_ao_mem_ctrl.v":0)
Extracting RAM for identifier '**'("H:\Gowin\Gowin_V1.9.9Beta-6\IDE\data\ipcores\GAO_LITE\GW_AO_0\gw_ao_mem_ctrl.v":0)
Trying to combine GAO to RTL design
NOTE  (EX0101) : Current top module is "top"
[5%] Running netlist conversion ...
WARN  (CV0016) : Input sw1 is unused("H:\git\Pmod\Pmod_ADC\sample\TangPrimer9K_1ch\src\top.sv":6)
WARN  (CV0016) : Input sw2 is unused("H:\git\Pmod\Pmod_ADC\sample\TangPrimer9K_1ch\src\top.sv":7)
Running device independent optimization ...
[10%] Optimizing Phase 0 completed
[15%] Optimizing Phase 1 completed
[25%] Optimizing Phase 2 completed
Running inference ...
[30%] Inferring Phase 0 completed
[40%] Inferring Phase 1 completed
[50%] Inferring Phase 2 completed
[55%] Inferring Phase 3 completed
Running technical mapping ...
[60%] Tech-Mapping Phase 0 completed
[65%] Tech-Mapping Phase 1 completed
[75%] Tech-Mapping Phase 2 completed
[80%] Tech-Mapping Phase 3 completed
[90%] Tech-Mapping Phase 4 completed
WARN  (NL0002) : The module "~memory.FFT_Top_1" instantiated to "imMem" is swept in optimizing("H:\git\Pmod\Pmod_ADC\sample\TangPrimer9K_1ch\src\fft\fft.v":0)
[95%] Generate netlist file "H:\git\Pmod\Pmod_ADC\sample\TangPrimer9K_1ch\impl\gwsynthesis\tangnano9k.vg" completed
[100%] Generate report file "H:\git\Pmod\Pmod_ADC\sample\TangPrimer9K_1ch\impl\gwsynthesis\tangnano9k_syn.rpt.html" completed
GowinSynthesis finish
