Reading netlist file: "H:\git\Pmod\Pmod_PLED\sample\Pmod_PowerLED\impl\gwsynthesis\Pmod_PowerLED.vg"
Parsing netlist file "H:\git\Pmod\Pmod_PLED\sample\Pmod_PowerLED\impl\gwsynthesis\Pmod_PowerLED.vg" completed
Processing netlist completed
Reading constraint file: "H:\git\Pmod\Pmod_PLED\sample\Pmod_PowerLED\src\7seg.cst"
Physical Constraint parsed completed
Running placement......
[10%] Placement Phase 0 completed
[20%] Placement Phase 1 completed
[30%] Placement Phase 2 completed
[50%] Placement Phase 3 completed
Running routing......
[60%] Routing Phase 0 completed
[70%] Routing Phase 1 completed
[80%] Routing Phase 2 completed
[90%] Routing Phase 3 completed
Running timing analysis......
[95%] Timing analysis completed
Placement and routing completed
Bitstream generation in progress......
Bitstream generation completed
Running power analysis......
[100%] Power analysis completed
Generate file "H:\git\Pmod\Pmod_PLED\sample\Pmod_PowerLED\impl\pnr\Pmod_PowerLED.power.html" completed
Generate file "H:\git\Pmod\Pmod_PLED\sample\Pmod_PowerLED\impl\pnr\Pmod_PowerLED.pin.html" completed
Generate file "H:\git\Pmod\Pmod_PLED\sample\Pmod_PowerLED\impl\pnr\Pmod_PowerLED.rpt.html" completed
Generate file "H:\git\Pmod\Pmod_PLED\sample\Pmod_PowerLED\impl\pnr\Pmod_PowerLED.rpt.txt" completed
Generate file "H:\git\Pmod\Pmod_PLED\sample\Pmod_PowerLED\impl\pnr\Pmod_PowerLED.tr.html" completed
Fri Jun 30 02:58:55 2023

