#! /c/Source/iverilog-install/bin/vvp
:ivl_version "12.0 (devel)" "(s20150603-1539-g2693dd32b)";
:ivl_delay_selection "TYPICAL";
:vpi_time_precision - 12;
:vpi_module "H:\iverilog\lib\ivl\system.vpi";
:vpi_module "H:\iverilog\lib\ivl\vhdl_sys.vpi";
:vpi_module "H:\iverilog\lib\ivl\vhdl_textio.vpi";
:vpi_module "H:\iverilog\lib\ivl\v2005_math.vpi";
:vpi_module "H:\iverilog\lib\ivl\va_math.vpi";
S_000001b706a40bd0 .scope module, "tb_tb" "tb_tb" 2 5;
 .timescale -9 -12;
v000001b706a91330_0 .var "clk", 0 0;
S_000001b706a40d60 .scope module, "digit8_7seg_inst" "digit8_7seg" 2 9, 3 1 0, S_000001b706a40bd0;
 .timescale 0 0;
    .port_info 0 /INPUT 1 "clk";
    .port_info 1 /OUTPUT 1 "LED";
    .port_info 2 /OUTPUT 1 "LED_en";
    .port_info 3 /OUTPUT 1 "clk_en";
    .port_info 4 /OUTPUT 1 "pmod_s";
    .port_info 5 /OUTPUT 1 "pmod_s_en";
    .port_info 6 /OUTPUT 1 "rclk";
    .port_info 7 /OUTPUT 1 "rclk_en";
    .port_info 8 /OUTPUT 1 "srclr";
    .port_info 9 /OUTPUT 1 "srclr_en";
    .port_info 10 /OUTPUT 1 "serial_data";
    .port_info 11 /OUTPUT 1 "serial_data_en";
L_000001b706a3ef50 .functor BUFZ 1, v000001b706a91650_0, C4<0>, C4<0>, C4<0>;
L_000001b706a3efc0 .functor BUFZ 1, v000001b706a91830_0, C4<0>, C4<0>, C4<0>;
L_000001b706a3f0a0 .functor BUFZ 1, v000001b706a90ed0_0, C4<0>, C4<0>, C4<0>;
L_000001b706a91ec8 .functor BUFT 1, C4<1>, C4<0>, C4<0>, C4<0>;
v000001b706a02530_0 .net "LED", 0 0, L_000001b706a91ec8;  1 drivers
L_000001b706a91d18 .functor BUFT 1, C4<1>, C4<0>, C4<0>, C4<0>;
v000001b706a90840_0 .net "LED_en", 0 0, L_000001b706a91d18;  1 drivers
v000001b706a908e0_0 .net "clk", 0 0, v000001b706a91330_0;  1 drivers
L_000001b706a91d60 .functor BUFT 1, C4<1>, C4<0>, C4<0>, C4<0>;
v000001b706a90980_0 .net "clk_en", 0 0, L_000001b706a91d60;  1 drivers
v000001b706a90a20_0 .var "counter", 15 0;
v000001b706a90ac0_0 .var "counter_16bit", 3 0;
v000001b706a91650_0 .var "data", 0 0;
v000001b706a913d0_0 .var "digit_select", 1 0;
v000001b706a91970_0 .net "pmod_s", 0 0, L_000001b706a3f0a0;  1 drivers
L_000001b706a91df0 .functor BUFT 1, C4<1>, C4<0>, C4<0>, C4<0>;
v000001b706a916f0_0 .net "pmod_s_en", 0 0, L_000001b706a91df0;  1 drivers
v000001b706a90cf0_0 .net "rclk", 0 0, L_000001b706a3efc0;  1 drivers
L_000001b706a91e38 .functor BUFT 1, C4<1>, C4<0>, C4<0>, C4<0>;
v000001b706a90f70_0 .net "rclk_en", 0 0, L_000001b706a91e38;  1 drivers
v000001b706a91830_0 .var "rclk_reg", 0 0;
v000001b706a90ed0_0 .var "sclk_reg", 0 0;
L_000001b706a91c88 .functor BUFT 1, C4<01101111011110110111110110111100100000011000000110000001100000011000000100111111>, C4<0>, C4<0>, C4<0>;
v000001b706a91790_0 .net "segment_map", 79 0, L_000001b706a91c88;  1 drivers
v000001b706a910b0_0 .var "segment_select", 3 0;
v000001b706a91470_0 .net "serial_data", 0 0, L_000001b706a3ef50;  1 drivers
L_000001b706a91da8 .functor BUFT 1, C4<1>, C4<0>, C4<0>, C4<0>;
v000001b706a918d0_0 .net "serial_data_en", 0 0, L_000001b706a91da8;  1 drivers
L_000001b706a91f10 .functor BUFT 1, C4<1>, C4<0>, C4<0>, C4<0>;
v000001b706a90e30_0 .net "srclr", 0 0, L_000001b706a91f10;  1 drivers
L_000001b706a91e80 .functor BUFT 1, C4<1>, C4<0>, C4<0>, C4<0>;
v000001b706a91a10_0 .net "srclr_en", 0 0, L_000001b706a91e80;  1 drivers
L_000001b706a91cd0 .functor BUFT 1, C4<01001000110100>, C4<0>, C4<0>, C4<0>;
v000001b706a91150_0 .net "target_number", 13 0, L_000001b706a91cd0;  1 drivers
v000001b706a91290_0 .var "temp_number", 13 0;
E_000001b706a29c10 .event posedge, v000001b706a908e0_0;
    .scope S_000001b706a40d60;
T_0 ;
    %pushi/vec4 0, 0, 4;
    %store/vec4 v000001b706a90ac0_0, 0, 4;
    %pushi/vec4 0, 0, 2;
    %store/vec4 v000001b706a913d0_0, 0, 2;
    %pushi/vec4 0, 0, 4;
    %store/vec4 v000001b706a910b0_0, 0, 4;
    %pushi/vec4 0, 0, 14;
    %store/vec4 v000001b706a91290_0, 0, 14;
    %pushi/vec4 0, 0, 1;
    %store/vec4 v000001b706a91650_0, 0, 1;
    %pushi/vec4 0, 0, 1;
    %store/vec4 v000001b706a90ed0_0, 0, 1;
    %pushi/vec4 0, 0, 1;
    %store/vec4 v000001b706a91830_0, 0, 1;
    %pushi/vec4 0, 0, 16;
    %store/vec4 v000001b706a90a20_0, 0, 16;
    %end;
    .thread T_0;
    .scope S_000001b706a40d60;
T_1 ;
    %wait E_000001b706a29c10;
    %load/vec4 v000001b706a90a20_0;
    %pad/u 32;
    %cmpi/e 12500, 0, 32;
    %jmp/0xz  T_1.0, 4;
    %pushi/vec4 0, 0, 16;
    %assign/vec4 v000001b706a90a20_0, 0;
    %load/vec4 v000001b706a90ed0_0;
    %inv;
    %assign/vec4 v000001b706a90ed0_0, 0;
    %load/vec4 v000001b706a90ed0_0;
    %nor/r;
    %flag_set/vec4 8;
    %jmp/0xz  T_1.2, 8;
    %pushi/vec4 0, 0, 1;
    %assign/vec4 v000001b706a91830_0, 0;
    %load/vec4 v000001b706a90ac0_0;
    %addi 1, 0, 4;
    %assign/vec4 v000001b706a90ac0_0, 0;
    %load/vec4 v000001b706a90ac0_0;
    %cmpi/e 15, 0, 4;
    %jmp/0xz  T_1.4, 4;
    %load/vec4 v000001b706a913d0_0;
    %addi 1, 0, 2;
    %assign/vec4 v000001b706a913d0_0, 0;
    %load/vec4 v000001b706a91290_0;
    %parti/s 4, 0, 2;
    %assign/vec4 v000001b706a910b0_0, 0;
    %load/vec4 v000001b706a913d0_0;
    %cmpi/e 3, 0, 2;
    %jmp/0xz  T_1.6, 4;
    %load/vec4 v000001b706a91150_0;
    %assign/vec4 v000001b706a91290_0, 0;
    %jmp T_1.7;
T_1.6 ;
    %pushi/vec4 0, 0, 4;
    %load/vec4 v000001b706a91290_0;
    %parti/s 10, 4, 4;
    %concat/vec4; draw_concat_vec4
    %assign/vec4 v000001b706a91290_0, 0;
T_1.7 ;
T_1.4 ;
    %load/vec4 v000001b706a90ac0_0;
    %parti/s 1, 3, 3;
    %flag_set/vec4 8;
    %jmp/0xz  T_1.8, 8;
    %load/vec4 v000001b706a91790_0;
    %load/vec4 v000001b706a910b0_0;
    %pad/u 32;
    %muli 8, 0, 32;
    %load/vec4 v000001b706a90ac0_0;
    %parti/s 3, 0, 2;
    %pad/u 32;
    %add;
    %part/u 1;
    %assign/vec4 v000001b706a91650_0, 0;
    %jmp T_1.9;
T_1.8 ;
    %load/vec4 v000001b706a90ac0_0;
    %parti/s 1, 2, 3;
    %nor/r;
    %flag_set/vec4 9;
    %flag_get/vec4 9;
    %jmp/0 T_1.12, 9;
    %load/vec4 v000001b706a90ac0_0;
    %parti/s 2, 0, 2;
    %load/vec4 v000001b706a913d0_0;
    %cmp/e;
    %flag_get/vec4 4;
    %and;
T_1.12;
    %flag_set/vec4 8;
    %jmp/0xz  T_1.10, 8;
    %pushi/vec4 0, 0, 1;
    %assign/vec4 v000001b706a91650_0, 0;
    %jmp T_1.11;
T_1.10 ;
    %pushi/vec4 1, 0, 1;
    %assign/vec4 v000001b706a91650_0, 0;
T_1.11 ;
T_1.9 ;
    %jmp T_1.3;
T_1.2 ;
    %load/vec4 v000001b706a90ac0_0;
    %cmpi/e 0, 0, 4;
    %jmp/0xz  T_1.13, 4;
    %pushi/vec4 1, 0, 1;
    %assign/vec4 v000001b706a91830_0, 0;
    %jmp T_1.14;
T_1.13 ;
    %pushi/vec4 0, 0, 1;
    %assign/vec4 v000001b706a91830_0, 0;
T_1.14 ;
T_1.3 ;
    %jmp T_1.1;
T_1.0 ;
    %load/vec4 v000001b706a90a20_0;
    %addi 1, 0, 16;
    %assign/vec4 v000001b706a90a20_0, 0;
T_1.1 ;
    %jmp T_1;
    .thread T_1;
    .scope S_000001b706a40bd0;
T_2 ;
    %pushi/vec4 1, 0, 1;
    %store/vec4 v000001b706a91330_0, 0, 1;
    %end;
    .thread T_2;
    .scope S_000001b706a40bd0;
T_3 ;
    %vpi_call 2 15 "$dumpfile", "tb_tb.vcd" {0 0 0};
    %vpi_call 2 16 "$dumpvars", 32'sb00000000000000000000000000000000, S_000001b706a40bd0 {0 0 0};
    %delay 1410065408, 2;
    %vpi_call 2 18 "$finish" {0 0 0};
    %end;
    .thread T_3;
    .scope S_000001b706a40bd0;
T_4 ;
    %delay 1000, 0;
    %load/vec4 v000001b706a91330_0;
    %inv;
    %assign/vec4 v000001b706a91330_0, 0;
    %jmp T_4;
    .thread T_4;
# The file index is used to find the file name in the following table.
:file_names 4;
    "N/A";
    "<interactive>";
    "H:/git/Pmod/Pmod_7LED_8digit/sample/forge_fpga/8digit_7seg/ffpga/sim/tb_tb.vt";
    "H:/git/Pmod/Pmod_7LED_8digit/sample/forge_fpga/8digit_7seg/ffpga/src/main.v";
