Efinity Synthesis report for project blink
Version: 2026.1.132
Generated at: Jun 08, 2026 01:20:16
Copyright (C) 2013 - 2026  All rights reserved.

Top-level Entity Name : t8_lchika

family : Trion
device : T8F81
project : blink
root : t8_lchika
I,include : H:\git\Pmod\Sipeed_LED_v1.1\efinix\blink
binary-db : H:\git\Pmod\Sipeed_LED_v1.1\efinix\blink/outflow/blink.vdb
insert-ios : 0
max-carry-cascade : 160
max_mult : -1
max_ram : -1
mode : speed
output-dir : H:\git\Pmod\Sipeed_LED_v1.1\efinix\blink/outflow
peri-syn-inference : 1
peri-syn-instantiation : 1
proj_curr_path : H:\git\Pmod\Sipeed_LED_v1.1\efinix\blink
project : blink
project-xml : H:\git\Pmod\Sipeed_LED_v1.1\efinix\blink\blink.xml
root : t8_lchika
work-dir : H:\git\Pmod\Sipeed_LED_v1.1\efinix\blink/work_syn
write-efx-verilog : H:\git\Pmod\Sipeed_LED_v1.1\efinix\blink/outflow/blink.map.v
write-premap-module : H:\git\Pmod\Sipeed_LED_v1.1\efinix\blink/outflow/blink.elab.vdb

File List:

H:\git\Pmod\Sipeed_LED_v1.1\efinix\blink\t8_lchika.v

### ### Report Section Start ### ###


### ### EFX_FF CE enables (begin) ### ### ###

Total number of enable signals: 2
Total number of FFs with enable signals: 9
+------------+------------------+
|CE Signal   |Number of FF loads|
+------------+------------------+
|equal_12/n45|                8 |
|equal_4/n47 |                1 |
+------------+------------------+

### ### EFX_FF CE enables (end) ### ### ###

### ### EFX_FF SR set/reset (begin) ### ### ###

Total number of set/reset signals: 2
Total number of FFs with set/reset signals: 50
+------------+------------------+
|SR Signal   |Number of FF loads|
+------------+------------------+
|equal_12/n45|               28 |
|equal_4/n47 |               22 |
+------------+------------------+

### ### EFX_FF SR set/reset (end) ### ### ###

### ### Module Resource Usage Distribution Estimates (begin) ### ###

**Note: some resources maybe grouped under different hierarchy due to optimization and LUT mapping

Module                      FFs      ADDs      LUTs      RAMs DSP/MULTs
---------------------       ---      ----      ----      ---- ---------
t8_lchika:t8_lchika      59(59)    45(45)    18(18)      0(0)      0(0)

### ### Module Resource Usage Distribution Estimates (end) ### ###


### ### DSP Usage Report (begin) ### ### ### 

 No DSP in design

### ### Clock Load Distribution Report (begin) ### ###

+-----+----------+------------+----------------+
|Clock|Flip-Flops|Memory Ports|Multipliers/DSPs|
+-----+----------+------------+----------------+
|clk  |       59 |          0 |              0 |
+-----+----------+------------+----------------+

### ### Clock Load Distribution Report (end) ### ###

### ### Resource Summary (begin) ### ### ### 

INPUT  PORTS    : 	1
OUTPUT PORTS    : 	12

EFX_ADD                 : 	45
EFX_LUT4                : 	18
   1-2  Inputs          : 	2
   3    Inputs          : 	7
   4    Inputs          : 	9
EFX_FF                  : 	59
EFX_GBUFCE              : 	1
EFX_IBUF                : 	1
EFX_OBUF                : 	12
### ### Resource Summary (end) ### ### ###

Plain synthesis (without verilog dump and post-map checks) time : 1s
Elapsed synthesis time : 1s
