           
           Efinix FPGA Placement and Routing.
           Version: 2026.1.132 
           Compiled: May 29 2026.
           
           Copyright (C) 2013 - 2026 Efinix, Inc. All rights reserved.

           
           The Tool Is Based on VPR of University of Toronto,
           a free open source code under MIT license.
           
           
INFO     : Running Placement and Routing for Family "Trion", Device "T8F81" ...
           
           ***** Beginning stage netlist pre-processing ... *****
INFO     : Successfully read in VDB netlist file H:/git/Pmod/Sipeed_LED_v1.1/efinix/blink/outflow/blink.vdb [DBMsg::VdbFileRead]
INFO     : ***** Beginning VDB Netlist Checker ... *****
INFO     : VDB Netlist Checker took 0.0014726 seconds [FlowMsg::StageDuration]
INFO     :     VDB Netlist Checker took 0 seconds (approximately) in total CPU time [FlowMsg::StageDuration::CPUTime]
INFO     : VDB Netlist Checker virtual memory usage: begin = 99.308 MB, end = 99.384 MB, delta = 0.076 MB [FlowMsg::VMUsage]
INFO     :     VDB Netlist Checker peak virtual memory usage = 99.384 MB [FlowMsg::VMUsage::Peak]
INFO     : VDB Netlist Checker resident set memory usage: begin = 105.204 MB, end = 105.536 MB, delta = 0.332 MB [FlowMsg::RSSUsage]
INFO     :     VDB Netlist Checker peak resident set memory usage = 105.54 MB [FlowMsg::RSSUsage::Peak]
INFO     : ***** Ending VDB Netlist Checker ... *****
INFO     : Reading core interface constraints file "H:/git/Pmod/Sipeed_LED_v1.1/efinix/blink/outflow/blink.interface.csv" [DBMsg::CoreInterfaceConstraintsFileReading]
INFO     : Successfully read core interface constraints file "H:/git/Pmod/Sipeed_LED_v1.1/efinix/blink/outflow/blink.interface.csv" [DBMsg::CoreInterfaceConstraintsFileLoadSuccess]
INFO     : Found 0 constant generator nets [DBMsg::NetlistConstGeneratorCount]
INFO     : Pass 0: Swept away 0 nets with no fanout [DBMsg::NetlistNetsSweptThisPass]
INFO     : Pass 0: Swept away 0 blocks with no fanout [DBMsg::NetlistBlocksSweptThisPass]
INFO     : Swept away 0 nets and 0 blocks in total [DBMsg::NetlistTotalSwept]
INFO     : Removed 0 LUT buffers [DBMsg::NetlistRemovedLUTBuffers]
INFO     : Successfully read in VDB netlist file H:/git/Pmod/Sipeed_LED_v1.1/efinix/blink/outflow/blink.vdb [DBMsg::VdbFileRead]
INFO     : Netlist pre-processing took 0.01767 seconds [FlowMsg::StageDuration]
INFO     :     Netlist pre-processing took 0 seconds (approximately) in total CPU time [FlowMsg::StageDuration::CPUTime]
INFO     : Netlist pre-processing virtual memory usage: begin = 99.308 MB, end = 99.508 MB, delta = 0.2 MB [FlowMsg::VMUsage]
INFO     :     Netlist pre-processing peak virtual memory usage = 99.516 MB [FlowMsg::VMUsage::Peak]
INFO     : Netlist pre-processing resident set memory usage: begin = 104.744 MB, end = 106.192 MB, delta = 1.448 MB [FlowMsg::RSSUsage]
INFO     :     Netlist pre-processing peak resident set memory usage = 106.196 MB [FlowMsg::RSSUsage::Peak]
           ***** Ending stage netlist pre-processing *****
           
           ***** Beginning stage pre-packing ... *****
           ***** Ending stage pre-packing *****
           
           ***** Beginning stage packing ... *****
INFO     : Generate proto netlist for file "H:/git/Pmod/Sipeed_LED_v1.1/efinix/blink/work_pnr\blink.net_proto" took 0.002 seconds
INFO     : Creating IO constraints file 'H:/git/Pmod/Sipeed_LED_v1.1/efinix/blink/work_pnr\blink.io_place'
INFO     : Packing took 0.0033951 seconds [FlowMsg::StageDuration]
INFO     :     Packing took 0 seconds (approximately) in total CPU time [FlowMsg::StageDuration::CPUTime]
INFO     : Packing virtual memory usage: begin = 99.508 MB, end = 99.508 MB, delta = 0 MB [FlowMsg::VMUsage]
INFO     :     Packing peak virtual memory usage = 99.516 MB [FlowMsg::VMUsage::Peak]
INFO     : Packing resident set memory usage: begin = 106.836 MB, end = 107.448 MB, delta = 0.612 MB [FlowMsg::RSSUsage]
INFO     :     Packing peak resident set memory usage = 107.452 MB [FlowMsg::RSSUsage::Peak]
           ***** Ending stage packing *****
           
INFO     : Read proto netlist file H:/git/Pmod/Sipeed_LED_v1.1/efinix/blink/work_pnr\blink.net_proto
INFO     : Read proto netlist for file "H:/git/Pmod/Sipeed_LED_v1.1/efinix/blink/work_pnr\blink.net_proto" took 0.01 seconds
INFO     : Setup net and block data structure took 0.002 seconds
INFO     : Reading core interface constraints file "H:/git/Pmod/Sipeed_LED_v1.1/efinix/blink/outflow/blink.interface.csv" [DBMsg::CoreInterfaceConstraintsFileReading]
INFO     : Successfully read core interface constraints file "H:/git/Pmod/Sipeed_LED_v1.1/efinix/blink/outflow/blink.interface.csv" [DBMsg::CoreInterfaceConstraintsFileLoadSuccess]
           ***** Beginning stage packed netlist loading ... *****
INFO     : Read proto netlist file H:/git/Pmod/Sipeed_LED_v1.1/efinix/blink/work_pnr\blink.net_proto
INFO     : Read proto netlist for file "H:/git/Pmod/Sipeed_LED_v1.1/efinix/blink/work_pnr\blink.net_proto" took 0.001 seconds
INFO     : Setup net and block data structure took 0.001 seconds
INFO     : Packed netlist loading took 0.0030245 seconds [FlowMsg::StageDuration]
INFO     :     Packed netlist loading took 0 seconds (approximately) in total CPU time [FlowMsg::StageDuration::CPUTime]
INFO     : Packed netlist loading virtual memory usage: begin = 100.248 MB, end = 100.248 MB, delta = 0 MB [FlowMsg::VMUsage]
INFO     :     Packed netlist loading peak virtual memory usage = 100.256 MB [FlowMsg::VMUsage::Peak]
INFO     : Packed netlist loading resident set memory usage: begin = 110.724 MB, end = 110.748 MB, delta = 0.024 MB [FlowMsg::RSSUsage]
INFO     :     Packed netlist loading peak resident set memory usage = 110.752 MB [FlowMsg::RSSUsage::Peak]
           ***** Ending stage packed netlist loading *****
           
           ***** Beginning stage pre-placement ... *****
           
           ***** Ending stage pre-placement *****
           
INFO     : No SDC file found.  Using default timing constraint of 1 ns.
INFO     : NOTE:  Use --sdc_file <SDC_FILE> to override this behavior.
INFO     : Creating clock 'clk' with 1 sources
           ***** Beginning stage initial placement ... *****
INFO     : Reading core interface constraints file "H:/git/Pmod/Sipeed_LED_v1.1/efinix/blink/outflow/blink.interface.csv" [DBMsg::CoreInterfaceConstraintsFileReading]
INFO     : Successfully read core interface constraints file "H:/git/Pmod/Sipeed_LED_v1.1/efinix/blink/outflow/blink.interface.csv" [DBMsg::CoreInterfaceConstraintsFileLoadSuccess]
INFO     : Writing IO placement constraints to "H:/git/Pmod/Sipeed_LED_v1.1/efinix/blink/outflow\blink.interface.io" [DBMsg::IOPlacementConstraintsFileWriting]
INFO     : Reading placement constraints from 'H:/git/Pmod/Sipeed_LED_v1.1/efinix/blink/outflow\blink.interface.io'.
INFO     : Reading placement constraints from 'H:/git/Pmod/Sipeed_LED_v1.1/efinix/blink/work_pnr\blink.io_place'.
           ***** Ending stage initial placement *****
           
           ***** Beginning stage placement ... *****
INFO     : Chip::LoadDelayLookupTable
INFO     : Starting Global Placer with 18 threads ...
            ----------     -------  --------------     -------
             Iteration       WHPWL Worst Slack (ps) Convergence
            ----------     -------  --------------     -------
INFO     :           1         646           -7976        49.6%
INFO     :           2         652           -7873        51.0%
INFO     :           3         641           -7873        51.0%
INFO     :           4         665           -7976        51.0%
INFO     :           5         627           -7976        51.0%
INFO     :           6         652           -7976        51.0%
INFO     :           7         635           -7976        55.4%
INFO     :           8         542           -7976        69.4%
INFO     :           9         569           -9558        70.4%
INFO     :          10         555           -9181        73.6%
INFO     :          11         559           -8912        76.4%
INFO     :          12         508           -9954        85.0%
INFO     :          13         526           -9954        85.0%
INFO     :          14         533           -9792        86.1%
INFO     :          15         521          -10619        87.8%
INFO     :          16         528          -10658        87.8%
INFO     :          17         538          -10026        87.8%
INFO     :          18         527           -9892        88.4%
INFO     :          19         532          -10086        88.4%
INFO     :          20         527          -10086        92.9%
INFO     :          21         527          -10610        94.8%
INFO     :          22         527          -10562        94.8%
INFO     :          23         527          -10562        94.8%
INFO     :          24         527          -10562        94.9%
INFO     :          25         503          -10187        94.9%
INFO     :          26         513          -10844        96.2%
INFO     :          27         513          -10844        99.8%
INFO     :          28         513          -10844       100.2%
INFO     :          29         513          -10844       100.2%
INFO     :          30         513          -10844       100.2%
INFO     :          31         513          -10844       100.2%
INFO     : GP: best_placement: wpd: 10585
INFO     : Starting Annealer
            ----------     -------  --------------     -------
             Iteration       WHPWL  Delay Max (ps)     R Limit
            ----------     -------  --------------     -------
INFO     :           0          49           11696        30.0
INFO     :           1          38           11373        30.0
INFO     :           2          43           11648        30.0
INFO     :           3          40           10725        29.8
INFO     :           4          42           10725        29.8
INFO     :           5          40           10725        29.0
INFO     :           6          50           11069        28.7
INFO     :           7          53           10337        28.0
INFO     :           8          48           10465        27.9
INFO     :           9          51           10088        27.4
INFO     :          10          46           10088        27.1
INFO     :          11          44           11177        26.5
INFO     :          12          33           11004        26.1
INFO     :          13          36           10634        25.7
INFO     :          14          40           10350        25.4
INFO     :          15          35           10217        24.8
INFO     :          16          35           10217        24.4
INFO     :          17          36           10350        23.8
INFO     :          18          35           10350        23.3
INFO     :          19          36           10241        22.4
INFO     :          20          36           10107        21.9
INFO     :          21          41           10088        21.3
INFO     :          22          37            9725        20.8
INFO     :          23          34           10901        20.3
INFO     :          24          37           10901        19.9
INFO     :          25          43           10535        19.5
INFO     :          26          48           10307        19.0
INFO     :          27          45           10217        18.6
INFO     :          28          44           10217        18.1
INFO     :          29          42           10107        17.3
INFO     :          30          39            9812        16.9
INFO     :          31          42           10153        16.4
INFO     :          32          49           12289        16.1
INFO     :          33          54           11074        15.5
INFO     :          34          49            9763        15.2
INFO     :          35          53           11057        14.8
INFO     :          36          45            9541        14.5
INFO     :          37          42            9541        14.0
INFO     :          38          42            9541        13.7
INFO     :          39          35           10874        13.3
INFO     :          40          41           10457        12.8
INFO     :          41          43            9792        12.3
INFO     :          42          54           10009        12.0
INFO     :          43          53           10009        11.5
INFO     :          44          47           10811        11.2
INFO     :          45          46           10258        10.9
INFO     :          46          43           11694         9.8
INFO     :          47          41           10111         8.8
INFO     : DP: best_placement: wpd: 9008.83
INFO     : Placement successful: 75 cells are placed
INFO     : Peak congestion smeared over 4x4 of the chip is 0.0649763 at 67,56
INFO     : Peak congestion smeared over 1/16 of the chip is 0.0649763 at 67,56
INFO     : Peak congestion smeared over 1/4 of the chip is 0.0237365 at 78,65
INFO     : Congestion-weighted HPWL per net: 4.38225
INFO     : Reading placement constraints from 'H:/git/Pmod/Sipeed_LED_v1.1/efinix/blink/outflow/blink.qplace'.
INFO     : Finished Realigning Types (10 blocks needed type change)
INFO     : Completed placement consistency check successfully.
INFO     : Successfully created FPGA place file 'H:/git/Pmod/Sipeed_LED_v1.1/efinix/blink/outflow/blink.place'
INFO     : Placement took 1.5500068 seconds [FlowMsg::StageDuration]
INFO     :     Placement took 2.9375 seconds (approximately) in total CPU time [FlowMsg::StageDuration::CPUTime]
INFO     : Placement virtual memory usage: begin = 100.248 MB, end = 99.136 MB, delta = -1.112 MB [FlowMsg::VMUsage]
INFO     :     Placement peak virtual memory usage = 100.504 MB [FlowMsg::VMUsage::Peak]
INFO     : Placement resident set memory usage: begin = 111.476 MB, end = 111.768 MB, delta = 0.292 MB [FlowMsg::RSSUsage]
INFO     :     Placement peak resident set memory usage = 115.044 MB [FlowMsg::RSSUsage::Peak]
           ***** Ending stage placement *****
           
