INFO     : Efinix FPGA Bitstream Generator.
INFO     : Version: 2026.1.132 
INFO     : Copyright (C) 2013 - 2026 Efinix, Inc. All rights reserved.
INFO     : Compiled: May 29 2026.
INFO     : Using source file "H:\git\Pmod\Sipeed_LED_v1.1\efinix\blink/work_pnr/blink.lbf"
INFO     : Generating HEX programming file for device "T8F81", family "Trion"
INFO     : Using periphery source file "H:\git\Pmod\Sipeed_LED_v1.1\efinix\blink/outflow/blink.lpf"
INFO     : Generating bit file: "H:\git\Pmod\Sipeed_LED_v1.1\efinix\blink/outflow/blink.bit"
INFO     : HEX Generation Options Summary:
INFO     : 	Listing options specified to bitstream generation:
INFO     : 	spi_low_power_mode                       = on
INFO     : 	oscillator_clock_divider                 = DIV8
INFO     : 	io_weak_pullup                           = on
INFO     : Finished generating "H:\git\Pmod\Sipeed_LED_v1.1\efinix\blink/outflow/blink.hex"
INFO     : Efinix Bitstream Generator took 1.1205337 seconds [FlowMsg::StageDuration]
INFO     :     Efinix Bitstream Generator took 0.609375 seconds (approximately) in total CPU time [FlowMsg::StageDuration::CPUTime]
INFO     : Efinix Bitstream Generator virtual memory usage: begin = 2.548 MB, end = 10.348 MB, delta = 7.8 MB [FlowMsg::VMUsage]
INFO     :     Efinix Bitstream Generator peak virtual memory usage = 43.704 MB [FlowMsg::VMUsage::Peak]
INFO     : Efinix Bitstream Generator resident set memory usage: begin = 8.016 MB, end = 19.432 MB, delta = 11.416 MB [FlowMsg::RSSUsage]
INFO     :     Efinix Bitstream Generator peak resident set memory usage = 48.884 MB [FlowMsg::RSSUsage::Peak]
